TpTrace Verbose: 0 : 10788, 1, 2024/07/17, 10:33:15.188, 18219837265000, vstest.console.dll, Version: 17.9.0-release-24072-02 Current process architecture: X64
TpTrace Verbose: 0 : 10788, 1, 2024/07/17, 10:33:15.193, 18219837310081, vstest.console.dll, Runtime location: C:\Program Files\dotnet\shared\Microsoft.NETCore.App\8.0.3
TpTrace Verbose: 0 : 10788, 1, 2024/07/17, 10:33:15.196, 18219837337678, vstest.console.dll, ArtifactProcessingPostProcessModeProcessorExecutor.Initialize: ArtifactProcessingMode.Collect
TpTrace Verbose: 0 : 10788, 1, 2024/07/17, 10:33:15.196, 18219837339912, vstest.console.dll, TestSessionCorrelationIdProcessorModeProcessorExecutor.Initialize: TestSessionCorrelationId '42064_01e346b2-cd50-4d0a-9aba-637f39fd8dda'
TpTrace Information: 0 : 10788, 1, 2024/07/17, 10:33:15.204, 18219837417485, vstest.console.dll, FilePatternParser: The given file C:\Users\Dilshan\Desktop\Shoping-Cart-API\ShoppingCart-WebAPI\ShoppingCartAPI.Test\bin\Debug\net8.0\fine-code-coverage\build-output\ShoppingCartAPI.Test.dll is a full path.
TpTrace Verbose: 0 : 10788, 1, 2024/07/17, 10:33:15.208, 18219837463352, vstest.console.dll, TestPluginCache.DiscoverTestExtensions: finding test extensions in assemblies ends with: RuntimeProvider.dll TPluginInfo: Microsoft.VisualStudio.TestPlatform.Common.ExtensionFramework.Utilities.TestRuntimePluginInformation TExtension: Microsoft.VisualStudio.TestPlatform.ObjectModel.Host.ITestRuntimeProvider
TpTrace Verbose: 0 : 10788, 1, 2024/07/17, 10:33:15.209, 18219837467870, vstest.console.dll, TestPluginCache.GetExtensionPaths: Filtered extension paths: 
TpTrace Verbose: 0 : 10788, 1, 2024/07/17, 10:33:15.209, 18219837469541, vstest.console.dll, TestPluginCache.GetExtensionPaths: Added default extension paths: C:\Program Files\dotnet\sdk\8.0.203\Extensions\Microsoft.Diagnostics.NETCore.Client.dll
C:\Program Files\dotnet\sdk\8.0.203\Extensions\Microsoft.TestPlatform.Extensions.BlameDataCollector.dll
C:\Program Files\dotnet\sdk\8.0.203\Extensions\Microsoft.TestPlatform.Extensions.EventLogCollector.dll
C:\Program Files\dotnet\sdk\8.0.203\Extensions\Microsoft.TestPlatform.TestHostRuntimeProvider.dll
C:\Program Files\dotnet\sdk\8.0.203\Extensions\Microsoft.VisualStudio.TestPlatform.Extensions.Html.TestLogger.dll
C:\Program Files\dotnet\sdk\8.0.203\Extensions\Microsoft.VisualStudio.TestPlatform.Extensions.Trx.TestLogger.dll
TpTrace Verbose: 0 : 10788, 1, 2024/07/17, 10:33:15.209, 18219837470045, vstest.console.dll, TestPluginCache.GetExtensionPaths: Added unfilterableExtensionPaths: 
TpTrace Information: 0 : 10788, 1, 2024/07/17, 10:33:15.210, 18219837477920, vstest.console.dll, AssemblyResolver.ctor: Creating AssemblyResolver with searchDirectories C:\Program Files\dotnet\sdk\8.0.203\Extensions,C:\Program Files\dotnet\sdk\8.0.203
TpTrace Verbose: 0 : 10788, 1, 2024/07/17, 10:33:15.212, 18219837502597, vstest.console.dll, TestPluginCache.DiscoverTestExtensions: Discovering the extensions using extension path.
TpTrace Verbose: 0 : 10788, 1, 2024/07/17, 10:33:15.212, 18219837505366, vstest.console.dll, TestPluginCache.GetExtensionPaths: Filtered extension paths: 
TpTrace Verbose: 0 : 10788, 1, 2024/07/17, 10:33:15.212, 18219837506126, vstest.console.dll, TestPluginCache.GetExtensionPaths: Added default extension paths: C:\Program Files\dotnet\sdk\8.0.203\Extensions\Microsoft.Diagnostics.NETCore.Client.dll
C:\Program Files\dotnet\sdk\8.0.203\Extensions\Microsoft.TestPlatform.Extensions.BlameDataCollector.dll
C:\Program Files\dotnet\sdk\8.0.203\Extensions\Microsoft.TestPlatform.Extensions.EventLogCollector.dll
C:\Program Files\dotnet\sdk\8.0.203\Extensions\Microsoft.TestPlatform.TestHostRuntimeProvider.dll
C:\Program Files\dotnet\sdk\8.0.203\Extensions\Microsoft.VisualStudio.TestPlatform.Extensions.Html.TestLogger.dll
C:\Program Files\dotnet\sdk\8.0.203\Extensions\Microsoft.VisualStudio.TestPlatform.Extensions.Trx.TestLogger.dll
TpTrace Verbose: 0 : 10788, 1, 2024/07/17, 10:33:15.213, 18219837506676, vstest.console.dll, TestPluginCache.GetExtensionPaths: Added unfilterableExtensionPaths: 
TpTrace Verbose: 0 : 10788, 1, 2024/07/17, 10:33:15.213, 18219837508354, vstest.console.dll, TestPluginCache.DiscoverTestExtensions: Discovering the extensions using allExtensionPaths: C:\Program Files\dotnet\sdk\8.0.203\Extensions\Microsoft.Diagnostics.NETCore.Client.dll
C:\Program Files\dotnet\sdk\8.0.203\Extensions\Microsoft.TestPlatform.Extensions.BlameDataCollector.dll
C:\Program Files\dotnet\sdk\8.0.203\Extensions\Microsoft.TestPlatform.Extensions.EventLogCollector.dll
C:\Program Files\dotnet\sdk\8.0.203\Extensions\Microsoft.TestPlatform.TestHostRuntimeProvider.dll
C:\Program Files\dotnet\sdk\8.0.203\Extensions\Microsoft.VisualStudio.TestPlatform.Extensions.Html.TestLogger.dll
C:\Program Files\dotnet\sdk\8.0.203\Extensions\Microsoft.VisualStudio.TestPlatform.Extensions.Trx.TestLogger.dll
TpTrace Information: 0 : 10788, 1, 2024/07/17, 10:33:15.213, 18219837510210, vstest.console.dll, AssemblyResolver.AddSearchDirectories: Adding more searchDirectories C:\Program Files\dotnet\sdk\8.0.203\Extensions,C:\Program Files\dotnet\sdk\8.0.203
TpTrace Information: 0 : 10788, 1, 2024/07/17, 10:33:15.213, 18219837511642, vstest.console.dll, AssemblyResolver.AddSearchDirectories: Adding more searchDirectories C:\Program Files\dotnet\sdk\8.0.203\Extensions,C:\Program Files\dotnet\sdk\8.0.203
TpTrace Information: 0 : 10788, 1, 2024/07/17, 10:33:15.213, 18219837513150, vstest.console.dll, AssemblyResolver.AddSearchDirectories: Adding more searchDirectories C:\Program Files\dotnet\sdk\8.0.203\Extensions,C:\Program Files\dotnet\sdk\8.0.203
TpTrace Information: 0 : 10788, 1, 2024/07/17, 10:33:15.213, 18219837513560, vstest.console.dll, AssemblyResolver.AddSearchDirectories: Adding more searchDirectories C:\Program Files\dotnet\sdk\8.0.203\Extensions,C:\Program Files\dotnet\sdk\8.0.203
TpTrace Information: 0 : 10788, 1, 2024/07/17, 10:33:15.213, 18219837513835, vstest.console.dll, AssemblyResolver.AddSearchDirectories: Adding more searchDirectories C:\Program Files\dotnet\sdk\8.0.203\Extensions,C:\Program Files\dotnet\sdk\8.0.203
TpTrace Information: 0 : 10788, 1, 2024/07/17, 10:33:15.213, 18219837514827, vstest.console.dll, AssemblyResolver.AddSearchDirectories: Adding more searchDirectories C:\Program Files\dotnet\sdk\8.0.203\Extensions,C:\Program Files\dotnet\sdk\8.0.203
TpTrace Information: 0 : 10788, 1, 2024/07/17, 10:33:15.214, 18219837523703, vstest.console.dll, AssemblyResolver.OnResolve: Microsoft.Diagnostics.NETCore.Client: Resolving assembly.
TpTrace Information: 0 : 10788, 1, 2024/07/17, 10:33:15.214, 18219837524842, vstest.console.dll, AssemblyResolver.OnResolve: Microsoft.Diagnostics.NETCore.Client: Searching in: 'C:\Program Files\dotnet\sdk\8.0.203\Extensions'.
TpTrace Information: 0 : 10788, 1, 2024/07/17, 10:33:15.222, 18219837600468, vstest.console.dll, AssemblyResolver.OnResolve: Microsoft.Diagnostics.NETCore.Client: Loading assembly 'C:\Program Files\dotnet\sdk\8.0.203\Extensions\Microsoft.Diagnostics.NETCore.Client.dll'.
TpTrace Information: 0 : 10788, 1, 2024/07/17, 10:33:15.223, 18219837608341, vstest.console.dll, AssemblyResolver.OnResolve: Resolved assembly: Microsoft.Diagnostics.NETCore.Client, from path: C:\Program Files\dotnet\sdk\8.0.203\Extensions\Microsoft.Diagnostics.NETCore.Client.dll
TpTrace Verbose: 0 : 10788, 1, 2024/07/17, 10:33:15.227, 18219837652397, vstest.console.dll, MetadataReaderExtensionsHelper: Discovering extensions inside assembly 'Microsoft.Diagnostics.NETCore.Client, Version=0.2.9.2401, Culture=neutral, PublicKeyToken=31bf3856ad364e35' file path 'C:\Program Files\dotnet\sdk\8.0.203\Extensions\Microsoft.Diagnostics.NETCore.Client.dll'
TpTrace Information: 0 : 10788, 1, 2024/07/17, 10:33:15.231, 18219837691667, vstest.console.dll, AssemblyResolver.OnResolve: Microsoft.Bcl.AsyncInterfaces: Resolving assembly.
TpTrace Information: 0 : 10788, 1, 2024/07/17, 10:33:15.231, 18219837693101, vstest.console.dll, AssemblyResolver.OnResolve: Microsoft.Bcl.AsyncInterfaces: Searching in: 'C:\Program Files\dotnet\sdk\8.0.203\Extensions'.
TpTrace Information: 0 : 10788, 1, 2024/07/17, 10:33:15.231, 18219837694148, vstest.console.dll, AssemblyResolver.OnResolve: Microsoft.Bcl.AsyncInterfaces: Assembly path does not exist: 'C:\Program Files\dotnet\sdk\8.0.203\Extensions\Microsoft.Bcl.AsyncInterfaces.dll', returning.
TpTrace Information: 0 : 10788, 1, 2024/07/17, 10:33:15.231, 18219837695304, vstest.console.dll, AssemblyResolver.OnResolve: Microsoft.Bcl.AsyncInterfaces: Assembly path does not exist: 'C:\Program Files\dotnet\sdk\8.0.203\Extensions\Microsoft.Bcl.AsyncInterfaces.exe', returning.
TpTrace Information: 0 : 10788, 1, 2024/07/17, 10:33:15.231, 18219837695780, vstest.console.dll, AssemblyResolver.OnResolve: Microsoft.Bcl.AsyncInterfaces: Searching in: 'C:\Program Files\dotnet\sdk\8.0.203'.
TpTrace Information: 0 : 10788, 1, 2024/07/17, 10:33:15.231, 18219837696295, vstest.console.dll, AssemblyResolver.OnResolve: Microsoft.Bcl.AsyncInterfaces: Assembly path does not exist: 'C:\Program Files\dotnet\sdk\8.0.203\Microsoft.Bcl.AsyncInterfaces.dll', returning.
TpTrace Information: 0 : 10788, 1, 2024/07/17, 10:33:15.232, 18219837696734, vstest.console.dll, AssemblyResolver.OnResolve: Microsoft.Bcl.AsyncInterfaces: Assembly path does not exist: 'C:\Program Files\dotnet\sdk\8.0.203\Microsoft.Bcl.AsyncInterfaces.exe', returning.
TpTrace Information: 0 : 10788, 1, 2024/07/17, 10:33:15.232, 18219837697087, vstest.console.dll, AssemblyResolver.OnResolve: Microsoft.Bcl.AsyncInterfaces: Failed to load assembly.
TpTrace Verbose: 0 : 10788, 1, 2024/07/17, 10:33:15.232, 18219837697446, vstest.console.dll, CurrentDomainAssemblyResolve: Resolving assembly 'Microsoft.Bcl.AsyncInterfaces'.
TpTrace Information: 0 : 10788, 1, 2024/07/17, 10:33:15.232, 18219837698111, vstest.console.dll, AssemblyResolver.OnResolve: Microsoft.Bcl.AsyncInterfaces: Resolving assembly.
TpTrace Information: 0 : 10788, 1, 2024/07/17, 10:33:15.232, 18219837698499, vstest.console.dll, AssemblyResolver.OnResolve: Microsoft.Bcl.AsyncInterfaces: Resolved from cache.
TpTrace Verbose: 0 : 10788, 1, 2024/07/17, 10:33:15.232, 18219837698740, vstest.console.dll, CurrentDomainAssemblyResolve: Resolving assembly 'Microsoft.Bcl.AsyncInterfaces'.
TpTrace Verbose: 0 : 10788, 1, 2024/07/17, 10:33:15.232, 18219837699101, vstest.console.dll, CurrentDomainAssemblyResolve: Failed to resolve assembly 'Microsoft.Bcl.AsyncInterfaces'.
TpTrace Verbose: 0 : 10788, 1, 2024/07/17, 10:33:15.232, 18219837705800, vstest.console.dll, CurrentDomainAssemblyResolve: Failed to resolve assembly 'Microsoft.Bcl.AsyncInterfaces'.
TpTrace Warning: 0 : 10788, 1, 2024/07/17, 10:33:15.244, 18219837818382, vstest.console.dll, TestPluginDiscoverer: Failed to get types from assembly 'Microsoft.Diagnostics.NETCore.Client, Version=0.2.9.2401, Culture=neutral, PublicKeyToken=31bf3856ad364e35'. Error: System.Reflection.ReflectionTypeLoadException: Unable to load one or more of the requested types.
Could not load file or assembly 'Microsoft.Bcl.AsyncInterfaces, Version=6.0.0.0, Culture=neutral, PublicKeyToken=cc7b13ffcd2ddd51'. The system cannot find the file specified.
   at System.Reflection.RuntimeModule.GetTypes(RuntimeModule module)
   at System.Reflection.RuntimeModule.GetTypes()
   at Microsoft.VisualStudio.TestPlatform.Common.ExtensionFramework.TestPluginDiscoverer.GetTestExtensionsFromAssembly[TPluginInfo,TExtension](Assembly assembly, Dictionary`2 pluginInfos, String filePath) in /_/src/Microsoft.TestPlatform.Common/ExtensionFramework/TestPluginDiscoverer.cs:line 158
System.IO.FileNotFoundException: Could not load file or assembly 'Microsoft.Bcl.AsyncInterfaces, Version=6.0.0.0, Culture=neutral, PublicKeyToken=cc7b13ffcd2ddd51'. The system cannot find the file specified.
File name: 'Microsoft.Bcl.AsyncInterfaces, Version=6.0.0.0, Culture=neutral, PublicKeyToken=cc7b13ffcd2ddd51'
 ---> System.IO.FileNotFoundException: Could not load file or assembly 'Microsoft.Bcl.AsyncInterfaces, Culture=neutral, PublicKeyToken=null'. The system cannot find the file specified.
File name: 'Microsoft.Bcl.AsyncInterfaces, Culture=neutral, PublicKeyToken=null'
   at System.Reflection.RuntimeAssembly.InternalLoad(AssemblyName assemblyName, StackCrawlMark& stackMark, AssemblyLoadContext assemblyLoadContext, RuntimeAssembly requestingAssembly, Boolean throwOnFileNotFound)
   at System.Reflection.Assembly.Load(AssemblyName assemblyRef)
   at Microsoft.VisualStudio.TestPlatform.Common.ExtensionFramework.TestPluginCache.CurrentDomainAssemblyResolve(Object sender, AssemblyResolveEventArgs args) in /_/src/Microsoft.TestPlatform.Common/ExtensionFramework/TestPluginCache.cs:line 513
   at System.Runtime.Loader.AssemblyLoadContext.GetFirstResolvedAssemblyFromResolvingEvent(AssemblyName assemblyName)
   at System.Runtime.Loader.AssemblyLoadContext.ResolveUsingEvent(AssemblyName assemblyName)
   at System.Runtime.Loader.AssemblyLoadContext.ResolveUsingResolvingEvent(IntPtr gchManagedAssemblyLoadContext, AssemblyName assemblyName)
TpTrace Warning: 0 : 10788, 1, 2024/07/17, 10:33:15.244, 18219837823372, vstest.console.dll, LoaderExceptions: System.IO.FileNotFoundException: Could not load file or assembly 'Microsoft.Bcl.AsyncInterfaces, Version=6.0.0.0, Culture=neutral, PublicKeyToken=cc7b13ffcd2ddd51'. The system cannot find the file specified.
File name: 'Microsoft.Bcl.AsyncInterfaces, Version=6.0.0.0, Culture=neutral, PublicKeyToken=cc7b13ffcd2ddd51'
 ---> System.IO.FileNotFoundException: Could not load file or assembly 'Microsoft.Bcl.AsyncInterfaces, Culture=neutral, PublicKeyToken=null'. The system cannot find the file specified.
File name: 'Microsoft.Bcl.AsyncInterfaces, Culture=neutral, PublicKeyToken=null'
   at System.Reflection.RuntimeAssembly.InternalLoad(AssemblyName assemblyName, StackCrawlMark& stackMark, AssemblyLoadContext assemblyLoadContext, RuntimeAssembly requestingAssembly, Boolean throwOnFileNotFound)
   at System.Reflection.Assembly.Load(AssemblyName assemblyRef)
   at Microsoft.VisualStudio.TestPlatform.Common.ExtensionFramework.TestPluginCache.CurrentDomainAssemblyResolve(Object sender, AssemblyResolveEventArgs args) in /_/src/Microsoft.TestPlatform.Common/ExtensionFramework/TestPluginCache.cs:line 513
   at System.Runtime.Loader.AssemblyLoadContext.GetFirstResolvedAssemblyFromResolvingEvent(AssemblyName assemblyName)
   at System.Runtime.Loader.AssemblyLoadContext.ResolveUsingEvent(AssemblyName assemblyName)
   at System.Runtime.Loader.AssemblyLoadContext.ResolveUsingResolvingEvent(IntPtr gchManagedAssemblyLoadContext, AssemblyName assemblyName)
TpTrace Information: 0 : 10788, 1, 2024/07/17, 10:33:15.244, 18219837826066, vstest.console.dll, AssemblyResolver.OnResolve: Microsoft.TestPlatform.Extensions.BlameDataCollector: Resolving assembly.
TpTrace Information: 0 : 10788, 1, 2024/07/17, 10:33:15.245, 18219837826557, vstest.console.dll, AssemblyResolver.OnResolve: Microsoft.TestPlatform.Extensions.BlameDataCollector: Searching in: 'C:\Program Files\dotnet\sdk\8.0.203\Extensions'.
TpTrace Information: 0 : 10788, 1, 2024/07/17, 10:33:15.245, 18219837830120, vstest.console.dll, AssemblyResolver.OnResolve: Microsoft.TestPlatform.Extensions.BlameDataCollector: Loading assembly 'C:\Program Files\dotnet\sdk\8.0.203\Extensions\Microsoft.TestPlatform.Extensions.BlameDataCollector.dll'.
TpTrace Information: 0 : 10788, 1, 2024/07/17, 10:33:15.246, 18219837837637, vstest.console.dll, AssemblyResolver.OnResolve: Resolved assembly: Microsoft.TestPlatform.Extensions.BlameDataCollector, from path: C:\Program Files\dotnet\sdk\8.0.203\Extensions\Microsoft.TestPlatform.Extensions.BlameDataCollector.dll
TpTrace Verbose: 0 : 10788, 1, 2024/07/17, 10:33:15.246, 18219837838587, vstest.console.dll, MetadataReaderExtensionsHelper: Discovering extensions inside assembly 'Microsoft.TestPlatform.Extensions.BlameDataCollector, Version=15.0.0.0, Culture=neutral, PublicKeyToken=b03f5f7f11d50a3a' file path 'C:\Program Files\dotnet\sdk\8.0.203\Extensions\Microsoft.TestPlatform.Extensions.BlameDataCollector.dll'
TpTrace Information: 0 : 10788, 1, 2024/07/17, 10:33:15.248, 18219837858040, vstest.console.dll, AssemblyResolver.OnResolve: Microsoft.TestPlatform.Extensions.EventLogCollector: Resolving assembly.
TpTrace Information: 0 : 10788, 1, 2024/07/17, 10:33:15.248, 18219837859680, vstest.console.dll, AssemblyResolver.OnResolve: Microsoft.TestPlatform.Extensions.EventLogCollector: Searching in: 'C:\Program Files\dotnet\sdk\8.0.203\Extensions'.
TpTrace Information: 0 : 10788, 1, 2024/07/17, 10:33:15.248, 18219837863266, vstest.console.dll, AssemblyResolver.OnResolve: Microsoft.TestPlatform.Extensions.EventLogCollector: Loading assembly 'C:\Program Files\dotnet\sdk\8.0.203\Extensions\Microsoft.TestPlatform.Extensions.EventLogCollector.dll'.
TpTrace Information: 0 : 10788, 1, 2024/07/17, 10:33:15.249, 18219837870106, vstest.console.dll, AssemblyResolver.OnResolve: Resolved assembly: Microsoft.TestPlatform.Extensions.EventLogCollector, from path: C:\Program Files\dotnet\sdk\8.0.203\Extensions\Microsoft.TestPlatform.Extensions.EventLogCollector.dll
TpTrace Verbose: 0 : 10788, 1, 2024/07/17, 10:33:15.249, 18219837871044, vstest.console.dll, MetadataReaderExtensionsHelper: Discovering extensions inside assembly 'Microsoft.TestPlatform.Extensions.EventLogCollector, Version=15.0.0.0, Culture=neutral, PublicKeyToken=b03f5f7f11d50a3a' file path 'C:\Program Files\dotnet\sdk\8.0.203\Extensions\Microsoft.TestPlatform.Extensions.EventLogCollector.dll'
TpTrace Information: 0 : 10788, 1, 2024/07/17, 10:33:15.251, 18219837893238, vstest.console.dll, AssemblyResolver.OnResolve: Microsoft.TestPlatform.TestHostRuntimeProvider: Resolving assembly.
TpTrace Information: 0 : 10788, 1, 2024/07/17, 10:33:15.251, 18219837894009, vstest.console.dll, AssemblyResolver.OnResolve: Microsoft.TestPlatform.TestHostRuntimeProvider: Searching in: 'C:\Program Files\dotnet\sdk\8.0.203\Extensions'.
TpTrace Information: 0 : 10788, 1, 2024/07/17, 10:33:15.252, 18219837896554, vstest.console.dll, AssemblyResolver.OnResolve: Microsoft.TestPlatform.TestHostRuntimeProvider: Loading assembly 'C:\Program Files\dotnet\sdk\8.0.203\Extensions\Microsoft.TestPlatform.TestHostRuntimeProvider.dll'.
TpTrace Information: 0 : 10788, 1, 2024/07/17, 10:33:15.252, 18219837901151, vstest.console.dll, AssemblyResolver.OnResolve: Resolved assembly: Microsoft.TestPlatform.TestHostRuntimeProvider, from path: C:\Program Files\dotnet\sdk\8.0.203\Extensions\Microsoft.TestPlatform.TestHostRuntimeProvider.dll
TpTrace Verbose: 0 : 10788, 1, 2024/07/17, 10:33:15.252, 18219837901846, vstest.console.dll, MetadataReaderExtensionsHelper: Discovering extensions inside assembly 'Microsoft.TestPlatform.TestHostRuntimeProvider, Version=15.0.0.0, Culture=neutral, PublicKeyToken=b03f5f7f11d50a3a' file path 'C:\Program Files\dotnet\sdk\8.0.203\Extensions\Microsoft.TestPlatform.TestHostRuntimeProvider.dll'
TpTrace Information: 0 : 10788, 1, 2024/07/17, 10:33:15.254, 18219837919103, vstest.console.dll, GetTestExtensionFromType: Register extension with identifier data 'HostProvider://DefaultTestHost' and type 'Microsoft.VisualStudio.TestPlatform.CrossPlatEngine.Hosting.DefaultTestHostManager, Microsoft.TestPlatform.TestHostRuntimeProvider, Version=15.0.0.0, Culture=neutral, PublicKeyToken=b03f5f7f11d50a3a' inside file 'C:\Program Files\dotnet\sdk\8.0.203\Extensions\Microsoft.TestPlatform.TestHostRuntimeProvider.dll'
TpTrace Information: 0 : 10788, 1, 2024/07/17, 10:33:15.254, 18219837922706, vstest.console.dll, GetTestExtensionFromType: Register extension with identifier data 'HostProvider://DotnetTestHost' and type 'Microsoft.VisualStudio.TestPlatform.CrossPlatEngine.Hosting.DotnetTestHostManager, Microsoft.TestPlatform.TestHostRuntimeProvider, Version=15.0.0.0, Culture=neutral, PublicKeyToken=b03f5f7f11d50a3a' inside file 'C:\Program Files\dotnet\sdk\8.0.203\Extensions\Microsoft.TestPlatform.TestHostRuntimeProvider.dll'
TpTrace Information: 0 : 10788, 1, 2024/07/17, 10:33:15.254, 18219837923635, vstest.console.dll, AssemblyResolver.OnResolve: Microsoft.VisualStudio.TestPlatform.Extensions.Html.TestLogger: Resolving assembly.
TpTrace Information: 0 : 10788, 1, 2024/07/17, 10:33:15.254, 18219837924105, vstest.console.dll, AssemblyResolver.OnResolve: Microsoft.VisualStudio.TestPlatform.Extensions.Html.TestLogger: Searching in: 'C:\Program Files\dotnet\sdk\8.0.203\Extensions'.
TpTrace Information: 0 : 10788, 1, 2024/07/17, 10:33:15.255, 18219837927598, vstest.console.dll, AssemblyResolver.OnResolve: Microsoft.VisualStudio.TestPlatform.Extensions.Html.TestLogger: Loading assembly 'C:\Program Files\dotnet\sdk\8.0.203\Extensions\Microsoft.VisualStudio.TestPlatform.Extensions.Html.TestLogger.dll'.
TpTrace Information: 0 : 10788, 1, 2024/07/17, 10:33:15.255, 18219837934226, vstest.console.dll, AssemblyResolver.OnResolve: Resolved assembly: Microsoft.VisualStudio.TestPlatform.Extensions.Html.TestLogger, from path: C:\Program Files\dotnet\sdk\8.0.203\Extensions\Microsoft.VisualStudio.TestPlatform.Extensions.Html.TestLogger.dll
TpTrace Verbose: 0 : 10788, 1, 2024/07/17, 10:33:15.255, 18219837934979, vstest.console.dll, MetadataReaderExtensionsHelper: Discovering extensions inside assembly 'Microsoft.VisualStudio.TestPlatform.Extensions.Html.TestLogger, Version=15.0.0.0, Culture=neutral, PublicKeyToken=b03f5f7f11d50a3a' file path 'C:\Program Files\dotnet\sdk\8.0.203\Extensions\Microsoft.VisualStudio.TestPlatform.Extensions.Html.TestLogger.dll'
TpTrace Information: 0 : 10788, 1, 2024/07/17, 10:33:15.256, 18219837942428, vstest.console.dll, AssemblyResolver.OnResolve: Microsoft.VisualStudio.TestPlatform.Extensions.Trx.TestLogger: Resolving assembly.
TpTrace Information: 0 : 10788, 1, 2024/07/17, 10:33:15.256, 18219837942910, vstest.console.dll, AssemblyResolver.OnResolve: Microsoft.VisualStudio.TestPlatform.Extensions.Trx.TestLogger: Searching in: 'C:\Program Files\dotnet\sdk\8.0.203\Extensions'.
TpTrace Information: 0 : 10788, 1, 2024/07/17, 10:33:15.256, 18219837945282, vstest.console.dll, AssemblyResolver.OnResolve: Microsoft.VisualStudio.TestPlatform.Extensions.Trx.TestLogger: Loading assembly 'C:\Program Files\dotnet\sdk\8.0.203\Extensions\Microsoft.VisualStudio.TestPlatform.Extensions.Trx.TestLogger.dll'.
TpTrace Information: 0 : 10788, 1, 2024/07/17, 10:33:15.257, 18219837951827, vstest.console.dll, AssemblyResolver.OnResolve: Resolved assembly: Microsoft.VisualStudio.TestPlatform.Extensions.Trx.TestLogger, from path: C:\Program Files\dotnet\sdk\8.0.203\Extensions\Microsoft.VisualStudio.TestPlatform.Extensions.Trx.TestLogger.dll
TpTrace Verbose: 0 : 10788, 1, 2024/07/17, 10:33:15.257, 18219837952455, vstest.console.dll, MetadataReaderExtensionsHelper: Discovering extensions inside assembly 'Microsoft.VisualStudio.TestPlatform.Extensions.Trx.TestLogger, Version=15.0.0.0, Culture=neutral, PublicKeyToken=b03f5f7f11d50a3a' file path 'C:\Program Files\dotnet\sdk\8.0.203\Extensions\Microsoft.VisualStudio.TestPlatform.Extensions.Trx.TestLogger.dll'
TpTrace Verbose: 0 : 10788, 1, 2024/07/17, 10:33:15.258, 18219837962921, vstest.console.dll, TestPluginCache: Discovered the extensions using extension path ''.
TpTrace Verbose: 0 : 10788, 1, 2024/07/17, 10:33:15.258, 18219837963832, vstest.console.dll, TestPluginCache: Discoverers are ''.
TpTrace Verbose: 0 : 10788, 1, 2024/07/17, 10:33:15.258, 18219837964061, vstest.console.dll, TestPluginCache: Executors are ''.
TpTrace Verbose: 0 : 10788, 1, 2024/07/17, 10:33:15.258, 18219837964258, vstest.console.dll, TestPluginCache: Executors2 are ''.
TpTrace Verbose: 0 : 10788, 1, 2024/07/17, 10:33:15.258, 18219837964451, vstest.console.dll, TestPluginCache: Setting providers are ''.
TpTrace Verbose: 0 : 10788, 1, 2024/07/17, 10:33:15.258, 18219837964652, vstest.console.dll, TestPluginCache: Loggers are ''.
TpTrace Verbose: 0 : 10788, 1, 2024/07/17, 10:33:15.259, 18219837966717, vstest.console.dll, TestPluginCache: TestHosts are 'HostProvider://DefaultTestHost,HostProvider://DotnetTestHost'.
TpTrace Verbose: 0 : 10788, 1, 2024/07/17, 10:33:15.259, 18219837967061, vstest.console.dll, TestPluginCache: DataCollectors are ''.
TpTrace Information: 0 : 10788, 1, 2024/07/17, 10:33:15.271, 18219838089214, vstest.console.dll, RunTestsArgumentProcessor:Execute: Test run is starting.
TpTrace Verbose: 0 : 10788, 1, 2024/07/17, 10:33:15.271, 18219838090240, vstest.console.dll, RunTestsArgumentProcessor:Execute: Queuing Test run.
TpTrace Information: 0 : 10788, 1, 2024/07/17, 10:33:15.271, 18219838093729, vstest.console.dll, TestRequestManager.RunTests: run tests started.
TpTrace Information: 0 : 10788, 1, 2024/07/17, 10:33:15.272, 18219838105705, vstest.console.dll, AssemblyMetadataProvider.GetFrameworkName: Determined framework:'.NETCoreApp,Version=v8.0' for source: 'C:\Users\Dilshan\Desktop\Shoping-Cart-API\ShoppingCart-WebAPI\ShoppingCartAPI.Test\bin\Debug\net8.0\fine-code-coverage\build-output\ShoppingCartAPI.Test.dll'
TpTrace Information: 0 : 10788, 1, 2024/07/17, 10:33:15.273, 18219838107305, vstest.console.dll, Determined framework for all sources: .NETCoreApp,Version=v8.0
TpTrace Verbose: 0 : 10788, 1, 2024/07/17, 10:33:15.273, 18219838110241, vstest.console.dll, TestRequestManager.UpdateRunSettingsIfRequired: Default architecture: X64 IsDefaultTargetArchitecture: True, Current process architecture: X64 OperatingSystem: Windows.
TpTrace Information: 0 : 10788, 1, 2024/07/17, 10:33:15.275, 18219838126620, vstest.console.dll, AssemblyMetadataProvider.GetArchitecture: Determined architecture:AnyCPU info for assembly: C:\Users\Dilshan\Desktop\Shoping-Cart-API\ShoppingCart-WebAPI\ShoppingCartAPI.Test\bin\Debug\net8.0\fine-code-coverage\build-output\ShoppingCartAPI.Test.dll
TpTrace Information: 0 : 10788, 1, 2024/07/17, 10:33:15.275, 18219838127502, vstest.console.dll, Determined platform for source 'C:\Users\Dilshan\Desktop\Shoping-Cart-API\ShoppingCart-WebAPI\ShoppingCartAPI.Test\bin\Debug\net8.0\fine-code-coverage\build-output\ShoppingCartAPI.Test.dll' was AnyCPU and it will use the default plaform X64.
TpTrace Information: 0 : 10788, 1, 2024/07/17, 10:33:15.275, 18219838127692, vstest.console.dll, None of the sources provided any runnable platform, using the default platform: X64
TpTrace Information: 0 : 10788, 1, 2024/07/17, 10:33:15.275, 18219838128843, vstest.console.dll, Platform was updated to 'X64'.
TpTrace Information: 0 : 10788, 1, 2024/07/17, 10:33:15.277, 18219838155705, vstest.console.dll, InferRunSettingsHelper.IsTestSettingsEnabled: Unable to navigate to RunSettings/MSTest. Current node: RunSettings
TpTrace Information: 0 : 10788, 1, 2024/07/17, 10:33:15.278, 18219838162131, vstest.console.dll, AssemblyResolver.OnResolve: Microsoft.VisualStudio.TestPlatform.Fakes: Resolving assembly.
TpTrace Information: 0 : 10788, 1, 2024/07/17, 10:33:15.278, 18219838162723, vstest.console.dll, AssemblyResolver.OnResolve: Microsoft.VisualStudio.TestPlatform.Fakes: Searching in: 'C:\Program Files\dotnet\sdk\8.0.203\Extensions'.
TpTrace Information: 0 : 10788, 1, 2024/07/17, 10:33:15.278, 18219838163350, vstest.console.dll, AssemblyResolver.OnResolve: Microsoft.VisualStudio.TestPlatform.Fakes: Assembly path does not exist: 'C:\Program Files\dotnet\sdk\8.0.203\Extensions\Microsoft.VisualStudio.TestPlatform.Fakes.dll', returning.
TpTrace Information: 0 : 10788, 1, 2024/07/17, 10:33:15.278, 18219838163725, vstest.console.dll, AssemblyResolver.OnResolve: Microsoft.VisualStudio.TestPlatform.Fakes: Assembly path does not exist: 'C:\Program Files\dotnet\sdk\8.0.203\Extensions\Microsoft.VisualStudio.TestPlatform.Fakes.exe', returning.
TpTrace Information: 0 : 10788, 1, 2024/07/17, 10:33:15.278, 18219838163896, vstest.console.dll, AssemblyResolver.OnResolve: Microsoft.VisualStudio.TestPlatform.Fakes: Searching in: 'C:\Program Files\dotnet\sdk\8.0.203'.
TpTrace Information: 0 : 10788, 1, 2024/07/17, 10:33:15.278, 18219838164236, vstest.console.dll, AssemblyResolver.OnResolve: Microsoft.VisualStudio.TestPlatform.Fakes: Assembly path does not exist: 'C:\Program Files\dotnet\sdk\8.0.203\Microsoft.VisualStudio.TestPlatform.Fakes.dll', returning.
TpTrace Information: 0 : 10788, 1, 2024/07/17, 10:33:15.278, 18219838164518, vstest.console.dll, AssemblyResolver.OnResolve: Microsoft.VisualStudio.TestPlatform.Fakes: Assembly path does not exist: 'C:\Program Files\dotnet\sdk\8.0.203\Microsoft.VisualStudio.TestPlatform.Fakes.exe', returning.
TpTrace Information: 0 : 10788, 1, 2024/07/17, 10:33:15.278, 18219838164710, vstest.console.dll, AssemblyResolver.OnResolve: Microsoft.VisualStudio.TestPlatform.Fakes: Failed to load assembly.
TpTrace Information: 0 : 10788, 1, 2024/07/17, 10:33:15.279, 18219838167097, vstest.console.dll, Failed to load assembly Microsoft.VisualStudio.TestPlatform.Fakes, Version=17.0.0.0, Culture=neutral. Reason:System.IO.FileNotFoundException: Could not load file or assembly 'Microsoft.VisualStudio.TestPlatform.Fakes, Version=17.0.0.0, Culture=neutral, PublicKeyToken=null'. The system cannot find the file specified.
File name: 'Microsoft.VisualStudio.TestPlatform.Fakes, Version=17.0.0.0, Culture=neutral, PublicKeyToken=null'
   at System.Reflection.RuntimeAssembly.InternalLoad(AssemblyName assemblyName, StackCrawlMark& stackMark, AssemblyLoadContext assemblyLoadContext, RuntimeAssembly requestingAssembly, Boolean throwOnFileNotFound)
   at System.Reflection.Assembly.Load(AssemblyName assemblyRef)
   at Microsoft.VisualStudio.TestPlatform.Common.Utilities.FakesUtilities.LoadTestPlatformAssembly() in /_/src/Microsoft.TestPlatform.Common/Utilities/FakesUtilities.cs:line 272
TpTrace Verbose: 0 : 10788, 1, 2024/07/17, 10:33:15.281, 18219838194772, vstest.console.dll, TestPluginCache.DiscoverTestExtensions: finding test extensions in assemblies ends with: TestLogger.dll TPluginInfo: Microsoft.VisualStudio.TestPlatform.Common.ExtensionFramework.Utilities.TestLoggerPluginInformation TExtension: Microsoft.VisualStudio.TestPlatform.ObjectModel.Client.ITestLogger
TpTrace Verbose: 0 : 10788, 1, 2024/07/17, 10:33:15.281, 18219838195734, vstest.console.dll, TestPluginCache.GetExtensionPaths: Filtered extension paths: 
TpTrace Verbose: 0 : 10788, 1, 2024/07/17, 10:33:15.281, 18219838195942, vstest.console.dll, TestPluginCache.GetExtensionPaths: Added default extension paths: C:\Program Files\dotnet\sdk\8.0.203\Extensions\Microsoft.Diagnostics.NETCore.Client.dll
C:\Program Files\dotnet\sdk\8.0.203\Extensions\Microsoft.TestPlatform.Extensions.BlameDataCollector.dll
C:\Program Files\dotnet\sdk\8.0.203\Extensions\Microsoft.TestPlatform.Extensions.EventLogCollector.dll
C:\Program Files\dotnet\sdk\8.0.203\Extensions\Microsoft.TestPlatform.TestHostRuntimeProvider.dll
C:\Program Files\dotnet\sdk\8.0.203\Extensions\Microsoft.VisualStudio.TestPlatform.Extensions.Html.TestLogger.dll
C:\Program Files\dotnet\sdk\8.0.203\Extensions\Microsoft.VisualStudio.TestPlatform.Extensions.Trx.TestLogger.dll
TpTrace Verbose: 0 : 10788, 1, 2024/07/17, 10:33:15.281, 18219838196111, vstest.console.dll, TestPluginCache.GetExtensionPaths: Added unfilterableExtensionPaths: 
TpTrace Information: 0 : 10788, 1, 2024/07/17, 10:33:15.282, 18219838197045, vstest.console.dll, AssemblyResolver.AddSearchDirectories: Adding more searchDirectories C:\Program Files\dotnet\sdk\8.0.203\Extensions,C:\Program Files\dotnet\sdk\8.0.203
TpTrace Verbose: 0 : 10788, 1, 2024/07/17, 10:33:15.282, 18219838197342, vstest.console.dll, TestPluginCache.DiscoverTestExtensions: Discovering the extensions using extension path.
TpTrace Verbose: 0 : 10788, 1, 2024/07/17, 10:33:15.282, 18219838197548, vstest.console.dll, TestPluginCache.GetExtensionPaths: Filtered extension paths: 
TpTrace Verbose: 0 : 10788, 1, 2024/07/17, 10:33:15.282, 18219838197750, vstest.console.dll, TestPluginCache.GetExtensionPaths: Added default extension paths: C:\Program Files\dotnet\sdk\8.0.203\Extensions\Microsoft.Diagnostics.NETCore.Client.dll
C:\Program Files\dotnet\sdk\8.0.203\Extensions\Microsoft.TestPlatform.Extensions.BlameDataCollector.dll
C:\Program Files\dotnet\sdk\8.0.203\Extensions\Microsoft.TestPlatform.Extensions.EventLogCollector.dll
C:\Program Files\dotnet\sdk\8.0.203\Extensions\Microsoft.TestPlatform.TestHostRuntimeProvider.dll
C:\Program Files\dotnet\sdk\8.0.203\Extensions\Microsoft.VisualStudio.TestPlatform.Extensions.Html.TestLogger.dll
C:\Program Files\dotnet\sdk\8.0.203\Extensions\Microsoft.VisualStudio.TestPlatform.Extensions.Trx.TestLogger.dll
TpTrace Verbose: 0 : 10788, 1, 2024/07/17, 10:33:15.282, 18219838197915, vstest.console.dll, TestPluginCache.GetExtensionPaths: Added unfilterableExtensionPaths: 
TpTrace Verbose: 0 : 10788, 1, 2024/07/17, 10:33:15.282, 18219838198573, vstest.console.dll, TestPluginCache.DiscoverTestExtensions: Discovering the extensions using allExtensionPaths: C:\Program Files\dotnet\sdk\8.0.203\Extensions\Microsoft.Diagnostics.NETCore.Client.dll
C:\Program Files\dotnet\sdk\8.0.203\Extensions\Microsoft.TestPlatform.Extensions.BlameDataCollector.dll
C:\Program Files\dotnet\sdk\8.0.203\Extensions\Microsoft.TestPlatform.Extensions.EventLogCollector.dll
C:\Program Files\dotnet\sdk\8.0.203\Extensions\Microsoft.TestPlatform.TestHostRuntimeProvider.dll
C:\Program Files\dotnet\sdk\8.0.203\Extensions\Microsoft.VisualStudio.TestPlatform.Extensions.Html.TestLogger.dll
C:\Program Files\dotnet\sdk\8.0.203\Extensions\Microsoft.VisualStudio.TestPlatform.Extensions.Trx.TestLogger.dll
TpTrace Information: 0 : 10788, 1, 2024/07/17, 10:33:15.282, 18219838198918, vstest.console.dll, AssemblyResolver.AddSearchDirectories: Adding more searchDirectories C:\Program Files\dotnet\sdk\8.0.203\Extensions,C:\Program Files\dotnet\sdk\8.0.203
TpTrace Information: 0 : 10788, 1, 2024/07/17, 10:33:15.282, 18219838199140, vstest.console.dll, AssemblyResolver.AddSearchDirectories: Adding more searchDirectories C:\Program Files\dotnet\sdk\8.0.203\Extensions,C:\Program Files\dotnet\sdk\8.0.203
TpTrace Information: 0 : 10788, 1, 2024/07/17, 10:33:15.282, 18219838199311, vstest.console.dll, AssemblyResolver.AddSearchDirectories: Adding more searchDirectories C:\Program Files\dotnet\sdk\8.0.203\Extensions,C:\Program Files\dotnet\sdk\8.0.203
TpTrace Information: 0 : 10788, 1, 2024/07/17, 10:33:15.282, 18219838199477, vstest.console.dll, AssemblyResolver.AddSearchDirectories: Adding more searchDirectories C:\Program Files\dotnet\sdk\8.0.203\Extensions,C:\Program Files\dotnet\sdk\8.0.203
TpTrace Information: 0 : 10788, 1, 2024/07/17, 10:33:15.282, 18219838199639, vstest.console.dll, AssemblyResolver.AddSearchDirectories: Adding more searchDirectories C:\Program Files\dotnet\sdk\8.0.203\Extensions,C:\Program Files\dotnet\sdk\8.0.203
TpTrace Information: 0 : 10788, 1, 2024/07/17, 10:33:15.282, 18219838199862, vstest.console.dll, AssemblyResolver.AddSearchDirectories: Adding more searchDirectories C:\Program Files\dotnet\sdk\8.0.203\Extensions,C:\Program Files\dotnet\sdk\8.0.203
TpTrace Verbose: 0 : 10788, 1, 2024/07/17, 10:33:15.282, 18219838200712, vstest.console.dll, MetadataReaderExtensionsHelper: Discovering extensions inside assembly 'Microsoft.Diagnostics.NETCore.Client, Version=0.2.9.2401, Culture=neutral, PublicKeyToken=31bf3856ad364e35' file path 'C:\Program Files\dotnet\sdk\8.0.203\Extensions\Microsoft.Diagnostics.NETCore.Client.dll'
TpTrace Information: 0 : 10788, 1, 2024/07/17, 10:33:15.283, 18219838207695, vstest.console.dll, AssemblyResolver.OnResolve: Microsoft.Bcl.AsyncInterfaces: Resolving assembly.
TpTrace Information: 0 : 10788, 1, 2024/07/17, 10:33:15.283, 18219838208231, vstest.console.dll, AssemblyResolver.OnResolve: Microsoft.Bcl.AsyncInterfaces: Resolved from cache.
TpTrace Verbose: 0 : 10788, 1, 2024/07/17, 10:33:15.283, 18219838208455, vstest.console.dll, CurrentDomainAssemblyResolve: Resolving assembly 'Microsoft.Bcl.AsyncInterfaces'.
TpTrace Information: 0 : 10788, 1, 2024/07/17, 10:33:15.283, 18219838208743, vstest.console.dll, AssemblyResolver.OnResolve: Microsoft.Bcl.AsyncInterfaces: Resolving assembly.
TpTrace Information: 0 : 10788, 1, 2024/07/17, 10:33:15.283, 18219838208905, vstest.console.dll, AssemblyResolver.OnResolve: Microsoft.Bcl.AsyncInterfaces: Resolved from cache.
TpTrace Verbose: 0 : 10788, 1, 2024/07/17, 10:33:15.283, 18219838209071, vstest.console.dll, CurrentDomainAssemblyResolve: Resolving assembly 'Microsoft.Bcl.AsyncInterfaces'.
TpTrace Verbose: 0 : 10788, 1, 2024/07/17, 10:33:15.283, 18219838209211, vstest.console.dll, CurrentDomainAssemblyResolve: Failed to resolve assembly 'Microsoft.Bcl.AsyncInterfaces'.
TpTrace Verbose: 0 : 10788, 1, 2024/07/17, 10:33:15.283, 18219838210505, vstest.console.dll, CurrentDomainAssemblyResolve: Failed to resolve assembly 'Microsoft.Bcl.AsyncInterfaces'.
TpTrace Warning: 0 : 10788, 1, 2024/07/17, 10:33:15.283, 18219838213568, vstest.console.dll, TestPluginDiscoverer: Failed to get types from assembly 'Microsoft.Diagnostics.NETCore.Client, Version=0.2.9.2401, Culture=neutral, PublicKeyToken=31bf3856ad364e35'. Error: System.Reflection.ReflectionTypeLoadException: Unable to load one or more of the requested types.
Could not load file or assembly 'Microsoft.Bcl.AsyncInterfaces, Version=6.0.0.0, Culture=neutral, PublicKeyToken=cc7b13ffcd2ddd51'. The system cannot find the file specified.
   at System.Reflection.RuntimeModule.GetTypes(RuntimeModule module)
   at System.Reflection.RuntimeModule.GetTypes()
   at Microsoft.VisualStudio.TestPlatform.Common.ExtensionFramework.TestPluginDiscoverer.GetTestExtensionsFromAssembly[TPluginInfo,TExtension](Assembly assembly, Dictionary`2 pluginInfos, String filePath) in /_/src/Microsoft.TestPlatform.Common/ExtensionFramework/TestPluginDiscoverer.cs:line 158
System.IO.FileNotFoundException: Could not load file or assembly 'Microsoft.Bcl.AsyncInterfaces, Version=6.0.0.0, Culture=neutral, PublicKeyToken=cc7b13ffcd2ddd51'. The system cannot find the file specified.
File name: 'Microsoft.Bcl.AsyncInterfaces, Version=6.0.0.0, Culture=neutral, PublicKeyToken=cc7b13ffcd2ddd51'
 ---> System.IO.FileNotFoundException: Could not load file or assembly 'Microsoft.Bcl.AsyncInterfaces, Culture=neutral, PublicKeyToken=null'. The system cannot find the file specified.
File name: 'Microsoft.Bcl.AsyncInterfaces, Culture=neutral, PublicKeyToken=null'
   at System.Reflection.RuntimeAssembly.InternalLoad(AssemblyName assemblyName, StackCrawlMark& stackMark, AssemblyLoadContext assemblyLoadContext, RuntimeAssembly requestingAssembly, Boolean throwOnFileNotFound)
   at System.Reflection.Assembly.Load(AssemblyName assemblyRef)
   at Microsoft.VisualStudio.TestPlatform.Common.ExtensionFramework.TestPluginCache.CurrentDomainAssemblyResolve(Object sender, AssemblyResolveEventArgs args) in /_/src/Microsoft.TestPlatform.Common/ExtensionFramework/TestPluginCache.cs:line 513
   at System.Runtime.Loader.AssemblyLoadContext.GetFirstResolvedAssemblyFromResolvingEvent(AssemblyName assemblyName)
   at System.Runtime.Loader.AssemblyLoadContext.ResolveUsingEvent(AssemblyName assemblyName)
   at System.Runtime.Loader.AssemblyLoadContext.ResolveUsingResolvingEvent(IntPtr gchManagedAssemblyLoadContext, AssemblyName assemblyName)
TpTrace Warning: 0 : 10788, 1, 2024/07/17, 10:33:15.283, 18219838214626, vstest.console.dll, LoaderExceptions: System.IO.FileNotFoundException: Could not load file or assembly 'Microsoft.Bcl.AsyncInterfaces, Version=6.0.0.0, Culture=neutral, PublicKeyToken=cc7b13ffcd2ddd51'. The system cannot find the file specified.
File name: 'Microsoft.Bcl.AsyncInterfaces, Version=6.0.0.0, Culture=neutral, PublicKeyToken=cc7b13ffcd2ddd51'
 ---> System.IO.FileNotFoundException: Could not load file or assembly 'Microsoft.Bcl.AsyncInterfaces, Culture=neutral, PublicKeyToken=null'. The system cannot find the file specified.
File name: 'Microsoft.Bcl.AsyncInterfaces, Culture=neutral, PublicKeyToken=null'
   at System.Reflection.RuntimeAssembly.InternalLoad(AssemblyName assemblyName, StackCrawlMark& stackMark, AssemblyLoadContext assemblyLoadContext, RuntimeAssembly requestingAssembly, Boolean throwOnFileNotFound)
   at System.Reflection.Assembly.Load(AssemblyName assemblyRef)
   at Microsoft.VisualStudio.TestPlatform.Common.ExtensionFramework.TestPluginCache.CurrentDomainAssemblyResolve(Object sender, AssemblyResolveEventArgs args) in /_/src/Microsoft.TestPlatform.Common/ExtensionFramework/TestPluginCache.cs:line 513
   at System.Runtime.Loader.AssemblyLoadContext.GetFirstResolvedAssemblyFromResolvingEvent(AssemblyName assemblyName)
   at System.Runtime.Loader.AssemblyLoadContext.ResolveUsingEvent(AssemblyName assemblyName)
   at System.Runtime.Loader.AssemblyLoadContext.ResolveUsingResolvingEvent(IntPtr gchManagedAssemblyLoadContext, AssemblyName assemblyName)
TpTrace Verbose: 0 : 10788, 1, 2024/07/17, 10:33:15.283, 18219838215130, vstest.console.dll, MetadataReaderExtensionsHelper: Discovering extensions inside assembly 'Microsoft.TestPlatform.Extensions.BlameDataCollector, Version=15.0.0.0, Culture=neutral, PublicKeyToken=b03f5f7f11d50a3a' file path 'C:\Program Files\dotnet\sdk\8.0.203\Extensions\Microsoft.TestPlatform.Extensions.BlameDataCollector.dll'
TpTrace Information: 0 : 10788, 1, 2024/07/17, 10:33:15.284, 18219838218487, vstest.console.dll, GetTestExtensionFromType: Register extension with identifier data 'logger://Microsoft/TestPlatform/Extensions/Blame/v1' and type 'Microsoft.TestPlatform.Extensions.BlameDataCollector.BlameLogger, Microsoft.TestPlatform.Extensions.BlameDataCollector, Version=15.0.0.0, Culture=neutral, PublicKeyToken=b03f5f7f11d50a3a' inside file 'C:\Program Files\dotnet\sdk\8.0.203\Extensions\Microsoft.TestPlatform.Extensions.BlameDataCollector.dll'
TpTrace Verbose: 0 : 10788, 1, 2024/07/17, 10:33:15.284, 18219838219122, vstest.console.dll, MetadataReaderExtensionsHelper: Discovering extensions inside assembly 'Microsoft.TestPlatform.Extensions.EventLogCollector, Version=15.0.0.0, Culture=neutral, PublicKeyToken=b03f5f7f11d50a3a' file path 'C:\Program Files\dotnet\sdk\8.0.203\Extensions\Microsoft.TestPlatform.Extensions.EventLogCollector.dll'
TpTrace Verbose: 0 : 10788, 1, 2024/07/17, 10:33:15.284, 18219838221147, vstest.console.dll, MetadataReaderExtensionsHelper: Discovering extensions inside assembly 'Microsoft.TestPlatform.TestHostRuntimeProvider, Version=15.0.0.0, Culture=neutral, PublicKeyToken=b03f5f7f11d50a3a' file path 'C:\Program Files\dotnet\sdk\8.0.203\Extensions\Microsoft.TestPlatform.TestHostRuntimeProvider.dll'
TpTrace Verbose: 0 : 10788, 1, 2024/07/17, 10:33:15.284, 18219838223154, vstest.console.dll, MetadataReaderExtensionsHelper: Discovering extensions inside assembly 'Microsoft.VisualStudio.TestPlatform.Extensions.Html.TestLogger, Version=15.0.0.0, Culture=neutral, PublicKeyToken=b03f5f7f11d50a3a' file path 'C:\Program Files\dotnet\sdk\8.0.203\Extensions\Microsoft.VisualStudio.TestPlatform.Extensions.Html.TestLogger.dll'
TpTrace Information: 0 : 10788, 1, 2024/07/17, 10:33:15.285, 18219838227533, vstest.console.dll, GetTestExtensionFromType: Register extension with identifier data 'logger://Microsoft/TestPlatform/HtmlLogger/v1' and type 'Microsoft.VisualStudio.TestPlatform.Extensions.HtmlLogger.HtmlLogger, Microsoft.VisualStudio.TestPlatform.Extensions.Html.TestLogger, Version=15.0.0.0, Culture=neutral, PublicKeyToken=b03f5f7f11d50a3a' inside file 'C:\Program Files\dotnet\sdk\8.0.203\Extensions\Microsoft.VisualStudio.TestPlatform.Extensions.Html.TestLogger.dll'
TpTrace Verbose: 0 : 10788, 1, 2024/07/17, 10:33:15.285, 18219838228095, vstest.console.dll, MetadataReaderExtensionsHelper: Discovering extensions inside assembly 'Microsoft.VisualStudio.TestPlatform.Extensions.Trx.TestLogger, Version=15.0.0.0, Culture=neutral, PublicKeyToken=b03f5f7f11d50a3a' file path 'C:\Program Files\dotnet\sdk\8.0.203\Extensions\Microsoft.VisualStudio.TestPlatform.Extensions.Trx.TestLogger.dll'
TpTrace Information: 0 : 10788, 1, 2024/07/17, 10:33:15.285, 18219838230513, vstest.console.dll, GetTestExtensionFromType: Register extension with identifier data 'logger://Microsoft/TestPlatform/TrxLogger/v1' and type 'Microsoft.VisualStudio.TestPlatform.Extensions.TrxLogger.TrxLogger, Microsoft.VisualStudio.TestPlatform.Extensions.Trx.TestLogger, Version=15.0.0.0, Culture=neutral, PublicKeyToken=b03f5f7f11d50a3a' inside file 'C:\Program Files\dotnet\sdk\8.0.203\Extensions\Microsoft.VisualStudio.TestPlatform.Extensions.Trx.TestLogger.dll'
TpTrace Verbose: 0 : 10788, 1, 2024/07/17, 10:33:15.285, 18219838231057, vstest.console.dll, TestPluginCache: Discovered the extensions using extension path ''.
TpTrace Verbose: 0 : 10788, 1, 2024/07/17, 10:33:15.285, 18219838231233, vstest.console.dll, TestPluginCache: Discoverers are ''.
TpTrace Verbose: 0 : 10788, 1, 2024/07/17, 10:33:15.285, 18219838231376, vstest.console.dll, TestPluginCache: Executors are ''.
TpTrace Verbose: 0 : 10788, 1, 2024/07/17, 10:33:15.285, 18219838231513, vstest.console.dll, TestPluginCache: Executors2 are ''.
TpTrace Verbose: 0 : 10788, 1, 2024/07/17, 10:33:15.285, 18219838231687, vstest.console.dll, TestPluginCache: Setting providers are ''.
TpTrace Verbose: 0 : 10788, 1, 2024/07/17, 10:33:15.285, 18219838232276, vstest.console.dll, TestPluginCache: Loggers are 'logger://Microsoft/TestPlatform/Extensions/Blame/v1,logger://Microsoft/TestPlatform/HtmlLogger/v1,logger://Microsoft/TestPlatform/TrxLogger/v1'.
TpTrace Verbose: 0 : 10788, 1, 2024/07/17, 10:33:15.285, 18219838232539, vstest.console.dll, TestPluginCache: TestHosts are 'HostProvider://DefaultTestHost,HostProvider://DotnetTestHost'.
TpTrace Verbose: 0 : 10788, 1, 2024/07/17, 10:33:15.285, 18219838232732, vstest.console.dll, TestPluginCache: DataCollectors are ''.
TpTrace Information: 0 : 10788, 1, 2024/07/17, 10:33:15.286, 18219838239861, vstest.console.dll, TestPluginManager.CreateTestExtension: Attempting to load test extension: Microsoft.TestPlatform.Extensions.BlameDataCollector.BlameLogger
TpTrace Verbose: 0 : 10788, 1, 2024/07/17, 10:33:15.293, 18219838306604, vstest.console.dll, TestEngine: Initializing Parallel Execution as MaxCpuCount is set to: 1
TpTrace Information: 0 : 10788, 1, 2024/07/17, 10:33:15.294, 18219838319077, vstest.console.dll, TestPluginManager.CreateTestExtension: Attempting to load test extension: Microsoft.VisualStudio.TestPlatform.CrossPlatEngine.Hosting.DefaultTestHostManager
TpTrace Information: 0 : 10788, 1, 2024/07/17, 10:33:15.295, 18219838327516, vstest.console.dll, TestPluginManager.CreateTestExtension: Attempting to load test extension: Microsoft.VisualStudio.TestPlatform.CrossPlatEngine.Hosting.DotnetTestHostManager
TpTrace Information: 0 : 10788, 1, 2024/07/17, 10:33:15.295, 18219838332147, vstest.console.dll, InferRunSettingsHelper.IsTestSettingsEnabled: Unable to navigate to RunSettings/MSTest. Current node: RunSettings
TpTrace Verbose: 0 : 10788, 1, 2024/07/17, 10:33:15.296, 18219838336794, vstest.console.dll, ParallelOperationManager.ClearSlots: Clearing all slots. Slots should accept more work: True
TpTrace Verbose: 0 : 10788, 1, 2024/07/17, 10:33:15.296, 18219838341722, vstest.console.dll, ParallelOperationManager.SetOccupiedSlotCount: Setting slot counts AvailableSlotCount = 1, OccupiedSlotCount = 0.
TpTrace Verbose: 0 : 10788, 1, 2024/07/17, 10:33:15.296, 18219838344042, vstest.console.dll, Occupied slots:

TpTrace Verbose: 0 : 10788, 1, 2024/07/17, 10:33:15.299, 18219838369676, vstest.console.dll, TestEngine.GetExecutionManager: Chosen execution manager 'Microsoft.VisualStudio.TestPlatform.CrossPlatEngine.Client.Parallel.ParallelProxyExecutionManager, Microsoft.TestPlatform.CrossPlatEngine, Version=15.0.0.0, Culture=neutral, PublicKeyToken=b03f5f7f11d50a3a' ParallelLevel '1'.
TpTrace Verbose: 0 : 10788, 1, 2024/07/17, 10:33:15.299, 18219838370935, vstest.console.dll, TestRunRequest.ExecuteAsync: Creating test run request.
TpTrace Verbose: 0 : 10788, 1, 2024/07/17, 10:33:15.299, 18219838372739, vstest.console.dll, TestRunRequest.ExecuteAsync: Starting.
TpTrace Information: 0 : 10788, 1, 2024/07/17, 10:33:15.300, 18219838382374, vstest.console.dll, TestRunRequest.ExecuteAsync: Starting run with settings:TestRunCriteria:
   KeepAlive=False,FrequencyOfRunStatsChangeEvent=10,RunStatsChangeEventTimeout=00:00:01.5000000,TestCaseFilter=,TestExecutorLauncher=
   Settingsxml=<RunSettings>
  <RunConfiguration>
    <ResultsDirectory>C:\Users\Dilshan\Desktop\Shoping-Cart-API\ShoppingCart-WebAPI\ShoppingCartAPI.Test\bin\Debug\net8.0\fine-code-coverage\coverage-tool-output</ResultsDirectory>
    <TargetPlatform>X64</TargetPlatform>
    <TargetFrameworkVersion>.NETCoreApp,Version=v8.0</TargetFrameworkVersion>
    <DesignMode>False</DesignMode>
    <CollectSourceInformation>False</CollectSourceInformation>
  </RunConfiguration>
  <LoggerRunSettings>
    <Loggers>
      <Logger friendlyName="blame" enabled="True" />
      <Logger friendlyName="Console" uri="logger://microsoft/TestPlatform/ConsoleLogger/v1" assemblyQualifiedName="Microsoft.VisualStudio.TestPlatform.CommandLine.Internal.ConsoleLogger, vstest.console, Version=15.0.0.0, Culture=neutral, PublicKeyToken=b03f5f7f11d50a3a" codeBase="C:\Program Files\dotnet\sdk\8.0.203\vstest.console.dll" enabled="True" />
    </Loggers>
  </LoggerRunSettings>
  <DataCollectionRunSettings>
    <DataCollectors>
      <DataCollector friendlyName="blame" enabled="True">
        <Configuration>
          <ResultsDirectory>C:\Users\Dilshan\Desktop\Shoping-Cart-API\ShoppingCart-WebAPI\ShoppingCartAPI.Test\bin\Debug\net8.0\fine-code-coverage\coverage-tool-output</ResultsDirectory>
        </Configuration>
      </DataCollector>
    </DataCollectors>
  </DataCollectionRunSettings>
</RunSettings>

TpTrace Verbose: 0 : 10788, 1, 2024/07/17, 10:33:15.300, 18219838383026, vstest.console.dll, TestRunRequest.ExecuteAsync: Wait for the first run request is over.
TpTrace Verbose: 0 : 10788, 1, 2024/07/17, 10:33:15.300, 18219838385732, vstest.console.dll, MulticastDelegateUtilities.SafeInvoke: TestRun.TestRunStart: Invoking callbacks was skipped because there are no subscribers.
TpTrace Verbose: 0 : 10788, 4, 2024/07/17, 10:33:15.301, 18219838388153, vstest.console.dll, MulticastDelegateUtilities.SafeInvoke: InternalTestLoggerEvents.SendTestRunStart: Invoking callback 1/1 for Microsoft.VisualStudio.TestPlatform.CommandLine.Internal.ConsoleLogger., took 0 ms.
TpTrace Verbose: 0 : 10788, 1, 2024/07/17, 10:33:15.301, 18219838395015, vstest.console.dll, ParallelProxyExecutionManager: Start execution. Total sources: 1
TpTrace Verbose: 0 : 10788, 1, 2024/07/17, 10:33:15.302, 18219838397712, vstest.console.dll, ParallelOperationManager.StartWork: Starting adding 1 workloads.
TpTrace Verbose: 0 : 10788, 1, 2024/07/17, 10:33:15.302, 18219838398230, vstest.console.dll, ParallelOperationManager.ClearSlots: Clearing all slots. Slots should accept more work: True
TpTrace Verbose: 0 : 10788, 1, 2024/07/17, 10:33:15.302, 18219838398728, vstest.console.dll, ParallelOperationManager.SetOccupiedSlotCount: Setting slot counts AvailableSlotCount = 1, OccupiedSlotCount = 0.
TpTrace Verbose: 0 : 10788, 1, 2024/07/17, 10:33:15.302, 18219838399012, vstest.console.dll, Occupied slots:

TpTrace Verbose: 0 : 10788, 1, 2024/07/17, 10:33:15.303, 18219838411484, vstest.console.dll, TestRequestSender is acting as server.
TpTrace Verbose: 0 : 10788, 1, 2024/07/17, 10:33:15.304, 18219838421092, vstest.console.dll, ParallelOperationManager.RunWorkInParallel: Adding 1 workload to slot, remaining workloads 0.
TpTrace Verbose: 0 : 10788, 1, 2024/07/17, 10:33:15.304, 18219838421681, vstest.console.dll, ParallelOperationManager.SetOccupiedSlotCount: Setting slot counts AvailableSlotCount = 0, OccupiedSlotCount = 1.
TpTrace Verbose: 0 : 10788, 1, 2024/07/17, 10:33:15.304, 18219838422478, vstest.console.dll, Occupied slots:
0: C:\Users\Dilshan\Desktop\Shoping-Cart-API\ShoppingCart-WebAPI\ShoppingCartAPI.Test\bin\Debug\net8.0\fine-code-coverage\build-output\ShoppingCartAPI.Test.dll
TpTrace Verbose: 0 : 10788, 1, 2024/07/17, 10:33:15.305, 18219838431408, vstest.console.dll, ParallelOperationManager.RunWorkInParallel: Started host in slot number 0 for work (source): C:\Users\Dilshan\Desktop\Shoping-Cart-API\ShoppingCart-WebAPI\ShoppingCartAPI.Test\bin\Debug\net8.0\fine-code-coverage\build-output\ShoppingCartAPI.Test.dll.
TpTrace Verbose: 0 : 10788, 1, 2024/07/17, 10:33:15.306, 18219838440839, vstest.console.dll, ParallelOperationManager.RunWorkInParallel: We started 1 work items, which is the max parallel level. Won't start more work.
TpTrace Verbose: 0 : 10788, 1, 2024/07/17, 10:33:15.306, 18219838441725, vstest.console.dll, ParallelOperationManager.RunWorkInParallel: We started 1 work items in here, returning True.
TpTrace Information: 0 : 10788, 1, 2024/07/17, 10:33:15.306, 18219838442039, vstest.console.dll, TestRunRequest.ExecuteAsync: Started.
TpTrace Verbose: 0 : 10788, 5, 2024/07/17, 10:33:15.306, 18219838442316, vstest.console.dll, ParallelProxyExecutionManager.StartTestRunOnConcurrentManager: Initializing uninitialized client. Started clients: 0
TpTrace Verbose: 0 : 10788, 5, 2024/07/17, 10:33:15.306, 18219838444150, vstest.console.dll, DataCollectionRequestSender.InitializeCommunication : Initialize communication. 
TpTrace Verbose: 0 : 10788, 1, 2024/07/17, 10:33:15.307, 18219838449287, vstest.console.dll, TestRunRequest.WaitForCompletion: Waiting with timeout -1.
TpTrace Information: 0 : 10788, 5, 2024/07/17, 10:33:15.313, 18219838510663, vstest.console.dll, Listening on Endpoint : 127.0.0.1:51702
TpTrace Verbose: 0 : 10788, 5, 2024/07/17, 10:33:15.318, 18219838564540, vstest.console.dll, DotnetDataCollectionLauncher: Adding  --runtimeconfig "C:\Program Files\dotnet\sdk\8.0.203\datacollector.runtimeconfig.json" in args
TpTrace Verbose: 0 : 10788, 5, 2024/07/17, 10:33:15.318, 18219838565893, vstest.console.dll, DotnetDataCollectionLauncher: Adding  --depsfile "C:\Program Files\dotnet\sdk\8.0.203\datacollector.deps.json" in args
TpTrace Verbose: 0 : 10788, 5, 2024/07/17, 10:33:15.319, 18219838567771, vstest.console.dll, DotnetDataCollectionLauncher: Full path of dotnet.exe is C:\Program Files\dotnet\dotnet.exe
TpTrace Information: 0 : 10788, 5, 2024/07/17, 10:33:15.326, 18219838640807, vstest.console.dll, ProxyDataCollectionManager.Initialize: Launched datacollector processId: 31032 port: 51702
TpTrace Information: 0 : 10788, 5, 2024/07/17, 10:33:15.326, 18219838642594, vstest.console.dll, ProxyDataCollectionManager.Initialize: waiting for connection with timeout: 90 seconds
TpTrace Verbose: 0 : 10788, 5, 2024/07/17, 10:33:15.326, 18219838643101, vstest.console.dll, DataCollectionRequestSender.WaitForRequestHandlerConnection : Waiting for connection with timeout: 90000
TpTrace Information: 0 : 10788, 7, 2024/07/17, 10:33:15.490, 18219840283232, vstest.console.dll, Using the buffer size of 16384 bytes
TpTrace Information: 0 : 10788, 7, 2024/07/17, 10:33:15.490, 18219840284606, vstest.console.dll, Accepted Client request and set the flag
TpTrace Verbose: 0 : 10788, 5, 2024/07/17, 10:33:15.490, 18219840283382, vstest.console.dll, SocketCommunicationManager.WaitForClientConnection took: 163 ms, with 90000 ms timeout, and finished with True.
TpTrace Verbose: 0 : 10788, 5, 2024/07/17, 10:33:15.490, 18219840285913, vstest.console.dll, ProxyDataCollectionManager.InvokeDataCollectionServiceAction: Starting.
TpTrace Information: 0 : 10788, 5, 2024/07/17, 10:33:15.491, 18219840286456, vstest.console.dll, ProxyDataCollectionManager.BeforeTestRunStart: Get environment variable and port for datacollector processId: 31032 port: 51702
TpTrace Verbose: 0 : 10788, 5, 2024/07/17, 10:33:15.491, 18219840287175, vstest.console.dll, DataCollectionRequestSender.SendBeforeTestRunStartAndGetResult: Send BeforeTestRunStart message with settingsXml <RunSettings><RunConfiguration><ResultsDirectory>C:\Users\Dilshan\Desktop\Shoping-Cart-API\ShoppingCart-WebAPI\ShoppingCartAPI.Test\bin\Debug\net8.0\fine-code-coverage\coverage-tool-output</ResultsDirectory><TargetPlatform>X64</TargetPlatform><TargetFrameworkVersion>.NETCoreApp,Version=v8.0</TargetFrameworkVersion><DesignMode>False</DesignMode><CollectSourceInformation>False</CollectSourceInformation><TestAdaptersPaths>C:\Program Files\dotnet\sdk\8.0.203\Extensions</TestAdaptersPaths></RunConfiguration><LoggerRunSettings><Loggers><Logger friendlyName="blame" enabled="True" /><Logger friendlyName="Console" uri="logger://microsoft/TestPlatform/ConsoleLogger/v1" assemblyQualifiedName="Microsoft.VisualStudio.TestPlatform.CommandLine.Internal.ConsoleLogger, vstest.console, Version=15.0.0.0, Culture=neutral, PublicKeyToken=b03f5f7f11d50a3a" codeBase="C:\Program Files\dotnet\sdk\8.0.203\vstest.console.dll" enabled="True" /></Loggers></LoggerRunSettings><DataCollectionRunSettings><DataCollectors><DataCollector friendlyName="blame" enabled="True"><Configuration><ResultsDirectory>C:\Users\Dilshan\Desktop\Shoping-Cart-API\ShoppingCart-WebAPI\ShoppingCartAPI.Test\bin\Debug\net8.0\fine-code-coverage\coverage-tool-output</ResultsDirectory></Configuration></DataCollector></DataCollectors></DataCollectionRunSettings></RunSettings> and sources System.Collections.Generic.List`1[System.String]: 
TpTrace Verbose: 0 : 10788, 5, 2024/07/17, 10:33:15.544, 18219840822177, vstest.console.dll, DataCollectionRequestSender.SendBeforeTestRunStartAndGetResult: Received message: (DataCollection.SendMessage) -> {"MessageType":"DataCollection.SendMessage","Payload":{"FriendlyName":null,"Uri":null,"TestCaseId":"00000000-0000-0000-0000-000000000000","Message":"Logging DataCollector Diagnostics in file: C:\\Users\\Dilshan\\Desktop\\Shoping-Cart-API\\ShoppingCart-WebAPI\\ShoppingCartAPI.Test\\bin\\Debug\\net8.0\\fine-code-coverage\\coverage-tool-output\\diagnostics.datacollector.24-07-17_10-33-15_31859_5.log","Level":0}}
TpTrace Verbose: 0 : 10788, 5, 2024/07/17, 10:33:15.628, 18219841665463, vstest.console.dll, DataCollectionRequestSender.SendBeforeTestRunStartAndGetResult: Received message: (DataCollection.BeforeTestRunStartResult) -> {"MessageType":"DataCollection.BeforeTestRunStartResult","Payload":{"EnvironmentVariables":{},"DataCollectionEventsPort":51704}}
TpTrace Information: 0 : 10788, 5, 2024/07/17, 10:33:15.632, 18219841698111, vstest.console.dll, ProxyDataCollectionManager.BeforeTestRunStart: SendBeforeTestRunStartAndGetResult successful, env variable from datacollector:   and testhost port: 51704
TpTrace Information: 0 : 10788, 5, 2024/07/17, 10:33:15.632, 18219841698920, vstest.console.dll, ProxyDataCollectionManager.InvokeDataCollectionServiceAction: Completed.
TpTrace Verbose: 0 : 10788, 5, 2024/07/17, 10:33:15.632, 18219841699186, vstest.console.dll, ParallelProxyExecutionManager.StartTestRunOnConcurrentManager: Initializing test run. Started clients: 0
TpTrace Verbose: 0 : 10788, 5, 2024/07/17, 10:33:15.632, 18219841700024, vstest.console.dll, ProxyExecutionManager: Test host is always Lazy initialize.
TpTrace Verbose: 0 : 10788, 5, 2024/07/17, 10:33:15.632, 18219841701538, vstest.console.dll, TestRequestSender.InitializeCommunication: initialize communication. 
TpTrace Information: 0 : 10788, 5, 2024/07/17, 10:33:15.632, 18219841705145, vstest.console.dll, SocketServer.Start: Listening on endpoint : 127.0.0.1:51705
TpTrace Verbose: 0 : 10788, 5, 2024/07/17, 10:33:15.633, 18219841710712, vstest.console.dll, DotnetTestHostmanager.GetTestHostProcessStartInfo: Platform environment 'X64' target architecture 'X64' framework '.NETCoreApp,Version=v8.0' OS 'Windows'
TpTrace Verbose: 0 : 10788, 5, 2024/07/17, 10:33:15.633, 18219841712547, vstest.console.dll, DotnetTestHostmanager: Adding  --runtimeconfig "C:\Users\Dilshan\Desktop\Shoping-Cart-API\ShoppingCart-WebAPI\ShoppingCartAPI.Test\bin\Debug\net8.0\fine-code-coverage\build-output\ShoppingCartAPI.Test.runtimeconfig.json" in args
TpTrace Verbose: 0 : 10788, 5, 2024/07/17, 10:33:15.633, 18219841713201, vstest.console.dll, DotnetTestHostmanager: Adding  --depsfile "C:\Users\Dilshan\Desktop\Shoping-Cart-API\ShoppingCart-WebAPI\ShoppingCartAPI.Test\bin\Debug\net8.0\fine-code-coverage\build-output\ShoppingCartAPI.Test.deps.json" in args
TpTrace Verbose: 0 : 10788, 5, 2024/07/17, 10:33:15.633, 18219841715231, vstest.console.dll, DotnetTestHostmanager.IsWinOnArm: Current PROCESSOR_ARCHITECTURE from environment variable 'AMD64'
TpTrace Verbose: 0 : 10788, 5, 2024/07/17, 10:33:15.633, 18219841715726, vstest.console.dll, DotnetTestHostmanager.IsWinOnArm: Is Windows on ARM 'False'
TpTrace Verbose: 0 : 10788, 5, 2024/07/17, 10:33:15.634, 18219841716662, vstest.console.dll, DotnetTestHostManager: testhost.exe found at path: C:\Users\Dilshan\Desktop\Shoping-Cart-API\ShoppingCart-WebAPI\ShoppingCartAPI.Test\bin\Debug\net8.0\fine-code-coverage\build-output\testhost.exe
TpTrace Verbose: 0 : 10788, 5, 2024/07/17, 10:33:15.634, 18219841716936, vstest.console.dll, DotnetTestHostmanager: Full path of host exe is C:\Users\Dilshan\Desktop\Shoping-Cart-API\ShoppingCart-WebAPI\ShoppingCartAPI.Test\bin\Debug\net8.0\fine-code-coverage\build-output\testhost.exe
TpTrace Verbose: 0 : 10788, 5, 2024/07/17, 10:33:15.634, 18219841717777, vstest.console.dll, DotnetTestHostmanager.LaunchTestHostAsync: Found 'VSTEST_WINAPPHOST_DOTNET_ROOT' in env variables, value 'C:\Program Files\dotnet', forwarding to 'DOTNET_ROOT'
TpTrace Verbose: 0 : 10788, 5, 2024/07/17, 10:33:15.634, 18219841718705, vstest.console.dll, DotnetTestHostManager: Starting process 'C:\Users\Dilshan\Desktop\Shoping-Cart-API\ShoppingCart-WebAPI\ShoppingCartAPI.Test\bin\Debug\net8.0\fine-code-coverage\build-output\testhost.exe' with command line ' --runtimeconfig "C:\Users\Dilshan\Desktop\Shoping-Cart-API\ShoppingCart-WebAPI\ShoppingCartAPI.Test\bin\Debug\net8.0\fine-code-coverage\build-output\ShoppingCartAPI.Test.runtimeconfig.json" --depsfile "C:\Users\Dilshan\Desktop\Shoping-Cart-API\ShoppingCart-WebAPI\ShoppingCartAPI.Test\bin\Debug\net8.0\fine-code-coverage\build-output\ShoppingCartAPI.Test.deps.json" --port 51705 --endpoint 127.0.0.1:051705 --role client --parentprocessid 10788 --diag "C:\Users\Dilshan\Desktop\Shoping-Cart-API\ShoppingCart-WebAPI\ShoppingCartAPI.Test\bin\Debug\net8.0\fine-code-coverage\coverage-tool-output\diagnostics.host.24-07-17_10-33-15_63317_5.log" --tracelevel 4 --datacollectionport 51704 --telemetryoptedin false'
TpTrace Verbose: 0 : 10788, 5, 2024/07/17, 10:33:15.639, 18219841768486, vstest.console.dll, MulticastDelegateUtilities.SafeInvoke: HostProviderEvents.OnHostLaunched: Invoking callback 1/2 for Microsoft.VisualStudio.TestPlatform.CrossPlatEngine.Client.ProxyExecutionManagerWithDataCollection., took 1 ms.
TpTrace Verbose: 0 : 10788, 5, 2024/07/17, 10:33:15.639, 18219841771245, vstest.console.dll, Test Runtime launched
TpTrace Verbose: 0 : 10788, 5, 2024/07/17, 10:33:15.639, 18219841771819, vstest.console.dll, MulticastDelegateUtilities.SafeInvoke: HostProviderEvents.OnHostLaunched: Invoking callback 2/2 for Microsoft.VisualStudio.TestPlatform.CrossPlatEngine.Client.ProxyOperationManager., took 0 ms.
TpTrace Verbose: 0 : 10788, 5, 2024/07/17, 10:33:15.639, 18219841772823, vstest.console.dll, TestRequestSender.WaitForRequestHandlerConnection: waiting for connection with timeout: 90000.
TpTrace Verbose: 0 : 10788, 5, 2024/07/17, 10:33:15.827, 18219843649831, vstest.console.dll, TestRequestSender.WaitForRequestHandlerConnection: waiting took 187 ms, with timeout 90000 ms, and result 0, which is success.
TpTrace Verbose: 0 : 10788, 7, 2024/07/17, 10:33:15.827, 18219843649831, vstest.console.dll, MulticastDelegateUtilities.SafeInvoke: SocketServer: ClientConnected: Invoking callback 1/1 for Microsoft.VisualStudio.TestPlatform.CommunicationUtilities.TestRequestSender., took 0 ms.
TpTrace Verbose: 0 : 10788, 7, 2024/07/17, 10:33:15.827, 18219843651990, vstest.console.dll, SocketServer.OnClientConnected: Client connected for endPoint: 127.0.0.1:51705, starting MessageLoopAsync:
TpTrace Verbose: 0 : 10788, 7, 2024/07/17, 10:33:15.828, 18219843656791, vstest.console.dll, TcpClientExtensions.MessageLoopAsync: Polling on remoteEndPoint: 127.0.0.1:51706 localEndPoint: 127.0.0.1:51705 after 0 ms
TpTrace Verbose: 0 : 10788, 5, 2024/07/17, 10:33:15.828, 18219843659332, vstest.console.dll, TestRequestSender.CheckVersionWithTestHost: Sending check version message: {"MessageType":"ProtocolVersion","Payload":7}
TpTrace Verbose: 0 : 10788, 7, 2024/07/17, 10:33:15.922, 18219844596818, vstest.console.dll, TcpClientExtensions.MessageLoopAsync: NotifyDataAvailable remoteEndPoint: 127.0.0.1:51706 localEndPoint: 127.0.0.1:51705
TpTrace Verbose: 0 : 10788, 7, 2024/07/17, 10:33:15.922, 18219844599186, vstest.console.dll, TestRequestSender.CheckVersionWithTestHost: onMessageReceived received message: (ProtocolVersion) -> {"MessageType":"ProtocolVersion","Payload":7}
TpTrace Verbose: 0 : 10788, 7, 2024/07/17, 10:33:15.922, 18219844604748, vstest.console.dll, MulticastDelegateUtilities.SafeInvoke: LengthPrefixCommunicationChannel: MessageReceived: Invoking callback 1/1 for Microsoft.VisualStudio.TestPlatform.CommunicationUtilities.TestRequestSender+<>c__DisplayClass29_0., took 0 ms.
TpTrace Verbose: 0 : 10788, 5, 2024/07/17, 10:33:15.922, 18219844605708, vstest.console.dll, TestPluginCache.GetExtensionPaths: Filtered extension paths: 
TpTrace Verbose: 0 : 10788, 7, 2024/07/17, 10:33:15.922, 18219844605882, vstest.console.dll, TcpClientExtensions.MessageLoopAsync: Polling on remoteEndPoint: 127.0.0.1:51706 localEndPoint: 127.0.0.1:51705 after 94 ms
TpTrace Verbose: 0 : 10788, 5, 2024/07/17, 10:33:15.923, 18219844607295, vstest.console.dll, TestPluginCache.GetExtensionPaths: Added default extension paths: C:\Program Files\dotnet\sdk\8.0.203\Extensions\Microsoft.Diagnostics.NETCore.Client.dll
C:\Program Files\dotnet\sdk\8.0.203\Extensions\Microsoft.TestPlatform.Extensions.BlameDataCollector.dll
C:\Program Files\dotnet\sdk\8.0.203\Extensions\Microsoft.TestPlatform.Extensions.EventLogCollector.dll
C:\Program Files\dotnet\sdk\8.0.203\Extensions\Microsoft.TestPlatform.TestHostRuntimeProvider.dll
C:\Program Files\dotnet\sdk\8.0.203\Extensions\Microsoft.VisualStudio.TestPlatform.Extensions.Html.TestLogger.dll
C:\Program Files\dotnet\sdk\8.0.203\Extensions\Microsoft.VisualStudio.TestPlatform.Extensions.Trx.TestLogger.dll
TpTrace Verbose: 0 : 10788, 5, 2024/07/17, 10:33:15.923, 18219844607931, vstest.console.dll, TestPluginCache.GetExtensionPaths: Added unfilterableExtensionPaths: 
TpTrace Verbose: 0 : 10788, 5, 2024/07/17, 10:33:15.925, 18219844629655, vstest.console.dll, TestRequestSender.InitializeExecution: Sending initialize execution with message: {"Version":7,"MessageType":"TestExecution.Initialize","Payload":["C:\\Users\\Dilshan\\Desktop\\Shoping-Cart-API\\ShoppingCart-WebAPI\\ShoppingCartAPI.Test\\bin\\Debug\\net8.0\\fine-code-coverage\\build-output\\xunit.runner.visualstudio.dotnetcore.testadapter.dll"]}
TpTrace Verbose: 0 : 10788, 5, 2024/07/17, 10:33:15.925, 18219844631542, vstest.console.dll, ParallelProxyExecutionManager.StartTestRunOnConcurrentManager: Execution starting. Started clients: 1
TpTrace Verbose: 0 : 10788, 5, 2024/07/17, 10:33:15.925, 18219844633443, vstest.console.dll, TestRunRequest:SendTestRunMessage: Starting.
TpTrace Verbose: 0 : 10788, 5, 2024/07/17, 10:33:15.925, 18219844634623, vstest.console.dll, MulticastDelegateUtilities.SafeInvoke: TestRun.LogMessages: Invoking callback 1/1 for Microsoft.VisualStudio.TestPlatform.CommandLine.TestRunResultAggregator., took 0 ms.
TpTrace Information: 0 : 10788, 5, 2024/07/17, 10:33:15.925, 18219844634963, vstest.console.dll, TestRunRequest:SendTestRunMessage: Completed.
TpTrace Verbose: 0 : 10788, 4, 2024/07/17, 10:33:15.926, 18219844636376, vstest.console.dll, MulticastDelegateUtilities.SafeInvoke: InternalTestLoggerEvents.SendTestRunMessage: Invoking callback 1/1 for Microsoft.VisualStudio.TestPlatform.CommandLine.Internal.ConsoleLogger., took 0 ms.
TpTrace Warning: 0 : 10788, 5, 2024/07/17, 10:33:15.926, 18219844637531, vstest.console.dll, InferRunSettingsHelper.MakeRunsettingsCompatible: Removing the following settings: TargetPlatform from RunSettings file. To use those settings please move to latest version of Microsoft.NET.Test.Sdk
TpTrace Verbose: 0 : 10788, 7, 2024/07/17, 10:33:15.926, 18219844641397, vstest.console.dll, TcpClientExtensions.MessageLoopAsync: NotifyDataAvailable remoteEndPoint: 127.0.0.1:51706 localEndPoint: 127.0.0.1:51705
TpTrace Verbose: 0 : 10788, 7, 2024/07/17, 10:33:15.926, 18219844643465, vstest.console.dll, TestRequestSender.OnExecutionMessageReceived: Received message: {"Version":7,"MessageType":"TestSession.Message","Payload":{"MessageLevel":0,"Message":"Logging TestHost Diagnostics in file: C:\\Users\\Dilshan\\Desktop\\Shoping-Cart-API\\ShoppingCart-WebAPI\\ShoppingCartAPI.Test\\bin\\Debug\\net8.0\\fine-code-coverage\\coverage-tool-output\\diagnostics.host.24-07-17_10-33-15_63317_5.log"}}
TpTrace Verbose: 0 : 10788, 7, 2024/07/17, 10:33:15.928, 18219844660553, vstest.console.dll, TestRunRequest:SendTestRunMessage: Starting.
TpTrace Verbose: 0 : 10788, 7, 2024/07/17, 10:33:15.928, 18219844661774, vstest.console.dll, MulticastDelegateUtilities.SafeInvoke: TestRun.LogMessages: Invoking callback 1/1 for Microsoft.VisualStudio.TestPlatform.CommandLine.TestRunResultAggregator., took 0 ms.
TpTrace Information: 0 : 10788, 7, 2024/07/17, 10:33:15.928, 18219844661969, vstest.console.dll, TestRunRequest:SendTestRunMessage: Completed.
TpTrace Verbose: 0 : 10788, 7, 2024/07/17, 10:33:15.928, 18219844662773, vstest.console.dll, MulticastDelegateUtilities.SafeInvoke: LengthPrefixCommunicationChannel: MessageReceived: Invoking callback 1/1 for Microsoft.VisualStudio.TestPlatform.CommunicationUtilities.TestRequestSender+<>c__DisplayClass34_0., took 2 ms.
TpTrace Verbose: 0 : 10788, 7, 2024/07/17, 10:33:15.928, 18219844663046, vstest.console.dll, TcpClientExtensions.MessageLoopAsync: Polling on remoteEndPoint: 127.0.0.1:51706 localEndPoint: 127.0.0.1:51705 after 5 ms
TpTrace Verbose: 0 : 10788, 4, 2024/07/17, 10:33:15.928, 18219844662311, vstest.console.dll, MulticastDelegateUtilities.SafeInvoke: InternalTestLoggerEvents.SendTestRunMessage: Invoking callback 1/1 for Microsoft.VisualStudio.TestPlatform.CommandLine.Internal.ConsoleLogger., took 0 ms.
TpTrace Verbose: 0 : 10788, 5, 2024/07/17, 10:33:15.932, 18219844705404, vstest.console.dll, TestRequestSender.StartTestRun: Sending test run with message: {"Version":7,"MessageType":"TestExecution.StartWithSources","Payload":{"AdapterSourceMap":{"_none_":["C:\\Users\\Dilshan\\Desktop\\Shoping-Cart-API\\ShoppingCart-WebAPI\\ShoppingCartAPI.Test\\bin\\Debug\\net8.0\\fine-code-coverage\\build-output\\ShoppingCartAPI.Test.dll"]},"RunSettings":"<RunSettings>\r\n  <RunConfiguration>\r\n    <ResultsDirectory>C:\\Users\\Dilshan\\Desktop\\Shoping-Cart-API\\ShoppingCart-WebAPI\\ShoppingCartAPI.Test\\bin\\Debug\\net8.0\\fine-code-coverage\\coverage-tool-output</ResultsDirectory>\r\n    <TargetFrameworkVersion>.NETCoreApp,Version=v8.0</TargetFrameworkVersion>\r\n    <DesignMode>False</DesignMode>\r\n    <CollectSourceInformation>False</CollectSourceInformation>\r\n  </RunConfiguration>\r\n  <LoggerRunSettings>\r\n    <Loggers>\r\n      <Logger friendlyName=\"blame\" enabled=\"True\" />\r\n      <Logger friendlyName=\"Console\" uri=\"logger://microsoft/TestPlatform/ConsoleLogger/v1\" assemblyQualifiedName=\"Microsoft.VisualStudio.TestPlatform.CommandLine.Internal.ConsoleLogger, vstest.console, Version=15.0.0.0, Culture=neutral, PublicKeyToken=b03f5f7f11d50a3a\" codeBase=\"C:\\Program Files\\dotnet\\sdk\\8.0.203\\vstest.console.dll\" enabled=\"True\" />\r\n    </Loggers>\r\n  </LoggerRunSettings>\r\n  <DataCollectionRunSettings>\r\n    <DataCollectors>\r\n      <DataCollector friendlyName=\"blame\" enabled=\"True\">\r\n        <Configuration>\r\n          <ResultsDirectory>C:\\Users\\Dilshan\\Desktop\\Shoping-Cart-API\\ShoppingCart-WebAPI\\ShoppingCartAPI.Test\\bin\\Debug\\net8.0\\fine-code-coverage\\coverage-tool-output</ResultsDirectory>\r\n        </Configuration>\r\n      </DataCollector>\r\n    </DataCollectors>\r\n  </DataCollectionRunSettings>\r\n</RunSettings>","TestExecutionContext":{"FrequencyOfRunStatsChangeEvent":10,"RunStatsChangeEventTimeout":"00:00:01.5000000","InIsolation":false,"KeepAlive":false,"AreTestCaseLevelEventsRequired":false,"IsDebug":false,"TestCaseFilter":null,"FilterOptions":null},"Package":null}}
TpTrace Verbose: 0 : 10788, 5, 2024/07/17, 10:33:15.933, 18219844707832, vstest.console.dll, ParallelProxyExecutionManager.StartTestRunOnConcurrentManager: Execution started. Started clients: 1
TpTrace Verbose: 0 : 10788, 7, 2024/07/17, 10:33:16.143, 18219846815189, vstest.console.dll, TcpClientExtensions.MessageLoopAsync: NotifyDataAvailable remoteEndPoint: 127.0.0.1:51706 localEndPoint: 127.0.0.1:51705
TpTrace Verbose: 0 : 10788, 7, 2024/07/17, 10:33:16.144, 18219846817105, vstest.console.dll, TestRequestSender.OnExecutionMessageReceived: Received message: {"Version":7,"MessageType":"TestSession.Message","Payload":{"MessageLevel":0,"Message":"[xUnit.net 00:00:00.00] xUnit.net VSTest Adapter v2.5.3.1+6b60a9e56a (64-bit .NET 8.0.3)"}}
TpTrace Verbose: 0 : 10788, 7, 2024/07/17, 10:33:16.144, 18219846818913, vstest.console.dll, TestRunRequest:SendTestRunMessage: Starting.
TpTrace Verbose: 0 : 10788, 7, 2024/07/17, 10:33:16.144, 18219846819606, vstest.console.dll, MulticastDelegateUtilities.SafeInvoke: TestRun.LogMessages: Invoking callback 1/1 for Microsoft.VisualStudio.TestPlatform.CommandLine.TestRunResultAggregator., took 0 ms.
TpTrace Verbose: 0 : 10788, 4, 2024/07/17, 10:33:16.144, 18219846819796, vstest.console.dll, MulticastDelegateUtilities.SafeInvoke: InternalTestLoggerEvents.SendTestRunMessage: Invoking callback 1/1 for Microsoft.VisualStudio.TestPlatform.CommandLine.Internal.ConsoleLogger., took 0 ms.
TpTrace Information: 0 : 10788, 7, 2024/07/17, 10:33:16.144, 18219846820656, vstest.console.dll, TestRunRequest:SendTestRunMessage: Completed.
TpTrace Verbose: 0 : 10788, 7, 2024/07/17, 10:33:16.144, 18219846821828, vstest.console.dll, MulticastDelegateUtilities.SafeInvoke: LengthPrefixCommunicationChannel: MessageReceived: Invoking callback 1/1 for Microsoft.VisualStudio.TestPlatform.CommunicationUtilities.TestRequestSender+<>c__DisplayClass34_0., took 0 ms.
TpTrace Verbose: 0 : 10788, 7, 2024/07/17, 10:33:16.144, 18219846822092, vstest.console.dll, TcpClientExtensions.MessageLoopAsync: Polling on remoteEndPoint: 127.0.0.1:51706 localEndPoint: 127.0.0.1:51705 after 215 ms
TpTrace Verbose: 0 : 10788, 7, 2024/07/17, 10:33:16.237, 18219847755845, vstest.console.dll, TcpClientExtensions.MessageLoopAsync: NotifyDataAvailable remoteEndPoint: 127.0.0.1:51706 localEndPoint: 127.0.0.1:51705
TpTrace Verbose: 0 : 10788, 7, 2024/07/17, 10:33:16.238, 18219847757487, vstest.console.dll, TestRequestSender.OnExecutionMessageReceived: Received message: {"Version":7,"MessageType":"TestSession.Message","Payload":{"MessageLevel":0,"Message":"[xUnit.net 00:00:00.09]   Discovering: ShoppingCartAPI.Test"}}
TpTrace Verbose: 0 : 10788, 7, 2024/07/17, 10:33:16.238, 18219847758511, vstest.console.dll, TestRunRequest:SendTestRunMessage: Starting.
TpTrace Verbose: 0 : 10788, 7, 2024/07/17, 10:33:16.238, 18219847758974, vstest.console.dll, MulticastDelegateUtilities.SafeInvoke: TestRun.LogMessages: Invoking callback 1/1 for Microsoft.VisualStudio.TestPlatform.CommandLine.TestRunResultAggregator., took 0 ms.
TpTrace Information: 0 : 10788, 7, 2024/07/17, 10:33:16.238, 18219847759186, vstest.console.dll, TestRunRequest:SendTestRunMessage: Completed.
TpTrace Verbose: 0 : 10788, 4, 2024/07/17, 10:33:16.238, 18219847759287, vstest.console.dll, MulticastDelegateUtilities.SafeInvoke: InternalTestLoggerEvents.SendTestRunMessage: Invoking callback 1/1 for Microsoft.VisualStudio.TestPlatform.CommandLine.Internal.ConsoleLogger., took 0 ms.
TpTrace Verbose: 0 : 10788, 7, 2024/07/17, 10:33:16.238, 18219847759465, vstest.console.dll, MulticastDelegateUtilities.SafeInvoke: LengthPrefixCommunicationChannel: MessageReceived: Invoking callback 1/1 for Microsoft.VisualStudio.TestPlatform.CommunicationUtilities.TestRequestSender+<>c__DisplayClass34_0., took 0 ms.
TpTrace Verbose: 0 : 10788, 7, 2024/07/17, 10:33:16.238, 18219847760399, vstest.console.dll, TcpClientExtensions.MessageLoopAsync: Polling on remoteEndPoint: 127.0.0.1:51706 localEndPoint: 127.0.0.1:51705 after 93 ms
TpTrace Verbose: 0 : 10788, 7, 2024/07/17, 10:33:16.281, 18219848191261, vstest.console.dll, TcpClientExtensions.MessageLoopAsync: NotifyDataAvailable remoteEndPoint: 127.0.0.1:51706 localEndPoint: 127.0.0.1:51705
TpTrace Verbose: 0 : 10788, 7, 2024/07/17, 10:33:16.281, 18219848192951, vstest.console.dll, TestRequestSender.OnExecutionMessageReceived: Received message: {"Version":7,"MessageType":"TestSession.Message","Payload":{"MessageLevel":0,"Message":"[xUnit.net 00:00:00.14]   Discovered:  ShoppingCartAPI.Test"}}
TpTrace Verbose: 0 : 10788, 7, 2024/07/17, 10:33:16.281, 18219848194132, vstest.console.dll, TestRunRequest:SendTestRunMessage: Starting.
TpTrace Verbose: 0 : 10788, 7, 2024/07/17, 10:33:16.281, 18219848194642, vstest.console.dll, MulticastDelegateUtilities.SafeInvoke: TestRun.LogMessages: Invoking callback 1/1 for Microsoft.VisualStudio.TestPlatform.CommandLine.TestRunResultAggregator., took 0 ms.
TpTrace Information: 0 : 10788, 7, 2024/07/17, 10:33:16.281, 18219848194848, vstest.console.dll, TestRunRequest:SendTestRunMessage: Completed.
TpTrace Verbose: 0 : 10788, 7, 2024/07/17, 10:33:16.281, 18219848195053, vstest.console.dll, MulticastDelegateUtilities.SafeInvoke: LengthPrefixCommunicationChannel: MessageReceived: Invoking callback 1/1 for Microsoft.VisualStudio.TestPlatform.CommunicationUtilities.TestRequestSender+<>c__DisplayClass34_0., took 0 ms.
TpTrace Verbose: 0 : 10788, 4, 2024/07/17, 10:33:16.281, 18219848195251, vstest.console.dll, MulticastDelegateUtilities.SafeInvoke: InternalTestLoggerEvents.SendTestRunMessage: Invoking callback 1/1 for Microsoft.VisualStudio.TestPlatform.CommandLine.Internal.ConsoleLogger., took 0 ms.
TpTrace Verbose: 0 : 10788, 7, 2024/07/17, 10:33:16.281, 18219848195899, vstest.console.dll, TcpClientExtensions.MessageLoopAsync: Polling on remoteEndPoint: 127.0.0.1:51706 localEndPoint: 127.0.0.1:51705 after 43 ms
TpTrace Verbose: 0 : 10788, 7, 2024/07/17, 10:33:16.283, 18219848214080, vstest.console.dll, TcpClientExtensions.MessageLoopAsync: NotifyDataAvailable remoteEndPoint: 127.0.0.1:51706 localEndPoint: 127.0.0.1:51705
TpTrace Verbose: 0 : 10788, 7, 2024/07/17, 10:33:16.283, 18219848215239, vstest.console.dll, TestRequestSender.OnExecutionMessageReceived: Received message: {"Version":7,"MessageType":"TestSession.Message","Payload":{"MessageLevel":0,"Message":"[xUnit.net 00:00:00.14]   Starting:    ShoppingCartAPI.Test"}}
TpTrace Verbose: 0 : 10788, 7, 2024/07/17, 10:33:16.283, 18219848216252, vstest.console.dll, TestRunRequest:SendTestRunMessage: Starting.
TpTrace Verbose: 0 : 10788, 7, 2024/07/17, 10:33:16.284, 18219848216732, vstest.console.dll, MulticastDelegateUtilities.SafeInvoke: TestRun.LogMessages: Invoking callback 1/1 for Microsoft.VisualStudio.TestPlatform.CommandLine.TestRunResultAggregator., took 0 ms.
TpTrace Information: 0 : 10788, 7, 2024/07/17, 10:33:16.284, 18219848216931, vstest.console.dll, TestRunRequest:SendTestRunMessage: Completed.
TpTrace Verbose: 0 : 10788, 7, 2024/07/17, 10:33:16.284, 18219848217150, vstest.console.dll, MulticastDelegateUtilities.SafeInvoke: LengthPrefixCommunicationChannel: MessageReceived: Invoking callback 1/1 for Microsoft.VisualStudio.TestPlatform.CommunicationUtilities.TestRequestSender+<>c__DisplayClass34_0., took 0 ms.
TpTrace Verbose: 0 : 10788, 4, 2024/07/17, 10:33:16.284, 18219848217209, vstest.console.dll, MulticastDelegateUtilities.SafeInvoke: InternalTestLoggerEvents.SendTestRunMessage: Invoking callback 1/1 for Microsoft.VisualStudio.TestPlatform.CommandLine.Internal.ConsoleLogger., took 0 ms.
TpTrace Verbose: 0 : 10788, 7, 2024/07/17, 10:33:16.284, 18219848217676, vstest.console.dll, TcpClientExtensions.MessageLoopAsync: Polling on remoteEndPoint: 127.0.0.1:51706 localEndPoint: 127.0.0.1:51705 after 2 ms
TpTrace Verbose: 0 : 10788, 7, 2024/07/17, 10:33:16.482, 18219850197527, vstest.console.dll, TcpClientExtensions.MessageLoopAsync: NotifyDataAvailable remoteEndPoint: 127.0.0.1:51706 localEndPoint: 127.0.0.1:51705
TpTrace Verbose: 0 : 10788, 7, 2024/07/17, 10:33:16.482, 18219850201170, vstest.console.dll, TestRequestSender.OnExecutionMessageReceived: Received message: {"Version":7,"MessageType":"TestExecution.StatsChange","Payload":{"NewTestResults":[{"TestCase":{"Id":"24abe452-fccb-32e2-07ae-904c51f738b9","FullyQualifiedName":"ShoppingCartAPI.Test.Tests.ServicesTesting.TokenServiceTests.GetUserIDClaim_ShouldThrowException_WhenClaimNotFound","DisplayName":"ShoppingCartAPI.Test.Tests.ServicesTesting.TokenServiceTests.GetUserIDClaim_ShouldThrowException_WhenClaimNotFound","ExecutorUri":"executor://xunit/VsTestRunner2/netcoreapp","Source":"C:\\Users\\Dilshan\\Desktop\\Shoping-Cart-API\\ShoppingCart-WebAPI\\ShoppingCartAPI.Test\\bin\\Debug\\net8.0\\fine-code-coverage\\build-output\\ShoppingCartAPI.Test.dll","CodeFilePath":null,"LineNumber":0,"Properties":[]},"Attachments":[],"Outcome":1,"ErrorMessage":null,"ErrorStackTrace":null,"DisplayName":"ShoppingCartAPI.Test.Tests.ServicesTesting.TokenServiceTests.GetUserIDClaim_ShouldThrowException_WhenClaimNotFound","Messages":[],"ComputerName":"DILSHAN-MADURAN","Duration":"00:00:00.0756749","StartTime":"2024-07-17T05:03:16.4094131+00:00","EndTime":"2024-07-17T05:03:16.4094363+00:00","Properties":[]},{"TestCase":{"Id":"3e4d6527-a8a5-90d9-5bdf-f68d610cf3bb","FullyQualifiedName":"ShoppingCartAPI.Test.Tests.ServicesTesting.ProductServiceTests.ViewAllProducts_ShouldReturnAllProducts_WhenProductsExist","DisplayName":"ShoppingCartAPI.Test.Tests.ServicesTesting.ProductServiceTests.ViewAllProducts_ShouldReturnAllProducts_WhenProductsExist","ExecutorUri":"executor://xunit/VsTestRunner2/netcoreapp","Source":"C:\\Users\\Dilshan\\Desktop\\Shoping-Cart-API\\ShoppingCart-WebAPI\\ShoppingCartAPI.Test\\bin\\Debug\\net8.0\\fine-code-coverage\\build-output\\ShoppingCartAPI.Test.dll","CodeFilePath":null,"LineNumber":0,"Properties":[]},"Attachments":[],"Outcome":1,"ErrorMessage":null,"ErrorStackTrace":null,"DisplayName":"ShoppingCartAPI.Test.Tests.ServicesTesting.ProductServiceTests.ViewAllProducts_ShouldReturnAllProducts_WhenProductsExist","Messages":[],"ComputerName":"DILSHAN-MADURAN","Duration":"00:00:00.0770507","StartTime":"2024-07-17T05:03:16.427826+00:00","EndTime":"2024-07-17T05:03:16.4278262+00:00","Properties":[]}],"TestRunStatistics":{"ExecutedTests":2,"Stats":{"Passed":2}},"ActiveTests":[{"Id":"bb63d817-583a-8a35-62dd-7b8a0639cbaa","FullyQualifiedName":"ShoppingCartAPI.Test.Tests.ServicesTesting.StripeServiceTest.PaymentHistoryProducts_ShouldReturnProducts","DisplayName":"ShoppingCartAPI.Test.Tests.ServicesTesting.StripeServiceTest.PaymentHistoryProducts_ShouldReturnProducts","ExecutorUri":"executor://xunit/VsTestRunner2/netcoreapp","Source":"C:\\Users\\Dilshan\\Desktop\\Shoping-Cart-API\\ShoppingCart-WebAPI\\ShoppingCartAPI.Test\\bin\\Debug\\net8.0\\fine-code-coverage\\build-output\\ShoppingCartAPI.Test.dll","CodeFilePath":null,"LineNumber":0,"Properties":[]},{"Id":"38cb932e-74a0-9e41-3819-c032b3777518","FullyQualifiedName":"ShoppingCartAPI.Test.Tests.ServicesTesting.EmailServiceTests.SendGridService_ShouldSendEmail","DisplayName":"ShoppingCartAPI.Test.Tests.ServicesTesting.EmailServiceTests.SendGridService_ShouldSendEmail","ExecutorUri":"executor://xunit/VsTestRunner2/netcoreapp","Source":"C:\\Users\\Dilshan\\Desktop\\Shoping-Cart-API\\ShoppingCart-WebAPI\\ShoppingCartAPI.Test\\bin\\Debug\\net8.0\\fine-code-coverage\\build-output\\ShoppingCartAPI.Test.dll","CodeFilePath":null,"LineNumber":0,"Properties":[]},{"Id":"da033b28-bbe0-70dc-bb14-0db306871b96","FullyQualifiedName":"ShoppingCartAPI.Test.Tests.ServicesTesting.AuthServiceTest.GetAccessTokenFromRefreshToken_ReturnsNull_OnUnSuccessful","DisplayName":"ShoppingCartAPI.Test.Tests.ServicesTesting.AuthServiceTest.GetAccessTokenFromRefreshToken_ReturnsNull_OnUnSuccessful","ExecutorUri":"executor://xunit/VsTestRunner2/netcoreapp","Source":"C:\\Users\\Dilshan\\Desktop\\Shoping-Cart-API\\ShoppingCart-WebAPI\\ShoppingCartAPI.Test\\bin\\Debug\\net8.0\\fine-code-coverage\\build-output\\ShoppingCartAPI.Test.dll","CodeFilePath":null,"LineNumber":0,"Properties":[]},{"Id":"d6e3c674-afe5-0127-e4a1-2114ce494568","FullyQualifiedName":"ShoppingCartAPI.Test.Tests.Controllers.PaymentControllerTests.GetPaymentgHistory_ShouldReturnBadRequest_WhenExceptionThrown","DisplayName":"ShoppingCartAPI.Test.Tests.Controllers.PaymentControllerTests.GetPaymentgHistory_ShouldReturnBadRequest_WhenExceptionThrown","ExecutorUri":"executor://xunit/VsTestRunner2/netcoreapp","Source":"C:\\Users\\Dilshan\\Desktop\\Shoping-Cart-API\\ShoppingCart-WebAPI\\ShoppingCartAPI.Test\\bin\\Debug\\net8.0\\fine-code-coverage\\build-output\\ShoppingCartAPI.Test.dll","CodeFilePath":null,"LineNumber":0,"Properties":[]},{"Id":"68df61a9-ddcd-e5b0-55b0-5b4ef51c8eda","FullyQualifiedName":"ShoppingCartAPI.Test.Tests.Controllers.ProductControllerTest.GetProductByID_ShouldReturnBadRequest_WhenExceptionThrown","DisplayName":"ShoppingCartAPI.Test.Tests.Controllers.ProductControllerTest.GetProductByID_ShouldReturnBadRequest_WhenExceptionThrown","ExecutorUri":"executor://xunit/VsTestRunner2/netcoreapp","Source":"C:\\Users\\Dilshan\\Desktop\\Shoping-Cart-API\\ShoppingCart-WebAPI\\ShoppingCartAPI.Test\\bin\\Debug\\net8.0\\fine-code-coverage\\build-output\\ShoppingCartAPI.Test.dll","CodeFilePath":null,"LineNumber":0,"Properties":[]},{"Id":"1851bf49-3cc0-fb5e-6866-531df10d9607","FullyQualifiedName":"ShoppingCartAPI.Test.Tests.ServicesTesting.OrderServiceTest.ViewAllOrders_ShouldReturnNullResult_WhenResultNotFound","DisplayName":"ShoppingCartAPI.Test.Tests.ServicesTesting.OrderServiceTest.ViewAllOrders_ShouldReturnNullResult_WhenResultNotFound","ExecutorUri":"executor://xunit/VsTestRunner2/netcoreapp","Source":"C:\\Users\\Dilshan\\Desktop\\Shoping-Cart-API\\ShoppingCart-WebAPI\\ShoppingCartAPI.Test\\bin\\Debug\\net8.0\\fine-code-coverage\\build-output\\ShoppingCartAPI.Test.dll","CodeFilePath":null,"LineNumber":0,"Properties":[]},{"Id":"80078cfc-2f58-b17e-1a45-1b013ea5d056","FullyQualifiedName":"ShoppingCartAPI.Test.Tests.ServicesTesting.ProductServiceTests.GetProductByCategory_ShouldReturnProducts_WhenCategoryExists","DisplayName":"ShoppingCartAPI.Test.Tests.ServicesTesting.ProductServiceTests.GetProductByCategory_ShouldReturnProducts_WhenCategoryExists","ExecutorUri":"executor://xunit/VsTestRunner2/netcoreapp","Source":"C:\\Users\\Dilshan\\Desktop\\Shoping-Cart-API\\ShoppingCart-WebAPI\\ShoppingCartAPI.Test\\bin\\Debug\\net8.0\\fine-code-coverage\\build-output\\ShoppingCartAPI.Test.dll","CodeFilePath":null,"LineNumber":0,"Properties":[]},{"Id":"48516416-7953-4078-b459-b97c73a16f67","FullyQualifiedName":"ShoppingCartAPI.Test.Tests.ServicesTesting.TokenServiceTests.GetUserIDClaim_ShouldThrowException_WhenClaimFormatIsInvalid","DisplayName":"ShoppingCartAPI.Test.Tests.ServicesTesting.TokenServiceTests.GetUserIDClaim_ShouldThrowException_WhenClaimFormatIsInvalid","ExecutorUri":"executor://xunit/VsTestRunner2/netcoreapp","Source":"C:\\Users\\Dilshan\\Desktop\\Shoping-Cart-API\\ShoppingCart-WebAPI\\ShoppingCartAPI.Test\\bin\\Debug\\net8.0\\fine-code-coverage\\build-output\\ShoppingCartAPI.Test.dll","CodeFilePath":null,"LineNumber":0,"Properties":[]}]}}
TpTrace Verbose: 0 : 10788, 7, 2024/07/17, 10:33:16.508, 18219850463286, vstest.console.dll, TestRunRequest:SendTestRunStatsChange: Starting.
TpTrace Verbose: 0 : 10788, 7, 2024/07/17, 10:33:16.508, 18219850465821, vstest.console.dll, InProgress is ShoppingCartAPI.Test.Tests.ServicesTesting.StripeServiceTest.PaymentHistoryProducts_ShouldReturnProducts
TpTrace Verbose: 0 : 10788, 7, 2024/07/17, 10:33:16.508, 18219850466239, vstest.console.dll, InProgress is ShoppingCartAPI.Test.Tests.ServicesTesting.EmailServiceTests.SendGridService_ShouldSendEmail
TpTrace Verbose: 0 : 10788, 7, 2024/07/17, 10:33:16.509, 18219850466458, vstest.console.dll, InProgress is ShoppingCartAPI.Test.Tests.ServicesTesting.AuthServiceTest.GetAccessTokenFromRefreshToken_ReturnsNull_OnUnSuccessful
TpTrace Verbose: 0 : 10788, 7, 2024/07/17, 10:33:16.509, 18219850466674, vstest.console.dll, InProgress is ShoppingCartAPI.Test.Tests.Controllers.PaymentControllerTests.GetPaymentgHistory_ShouldReturnBadRequest_WhenExceptionThrown
TpTrace Verbose: 0 : 10788, 7, 2024/07/17, 10:33:16.509, 18219850466879, vstest.console.dll, InProgress is ShoppingCartAPI.Test.Tests.Controllers.ProductControllerTest.GetProductByID_ShouldReturnBadRequest_WhenExceptionThrown
TpTrace Verbose: 0 : 10788, 7, 2024/07/17, 10:33:16.509, 18219850467206, vstest.console.dll, InProgress is ShoppingCartAPI.Test.Tests.ServicesTesting.OrderServiceTest.ViewAllOrders_ShouldReturnNullResult_WhenResultNotFound
TpTrace Verbose: 0 : 10788, 7, 2024/07/17, 10:33:16.509, 18219850467448, vstest.console.dll, InProgress is ShoppingCartAPI.Test.Tests.ServicesTesting.ProductServiceTests.GetProductByCategory_ShouldReturnProducts_WhenCategoryExists
TpTrace Verbose: 0 : 10788, 7, 2024/07/17, 10:33:16.509, 18219850467694, vstest.console.dll, InProgress is ShoppingCartAPI.Test.Tests.ServicesTesting.TokenServiceTests.GetUserIDClaim_ShouldThrowException_WhenClaimFormatIsInvalid
TpTrace Verbose: 0 : 10788, 7, 2024/07/17, 10:33:16.509, 18219850469894, vstest.console.dll, MulticastDelegateUtilities.SafeInvoke: TestRun.RunStatsChanged: Invoking callbacks was skipped because there are no subscribers.
TpTrace Information: 0 : 10788, 7, 2024/07/17, 10:33:16.509, 18219850470388, vstest.console.dll, TestRunRequest:SendTestRunStatsChange: Completed.
TpTrace Verbose: 0 : 10788, 7, 2024/07/17, 10:33:16.509, 18219850471452, vstest.console.dll, MulticastDelegateUtilities.SafeInvoke: LengthPrefixCommunicationChannel: MessageReceived: Invoking callback 1/1 for Microsoft.VisualStudio.TestPlatform.CommunicationUtilities.TestRequestSender+<>c__DisplayClass34_0., took 27 ms.
TpTrace Verbose: 0 : 10788, 7, 2024/07/17, 10:33:16.509, 18219850471904, vstest.console.dll, TcpClientExtensions.MessageLoopAsync: Polling on remoteEndPoint: 127.0.0.1:51706 localEndPoint: 127.0.0.1:51705 after 225 ms
TpTrace Verbose: 0 : 10788, 7, 2024/07/17, 10:33:16.509, 18219850472331, vstest.console.dll, TcpClientExtensions.MessageLoopAsync: NotifyDataAvailable remoteEndPoint: 127.0.0.1:51706 localEndPoint: 127.0.0.1:51705
TpTrace Verbose: 0 : 10788, 7, 2024/07/17, 10:33:16.509, 18219850474601, vstest.console.dll, TestRequestSender.OnExecutionMessageReceived: Received message: {"Version":7,"MessageType":"TestExecution.StatsChange","Payload":{"NewTestResults":[{"TestCase":{"Id":"48516416-7953-4078-b459-b97c73a16f67","FullyQualifiedName":"ShoppingCartAPI.Test.Tests.ServicesTesting.TokenServiceTests.GetUserIDClaim_ShouldThrowException_WhenClaimFormatIsInvalid","DisplayName":"ShoppingCartAPI.Test.Tests.ServicesTesting.TokenServiceTests.GetUserIDClaim_ShouldThrowException_WhenClaimFormatIsInvalid","ExecutorUri":"executor://xunit/VsTestRunner2/netcoreapp","Source":"C:\\Users\\Dilshan\\Desktop\\Shoping-Cart-API\\ShoppingCart-WebAPI\\ShoppingCartAPI.Test\\bin\\Debug\\net8.0\\fine-code-coverage\\build-output\\ShoppingCartAPI.Test.dll","CodeFilePath":null,"LineNumber":0,"Properties":[]},"Attachments":[],"Outcome":1,"ErrorMessage":null,"ErrorStackTrace":null,"DisplayName":"ShoppingCartAPI.Test.Tests.ServicesTesting.TokenServiceTests.GetUserIDClaim_ShouldThrowException_WhenClaimFormatIsInvalid","Messages":[],"ComputerName":"DILSHAN-MADURAN","Duration":"00:00:00.0022235","StartTime":"2024-07-17T05:03:16.4838339+00:00","EndTime":"2024-07-17T05:03:16.4838343+00:00","Properties":[]},{"TestCase":{"Id":"e635c8ea-71d5-fc93-69d1-385f7e08aa02","FullyQualifiedName":"ShoppingCartAPI.Test.Tests.ServicesTesting.TokenServiceTests.GetUserIDClaim_ShouldReturnUserID","DisplayName":"ShoppingCartAPI.Test.Tests.ServicesTesting.TokenServiceTests.GetUserIDClaim_ShouldReturnUserID","ExecutorUri":"executor://xunit/VsTestRunner2/netcoreapp","Source":"C:\\Users\\Dilshan\\Desktop\\Shoping-Cart-API\\ShoppingCart-WebAPI\\ShoppingCartAPI.Test\\bin\\Debug\\net8.0\\fine-code-coverage\\build-output\\ShoppingCartAPI.Test.dll","CodeFilePath":null,"LineNumber":0,"Properties":[]},"Attachments":[],"Outcome":1,"ErrorMessage":null,"ErrorStackTrace":null,"DisplayName":"ShoppingCartAPI.Test.Tests.ServicesTesting.TokenServiceTests.GetUserIDClaim_ShouldReturnUserID","Messages":[],"ComputerName":"DILSHAN-MADURAN","Duration":"00:00:00.0005295","StartTime":"2024-07-17T05:03:16.4873288+00:00","EndTime":"2024-07-17T05:03:16.487329+00:00","Properties":[]},{"TestCase":{"Id":"d6e3c674-afe5-0127-e4a1-2114ce494568","FullyQualifiedName":"ShoppingCartAPI.Test.Tests.Controllers.PaymentControllerTests.GetPaymentgHistory_ShouldReturnBadRequest_WhenExceptionThrown","DisplayName":"ShoppingCartAPI.Test.Tests.Controllers.PaymentControllerTests.GetPaymentgHistory_ShouldReturnBadRequest_WhenExceptionThrown","ExecutorUri":"executor://xunit/VsTestRunner2/netcoreapp","Source":"C:\\Users\\Dilshan\\Desktop\\Shoping-Cart-API\\ShoppingCart-WebAPI\\ShoppingCartAPI.Test\\bin\\Debug\\net8.0\\fine-code-coverage\\build-output\\ShoppingCartAPI.Test.dll","CodeFilePath":null,"LineNumber":0,"Properties":[]},"Attachments":[],"Outcome":1,"ErrorMessage":null,"ErrorStackTrace":null,"DisplayName":"ShoppingCartAPI.Test.Tests.Controllers.PaymentControllerTests.GetPaymentgHistory_ShouldReturnBadRequest_WhenExceptionThrown","Messages":[],"ComputerName":"DILSHAN-MADURAN","Duration":"00:00:00.0909176","StartTime":"2024-07-17T05:03:16.4907827+00:00","EndTime":"2024-07-17T05:03:16.4907831+00:00","Properties":[]},{"TestCase":{"Id":"bf5d61f3-104c-c01d-5f82-41711a04e9e0","FullyQualifiedName":"ShoppingCartAPI.Test.Tests.Controllers.OrderControllerTest.GetAllCartItems_ShouldReturnOkResult_WhenItemsRetrievedSuccessfully","DisplayName":"ShoppingCartAPI.Test.Tests.Controllers.OrderControllerTest.GetAllCartItems_ShouldReturnOkResult_WhenItemsRetrievedSuccessfully","ExecutorUri":"executor://xunit/VsTestRunner2/netcoreapp","Source":"C:\\Users\\Dilshan\\Desktop\\Shoping-Cart-API\\ShoppingCart-WebAPI\\ShoppingCartAPI.Test\\bin\\Debug\\net8.0\\fine-code-coverage\\build-output\\ShoppingCartAPI.Test.dll","CodeFilePath":null,"LineNumber":0,"Properties":[]},"Attachments":[],"Outcome":1,"ErrorMessage":null,"ErrorStackTrace":null,"DisplayName":"ShoppingCartAPI.Test.Tests.Controllers.OrderControllerTest.GetAllCartItems_ShouldReturnOkResult_WhenItemsRetrievedSuccessfully","Messages":[],"ComputerName":"DILSHAN-MADURAN","Duration":"00:00:00.0040796","StartTime":"2024-07-17T05:03:16.4941269+00:00","EndTime":"2024-07-17T05:03:16.4941272+00:00","Properties":[]},{"TestCase":{"Id":"68df61a9-ddcd-e5b0-55b0-5b4ef51c8eda","FullyQualifiedName":"ShoppingCartAPI.Test.Tests.Controllers.ProductControllerTest.GetProductByID_ShouldReturnBadRequest_WhenExceptionThrown","DisplayName":"ShoppingCartAPI.Test.Tests.Controllers.ProductControllerTest.GetProductByID_ShouldReturnBadRequest_WhenExceptionThrown","ExecutorUri":"executor://xunit/VsTestRunner2/netcoreapp","Source":"C:\\Users\\Dilshan\\Desktop\\Shoping-Cart-API\\ShoppingCart-WebAPI\\ShoppingCartAPI.Test\\bin\\Debug\\net8.0\\fine-code-coverage\\build-output\\ShoppingCartAPI.Test.dll","CodeFilePath":null,"LineNumber":0,"Properties":[]},"Attachments":[],"Outcome":1,"ErrorMessage":null,"ErrorStackTrace":null,"DisplayName":"ShoppingCartAPI.Test.Tests.Controllers.ProductControllerTest.GetProductByID_ShouldReturnBadRequest_WhenExceptionThrown","Messages":[],"ComputerName":"DILSHAN-MADURAN","Duration":"00:00:00.0949165","StartTime":"2024-07-17T05:03:16.497237+00:00","EndTime":"2024-07-17T05:03:16.4972375+00:00","Properties":[]},{"TestCase":{"Id":"1851bf49-3cc0-fb5e-6866-531df10d9607","FullyQualifiedName":"ShoppingCartAPI.Test.Tests.ServicesTesting.OrderServiceTest.ViewAllOrders_ShouldReturnNullResult_WhenResultNotFound","DisplayName":"ShoppingCartAPI.Test.Tests.ServicesTesting.OrderServiceTest.ViewAllOrders_ShouldReturnNullResult_WhenResultNotFound","ExecutorUri":"executor://xunit/VsTestRunner2/netcoreapp","Source":"C:\\Users\\Dilshan\\Desktop\\Shoping-Cart-API\\ShoppingCart-WebAPI\\ShoppingCartAPI.Test\\bin\\Debug\\net8.0\\fine-code-coverage\\build-output\\ShoppingCartAPI.Test.dll","CodeFilePath":null,"LineNumber":0,"Properties":[]},"Attachments":[],"Outcome":1,"ErrorMessage":null,"ErrorStackTrace":null,"DisplayName":"ShoppingCartAPI.Test.Tests.ServicesTesting.OrderServiceTest.ViewAllOrders_ShouldReturnNullResult_WhenResultNotFound","Messages":[],"ComputerName":"DILSHAN-MADURAN","Duration":"00:00:00.0950309","StartTime":"2024-07-17T05:03:16.5003527+00:00","EndTime":"2024-07-17T05:03:16.5003529+00:00","Properties":[]}],"TestRunStatistics":{"ExecutedTests":8,"Stats":{"Passed":8}},"ActiveTests":[{"Id":"8510ecdc-55dd-abf7-d0a2-3c3e59f71e04","FullyQualifiedName":"ShoppingCartAPI.Test.Tests.Controllers.PaymentControllerTests.Index_ShouldReturnBadRequest_WhenExceptionThrown","DisplayName":"ShoppingCartAPI.Test.Tests.Controllers.PaymentControllerTests.Index_ShouldReturnBadRequest_WhenExceptionThrown","ExecutorUri":"executor://xunit/VsTestRunner2/netcoreapp","Source":"C:\\Users\\Dilshan\\Desktop\\Shoping-Cart-API\\ShoppingCart-WebAPI\\ShoppingCartAPI.Test\\bin\\Debug\\net8.0\\fine-code-coverage\\build-output\\ShoppingCartAPI.Test.dll","CodeFilePath":null,"LineNumber":0,"Properties":[]},{"Id":"188bda1c-ed1c-2cc9-17bb-29aa9c7fe1df","FullyQualifiedName":"ShoppingCartAPI.Test.Tests.Controllers.OrderControllerTest.DeleteItem_ShouldReturnBadRequest_WhenExceptionThrown","DisplayName":"ShoppingCartAPI.Test.Tests.Controllers.OrderControllerTest.DeleteItem_ShouldReturnBadRequest_WhenExceptionThrown","ExecutorUri":"executor://xunit/VsTestRunner2/netcoreapp","Source":"C:\\Users\\Dilshan\\Desktop\\Shoping-Cart-API\\ShoppingCart-WebAPI\\ShoppingCartAPI.Test\\bin\\Debug\\net8.0\\fine-code-coverage\\build-output\\ShoppingCartAPI.Test.dll","CodeFilePath":null,"LineNumber":0,"Properties":[]},{"Id":"e1e1dd86-d0eb-d197-95e3-5151634265a9","FullyQualifiedName":"ShoppingCartAPI.Test.Tests.Controllers.ProductControllerTest.GetAllProducts_ShouldReturnNotFound_WhenExceptionThrown","DisplayName":"ShoppingCartAPI.Test.Tests.Controllers.ProductControllerTest.GetAllProducts_ShouldReturnNotFound_WhenExceptionThrown","ExecutorUri":"executor://xunit/VsTestRunner2/netcoreapp","Source":"C:\\Users\\Dilshan\\Desktop\\Shoping-Cart-API\\ShoppingCart-WebAPI\\ShoppingCartAPI.Test\\bin\\Debug\\net8.0\\fine-code-coverage\\build-output\\ShoppingCartAPI.Test.dll","CodeFilePath":null,"LineNumber":0,"Properties":[]},{"Id":"b8a8920b-2b44-7df0-b361-a5386542052c","FullyQualifiedName":"ShoppingCartAPI.Test.Tests.ServicesTesting.OrderServiceTest.ViewAllOrders_ShouldReturnOrders_WhenOrdersExist","DisplayName":"ShoppingCartAPI.Test.Tests.ServicesTesting.OrderServiceTest.ViewAllOrders_ShouldReturnOrders_WhenOrdersExist","ExecutorUri":"executor://xunit/VsTestRunner2/netcoreapp","Source":"C:\\Users\\Dilshan\\Desktop\\Shoping-Cart-API\\ShoppingCart-WebAPI\\ShoppingCartAPI.Test\\bin\\Debug\\net8.0\\fine-code-coverage\\build-output\\ShoppingCartAPI.Test.dll","CodeFilePath":null,"LineNumber":0,"Properties":[]}]}}
TpTrace Verbose: 0 : 10788, 7, 2024/07/17, 10:33:16.511, 18219850490896, vstest.console.dll, TestRunRequest:SendTestRunStatsChange: Starting.
TpTrace Verbose: 0 : 10788, 7, 2024/07/17, 10:33:16.511, 18219850491947, vstest.console.dll, InProgress is ShoppingCartAPI.Test.Tests.Controllers.PaymentControllerTests.Index_ShouldReturnBadRequest_WhenExceptionThrown
TpTrace Verbose: 0 : 10788, 7, 2024/07/17, 10:33:16.511, 18219850492229, vstest.console.dll, InProgress is ShoppingCartAPI.Test.Tests.Controllers.OrderControllerTest.DeleteItem_ShouldReturnBadRequest_WhenExceptionThrown
TpTrace Verbose: 0 : 10788, 7, 2024/07/17, 10:33:16.511, 18219850492443, vstest.console.dll, InProgress is ShoppingCartAPI.Test.Tests.Controllers.ProductControllerTest.GetAllProducts_ShouldReturnNotFound_WhenExceptionThrown
TpTrace Verbose: 0 : 10788, 7, 2024/07/17, 10:33:16.511, 18219850492674, vstest.console.dll, InProgress is ShoppingCartAPI.Test.Tests.ServicesTesting.OrderServiceTest.ViewAllOrders_ShouldReturnOrders_WhenOrdersExist
TpTrace Verbose: 0 : 10788, 7, 2024/07/17, 10:33:16.511, 18219850493415, vstest.console.dll, MulticastDelegateUtilities.SafeInvoke: TestRun.RunStatsChanged: Invoking callbacks was skipped because there are no subscribers.
TpTrace Information: 0 : 10788, 7, 2024/07/17, 10:33:16.511, 18219850493684, vstest.console.dll, TestRunRequest:SendTestRunStatsChange: Completed.
TpTrace Verbose: 0 : 10788, 7, 2024/07/17, 10:33:16.511, 18219850493973, vstest.console.dll, MulticastDelegateUtilities.SafeInvoke: LengthPrefixCommunicationChannel: MessageReceived: Invoking callback 1/1 for Microsoft.VisualStudio.TestPlatform.CommunicationUtilities.TestRequestSender+<>c__DisplayClass34_0., took 1 ms.
TpTrace Verbose: 0 : 10788, 7, 2024/07/17, 10:33:16.511, 18219850494350, vstest.console.dll, TcpClientExtensions.MessageLoopAsync: Polling on remoteEndPoint: 127.0.0.1:51706 localEndPoint: 127.0.0.1:51705 after 2 ms
TpTrace Verbose: 0 : 10788, 4, 2024/07/17, 10:33:16.518, 18219850560632, vstest.console.dll, MulticastDelegateUtilities.SafeInvoke: InternalTestLoggerEvents.SendTestResult: Invoking callback 1/1 for Microsoft.VisualStudio.TestPlatform.CommandLine.Internal.ConsoleLogger., took 4 ms.
TpTrace Verbose: 0 : 10788, 4, 2024/07/17, 10:33:16.518, 18219850565995, vstest.console.dll, MulticastDelegateUtilities.SafeInvoke: InternalTestLoggerEvents.SendTestResult: Invoking callback 1/1 for Microsoft.VisualStudio.TestPlatform.CommandLine.Internal.ConsoleLogger., took 0 ms.
TpTrace Verbose: 0 : 10788, 4, 2024/07/17, 10:33:16.519, 18219850567087, vstest.console.dll, MulticastDelegateUtilities.SafeInvoke: InternalTestLoggerEvents.SendTestResult: Invoking callback 1/1 for Microsoft.VisualStudio.TestPlatform.CommandLine.Internal.ConsoleLogger., took 0 ms.
TpTrace Verbose: 0 : 10788, 4, 2024/07/17, 10:33:16.519, 18219850567498, vstest.console.dll, MulticastDelegateUtilities.SafeInvoke: InternalTestLoggerEvents.SendTestResult: Invoking callback 1/1 for Microsoft.VisualStudio.TestPlatform.CommandLine.Internal.ConsoleLogger., took 0 ms.
TpTrace Verbose: 0 : 10788, 4, 2024/07/17, 10:33:16.519, 18219850567881, vstest.console.dll, MulticastDelegateUtilities.SafeInvoke: InternalTestLoggerEvents.SendTestResult: Invoking callback 1/1 for Microsoft.VisualStudio.TestPlatform.CommandLine.Internal.ConsoleLogger., took 0 ms.
TpTrace Verbose: 0 : 10788, 4, 2024/07/17, 10:33:16.519, 18219850568201, vstest.console.dll, MulticastDelegateUtilities.SafeInvoke: InternalTestLoggerEvents.SendTestResult: Invoking callback 1/1 for Microsoft.VisualStudio.TestPlatform.CommandLine.Internal.ConsoleLogger., took 0 ms.
TpTrace Verbose: 0 : 10788, 4, 2024/07/17, 10:33:16.519, 18219850568543, vstest.console.dll, MulticastDelegateUtilities.SafeInvoke: InternalTestLoggerEvents.SendTestResult: Invoking callback 1/1 for Microsoft.VisualStudio.TestPlatform.CommandLine.Internal.ConsoleLogger., took 0 ms.
TpTrace Verbose: 0 : 10788, 4, 2024/07/17, 10:33:16.519, 18219850568838, vstest.console.dll, MulticastDelegateUtilities.SafeInvoke: InternalTestLoggerEvents.SendTestResult: Invoking callback 1/1 for Microsoft.VisualStudio.TestPlatform.CommandLine.Internal.ConsoleLogger., took 0 ms.
TpTrace Verbose: 0 : 10788, 7, 2024/07/17, 10:33:16.530, 18219850677267, vstest.console.dll, TcpClientExtensions.MessageLoopAsync: NotifyDataAvailable remoteEndPoint: 127.0.0.1:51706 localEndPoint: 127.0.0.1:51705
TpTrace Verbose: 0 : 10788, 7, 2024/07/17, 10:33:16.530, 18219850680551, vstest.console.dll, TestRequestSender.OnExecutionMessageReceived: Received message: {"Version":7,"MessageType":"TestExecution.StatsChange","Payload":{"NewTestResults":[{"TestCase":{"Id":"188bda1c-ed1c-2cc9-17bb-29aa9c7fe1df","FullyQualifiedName":"ShoppingCartAPI.Test.Tests.Controllers.OrderControllerTest.DeleteItem_ShouldReturnBadRequest_WhenExceptionThrown","DisplayName":"ShoppingCartAPI.Test.Tests.Controllers.OrderControllerTest.DeleteItem_ShouldReturnBadRequest_WhenExceptionThrown","ExecutorUri":"executor://xunit/VsTestRunner2/netcoreapp","Source":"C:\\Users\\Dilshan\\Desktop\\Shoping-Cart-API\\ShoppingCart-WebAPI\\ShoppingCartAPI.Test\\bin\\Debug\\net8.0\\fine-code-coverage\\build-output\\ShoppingCartAPI.Test.dll","CodeFilePath":null,"LineNumber":0,"Properties":[]},"Attachments":[],"Outcome":1,"ErrorMessage":null,"ErrorStackTrace":null,"DisplayName":"ShoppingCartAPI.Test.Tests.Controllers.OrderControllerTest.DeleteItem_ShouldReturnBadRequest_WhenExceptionThrown","Messages":[],"ComputerName":"DILSHAN-MADURAN","Duration":"00:00:00.0033960","StartTime":"2024-07-17T05:03:16.5050961+00:00","EndTime":"2024-07-17T05:03:16.5050963+00:00","Properties":[]},{"TestCase":{"Id":"3fe6a758-d743-4bee-2c2a-9d886b2cdb6a","FullyQualifiedName":"ShoppingCartAPI.Test.Tests.Controllers.OrderControllerTest.GetAllCartItems_ShouldReturnBadRequest_WhenExceptionThrown","DisplayName":"ShoppingCartAPI.Test.Tests.Controllers.OrderControllerTest.GetAllCartItems_ShouldReturnBadRequest_WhenExceptionThrown","ExecutorUri":"executor://xunit/VsTestRunner2/netcoreapp","Source":"C:\\Users\\Dilshan\\Desktop\\Shoping-Cart-API\\ShoppingCart-WebAPI\\ShoppingCartAPI.Test\\bin\\Debug\\net8.0\\fine-code-coverage\\build-output\\ShoppingCartAPI.Test.dll","CodeFilePath":null,"LineNumber":0,"Properties":[]},"Attachments":[],"Outcome":1,"ErrorMessage":null,"ErrorStackTrace":null,"DisplayName":"ShoppingCartAPI.Test.Tests.Controllers.OrderControllerTest.GetAllCartItems_ShouldReturnBadRequest_WhenExceptionThrown","Messages":[],"ComputerName":"DILSHAN-MADURAN","Duration":"00:00:00.0012504","StartTime":"2024-07-17T05:03:16.5111738+00:00","EndTime":"2024-07-17T05:03:16.5111743+00:00","Properties":[]},{"TestCase":{"Id":"e1e1dd86-d0eb-d197-95e3-5151634265a9","FullyQualifiedName":"ShoppingCartAPI.Test.Tests.Controllers.ProductControllerTest.GetAllProducts_ShouldReturnNotFound_WhenExceptionThrown","DisplayName":"ShoppingCartAPI.Test.Tests.Controllers.ProductControllerTest.GetAllProducts_ShouldReturnNotFound_WhenExceptionThrown","ExecutorUri":"executor://xunit/VsTestRunner2/netcoreapp","Source":"C:\\Users\\Dilshan\\Desktop\\Shoping-Cart-API\\ShoppingCart-WebAPI\\ShoppingCartAPI.Test\\bin\\Debug\\net8.0\\fine-code-coverage\\build-output\\ShoppingCartAPI.Test.dll","CodeFilePath":null,"LineNumber":0,"Properties":[]},"Attachments":[],"Outcome":1,"ErrorMessage":null,"ErrorStackTrace":null,"DisplayName":"ShoppingCartAPI.Test.Tests.Controllers.ProductControllerTest.GetAllProducts_ShouldReturnNotFound_WhenExceptionThrown","Messages":[],"ComputerName":"DILSHAN-MADURAN","Duration":"00:00:00.0032036","StartTime":"2024-07-17T05:03:16.514217+00:00","EndTime":"2024-07-17T05:03:16.5142172+00:00","Properties":[]},{"TestCase":{"Id":"7b1a374d-e143-d6a6-a1de-7f51c3f55514","FullyQualifiedName":"ShoppingCartAPI.Test.Tests.Controllers.OrderControllerTest.UpdateCartItemQuantity_ShouldReturnBadRequest_WhenExceptionThrown","DisplayName":"ShoppingCartAPI.Test.Tests.Controllers.OrderControllerTest.UpdateCartItemQuantity_ShouldReturnBadRequest_WhenExceptionThrown","ExecutorUri":"executor://xunit/VsTestRunner2/netcoreapp","Source":"C:\\Users\\Dilshan\\Desktop\\Shoping-Cart-API\\ShoppingCart-WebAPI\\ShoppingCartAPI.Test\\bin\\Debug\\net8.0\\fine-code-coverage\\build-output\\ShoppingCartAPI.Test.dll","CodeFilePath":null,"LineNumber":0,"Properties":[]},"Attachments":[],"Outcome":1,"ErrorMessage":null,"ErrorStackTrace":null,"DisplayName":"ShoppingCartAPI.Test.Tests.Controllers.OrderControllerTest.UpdateCartItemQuantity_ShouldReturnBadRequest_WhenExceptionThrown","Messages":[],"ComputerName":"DILSHAN-MADURAN","Duration":"00:00:00.0029328","StartTime":"2024-07-17T05:03:16.5174402+00:00","EndTime":"2024-07-17T05:03:16.5174405+00:00","Properties":[]},{"TestCase":{"Id":"b8a8920b-2b44-7df0-b361-a5386542052c","FullyQualifiedName":"ShoppingCartAPI.Test.Tests.ServicesTesting.OrderServiceTest.ViewAllOrders_ShouldReturnOrders_WhenOrdersExist","DisplayName":"ShoppingCartAPI.Test.Tests.ServicesTesting.OrderServiceTest.ViewAllOrders_ShouldReturnOrders_WhenOrdersExist","ExecutorUri":"executor://xunit/VsTestRunner2/netcoreapp","Source":"C:\\Users\\Dilshan\\Desktop\\Shoping-Cart-API\\ShoppingCart-WebAPI\\ShoppingCartAPI.Test\\bin\\Debug\\net8.0\\fine-code-coverage\\build-output\\ShoppingCartAPI.Test.dll","CodeFilePath":null,"LineNumber":0,"Properties":[]},"Attachments":[],"Outcome":1,"ErrorMessage":null,"ErrorStackTrace":null,"DisplayName":"ShoppingCartAPI.Test.Tests.ServicesTesting.OrderServiceTest.ViewAllOrders_ShouldReturnOrders_WhenOrdersExist","Messages":[],"ComputerName":"DILSHAN-MADURAN","Duration":"00:00:00.0067853","StartTime":"2024-07-17T05:03:16.5208095+00:00","EndTime":"2024-07-17T05:03:16.5208097+00:00","Properties":[]},{"TestCase":{"Id":"2584a089-9ac1-abff-9127-d98ba62c13a5","FullyQualifiedName":"ShoppingCartAPI.Test.Tests.Controllers.ProductControllerTest.ViewCategory_ShouldReturnOkResult_WhenCategoriesRetrievedSuccessfully","DisplayName":"ShoppingCartAPI.Test.Tests.Controllers.ProductControllerTest.ViewCategory_ShouldReturnOkResult_WhenCategoriesRetrievedSuccessfully","ExecutorUri":"executor://xunit/VsTestRunner2/netcoreapp","Source":"C:\\Users\\Dilshan\\Desktop\\Shoping-Cart-API\\ShoppingCart-WebAPI\\ShoppingCartAPI.Test\\bin\\Debug\\net8.0\\fine-code-coverage\\build-output\\ShoppingCartAPI.Test.dll","CodeFilePath":null,"LineNumber":0,"Properties":[]},"Attachments":[],"Outcome":1,"ErrorMessage":null,"ErrorStackTrace":null,"DisplayName":"ShoppingCartAPI.Test.Tests.Controllers.ProductControllerTest.ViewCategory_ShouldReturnOkResult_WhenCategoriesRetrievedSuccessfully","Messages":[],"ComputerName":"DILSHAN-MADURAN","Duration":"00:00:00.0037498","StartTime":"2024-07-17T05:03:16.5225415+00:00","EndTime":"2024-07-17T05:03:16.5225418+00:00","Properties":[]},{"TestCase":{"Id":"80078cfc-2f58-b17e-1a45-1b013ea5d056","FullyQualifiedName":"ShoppingCartAPI.Test.Tests.ServicesTesting.ProductServiceTests.GetProductByCategory_ShouldReturnProducts_WhenCategoryExists","DisplayName":"ShoppingCartAPI.Test.Tests.ServicesTesting.ProductServiceTests.GetProductByCategory_ShouldReturnProducts_WhenCategoryExists","ExecutorUri":"executor://xunit/VsTestRunner2/netcoreapp","Source":"C:\\Users\\Dilshan\\Desktop\\Shoping-Cart-API\\ShoppingCart-WebAPI\\ShoppingCartAPI.Test\\bin\\Debug\\net8.0\\fine-code-coverage\\build-output\\ShoppingCartAPI.Test.dll","CodeFilePath":null,"LineNumber":0,"Properties":[]},"Attachments":[],"Outcome":1,"ErrorMessage":null,"ErrorStackTrace":null,"DisplayName":"ShoppingCartAPI.Test.Tests.ServicesTesting.ProductServiceTests.GetProductByCategory_ShouldReturnProducts_WhenCategoryExists","Messages":[],"ComputerName":"DILSHAN-MADURAN","Duration":"00:00:00.0226270","StartTime":"2024-07-17T05:03:16.5270702+00:00","EndTime":"2024-07-17T05:03:16.5270704+00:00","Properties":[]}],"TestRunStatistics":{"ExecutedTests":15,"Stats":{"Passed":15}},"ActiveTests":[{"Id":"95a630bc-efcf-1e1e-f2fe-12b31c439223","FullyQualifiedName":"ShoppingCartAPI.Test.Tests.Controllers.OrderControllerTest.AddToCart_ShouldReturnOkResult_WhenItemAddedSuccessfully","DisplayName":"ShoppingCartAPI.Test.Tests.Controllers.OrderControllerTest.AddToCart_ShouldReturnOkResult_WhenItemAddedSuccessfully","ExecutorUri":"executor://xunit/VsTestRunner2/netcoreapp","Source":"C:\\Users\\Dilshan\\Desktop\\Shoping-Cart-API\\ShoppingCart-WebAPI\\ShoppingCartAPI.Test\\bin\\Debug\\net8.0\\fine-code-coverage\\build-output\\ShoppingCartAPI.Test.dll","CodeFilePath":null,"LineNumber":0,"Properties":[]},{"Id":"fdc5662d-f21c-6e7f-0d49-b5de7256ae34","FullyQualifiedName":"ShoppingCartAPI.Test.Tests.ServicesTesting.OrderServiceTest.ViewCartItem_ShouldReturnCartItems_WhenCartItemsFound","DisplayName":"ShoppingCartAPI.Test.Tests.ServicesTesting.OrderServiceTest.ViewCartItem_ShouldReturnCartItems_WhenCartItemsFound","ExecutorUri":"executor://xunit/VsTestRunner2/netcoreapp","Source":"C:\\Users\\Dilshan\\Desktop\\Shoping-Cart-API\\ShoppingCart-WebAPI\\ShoppingCartAPI.Test\\bin\\Debug\\net8.0\\fine-code-coverage\\build-output\\ShoppingCartAPI.Test.dll","CodeFilePath":null,"LineNumber":0,"Properties":[]},{"Id":"b9543879-d22d-05b4-5d38-9e483673a1c1","FullyQualifiedName":"ShoppingCartAPI.Test.Tests.Controllers.ProductControllerTest.GetAllProducts_ShouldReturnOkResult_WhenProductsRetrievedSuccessfully","DisplayName":"ShoppingCartAPI.Test.Tests.Controllers.ProductControllerTest.GetAllProducts_ShouldReturnOkResult_WhenProductsRetrievedSuccessfully","ExecutorUri":"executor://xunit/VsTestRunner2/netcoreapp","Source":"C:\\Users\\Dilshan\\Desktop\\Shoping-Cart-API\\ShoppingCart-WebAPI\\ShoppingCartAPI.Test\\bin\\Debug\\net8.0\\fine-code-coverage\\build-output\\ShoppingCartAPI.Test.dll","CodeFilePath":null,"LineNumber":0,"Properties":[]}]}}
TpTrace Verbose: 0 : 10788, 7, 2024/07/17, 10:33:16.531, 18219850689895, vstest.console.dll, TestRunRequest:SendTestRunStatsChange: Starting.
TpTrace Verbose: 0 : 10788, 7, 2024/07/17, 10:33:16.531, 18219850690796, vstest.console.dll, InProgress is ShoppingCartAPI.Test.Tests.Controllers.OrderControllerTest.AddToCart_ShouldReturnOkResult_WhenItemAddedSuccessfully
TpTrace Verbose: 0 : 10788, 7, 2024/07/17, 10:33:16.531, 18219850691071, vstest.console.dll, InProgress is ShoppingCartAPI.Test.Tests.ServicesTesting.OrderServiceTest.ViewCartItem_ShouldReturnCartItems_WhenCartItemsFound
TpTrace Verbose: 0 : 10788, 7, 2024/07/17, 10:33:16.531, 18219850691302, vstest.console.dll, InProgress is ShoppingCartAPI.Test.Tests.Controllers.ProductControllerTest.GetAllProducts_ShouldReturnOkResult_WhenProductsRetrievedSuccessfully
TpTrace Verbose: 0 : 10788, 7, 2024/07/17, 10:33:16.531, 18219850691765, vstest.console.dll, MulticastDelegateUtilities.SafeInvoke: TestRun.RunStatsChanged: Invoking callbacks was skipped because there are no subscribers.
TpTrace Information: 0 : 10788, 7, 2024/07/17, 10:33:16.531, 18219850691988, vstest.console.dll, TestRunRequest:SendTestRunStatsChange: Completed.
TpTrace Verbose: 0 : 10788, 7, 2024/07/17, 10:33:16.531, 18219850692300, vstest.console.dll, MulticastDelegateUtilities.SafeInvoke: LengthPrefixCommunicationChannel: MessageReceived: Invoking callback 1/1 for Microsoft.VisualStudio.TestPlatform.CommunicationUtilities.TestRequestSender+<>c__DisplayClass34_0., took 1 ms.
TpTrace Verbose: 0 : 10788, 7, 2024/07/17, 10:33:16.531, 18219850692824, vstest.console.dll, TcpClientExtensions.MessageLoopAsync: Polling on remoteEndPoint: 127.0.0.1:51706 localEndPoint: 127.0.0.1:51705 after 19 ms
TpTrace Verbose: 0 : 10788, 4, 2024/07/17, 10:33:16.531, 18219850695576, vstest.console.dll, MulticastDelegateUtilities.SafeInvoke: InternalTestLoggerEvents.SendTestResult: Invoking callback 1/1 for Microsoft.VisualStudio.TestPlatform.CommandLine.Internal.ConsoleLogger., took 0 ms.
TpTrace Verbose: 0 : 10788, 4, 2024/07/17, 10:33:16.532, 18219850696401, vstest.console.dll, MulticastDelegateUtilities.SafeInvoke: InternalTestLoggerEvents.SendTestResult: Invoking callback 1/1 for Microsoft.VisualStudio.TestPlatform.CommandLine.Internal.ConsoleLogger., took 0 ms.
TpTrace Verbose: 0 : 10788, 4, 2024/07/17, 10:33:16.532, 18219850696835, vstest.console.dll, MulticastDelegateUtilities.SafeInvoke: InternalTestLoggerEvents.SendTestResult: Invoking callback 1/1 for Microsoft.VisualStudio.TestPlatform.CommandLine.Internal.ConsoleLogger., took 0 ms.
TpTrace Verbose: 0 : 10788, 4, 2024/07/17, 10:33:16.532, 18219850697262, vstest.console.dll, MulticastDelegateUtilities.SafeInvoke: InternalTestLoggerEvents.SendTestResult: Invoking callback 1/1 for Microsoft.VisualStudio.TestPlatform.CommandLine.Internal.ConsoleLogger., took 0 ms.
TpTrace Verbose: 0 : 10788, 4, 2024/07/17, 10:33:16.532, 18219850698132, vstest.console.dll, MulticastDelegateUtilities.SafeInvoke: InternalTestLoggerEvents.SendTestResult: Invoking callback 1/1 for Microsoft.VisualStudio.TestPlatform.CommandLine.Internal.ConsoleLogger., took 0 ms.
TpTrace Verbose: 0 : 10788, 4, 2024/07/17, 10:33:16.532, 18219850699095, vstest.console.dll, MulticastDelegateUtilities.SafeInvoke: InternalTestLoggerEvents.SendTestResult: Invoking callback 1/1 for Microsoft.VisualStudio.TestPlatform.CommandLine.Internal.ConsoleLogger., took 0 ms.
TpTrace Verbose: 0 : 10788, 4, 2024/07/17, 10:33:16.532, 18219850699652, vstest.console.dll, MulticastDelegateUtilities.SafeInvoke: InternalTestLoggerEvents.SendTestResult: Invoking callback 1/1 for Microsoft.VisualStudio.TestPlatform.CommandLine.Internal.ConsoleLogger., took 0 ms.
TpTrace Verbose: 0 : 10788, 7, 2024/07/17, 10:33:16.562, 18219851000737, vstest.console.dll, TcpClientExtensions.MessageLoopAsync: NotifyDataAvailable remoteEndPoint: 127.0.0.1:51706 localEndPoint: 127.0.0.1:51705
TpTrace Verbose: 0 : 10788, 7, 2024/07/17, 10:33:16.562, 18219851004373, vstest.console.dll, TestRequestSender.OnExecutionMessageReceived: Received message: {"Version":7,"MessageType":"TestExecution.StatsChange","Payload":{"NewTestResults":[{"TestCase":{"Id":"95a630bc-efcf-1e1e-f2fe-12b31c439223","FullyQualifiedName":"ShoppingCartAPI.Test.Tests.Controllers.OrderControllerTest.AddToCart_ShouldReturnOkResult_WhenItemAddedSuccessfully","DisplayName":"ShoppingCartAPI.Test.Tests.Controllers.OrderControllerTest.AddToCart_ShouldReturnOkResult_WhenItemAddedSuccessfully","ExecutorUri":"executor://xunit/VsTestRunner2/netcoreapp","Source":"C:\\Users\\Dilshan\\Desktop\\Shoping-Cart-API\\ShoppingCart-WebAPI\\ShoppingCartAPI.Test\\bin\\Debug\\net8.0\\fine-code-coverage\\build-output\\ShoppingCartAPI.Test.dll","CodeFilePath":null,"LineNumber":0,"Properties":[]},"Attachments":[],"Outcome":1,"ErrorMessage":null,"ErrorStackTrace":null,"DisplayName":"ShoppingCartAPI.Test.Tests.Controllers.OrderControllerTest.AddToCart_ShouldReturnOkResult_WhenItemAddedSuccessfully","Messages":[],"ComputerName":"DILSHAN-MADURAN","Duration":"00:00:00.0035810","StartTime":"2024-07-17T05:03:16.5317636+00:00","EndTime":"2024-07-17T05:03:16.5317639+00:00","Properties":[]},{"TestCase":{"Id":"ae2c1442-04c7-6d61-4aa9-960f9dd85906","FullyQualifiedName":"ShoppingCartAPI.Test.Tests.Controllers.OrderControllerTest.AddToCart_ShouldReturnBadRequest_WhenExceptionThrown","DisplayName":"ShoppingCartAPI.Test.Tests.Controllers.OrderControllerTest.AddToCart_ShouldReturnBadRequest_WhenExceptionThrown","ExecutorUri":"executor://xunit/VsTestRunner2/netcoreapp","Source":"C:\\Users\\Dilshan\\Desktop\\Shoping-Cart-API\\ShoppingCart-WebAPI\\ShoppingCartAPI.Test\\bin\\Debug\\net8.0\\fine-code-coverage\\build-output\\ShoppingCartAPI.Test.dll","CodeFilePath":null,"LineNumber":0,"Properties":[]},"Attachments":[],"Outcome":1,"ErrorMessage":null,"ErrorStackTrace":null,"DisplayName":"ShoppingCartAPI.Test.Tests.Controllers.OrderControllerTest.AddToCart_ShouldReturnBadRequest_WhenExceptionThrown","Messages":[],"ComputerName":"DILSHAN-MADURAN","Duration":"00:00:00.0012899","StartTime":"2024-07-17T05:03:16.5348979+00:00","EndTime":"2024-07-17T05:03:16.5348981+00:00","Properties":[]},{"TestCase":{"Id":"b9543879-d22d-05b4-5d38-9e483673a1c1","FullyQualifiedName":"ShoppingCartAPI.Test.Tests.Controllers.ProductControllerTest.GetAllProducts_ShouldReturnOkResult_WhenProductsRetrievedSuccessfully","DisplayName":"ShoppingCartAPI.Test.Tests.Controllers.ProductControllerTest.GetAllProducts_ShouldReturnOkResult_WhenProductsRetrievedSuccessfully","ExecutorUri":"executor://xunit/VsTestRunner2/netcoreapp","Source":"C:\\Users\\Dilshan\\Desktop\\Shoping-Cart-API\\ShoppingCart-WebAPI\\ShoppingCartAPI.Test\\bin\\Debug\\net8.0\\fine-code-coverage\\build-output\\ShoppingCartAPI.Test.dll","CodeFilePath":null,"LineNumber":0,"Properties":[]},"Attachments":[],"Outcome":1,"ErrorMessage":null,"ErrorStackTrace":null,"DisplayName":"ShoppingCartAPI.Test.Tests.Controllers.ProductControllerTest.GetAllProducts_ShouldReturnOkResult_WhenProductsRetrievedSuccessfully","Messages":[],"ComputerName":"DILSHAN-MADURAN","Duration":"00:00:00.0038419","StartTime":"2024-07-17T05:03:16.538312+00:00","EndTime":"2024-07-17T05:03:16.5383122+00:00","Properties":[]},{"TestCase":{"Id":"fe315977-bb4e-0ecd-af0f-8866dbbdad0d","FullyQualifiedName":"ShoppingCartAPI.Test.Tests.Controllers.OrderControllerTest.UpdateCartItemQuantity_ShouldReturnOkResult_WhenQuantityUpdatedSuccessfully","DisplayName":"ShoppingCartAPI.Test.Tests.Controllers.OrderControllerTest.UpdateCartItemQuantity_ShouldReturnOkResult_WhenQuantityUpdatedSuccessfully","ExecutorUri":"executor://xunit/VsTestRunner2/netcoreapp","Source":"C:\\Users\\Dilshan\\Desktop\\Shoping-Cart-API\\ShoppingCart-WebAPI\\ShoppingCartAPI.Test\\bin\\Debug\\net8.0\\fine-code-coverage\\build-output\\ShoppingCartAPI.Test.dll","CodeFilePath":null,"LineNumber":0,"Properties":[]},"Attachments":[],"Outcome":1,"ErrorMessage":null,"ErrorStackTrace":null,"DisplayName":"ShoppingCartAPI.Test.Tests.Controllers.OrderControllerTest.UpdateCartItemQuantity_ShouldReturnOkResult_WhenQuantityUpdatedSuccessfully","Messages":[],"ComputerName":"DILSHAN-MADURAN","Duration":"00:00:00.0020324","StartTime":"2024-07-17T05:03:16.5414471+00:00","EndTime":"2024-07-17T05:03:16.5414474+00:00","Properties":[]},{"TestCase":{"Id":"2fa6b014-02ad-e424-0039-bbb515d32838","FullyQualifiedName":"ShoppingCartAPI.Test.Tests.Controllers.ProductControllerTest.GetProductByID_ShouldReturnOkResult_WhenProductRetrievedSuccessfully","DisplayName":"ShoppingCartAPI.Test.Tests.Controllers.ProductControllerTest.GetProductByID_ShouldReturnOkResult_WhenProductRetrievedSuccessfully","ExecutorUri":"executor://xunit/VsTestRunner2/netcoreapp","Source":"C:\\Users\\Dilshan\\Desktop\\Shoping-Cart-API\\ShoppingCart-WebAPI\\ShoppingCartAPI.Test\\bin\\Debug\\net8.0\\fine-code-coverage\\build-output\\ShoppingCartAPI.Test.dll","CodeFilePath":null,"LineNumber":0,"Properties":[]},"Attachments":[],"Outcome":1,"ErrorMessage":null,"ErrorStackTrace":null,"DisplayName":"ShoppingCartAPI.Test.Tests.Controllers.ProductControllerTest.GetProductByID_ShouldReturnOkResult_WhenProductRetrievedSuccessfully","Messages":[],"ComputerName":"DILSHAN-MADURAN","Duration":"00:00:00.0014498","StartTime":"2024-07-17T05:03:16.5512996+00:00","EndTime":"2024-07-17T05:03:16.5512998+00:00","Properties":[]},{"TestCase":{"Id":"d7d2c21e-ffa2-2d9e-3701-b1e32a5911ec","FullyQualifiedName":"ShoppingCartAPI.Test.Tests.Controllers.ProductControllerTest.GetByCategory_ShouldReturnOkResult_WhenProductsRetrievedSuccessfully","DisplayName":"ShoppingCartAPI.Test.Tests.Controllers.ProductControllerTest.GetByCategory_ShouldReturnOkResult_WhenProductsRetrievedSuccessfully","ExecutorUri":"executor://xunit/VsTestRunner2/netcoreapp","Source":"C:\\Users\\Dilshan\\Desktop\\Shoping-Cart-API\\ShoppingCart-WebAPI\\ShoppingCartAPI.Test\\bin\\Debug\\net8.0\\fine-code-coverage\\build-output\\ShoppingCartAPI.Test.dll","CodeFilePath":null,"LineNumber":0,"Properties":[]},"Attachments":[],"Outcome":1,"ErrorMessage":null,"ErrorStackTrace":null,"DisplayName":"ShoppingCartAPI.Test.Tests.Controllers.ProductControllerTest.GetByCategory_ShouldReturnOkResult_WhenProductsRetrievedSuccessfully","Messages":[],"ComputerName":"DILSHAN-MADURAN","Duration":"00:00:00.0047782","StartTime":"2024-07-17T05:03:16.5567298+00:00","EndTime":"2024-07-17T05:03:16.5567302+00:00","Properties":[]},{"TestCase":{"Id":"c6072ec7-980a-7480-1d3a-a7f078d37947","FullyQualifiedName":"ShoppingCartAPI.Test.Tests.Controllers.ProductControllerTest.GetByCategory_ShouldReturnBadRequest_WhenExceptionThrown","DisplayName":"ShoppingCartAPI.Test.Tests.Controllers.ProductControllerTest.GetByCategory_ShouldReturnBadRequest_WhenExceptionThrown","ExecutorUri":"executor://xunit/VsTestRunner2/netcoreapp","Source":"C:\\Users\\Dilshan\\Desktop\\Shoping-Cart-API\\ShoppingCart-WebAPI\\ShoppingCartAPI.Test\\bin\\Debug\\net8.0\\fine-code-coverage\\build-output\\ShoppingCartAPI.Test.dll","CodeFilePath":null,"LineNumber":0,"Properties":[]},"Attachments":[],"Outcome":1,"ErrorMessage":null,"ErrorStackTrace":null,"DisplayName":"ShoppingCartAPI.Test.Tests.Controllers.ProductControllerTest.GetByCategory_ShouldReturnBadRequest_WhenExceptionThrown","Messages":[],"ComputerName":"DILSHAN-MADURAN","Duration":"00:00:00.0116325","StartTime":"2024-07-17T05:03:16.5599846+00:00","EndTime":"2024-07-17T05:03:16.5599848+00:00","Properties":[]}],"TestRunStatistics":{"ExecutedTests":22,"Stats":{"Passed":22}},"ActiveTests":[{"Id":"a1d7fe11-f406-3cf1-fabd-ac75ed6b5070","FullyQualifiedName":"ShoppingCartAPI.Test.Tests.ServicesTesting.ProductServiceTests.ViewAllProductCategory_ReturnsCategoryList","DisplayName":"ShoppingCartAPI.Test.Tests.ServicesTesting.ProductServiceTests.ViewAllProductCategory_ReturnsCategoryList","ExecutorUri":"executor://xunit/VsTestRunner2/netcoreapp","Source":"C:\\Users\\Dilshan\\Desktop\\Shoping-Cart-API\\ShoppingCart-WebAPI\\ShoppingCartAPI.Test\\bin\\Debug\\net8.0\\fine-code-coverage\\build-output\\ShoppingCartAPI.Test.dll","CodeFilePath":null,"LineNumber":0,"Properties":[]},{"Id":"c8b20a78-8495-f9b6-a428-29d117ddce15","FullyQualifiedName":"ShoppingCartAPI.Test.Tests.Controllers.UsersControllerTests.UserSignup_ShouldReturnStatusCode500_WhenExceptionThrown","DisplayName":"ShoppingCartAPI.Test.Tests.Controllers.UsersControllerTests.UserSignup_ShouldReturnStatusCode500_WhenExceptionThrown","ExecutorUri":"executor://xunit/VsTestRunner2/netcoreapp","Source":"C:\\Users\\Dilshan\\Desktop\\Shoping-Cart-API\\ShoppingCart-WebAPI\\ShoppingCartAPI.Test\\bin\\Debug\\net8.0\\fine-code-coverage\\build-output\\ShoppingCartAPI.Test.dll","CodeFilePath":null,"LineNumber":0,"Properties":[]},{"Id":"a08baf22-a62d-3a75-1ece-2af7e1df1e36","FullyQualifiedName":"ShoppingCartAPI.Test.Tests.Controllers.ProductControllerTest.ViewCategory_ShouldReturnNotFound_WhenExceptionThrown","DisplayName":"ShoppingCartAPI.Test.Tests.Controllers.ProductControllerTest.ViewCategory_ShouldReturnNotFound_WhenExceptionThrown","ExecutorUri":"executor://xunit/VsTestRunner2/netcoreapp","Source":"C:\\Users\\Dilshan\\Desktop\\Shoping-Cart-API\\ShoppingCart-WebAPI\\ShoppingCartAPI.Test\\bin\\Debug\\net8.0\\fine-code-coverage\\build-output\\ShoppingCartAPI.Test.dll","CodeFilePath":null,"LineNumber":0,"Properties":[]}]}}
TpTrace Verbose: 0 : 10788, 7, 2024/07/17, 10:33:16.563, 18219851013136, vstest.console.dll, TestRunRequest:SendTestRunStatsChange: Starting.
TpTrace Verbose: 0 : 10788, 7, 2024/07/17, 10:33:16.563, 18219851013990, vstest.console.dll, InProgress is ShoppingCartAPI.Test.Tests.ServicesTesting.ProductServiceTests.ViewAllProductCategory_ReturnsCategoryList
TpTrace Verbose: 0 : 10788, 7, 2024/07/17, 10:33:16.563, 18219851014297, vstest.console.dll, InProgress is ShoppingCartAPI.Test.Tests.Controllers.UsersControllerTests.UserSignup_ShouldReturnStatusCode500_WhenExceptionThrown
TpTrace Verbose: 0 : 10788, 7, 2024/07/17, 10:33:16.563, 18219851014525, vstest.console.dll, InProgress is ShoppingCartAPI.Test.Tests.Controllers.ProductControllerTest.ViewCategory_ShouldReturnNotFound_WhenExceptionThrown
TpTrace Verbose: 0 : 10788, 7, 2024/07/17, 10:33:16.563, 18219851015299, vstest.console.dll, MulticastDelegateUtilities.SafeInvoke: TestRun.RunStatsChanged: Invoking callbacks was skipped because there are no subscribers.
TpTrace Information: 0 : 10788, 7, 2024/07/17, 10:33:16.563, 18219851015609, vstest.console.dll, TestRunRequest:SendTestRunStatsChange: Completed.
TpTrace Verbose: 0 : 10788, 7, 2024/07/17, 10:33:16.563, 18219851015910, vstest.console.dll, MulticastDelegateUtilities.SafeInvoke: LengthPrefixCommunicationChannel: MessageReceived: Invoking callback 1/1 for Microsoft.VisualStudio.TestPlatform.CommunicationUtilities.TestRequestSender+<>c__DisplayClass34_0., took 1 ms.
TpTrace Verbose: 0 : 10788, 7, 2024/07/17, 10:33:16.563, 18219851016205, vstest.console.dll, TcpClientExtensions.MessageLoopAsync: Polling on remoteEndPoint: 127.0.0.1:51706 localEndPoint: 127.0.0.1:51705 after 32 ms
TpTrace Verbose: 0 : 10788, 4, 2024/07/17, 10:33:16.563, 18219851016168, vstest.console.dll, MulticastDelegateUtilities.SafeInvoke: InternalTestLoggerEvents.SendTestResult: Invoking callback 1/1 for Microsoft.VisualStudio.TestPlatform.CommandLine.Internal.ConsoleLogger., took 0 ms.
TpTrace Verbose: 0 : 10788, 4, 2024/07/17, 10:33:16.564, 18219851017212, vstest.console.dll, MulticastDelegateUtilities.SafeInvoke: InternalTestLoggerEvents.SendTestResult: Invoking callback 1/1 for Microsoft.VisualStudio.TestPlatform.CommandLine.Internal.ConsoleLogger., took 0 ms.
TpTrace Verbose: 0 : 10788, 4, 2024/07/17, 10:33:16.564, 18219851017563, vstest.console.dll, MulticastDelegateUtilities.SafeInvoke: InternalTestLoggerEvents.SendTestResult: Invoking callback 1/1 for Microsoft.VisualStudio.TestPlatform.CommandLine.Internal.ConsoleLogger., took 0 ms.
TpTrace Verbose: 0 : 10788, 4, 2024/07/17, 10:33:16.564, 18219851017896, vstest.console.dll, MulticastDelegateUtilities.SafeInvoke: InternalTestLoggerEvents.SendTestResult: Invoking callback 1/1 for Microsoft.VisualStudio.TestPlatform.CommandLine.Internal.ConsoleLogger., took 0 ms.
TpTrace Verbose: 0 : 10788, 4, 2024/07/17, 10:33:16.565, 18219851030876, vstest.console.dll, MulticastDelegateUtilities.SafeInvoke: InternalTestLoggerEvents.SendTestResult: Invoking callback 1/1 for Microsoft.VisualStudio.TestPlatform.CommandLine.Internal.ConsoleLogger., took 1 ms.
TpTrace Verbose: 0 : 10788, 4, 2024/07/17, 10:33:16.565, 18219851032640, vstest.console.dll, MulticastDelegateUtilities.SafeInvoke: InternalTestLoggerEvents.SendTestResult: Invoking callback 1/1 for Microsoft.VisualStudio.TestPlatform.CommandLine.Internal.ConsoleLogger., took 0 ms.
TpTrace Verbose: 0 : 10788, 4, 2024/07/17, 10:33:16.565, 18219851033104, vstest.console.dll, MulticastDelegateUtilities.SafeInvoke: InternalTestLoggerEvents.SendTestResult: Invoking callback 1/1 for Microsoft.VisualStudio.TestPlatform.CommandLine.Internal.ConsoleLogger., took 0 ms.
TpTrace Verbose: 0 : 10788, 7, 2024/07/17, 10:33:16.578, 18219851165563, vstest.console.dll, TcpClientExtensions.MessageLoopAsync: NotifyDataAvailable remoteEndPoint: 127.0.0.1:51706 localEndPoint: 127.0.0.1:51705
TpTrace Verbose: 0 : 10788, 7, 2024/07/17, 10:33:16.579, 18219851168546, vstest.console.dll, TestRequestSender.OnExecutionMessageReceived: Received message: {"Version":7,"MessageType":"TestExecution.StatsChange","Payload":{"NewTestResults":[{"TestCase":{"Id":"a08baf22-a62d-3a75-1ece-2af7e1df1e36","FullyQualifiedName":"ShoppingCartAPI.Test.Tests.Controllers.ProductControllerTest.ViewCategory_ShouldReturnNotFound_WhenExceptionThrown","DisplayName":"ShoppingCartAPI.Test.Tests.Controllers.ProductControllerTest.ViewCategory_ShouldReturnNotFound_WhenExceptionThrown","ExecutorUri":"executor://xunit/VsTestRunner2/netcoreapp","Source":"C:\\Users\\Dilshan\\Desktop\\Shoping-Cart-API\\ShoppingCart-WebAPI\\ShoppingCartAPI.Test\\bin\\Debug\\net8.0\\fine-code-coverage\\build-output\\ShoppingCartAPI.Test.dll","CodeFilePath":null,"LineNumber":0,"Properties":[]},"Attachments":[],"Outcome":1,"ErrorMessage":null,"ErrorStackTrace":null,"DisplayName":"ShoppingCartAPI.Test.Tests.Controllers.ProductControllerTest.ViewCategory_ShouldReturnNotFound_WhenExceptionThrown","Messages":[],"ComputerName":"DILSHAN-MADURAN","Duration":"00:00:00.0011037","StartTime":"2024-07-17T05:03:16.5639828+00:00","EndTime":"2024-07-17T05:03:16.563983+00:00","Properties":[]},{"TestCase":{"Id":"a1d7fe11-f406-3cf1-fabd-ac75ed6b5070","FullyQualifiedName":"ShoppingCartAPI.Test.Tests.ServicesTesting.ProductServiceTests.ViewAllProductCategory_ReturnsCategoryList","DisplayName":"ShoppingCartAPI.Test.Tests.ServicesTesting.ProductServiceTests.ViewAllProductCategory_ReturnsCategoryList","ExecutorUri":"executor://xunit/VsTestRunner2/netcoreapp","Source":"C:\\Users\\Dilshan\\Desktop\\Shoping-Cart-API\\ShoppingCart-WebAPI\\ShoppingCartAPI.Test\\bin\\Debug\\net8.0\\fine-code-coverage\\build-output\\ShoppingCartAPI.Test.dll","CodeFilePath":null,"LineNumber":0,"Properties":[]},"Attachments":[],"Outcome":1,"ErrorMessage":null,"ErrorStackTrace":null,"DisplayName":"ShoppingCartAPI.Test.Tests.ServicesTesting.ProductServiceTests.ViewAllProductCategory_ReturnsCategoryList","Messages":[],"ComputerName":"DILSHAN-MADURAN","Duration":"00:00:00.0365749","StartTime":"2024-07-17T05:03:16.567204+00:00","EndTime":"2024-07-17T05:03:16.5672043+00:00","Properties":[]},{"TestCase":{"Id":"bb63d817-583a-8a35-62dd-7b8a0639cbaa","FullyQualifiedName":"ShoppingCartAPI.Test.Tests.ServicesTesting.StripeServiceTest.PaymentHistoryProducts_ShouldReturnProducts","DisplayName":"ShoppingCartAPI.Test.Tests.ServicesTesting.StripeServiceTest.PaymentHistoryProducts_ShouldReturnProducts","ExecutorUri":"executor://xunit/VsTestRunner2/netcoreapp","Source":"C:\\Users\\Dilshan\\Desktop\\Shoping-Cart-API\\ShoppingCart-WebAPI\\ShoppingCartAPI.Test\\bin\\Debug\\net8.0\\fine-code-coverage\\build-output\\ShoppingCartAPI.Test.dll","CodeFilePath":null,"LineNumber":0,"Properties":[]},"Attachments":[],"Outcome":1,"ErrorMessage":null,"ErrorStackTrace":null,"DisplayName":"ShoppingCartAPI.Test.Tests.ServicesTesting.StripeServiceTest.PaymentHistoryProducts_ShouldReturnProducts","Messages":[],"ComputerName":"DILSHAN-MADURAN","Duration":"00:00:00.1528534","StartTime":"2024-07-17T05:03:16.5700441+00:00","EndTime":"2024-07-17T05:03:16.5700442+00:00","Properties":[]},{"TestCase":{"Id":"8510ecdc-55dd-abf7-d0a2-3c3e59f71e04","FullyQualifiedName":"ShoppingCartAPI.Test.Tests.Controllers.PaymentControllerTests.Index_ShouldReturnBadRequest_WhenExceptionThrown","DisplayName":"ShoppingCartAPI.Test.Tests.Controllers.PaymentControllerTests.Index_ShouldReturnBadRequest_WhenExceptionThrown","ExecutorUri":"executor://xunit/VsTestRunner2/netcoreapp","Source":"C:\\Users\\Dilshan\\Desktop\\Shoping-Cart-API\\ShoppingCart-WebAPI\\ShoppingCartAPI.Test\\bin\\Debug\\net8.0\\fine-code-coverage\\build-output\\ShoppingCartAPI.Test.dll","CodeFilePath":null,"LineNumber":0,"Properties":[]},"Attachments":[],"Outcome":1,"ErrorMessage":null,"ErrorStackTrace":null,"DisplayName":"ShoppingCartAPI.Test.Tests.Controllers.PaymentControllerTests.Index_ShouldReturnBadRequest_WhenExceptionThrown","Messages":[],"ComputerName":"DILSHAN-MADURAN","Duration":"00:00:00.0619891","StartTime":"2024-07-17T05:03:16.5733831+00:00","EndTime":"2024-07-17T05:03:16.5733834+00:00","Properties":[]},{"TestCase":{"Id":"c8b20a78-8495-f9b6-a428-29d117ddce15","FullyQualifiedName":"ShoppingCartAPI.Test.Tests.Controllers.UsersControllerTests.UserSignup_ShouldReturnStatusCode500_WhenExceptionThrown","DisplayName":"ShoppingCartAPI.Test.Tests.Controllers.UsersControllerTests.UserSignup_ShouldReturnStatusCode500_WhenExceptionThrown","ExecutorUri":"executor://xunit/VsTestRunner2/netcoreapp","Source":"C:\\Users\\Dilshan\\Desktop\\Shoping-Cart-API\\ShoppingCart-WebAPI\\ShoppingCartAPI.Test\\bin\\Debug\\net8.0\\fine-code-coverage\\build-output\\ShoppingCartAPI.Test.dll","CodeFilePath":null,"LineNumber":0,"Properties":[]},"Attachments":[],"Outcome":1,"ErrorMessage":null,"ErrorStackTrace":null,"DisplayName":"ShoppingCartAPI.Test.Tests.Controllers.UsersControllerTests.UserSignup_ShouldReturnStatusCode500_WhenExceptionThrown","Messages":[],"ComputerName":"DILSHAN-MADURAN","Duration":"00:00:00.0442645","StartTime":"2024-07-17T05:03:16.5764716+00:00","EndTime":"2024-07-17T05:03:16.5764717+00:00","Properties":[]}],"TestRunStatistics":{"ExecutedTests":27,"Stats":{"Passed":27}},"ActiveTests":[{"Id":"33d9c3f5-6123-a874-0aab-1b063394194c","FullyQualifiedName":"ShoppingCartAPI.Test.Tests.ServicesTesting.UpdateTimeStampServiceTests.UpdateDateTime_UpdatesCartItemsAndSavesChanges","DisplayName":"ShoppingCartAPI.Test.Tests.ServicesTesting.UpdateTimeStampServiceTests.UpdateDateTime_UpdatesCartItemsAndSavesChanges","ExecutorUri":"executor://xunit/VsTestRunner2/netcoreapp","Source":"C:\\Users\\Dilshan\\Desktop\\Shoping-Cart-API\\ShoppingCart-WebAPI\\ShoppingCartAPI.Test\\bin\\Debug\\net8.0\\fine-code-coverage\\build-output\\ShoppingCartAPI.Test.dll","CodeFilePath":null,"LineNumber":0,"Properties":[]},{"Id":"af8f711b-ead2-532b-3f55-d432a30f97c7","FullyQualifiedName":"ShoppingCartAPI.Test.Tests.ServicesTesting.ProductServiceTests.GetProductByCategory_ShouldReturnProducts_WhenProductsExist","DisplayName":"ShoppingCartAPI.Test.Tests.ServicesTesting.ProductServiceTests.GetProductByCategory_ShouldReturnProducts_WhenProductsExist","ExecutorUri":"executor://xunit/VsTestRunner2/netcoreapp","Source":"C:\\Users\\Dilshan\\Desktop\\Shoping-Cart-API\\ShoppingCart-WebAPI\\ShoppingCartAPI.Test\\bin\\Debug\\net8.0\\fine-code-coverage\\build-output\\ShoppingCartAPI.Test.dll","CodeFilePath":null,"LineNumber":0,"Properties":[]},{"Id":"ab1a974f-075b-de67-a29a-68deadcc78a9","FullyQualifiedName":"ShoppingCartAPI.Test.Tests.ServicesTesting.StripeServiceTest.CreateCustomer_ShouldReturnCustomer","DisplayName":"ShoppingCartAPI.Test.Tests.ServicesTesting.StripeServiceTest.CreateCustomer_ShouldReturnCustomer","ExecutorUri":"executor://xunit/VsTestRunner2/netcoreapp","Source":"C:\\Users\\Dilshan\\Desktop\\Shoping-Cart-API\\ShoppingCart-WebAPI\\ShoppingCartAPI.Test\\bin\\Debug\\net8.0\\fine-code-coverage\\build-output\\ShoppingCartAPI.Test.dll","CodeFilePath":null,"LineNumber":0,"Properties":[]},{"Id":"ce32318c-ce9d-7e8e-5e1e-6a20496da916","FullyQualifiedName":"ShoppingCartAPI.Test.Tests.Controllers.PaymentControllerTests.CheckoutSession_ShouldReturnOk_WhenCheckoutInitiatedSuccessfully","DisplayName":"ShoppingCartAPI.Test.Tests.Controllers.PaymentControllerTests.CheckoutSession_ShouldReturnOk_WhenCheckoutInitiatedSuccessfully","ExecutorUri":"executor://xunit/VsTestRunner2/netcoreapp","Source":"C:\\Users\\Dilshan\\Desktop\\Shoping-Cart-API\\ShoppingCart-WebAPI\\ShoppingCartAPI.Test\\bin\\Debug\\net8.0\\fine-code-coverage\\build-output\\ShoppingCartAPI.Test.dll","CodeFilePath":null,"LineNumber":0,"Properties":[]},{"Id":"803ed8e2-2353-3b94-c739-382c3bc28f61","FullyQualifiedName":"ShoppingCartAPI.Test.Tests.Controllers.UsersControllerTests.UserLogin_ShouldReturnOkResult_WhenLoginSuccessful","DisplayName":"ShoppingCartAPI.Test.Tests.Controllers.UsersControllerTests.UserLogin_ShouldReturnOkResult_WhenLoginSuccessful","ExecutorUri":"executor://xunit/VsTestRunner2/netcoreapp","Source":"C:\\Users\\Dilshan\\Desktop\\Shoping-Cart-API\\ShoppingCart-WebAPI\\ShoppingCartAPI.Test\\bin\\Debug\\net8.0\\fine-code-coverage\\build-output\\ShoppingCartAPI.Test.dll","CodeFilePath":null,"LineNumber":0,"Properties":[]}]}}
TpTrace Verbose: 0 : 10788, 7, 2024/07/17, 10:33:16.580, 18219851176396, vstest.console.dll, TestRunRequest:SendTestRunStatsChange: Starting.
TpTrace Verbose: 0 : 10788, 7, 2024/07/17, 10:33:16.580, 18219851177221, vstest.console.dll, InProgress is ShoppingCartAPI.Test.Tests.ServicesTesting.UpdateTimeStampServiceTests.UpdateDateTime_UpdatesCartItemsAndSavesChanges
TpTrace Verbose: 0 : 10788, 7, 2024/07/17, 10:33:16.580, 18219851177587, vstest.console.dll, InProgress is ShoppingCartAPI.Test.Tests.ServicesTesting.ProductServiceTests.GetProductByCategory_ShouldReturnProducts_WhenProductsExist
TpTrace Verbose: 0 : 10788, 7, 2024/07/17, 10:33:16.580, 18219851177843, vstest.console.dll, InProgress is ShoppingCartAPI.Test.Tests.ServicesTesting.StripeServiceTest.CreateCustomer_ShouldReturnCustomer
TpTrace Verbose: 0 : 10788, 7, 2024/07/17, 10:33:16.580, 18219851178074, vstest.console.dll, InProgress is ShoppingCartAPI.Test.Tests.Controllers.PaymentControllerTests.CheckoutSession_ShouldReturnOk_WhenCheckoutInitiatedSuccessfully
TpTrace Verbose: 0 : 10788, 7, 2024/07/17, 10:33:16.580, 18219851178282, vstest.console.dll, InProgress is ShoppingCartAPI.Test.Tests.Controllers.UsersControllerTests.UserLogin_ShouldReturnOkResult_WhenLoginSuccessful
TpTrace Verbose: 0 : 10788, 7, 2024/07/17, 10:33:16.580, 18219851178867, vstest.console.dll, MulticastDelegateUtilities.SafeInvoke: TestRun.RunStatsChanged: Invoking callbacks was skipped because there are no subscribers.
TpTrace Information: 0 : 10788, 7, 2024/07/17, 10:33:16.580, 18219851179575, vstest.console.dll, TestRunRequest:SendTestRunStatsChange: Completed.
TpTrace Verbose: 0 : 10788, 7, 2024/07/17, 10:33:16.580, 18219851179915, vstest.console.dll, MulticastDelegateUtilities.SafeInvoke: LengthPrefixCommunicationChannel: MessageReceived: Invoking callback 1/1 for Microsoft.VisualStudio.TestPlatform.CommunicationUtilities.TestRequestSender+<>c__DisplayClass34_0., took 1 ms.
TpTrace Verbose: 0 : 10788, 4, 2024/07/17, 10:33:16.580, 18219851179968, vstest.console.dll, MulticastDelegateUtilities.SafeInvoke: InternalTestLoggerEvents.SendTestResult: Invoking callback 1/1 for Microsoft.VisualStudio.TestPlatform.CommandLine.Internal.ConsoleLogger., took 0 ms.
TpTrace Verbose: 0 : 10788, 7, 2024/07/17, 10:33:16.580, 18219851180864, vstest.console.dll, TcpClientExtensions.MessageLoopAsync: Polling on remoteEndPoint: 127.0.0.1:51706 localEndPoint: 127.0.0.1:51705 after 16 ms
TpTrace Verbose: 0 : 10788, 4, 2024/07/17, 10:33:16.580, 18219851181128, vstest.console.dll, MulticastDelegateUtilities.SafeInvoke: InternalTestLoggerEvents.SendTestResult: Invoking callback 1/1 for Microsoft.VisualStudio.TestPlatform.CommandLine.Internal.ConsoleLogger., took 0 ms.
TpTrace Verbose: 0 : 10788, 4, 2024/07/17, 10:33:16.580, 18219851181673, vstest.console.dll, MulticastDelegateUtilities.SafeInvoke: InternalTestLoggerEvents.SendTestResult: Invoking callback 1/1 for Microsoft.VisualStudio.TestPlatform.CommandLine.Internal.ConsoleLogger., took 0 ms.
TpTrace Verbose: 0 : 10788, 4, 2024/07/17, 10:33:16.580, 18219851182185, vstest.console.dll, MulticastDelegateUtilities.SafeInvoke: InternalTestLoggerEvents.SendTestResult: Invoking callback 1/1 for Microsoft.VisualStudio.TestPlatform.CommandLine.Internal.ConsoleLogger., took 0 ms.
TpTrace Verbose: 0 : 10788, 4, 2024/07/17, 10:33:16.580, 18219851182660, vstest.console.dll, MulticastDelegateUtilities.SafeInvoke: InternalTestLoggerEvents.SendTestResult: Invoking callback 1/1 for Microsoft.VisualStudio.TestPlatform.CommandLine.Internal.ConsoleLogger., took 0 ms.
TpTrace Verbose: 0 : 10788, 7, 2024/07/17, 10:33:16.600, 18219851385426, vstest.console.dll, TcpClientExtensions.MessageLoopAsync: NotifyDataAvailable remoteEndPoint: 127.0.0.1:51706 localEndPoint: 127.0.0.1:51705
TpTrace Verbose: 0 : 10788, 7, 2024/07/17, 10:33:16.601, 18219851387648, vstest.console.dll, TestRequestSender.OnExecutionMessageReceived: Received message: {"Version":7,"MessageType":"TestExecution.StatsChange","Payload":{"NewTestResults":[{"TestCase":{"Id":"ce32318c-ce9d-7e8e-5e1e-6a20496da916","FullyQualifiedName":"ShoppingCartAPI.Test.Tests.Controllers.PaymentControllerTests.CheckoutSession_ShouldReturnOk_WhenCheckoutInitiatedSuccessfully","DisplayName":"ShoppingCartAPI.Test.Tests.Controllers.PaymentControllerTests.CheckoutSession_ShouldReturnOk_WhenCheckoutInitiatedSuccessfully","ExecutorUri":"executor://xunit/VsTestRunner2/netcoreapp","Source":"C:\\Users\\Dilshan\\Desktop\\Shoping-Cart-API\\ShoppingCart-WebAPI\\ShoppingCartAPI.Test\\bin\\Debug\\net8.0\\fine-code-coverage\\build-output\\ShoppingCartAPI.Test.dll","CodeFilePath":null,"LineNumber":0,"Properties":[]},"Attachments":[],"Outcome":1,"ErrorMessage":null,"ErrorStackTrace":null,"DisplayName":"ShoppingCartAPI.Test.Tests.Controllers.PaymentControllerTests.CheckoutSession_ShouldReturnOk_WhenCheckoutInitiatedSuccessfully","Messages":[],"ComputerName":"DILSHAN-MADURAN","Duration":"00:00:00.0024238","StartTime":"2024-07-17T05:03:16.5803907+00:00","EndTime":"2024-07-17T05:03:16.580391+00:00","Properties":[]},{"TestCase":{"Id":"051f821a-a2d7-8f89-0ec8-1530e6b95664","FullyQualifiedName":"ShoppingCartAPI.Test.Tests.Controllers.PaymentControllerTests.GetPaymentgHistory_ShouldReturnOk_WhenHistoryRetrievedSuccessfully","DisplayName":"ShoppingCartAPI.Test.Tests.Controllers.PaymentControllerTests.GetPaymentgHistory_ShouldReturnOk_WhenHistoryRetrievedSuccessfully","ExecutorUri":"executor://xunit/VsTestRunner2/netcoreapp","Source":"C:\\Users\\Dilshan\\Desktop\\Shoping-Cart-API\\ShoppingCart-WebAPI\\ShoppingCartAPI.Test\\bin\\Debug\\net8.0\\fine-code-coverage\\build-output\\ShoppingCartAPI.Test.dll","CodeFilePath":null,"LineNumber":0,"Properties":[]},"Attachments":[],"Outcome":1,"ErrorMessage":null,"ErrorStackTrace":null,"DisplayName":"ShoppingCartAPI.Test.Tests.Controllers.PaymentControllerTests.GetPaymentgHistory_ShouldReturnOk_WhenHistoryRetrievedSuccessfully","Messages":[],"ComputerName":"DILSHAN-MADURAN","Duration":"00:00:00.0015401","StartTime":"2024-07-17T05:03:16.5831707+00:00","EndTime":"2024-07-17T05:03:16.5831708+00:00","Properties":[]},{"TestCase":{"Id":"af8f711b-ead2-532b-3f55-d432a30f97c7","FullyQualifiedName":"ShoppingCartAPI.Test.Tests.ServicesTesting.ProductServiceTests.GetProductByCategory_ShouldReturnProducts_WhenProductsExist","DisplayName":"ShoppingCartAPI.Test.Tests.ServicesTesting.ProductServiceTests.GetProductByCategory_ShouldReturnProducts_WhenProductsExist","ExecutorUri":"executor://xunit/VsTestRunner2/netcoreapp","Source":"C:\\Users\\Dilshan\\Desktop\\Shoping-Cart-API\\ShoppingCart-WebAPI\\ShoppingCartAPI.Test\\bin\\Debug\\net8.0\\fine-code-coverage\\build-output\\ShoppingCartAPI.Test.dll","CodeFilePath":null,"LineNumber":0,"Properties":[]},"Attachments":[],"Outcome":1,"ErrorMessage":null,"ErrorStackTrace":null,"DisplayName":"ShoppingCartAPI.Test.Tests.ServicesTesting.ProductServiceTests.GetProductByCategory_ShouldReturnProducts_WhenProductsExist","Messages":[],"ComputerName":"DILSHAN-MADURAN","Duration":"00:00:00.0198558","StartTime":"2024-07-17T05:03:16.5852988+00:00","EndTime":"2024-07-17T05:03:16.585299+00:00","Properties":[]},{"TestCase":{"Id":"16f16cf9-96c8-d30b-6509-0c3e83d3cd65","FullyQualifiedName":"ShoppingCartAPI.Test.Tests.Controllers.PaymentControllerTests.ViewPaymentHistoryProducts_ShouldReturnBadRequest_WhenExceptionThrown","DisplayName":"ShoppingCartAPI.Test.Tests.Controllers.PaymentControllerTests.ViewPaymentHistoryProducts_ShouldReturnBadRequest_WhenExceptionThrown","ExecutorUri":"executor://xunit/VsTestRunner2/netcoreapp","Source":"C:\\Users\\Dilshan\\Desktop\\Shoping-Cart-API\\ShoppingCart-WebAPI\\ShoppingCartAPI.Test\\bin\\Debug\\net8.0\\fine-code-coverage\\build-output\\ShoppingCartAPI.Test.dll","CodeFilePath":null,"LineNumber":0,"Properties":[]},"Attachments":[],"Outcome":1,"ErrorMessage":null,"ErrorStackTrace":null,"DisplayName":"ShoppingCartAPI.Test.Tests.Controllers.PaymentControllerTests.ViewPaymentHistoryProducts_ShouldReturnBadRequest_WhenExceptionThrown","Messages":[],"ComputerName":"DILSHAN-MADURAN","Duration":"00:00:00.0030569","StartTime":"2024-07-17T05:03:16.5875612+00:00","EndTime":"2024-07-17T05:03:16.5875613+00:00","Properties":[]},{"TestCase":{"Id":"93e345be-5c12-05c4-219d-a517e80aa0d3","FullyQualifiedName":"ShoppingCartAPI.Test.Tests.Controllers.PaymentControllerTests.CheckoutSession_ShouldReturnBadRequest_WhenExceptionThrown","DisplayName":"ShoppingCartAPI.Test.Tests.Controllers.PaymentControllerTests.CheckoutSession_ShouldReturnBadRequest_WhenExceptionThrown","ExecutorUri":"executor://xunit/VsTestRunner2/netcoreapp","Source":"C:\\Users\\Dilshan\\Desktop\\Shoping-Cart-API\\ShoppingCart-WebAPI\\ShoppingCartAPI.Test\\bin\\Debug\\net8.0\\fine-code-coverage\\build-output\\ShoppingCartAPI.Test.dll","CodeFilePath":null,"LineNumber":0,"Properties":[]},"Attachments":[],"Outcome":1,"ErrorMessage":null,"ErrorStackTrace":null,"DisplayName":"ShoppingCartAPI.Test.Tests.Controllers.PaymentControllerTests.CheckoutSession_ShouldReturnBadRequest_WhenExceptionThrown","Messages":[],"ComputerName":"DILSHAN-MADURAN","Duration":"00:00:00.0009377","StartTime":"2024-07-17T05:03:16.5896631+00:00","EndTime":"2024-07-17T05:03:16.5896633+00:00","Properties":[]},{"TestCase":{"Id":"b80854c3-1ede-2c51-aad1-49c799667acb","FullyQualifiedName":"ShoppingCartAPI.Test.Tests.Controllers.PaymentControllerTests.ViewPaymentHistoryProducts_ShouldReturnOk_WhenItemsRetrievedSuccessfully","DisplayName":"ShoppingCartAPI.Test.Tests.Controllers.PaymentControllerTests.ViewPaymentHistoryProducts_ShouldReturnOk_WhenItemsRetrievedSuccessfully","ExecutorUri":"executor://xunit/VsTestRunner2/netcoreapp","Source":"C:\\Users\\Dilshan\\Desktop\\Shoping-Cart-API\\ShoppingCart-WebAPI\\ShoppingCartAPI.Test\\bin\\Debug\\net8.0\\fine-code-coverage\\build-output\\ShoppingCartAPI.Test.dll","CodeFilePath":null,"LineNumber":0,"Properties":[]},"Attachments":[],"Outcome":1,"ErrorMessage":null,"ErrorStackTrace":null,"DisplayName":"ShoppingCartAPI.Test.Tests.Controllers.PaymentControllerTests.ViewPaymentHistoryProducts_ShouldReturnOk_WhenItemsRetrievedSuccessfully","Messages":[],"ComputerName":"DILSHAN-MADURAN","Duration":"00:00:00.0015073","StartTime":"2024-07-17T05:03:16.5928161+00:00","EndTime":"2024-07-17T05:03:16.5928163+00:00","Properties":[]},{"TestCase":{"Id":"fe276e70-40c1-c1b5-94ca-cb7afe1007d4","FullyQualifiedName":"ShoppingCartAPI.Test.Tests.ServicesTesting.ProductServiceTests.ViewProductByID_ShouldThrowException_WhenProductNotExists","DisplayName":"ShoppingCartAPI.Test.Tests.ServicesTesting.ProductServiceTests.ViewProductByID_ShouldThrowException_WhenProductNotExists","ExecutorUri":"executor://xunit/VsTestRunner2/netcoreapp","Source":"C:\\Users\\Dilshan\\Desktop\\Shoping-Cart-API\\ShoppingCart-WebAPI\\ShoppingCartAPI.Test\\bin\\Debug\\net8.0\\fine-code-coverage\\build-output\\ShoppingCartAPI.Test.dll","CodeFilePath":null,"LineNumber":0,"Properties":[]},"Attachments":[],"Outcome":1,"ErrorMessage":null,"ErrorStackTrace":null,"DisplayName":"ShoppingCartAPI.Test.Tests.ServicesTesting.ProductServiceTests.ViewProductByID_ShouldThrowException_WhenProductNotExists","Messages":[],"ComputerName":"DILSHAN-MADURAN","Duration":"00:00:00.0034389","StartTime":"2024-07-17T05:03:16.5944597+00:00","EndTime":"2024-07-17T05:03:16.5944599+00:00","Properties":[]},{"TestCase":{"Id":"33d9c3f5-6123-a874-0aab-1b063394194c","FullyQualifiedName":"ShoppingCartAPI.Test.Tests.ServicesTesting.UpdateTimeStampServiceTests.UpdateDateTime_UpdatesCartItemsAndSavesChanges","DisplayName":"ShoppingCartAPI.Test.Tests.ServicesTesting.UpdateTimeStampServiceTests.UpdateDateTime_UpdatesCartItemsAndSavesChanges","ExecutorUri":"executor://xunit/VsTestRunner2/netcoreapp","Source":"C:\\Users\\Dilshan\\Desktop\\Shoping-Cart-API\\ShoppingCart-WebAPI\\ShoppingCartAPI.Test\\bin\\Debug\\net8.0\\fine-code-coverage\\build-output\\ShoppingCartAPI.Test.dll","CodeFilePath":null,"LineNumber":0,"Properties":[]},"Attachments":[],"Outcome":1,"ErrorMessage":null,"ErrorStackTrace":null,"DisplayName":"ShoppingCartAPI.Test.Tests.ServicesTesting.UpdateTimeStampServiceTests.UpdateDateTime_UpdatesCartItemsAndSavesChanges","Messages":[],"ComputerName":"DILSHAN-MADURAN","Duration":"00:00:00.0379229","StartTime":"2024-07-17T05:03:16.5990679+00:00","EndTime":"2024-07-17T05:03:16.5990683+00:00","Properties":[]}],"TestRunStatistics":{"ExecutedTests":35,"Stats":{"Passed":35}},"ActiveTests":[{"Id":"c2930114-b680-991c-1ce5-2bd1c19b52ab","FullyQualifiedName":"ShoppingCartAPI.Test.Tests.ServicesTesting.ProductServiceTests.ViewAllProducts_ShouldThrowException_WhenNoProductsExist","DisplayName":"ShoppingCartAPI.Test.Tests.ServicesTesting.ProductServiceTests.ViewAllProducts_ShouldThrowException_WhenNoProductsExist","ExecutorUri":"executor://xunit/VsTestRunner2/netcoreapp","Source":"C:\\Users\\Dilshan\\Desktop\\Shoping-Cart-API\\ShoppingCart-WebAPI\\ShoppingCartAPI.Test\\bin\\Debug\\net8.0\\fine-code-coverage\\build-output\\ShoppingCartAPI.Test.dll","CodeFilePath":null,"LineNumber":0,"Properties":[]},{"Id":"b1b4a693-754a-c9df-8eb9-3699f37cbbf5","FullyQualifiedName":"ShoppingCartAPI.Test.Tests.ServicesTesting.AddressServiceTests.AddAddress_ShouldAddNewAddress_WhenDetailsAreValid","DisplayName":"ShoppingCartAPI.Test.Tests.ServicesTesting.AddressServiceTests.AddAddress_ShouldAddNewAddress_WhenDetailsAreValid","ExecutorUri":"executor://xunit/VsTestRunner2/netcoreapp","Source":"C:\\Users\\Dilshan\\Desktop\\Shoping-Cart-API\\ShoppingCart-WebAPI\\ShoppingCartAPI.Test\\bin\\Debug\\net8.0\\fine-code-coverage\\build-output\\ShoppingCartAPI.Test.dll","CodeFilePath":null,"LineNumber":0,"Properties":[]}]}}
TpTrace Verbose: 0 : 10788, 7, 2024/07/17, 10:33:16.601, 18219851394770, vstest.console.dll, TestRunRequest:SendTestRunStatsChange: Starting.
TpTrace Verbose: 0 : 10788, 7, 2024/07/17, 10:33:16.601, 18219851395673, vstest.console.dll, InProgress is ShoppingCartAPI.Test.Tests.ServicesTesting.ProductServiceTests.ViewAllProducts_ShouldThrowException_WhenNoProductsExist
TpTrace Verbose: 0 : 10788, 7, 2024/07/17, 10:33:16.601, 18219851395959, vstest.console.dll, InProgress is ShoppingCartAPI.Test.Tests.ServicesTesting.AddressServiceTests.AddAddress_ShouldAddNewAddress_WhenDetailsAreValid
TpTrace Verbose: 0 : 10788, 7, 2024/07/17, 10:33:16.602, 18219851396543, vstest.console.dll, MulticastDelegateUtilities.SafeInvoke: TestRun.RunStatsChanged: Invoking callbacks was skipped because there are no subscribers.
TpTrace Information: 0 : 10788, 7, 2024/07/17, 10:33:16.602, 18219851396857, vstest.console.dll, TestRunRequest:SendTestRunStatsChange: Completed.
TpTrace Verbose: 0 : 10788, 7, 2024/07/17, 10:33:16.602, 18219851397211, vstest.console.dll, MulticastDelegateUtilities.SafeInvoke: LengthPrefixCommunicationChannel: MessageReceived: Invoking callback 1/1 for Microsoft.VisualStudio.TestPlatform.CommunicationUtilities.TestRequestSender+<>c__DisplayClass34_0., took 0 ms.
TpTrace Verbose: 0 : 10788, 7, 2024/07/17, 10:33:16.602, 18219851397564, vstest.console.dll, TcpClientExtensions.MessageLoopAsync: Polling on remoteEndPoint: 127.0.0.1:51706 localEndPoint: 127.0.0.1:51705 after 21 ms
TpTrace Verbose: 0 : 10788, 4, 2024/07/17, 10:33:16.602, 18219851397535, vstest.console.dll, MulticastDelegateUtilities.SafeInvoke: InternalTestLoggerEvents.SendTestResult: Invoking callback 1/1 for Microsoft.VisualStudio.TestPlatform.CommandLine.Internal.ConsoleLogger., took 0 ms.
TpTrace Verbose: 0 : 10788, 4, 2024/07/17, 10:33:16.602, 18219851398726, vstest.console.dll, MulticastDelegateUtilities.SafeInvoke: InternalTestLoggerEvents.SendTestResult: Invoking callback 1/1 for Microsoft.VisualStudio.TestPlatform.CommandLine.Internal.ConsoleLogger., took 0 ms.
TpTrace Verbose: 0 : 10788, 4, 2024/07/17, 10:33:16.602, 18219851399314, vstest.console.dll, MulticastDelegateUtilities.SafeInvoke: InternalTestLoggerEvents.SendTestResult: Invoking callback 1/1 for Microsoft.VisualStudio.TestPlatform.CommandLine.Internal.ConsoleLogger., took 0 ms.
TpTrace Verbose: 0 : 10788, 4, 2024/07/17, 10:33:16.602, 18219851399863, vstest.console.dll, MulticastDelegateUtilities.SafeInvoke: InternalTestLoggerEvents.SendTestResult: Invoking callback 1/1 for Microsoft.VisualStudio.TestPlatform.CommandLine.Internal.ConsoleLogger., took 0 ms.
TpTrace Verbose: 0 : 10788, 4, 2024/07/17, 10:33:16.602, 18219851400363, vstest.console.dll, MulticastDelegateUtilities.SafeInvoke: InternalTestLoggerEvents.SendTestResult: Invoking callback 1/1 for Microsoft.VisualStudio.TestPlatform.CommandLine.Internal.ConsoleLogger., took 0 ms.
TpTrace Verbose: 0 : 10788, 4, 2024/07/17, 10:33:16.602, 18219851401297, vstest.console.dll, MulticastDelegateUtilities.SafeInvoke: InternalTestLoggerEvents.SendTestResult: Invoking callback 1/1 for Microsoft.VisualStudio.TestPlatform.CommandLine.Internal.ConsoleLogger., took 0 ms.
TpTrace Verbose: 0 : 10788, 4, 2024/07/17, 10:33:16.602, 18219851401872, vstest.console.dll, MulticastDelegateUtilities.SafeInvoke: InternalTestLoggerEvents.SendTestResult: Invoking callback 1/1 for Microsoft.VisualStudio.TestPlatform.CommandLine.Internal.ConsoleLogger., took 0 ms.
TpTrace Verbose: 0 : 10788, 4, 2024/07/17, 10:33:16.602, 18219851402595, vstest.console.dll, MulticastDelegateUtilities.SafeInvoke: InternalTestLoggerEvents.SendTestResult: Invoking callback 1/1 for Microsoft.VisualStudio.TestPlatform.CommandLine.Internal.ConsoleLogger., took 0 ms.
TpTrace Verbose: 0 : 10788, 7, 2024/07/17, 10:33:16.623, 18219851607981, vstest.console.dll, TcpClientExtensions.MessageLoopAsync: NotifyDataAvailable remoteEndPoint: 127.0.0.1:51706 localEndPoint: 127.0.0.1:51705
TpTrace Verbose: 0 : 10788, 7, 2024/07/17, 10:33:16.623, 18219851610287, vstest.console.dll, TestRequestSender.OnExecutionMessageReceived: Received message: {"Version":7,"MessageType":"TestExecution.StatsChange","Payload":{"NewTestResults":[{"TestCase":{"Id":"803ed8e2-2353-3b94-c739-382c3bc28f61","FullyQualifiedName":"ShoppingCartAPI.Test.Tests.Controllers.UsersControllerTests.UserLogin_ShouldReturnOkResult_WhenLoginSuccessful","DisplayName":"ShoppingCartAPI.Test.Tests.Controllers.UsersControllerTests.UserLogin_ShouldReturnOkResult_WhenLoginSuccessful","ExecutorUri":"executor://xunit/VsTestRunner2/netcoreapp","Source":"C:\\Users\\Dilshan\\Desktop\\Shoping-Cart-API\\ShoppingCart-WebAPI\\ShoppingCartAPI.Test\\bin\\Debug\\net8.0\\fine-code-coverage\\build-output\\ShoppingCartAPI.Test.dll","CodeFilePath":null,"LineNumber":0,"Properties":[]},"Attachments":[],"Outcome":1,"ErrorMessage":null,"ErrorStackTrace":null,"DisplayName":"ShoppingCartAPI.Test.Tests.Controllers.UsersControllerTests.UserLogin_ShouldReturnOkResult_WhenLoginSuccessful","Messages":[],"ComputerName":"DILSHAN-MADURAN","Duration":"00:00:00.0089770","StartTime":"2024-07-17T05:03:16.6010926+00:00","EndTime":"2024-07-17T05:03:16.6010928+00:00","Properties":[]},{"TestCase":{"Id":"c2930114-b680-991c-1ce5-2bd1c19b52ab","FullyQualifiedName":"ShoppingCartAPI.Test.Tests.ServicesTesting.ProductServiceTests.ViewAllProducts_ShouldThrowException_WhenNoProductsExist","DisplayName":"ShoppingCartAPI.Test.Tests.ServicesTesting.ProductServiceTests.ViewAllProducts_ShouldThrowException_WhenNoProductsExist","ExecutorUri":"executor://xunit/VsTestRunner2/netcoreapp","Source":"C:\\Users\\Dilshan\\Desktop\\Shoping-Cart-API\\ShoppingCart-WebAPI\\ShoppingCartAPI.Test\\bin\\Debug\\net8.0\\fine-code-coverage\\build-output\\ShoppingCartAPI.Test.dll","CodeFilePath":null,"LineNumber":0,"Properties":[]},"Attachments":[],"Outcome":1,"ErrorMessage":null,"ErrorStackTrace":null,"DisplayName":"ShoppingCartAPI.Test.Tests.ServicesTesting.ProductServiceTests.ViewAllProducts_ShouldThrowException_WhenNoProductsExist","Messages":[],"ComputerName":"DILSHAN-MADURAN","Duration":"00:00:00.0011526","StartTime":"2024-07-17T05:03:16.6041015+00:00","EndTime":"2024-07-17T05:03:16.6041017+00:00","Properties":[]},{"TestCase":{"Id":"e01ecab2-76bb-45cb-86b3-0d453354686f","FullyQualifiedName":"ShoppingCartAPI.Test.Tests.ServicesTesting.ProductServiceTests.ViewProductByID_ShouldReturnProduct_WhenProductExists","DisplayName":"ShoppingCartAPI.Test.Tests.ServicesTesting.ProductServiceTests.ViewProductByID_ShouldReturnProduct_WhenProductExists","ExecutorUri":"executor://xunit/VsTestRunner2/netcoreapp","Source":"C:\\Users\\Dilshan\\Desktop\\Shoping-Cart-API\\ShoppingCart-WebAPI\\ShoppingCartAPI.Test\\bin\\Debug\\net8.0\\fine-code-coverage\\build-output\\ShoppingCartAPI.Test.dll","CodeFilePath":null,"LineNumber":0,"Properties":[]},"Attachments":[],"Outcome":1,"ErrorMessage":null,"ErrorStackTrace":null,"DisplayName":"ShoppingCartAPI.Test.Tests.ServicesTesting.ProductServiceTests.ViewProductByID_ShouldReturnProduct_WhenProductExists","Messages":[],"ComputerName":"DILSHAN-MADURAN","Duration":"00:00:00.0024791","StartTime":"2024-07-17T05:03:16.6071766+00:00","EndTime":"2024-07-17T05:03:16.6071769+00:00","Properties":[]},{"TestCase":{"Id":"bd3dfad2-2196-ce28-5f5e-2faddc2ab630","FullyQualifiedName":"ShoppingCartAPI.Test.Tests.Controllers.UsersControllerTests.UserLogin_ShouldThrowException_WhenLoginFails","DisplayName":"ShoppingCartAPI.Test.Tests.Controllers.UsersControllerTests.UserLogin_ShouldThrowException_WhenLoginFails","ExecutorUri":"executor://xunit/VsTestRunner2/netcoreapp","Source":"C:\\Users\\Dilshan\\Desktop\\Shoping-Cart-API\\ShoppingCart-WebAPI\\ShoppingCartAPI.Test\\bin\\Debug\\net8.0\\fine-code-coverage\\build-output\\ShoppingCartAPI.Test.dll","CodeFilePath":null,"LineNumber":0,"Properties":[]},"Attachments":[],"Outcome":1,"ErrorMessage":null,"ErrorStackTrace":null,"DisplayName":"ShoppingCartAPI.Test.Tests.Controllers.UsersControllerTests.UserLogin_ShouldThrowException_WhenLoginFails","Messages":[],"ComputerName":"DILSHAN-MADURAN","Duration":"00:00:00.0025791","StartTime":"2024-07-17T05:03:16.6100261+00:00","EndTime":"2024-07-17T05:03:16.6100264+00:00","Properties":[]},{"TestCase":{"Id":"cb32c1e6-fc82-19d2-285e-177035a84cfb","FullyQualifiedName":"ShoppingCartAPI.Test.Tests.ServicesTesting.ProductServiceTests.GetProductByCategory_ShouldThrowException_WhenCategoryNotExists","DisplayName":"ShoppingCartAPI.Test.Tests.ServicesTesting.ProductServiceTests.GetProductByCategory_ShouldThrowException_WhenCategoryNotExists","ExecutorUri":"executor://xunit/VsTestRunner2/netcoreapp","Source":"C:\\Users\\Dilshan\\Desktop\\Shoping-Cart-API\\ShoppingCart-WebAPI\\ShoppingCartAPI.Test\\bin\\Debug\\net8.0\\fine-code-coverage\\build-output\\ShoppingCartAPI.Test.dll","CodeFilePath":null,"LineNumber":0,"Properties":[]},"Attachments":[],"Outcome":1,"ErrorMessage":null,"ErrorStackTrace":null,"DisplayName":"ShoppingCartAPI.Test.Tests.ServicesTesting.ProductServiceTests.GetProductByCategory_ShouldThrowException_WhenCategoryNotExists","Messages":[],"ComputerName":"DILSHAN-MADURAN","Duration":"00:00:00.0019505","StartTime":"2024-07-17T05:03:16.6122517+00:00","EndTime":"2024-07-17T05:03:16.6122519+00:00","Properties":[]},{"TestCase":{"Id":"199695a0-f196-9e9d-df29-afa25c0d947c","FullyQualifiedName":"ShoppingCartAPI.Test.Tests.Controllers.UsersControllerTests.ViewAddresses_ShouldReturnOkResult_WhenAddressesRetrievedSuccessfully","DisplayName":"ShoppingCartAPI.Test.Tests.Controllers.UsersControllerTests.ViewAddresses_ShouldReturnOkResult_WhenAddressesRetrievedSuccessfully","ExecutorUri":"executor://xunit/VsTestRunner2/netcoreapp","Source":"C:\\Users\\Dilshan\\Desktop\\Shoping-Cart-API\\ShoppingCart-WebAPI\\ShoppingCartAPI.Test\\bin\\Debug\\net8.0\\fine-code-coverage\\build-output\\ShoppingCartAPI.Test.dll","CodeFilePath":null,"LineNumber":0,"Properties":[]},"Attachments":[],"Outcome":1,"ErrorMessage":null,"ErrorStackTrace":null,"DisplayName":"ShoppingCartAPI.Test.Tests.Controllers.UsersControllerTests.ViewAddresses_ShouldReturnOkResult_WhenAddressesRetrievedSuccessfully","Messages":[],"ComputerName":"DILSHAN-MADURAN","Duration":"00:00:00.0022627","StartTime":"2024-07-17T05:03:16.6134346+00:00","EndTime":"2024-07-17T05:03:16.6134348+00:00","Properties":[]},{"TestCase":{"Id":"bde718e9-85e7-cdb6-5813-09f580eea487","FullyQualifiedName":"ShoppingCartAPI.Test.Tests.Controllers.UsersControllerTests.PostAddress_ShouldReturnOkResult_WhenAddressAddedSuccessfully","DisplayName":"ShoppingCartAPI.Test.Tests.Controllers.UsersControllerTests.PostAddress_ShouldReturnOkResult_WhenAddressAddedSuccessfully","ExecutorUri":"executor://xunit/VsTestRunner2/netcoreapp","Source":"C:\\Users\\Dilshan\\Desktop\\Shoping-Cart-API\\ShoppingCart-WebAPI\\ShoppingCartAPI.Test\\bin\\Debug\\net8.0\\fine-code-coverage\\build-output\\ShoppingCartAPI.Test.dll","CodeFilePath":null,"LineNumber":0,"Properties":[]},"Attachments":[],"Outcome":1,"ErrorMessage":null,"ErrorStackTrace":null,"DisplayName":"ShoppingCartAPI.Test.Tests.Controllers.UsersControllerTests.PostAddress_ShouldReturnOkResult_WhenAddressAddedSuccessfully","Messages":[],"ComputerName":"DILSHAN-MADURAN","Duration":"00:00:00.0248396","StartTime":"2024-07-17T05:03:16.6164719+00:00","EndTime":"2024-07-17T05:03:16.6164721+00:00","Properties":[]},{"TestCase":{"Id":"20d14f82-60df-0811-7619-a23acba44092","FullyQualifiedName":"ShoppingCartAPI.Test.Tests.Controllers.UsersControllerTests.UserSignup_ShouldReturnOkResult_WhenUserCreatedSuccessfully","DisplayName":"ShoppingCartAPI.Test.Tests.Controllers.UsersControllerTests.UserSignup_ShouldReturnOkResult_WhenUserCreatedSuccessfully","ExecutorUri":"executor://xunit/VsTestRunner2/netcoreapp","Source":"C:\\Users\\Dilshan\\Desktop\\Shoping-Cart-API\\ShoppingCart-WebAPI\\ShoppingCartAPI.Test\\bin\\Debug\\net8.0\\fine-code-coverage\\build-output\\ShoppingCartAPI.Test.dll","CodeFilePath":null,"LineNumber":0,"Properties":[]},"Attachments":[],"Outcome":1,"ErrorMessage":null,"ErrorStackTrace":null,"DisplayName":"ShoppingCartAPI.Test.Tests.Controllers.UsersControllerTests.UserSignup_ShouldReturnOkResult_WhenUserCreatedSuccessfully","Messages":[],"ComputerName":"DILSHAN-MADURAN","Duration":"00:00:00.0017795","StartTime":"2024-07-17T05:03:16.6189767+00:00","EndTime":"2024-07-17T05:03:16.6189769+00:00","Properties":[]},{"TestCase":{"Id":"b1b4a693-754a-c9df-8eb9-3699f37cbbf5","FullyQualifiedName":"ShoppingCartAPI.Test.Tests.ServicesTesting.AddressServiceTests.AddAddress_ShouldAddNewAddress_WhenDetailsAreValid","DisplayName":"ShoppingCartAPI.Test.Tests.ServicesTesting.AddressServiceTests.AddAddress_ShouldAddNewAddress_WhenDetailsAreValid","ExecutorUri":"executor://xunit/VsTestRunner2/netcoreapp","Source":"C:\\Users\\Dilshan\\Desktop\\Shoping-Cart-API\\ShoppingCart-WebAPI\\ShoppingCartAPI.Test\\bin\\Debug\\net8.0\\fine-code-coverage\\build-output\\ShoppingCartAPI.Test.dll","CodeFilePath":null,"LineNumber":0,"Properties":[]},"Attachments":[],"Outcome":1,"ErrorMessage":null,"ErrorStackTrace":null,"DisplayName":"ShoppingCartAPI.Test.Tests.ServicesTesting.AddressServiceTests.AddAddress_ShouldAddNewAddress_WhenDetailsAreValid","Messages":[],"ComputerName":"DILSHAN-MADURAN","Duration":"00:00:00.0336624","StartTime":"2024-07-17T05:03:16.6213913+00:00","EndTime":"2024-07-17T05:03:16.6213914+00:00","Properties":[]}],"TestRunStatistics":{"ExecutedTests":44,"Stats":{"Passed":44}},"ActiveTests":[{"Id":"bc901b4b-321e-0508-8af1-1ee107fb7102","FullyQualifiedName":"ShoppingCartAPI.Test.Tests.Controllers.UsersControllerTests.ViewAddresses_ShouldReturnBadRequest_WhenExceptionThrown","DisplayName":"ShoppingCartAPI.Test.Tests.Controllers.UsersControllerTests.ViewAddresses_ShouldReturnBadRequest_WhenExceptionThrown","ExecutorUri":"executor://xunit/VsTestRunner2/netcoreapp","Source":"C:\\Users\\Dilshan\\Desktop\\Shoping-Cart-API\\ShoppingCart-WebAPI\\ShoppingCartAPI.Test\\bin\\Debug\\net8.0\\fine-code-coverage\\build-output\\ShoppingCartAPI.Test.dll","CodeFilePath":null,"LineNumber":0,"Properties":[]}]}}
TpTrace Verbose: 0 : 10788, 7, 2024/07/17, 10:33:16.624, 18219851616490, vstest.console.dll, TestRunRequest:SendTestRunStatsChange: Starting.
TpTrace Verbose: 0 : 10788, 7, 2024/07/17, 10:33:16.624, 18219851616992, vstest.console.dll, InProgress is ShoppingCartAPI.Test.Tests.Controllers.UsersControllerTests.ViewAddresses_ShouldReturnBadRequest_WhenExceptionThrown
TpTrace Verbose: 0 : 10788, 7, 2024/07/17, 10:33:16.624, 18219851617419, vstest.console.dll, MulticastDelegateUtilities.SafeInvoke: TestRun.RunStatsChanged: Invoking callbacks was skipped because there are no subscribers.
TpTrace Information: 0 : 10788, 7, 2024/07/17, 10:33:16.624, 18219851617637, vstest.console.dll, TestRunRequest:SendTestRunStatsChange: Completed.
TpTrace Verbose: 0 : 10788, 7, 2024/07/17, 10:33:16.624, 18219851618048, vstest.console.dll, MulticastDelegateUtilities.SafeInvoke: LengthPrefixCommunicationChannel: MessageReceived: Invoking callback 1/1 for Microsoft.VisualStudio.TestPlatform.CommunicationUtilities.TestRequestSender+<>c__DisplayClass34_0., took 0 ms.
TpTrace Verbose: 0 : 10788, 4, 2024/07/17, 10:33:16.624, 18219851618180, vstest.console.dll, MulticastDelegateUtilities.SafeInvoke: InternalTestLoggerEvents.SendTestResult: Invoking callback 1/1 for Microsoft.VisualStudio.TestPlatform.CommandLine.Internal.ConsoleLogger., took 0 ms.
TpTrace Verbose: 0 : 10788, 7, 2024/07/17, 10:33:16.624, 18219851618328, vstest.console.dll, TcpClientExtensions.MessageLoopAsync: Polling on remoteEndPoint: 127.0.0.1:51706 localEndPoint: 127.0.0.1:51705 after 22 ms
TpTrace Verbose: 0 : 10788, 4, 2024/07/17, 10:33:16.624, 18219851618958, vstest.console.dll, MulticastDelegateUtilities.SafeInvoke: InternalTestLoggerEvents.SendTestResult: Invoking callback 1/1 for Microsoft.VisualStudio.TestPlatform.CommandLine.Internal.ConsoleLogger., took 0 ms.
TpTrace Verbose: 0 : 10788, 4, 2024/07/17, 10:33:16.624, 18219851619517, vstest.console.dll, MulticastDelegateUtilities.SafeInvoke: InternalTestLoggerEvents.SendTestResult: Invoking callback 1/1 for Microsoft.VisualStudio.TestPlatform.CommandLine.Internal.ConsoleLogger., took 0 ms.
TpTrace Verbose: 0 : 10788, 4, 2024/07/17, 10:33:16.624, 18219851619948, vstest.console.dll, MulticastDelegateUtilities.SafeInvoke: InternalTestLoggerEvents.SendTestResult: Invoking callback 1/1 for Microsoft.VisualStudio.TestPlatform.CommandLine.Internal.ConsoleLogger., took 0 ms.
TpTrace Verbose: 0 : 10788, 4, 2024/07/17, 10:33:16.624, 18219851620305, vstest.console.dll, MulticastDelegateUtilities.SafeInvoke: InternalTestLoggerEvents.SendTestResult: Invoking callback 1/1 for Microsoft.VisualStudio.TestPlatform.CommandLine.Internal.ConsoleLogger., took 0 ms.
TpTrace Verbose: 0 : 10788, 4, 2024/07/17, 10:33:16.624, 18219851621133, vstest.console.dll, MulticastDelegateUtilities.SafeInvoke: InternalTestLoggerEvents.SendTestResult: Invoking callback 1/1 for Microsoft.VisualStudio.TestPlatform.CommandLine.Internal.ConsoleLogger., took 0 ms.
TpTrace Verbose: 0 : 10788, 4, 2024/07/17, 10:33:16.624, 18219851621618, vstest.console.dll, MulticastDelegateUtilities.SafeInvoke: InternalTestLoggerEvents.SendTestResult: Invoking callback 1/1 for Microsoft.VisualStudio.TestPlatform.CommandLine.Internal.ConsoleLogger., took 0 ms.
TpTrace Verbose: 0 : 10788, 4, 2024/07/17, 10:33:16.624, 18219851621966, vstest.console.dll, MulticastDelegateUtilities.SafeInvoke: InternalTestLoggerEvents.SendTestResult: Invoking callback 1/1 for Microsoft.VisualStudio.TestPlatform.CommandLine.Internal.ConsoleLogger., took 0 ms.
TpTrace Verbose: 0 : 10788, 4, 2024/07/17, 10:33:16.624, 18219851622292, vstest.console.dll, MulticastDelegateUtilities.SafeInvoke: InternalTestLoggerEvents.SendTestResult: Invoking callback 1/1 for Microsoft.VisualStudio.TestPlatform.CommandLine.Internal.ConsoleLogger., took 0 ms.
TpTrace Verbose: 0 : 10788, 7, 2024/07/17, 10:33:16.643, 18219851815041, vstest.console.dll, TcpClientExtensions.MessageLoopAsync: NotifyDataAvailable remoteEndPoint: 127.0.0.1:51706 localEndPoint: 127.0.0.1:51705
TpTrace Verbose: 0 : 10788, 7, 2024/07/17, 10:33:16.644, 18219851817451, vstest.console.dll, TestRequestSender.OnExecutionMessageReceived: Received message: {"Version":7,"MessageType":"TestExecution.StatsChange","Payload":{"NewTestResults":[{"TestCase":{"Id":"bc901b4b-321e-0508-8af1-1ee107fb7102","FullyQualifiedName":"ShoppingCartAPI.Test.Tests.Controllers.UsersControllerTests.ViewAddresses_ShouldReturnBadRequest_WhenExceptionThrown","DisplayName":"ShoppingCartAPI.Test.Tests.Controllers.UsersControllerTests.ViewAddresses_ShouldReturnBadRequest_WhenExceptionThrown","ExecutorUri":"executor://xunit/VsTestRunner2/netcoreapp","Source":"C:\\Users\\Dilshan\\Desktop\\Shoping-Cart-API\\ShoppingCart-WebAPI\\ShoppingCartAPI.Test\\bin\\Debug\\net8.0\\fine-code-coverage\\build-output\\ShoppingCartAPI.Test.dll","CodeFilePath":null,"LineNumber":0,"Properties":[]},"Attachments":[],"Outcome":1,"ErrorMessage":null,"ErrorStackTrace":null,"DisplayName":"ShoppingCartAPI.Test.Tests.Controllers.UsersControllerTests.ViewAddresses_ShouldReturnBadRequest_WhenExceptionThrown","Messages":[],"ComputerName":"DILSHAN-MADURAN","Duration":"00:00:00.0014869","StartTime":"2024-07-17T05:03:16.6245278+00:00","EndTime":"2024-07-17T05:03:16.6245279+00:00","Properties":[]},{"TestCase":{"Id":"8e00cd9c-4634-fafc-984f-64893eb0a659","FullyQualifiedName":"ShoppingCartAPI.Test.Tests.Controllers.UsersControllerTests.PostAddress_ShouldReturnBadRequest_WhenExceptionThrown","DisplayName":"ShoppingCartAPI.Test.Tests.Controllers.UsersControllerTests.PostAddress_ShouldReturnBadRequest_WhenExceptionThrown","ExecutorUri":"executor://xunit/VsTestRunner2/netcoreapp","Source":"C:\\Users\\Dilshan\\Desktop\\Shoping-Cart-API\\ShoppingCart-WebAPI\\ShoppingCartAPI.Test\\bin\\Debug\\net8.0\\fine-code-coverage\\build-output\\ShoppingCartAPI.Test.dll","CodeFilePath":null,"LineNumber":0,"Properties":[]},"Attachments":[],"Outcome":1,"ErrorMessage":null,"ErrorStackTrace":null,"DisplayName":"ShoppingCartAPI.Test.Tests.Controllers.UsersControllerTests.PostAddress_ShouldReturnBadRequest_WhenExceptionThrown","Messages":[],"ComputerName":"DILSHAN-MADURAN","Duration":"00:00:00.0022266","StartTime":"2024-07-17T05:03:16.6271261+00:00","EndTime":"2024-07-17T05:03:16.6271263+00:00","Properties":[]},{"TestCase":{"Id":"42c3d1d5-cd2e-f2b7-2928-4f3809d0c28d","FullyQualifiedName":"ShoppingCartAPI.Test.Tests.ServicesTesting.AddressServiceTests.ViewAddress_ShouldThrowException_WhenAddressesNotFound","DisplayName":"ShoppingCartAPI.Test.Tests.ServicesTesting.AddressServiceTests.ViewAddress_ShouldThrowException_WhenAddressesNotFound","ExecutorUri":"executor://xunit/VsTestRunner2/netcoreapp","Source":"C:\\Users\\Dilshan\\Desktop\\Shoping-Cart-API\\ShoppingCart-WebAPI\\ShoppingCartAPI.Test\\bin\\Debug\\net8.0\\fine-code-coverage\\build-output\\ShoppingCartAPI.Test.dll","CodeFilePath":null,"LineNumber":0,"Properties":[]},"Attachments":[],"Outcome":1,"ErrorMessage":null,"ErrorStackTrace":null,"DisplayName":"ShoppingCartAPI.Test.Tests.ServicesTesting.AddressServiceTests.ViewAddress_ShouldThrowException_WhenAddressesNotFound","Messages":[],"ComputerName":"DILSHAN-MADURAN","Duration":"00:00:00.0053099","StartTime":"2024-07-17T05:03:16.6283871+00:00","EndTime":"2024-07-17T05:03:16.6283873+00:00","Properties":[]},{"TestCase":{"Id":"6d6cba25-4ace-63a1-7bb4-eb8f22a658b9","FullyQualifiedName":"ShoppingCartAPI.Test.Tests.ServicesTesting.AddressServiceTests.AddAddress_ShouldThrowException_WhenUserIDIsInvalid","DisplayName":"ShoppingCartAPI.Test.Tests.ServicesTesting.AddressServiceTests.AddAddress_ShouldThrowException_WhenUserIDIsInvalid","ExecutorUri":"executor://xunit/VsTestRunner2/netcoreapp","Source":"C:\\Users\\Dilshan\\Desktop\\Shoping-Cart-API\\ShoppingCart-WebAPI\\ShoppingCartAPI.Test\\bin\\Debug\\net8.0\\fine-code-coverage\\build-output\\ShoppingCartAPI.Test.dll","CodeFilePath":null,"LineNumber":0,"Properties":[]},"Attachments":[],"Outcome":1,"ErrorMessage":null,"ErrorStackTrace":null,"DisplayName":"ShoppingCartAPI.Test.Tests.ServicesTesting.AddressServiceTests.AddAddress_ShouldThrowException_WhenUserIDIsInvalid","Messages":[],"ComputerName":"DILSHAN-MADURAN","Duration":"00:00:00.0028041","StartTime":"2024-07-17T05:03:16.6312296+00:00","EndTime":"2024-07-17T05:03:16.6312297+00:00","Properties":[]},{"TestCase":{"Id":"1ff6cc4d-eb2f-45ff-5de9-be88c9055422","FullyQualifiedName":"ShoppingCartAPI.Test.Tests.ServicesTesting.AddressServiceTests.ViewAddress_ShouldReturnListOfAddresses_WhenUserHasAddresses","DisplayName":"ShoppingCartAPI.Test.Tests.ServicesTesting.AddressServiceTests.ViewAddress_ShouldReturnListOfAddresses_WhenUserHasAddresses","ExecutorUri":"executor://xunit/VsTestRunner2/netcoreapp","Source":"C:\\Users\\Dilshan\\Desktop\\Shoping-Cart-API\\ShoppingCart-WebAPI\\ShoppingCartAPI.Test\\bin\\Debug\\net8.0\\fine-code-coverage\\build-output\\ShoppingCartAPI.Test.dll","CodeFilePath":null,"LineNumber":0,"Properties":[]},"Attachments":[],"Outcome":1,"ErrorMessage":null,"ErrorStackTrace":null,"DisplayName":"ShoppingCartAPI.Test.Tests.ServicesTesting.AddressServiceTests.ViewAddress_ShouldReturnListOfAddresses_WhenUserHasAddresses","Messages":[],"ComputerName":"DILSHAN-MADURAN","Duration":"00:00:00.0060754","StartTime":"2024-07-17T05:03:16.6332632+00:00","EndTime":"2024-07-17T05:03:16.6332633+00:00","Properties":[]},{"TestCase":{"Id":"fca2f763-d88d-d50e-d15b-84aa806d6e68","FullyQualifiedName":"ShoppingCartAPI.Test.Tests.ServicesTesting.AddressServiceTests.AddAddress_ShouldRollbackTransaction_WhenExceptionIsThrown","DisplayName":"ShoppingCartAPI.Test.Tests.ServicesTesting.AddressServiceTests.AddAddress_ShouldRollbackTransaction_WhenExceptionIsThrown","ExecutorUri":"executor://xunit/VsTestRunner2/netcoreapp","Source":"C:\\Users\\Dilshan\\Desktop\\Shoping-Cart-API\\ShoppingCart-WebAPI\\ShoppingCartAPI.Test\\bin\\Debug\\net8.0\\fine-code-coverage\\build-output\\ShoppingCartAPI.Test.dll","CodeFilePath":null,"LineNumber":0,"Properties":[]},"Attachments":[],"Outcome":1,"ErrorMessage":null,"ErrorStackTrace":null,"DisplayName":"ShoppingCartAPI.Test.Tests.ServicesTesting.AddressServiceTests.AddAddress_ShouldRollbackTransaction_WhenExceptionIsThrown","Messages":[],"ComputerName":"DILSHAN-MADURAN","Duration":"00:00:00.0115181","StartTime":"2024-07-17T05:03:16.6352948+00:00","EndTime":"2024-07-17T05:03:16.635295+00:00","Properties":[]},{"TestCase":{"Id":"fdc5662d-f21c-6e7f-0d49-b5de7256ae34","FullyQualifiedName":"ShoppingCartAPI.Test.Tests.ServicesTesting.OrderServiceTest.ViewCartItem_ShouldReturnCartItems_WhenCartItemsFound","DisplayName":"ShoppingCartAPI.Test.Tests.ServicesTesting.OrderServiceTest.ViewCartItem_ShouldReturnCartItems_WhenCartItemsFound","ExecutorUri":"executor://xunit/VsTestRunner2/netcoreapp","Source":"C:\\Users\\Dilshan\\Desktop\\Shoping-Cart-API\\ShoppingCart-WebAPI\\ShoppingCartAPI.Test\\bin\\Debug\\net8.0\\fine-code-coverage\\build-output\\ShoppingCartAPI.Test.dll","CodeFilePath":null,"LineNumber":0,"Properties":[]},"Attachments":[],"Outcome":1,"ErrorMessage":null,"ErrorStackTrace":null,"DisplayName":"ShoppingCartAPI.Test.Tests.ServicesTesting.OrderServiceTest.ViewCartItem_ShouldReturnCartItems_WhenCartItemsFound","Messages":[],"ComputerName":"DILSHAN-MADURAN","Duration":"00:00:00.1466791","StartTime":"2024-07-17T05:03:16.6367212+00:00","EndTime":"2024-07-17T05:03:16.6367214+00:00","Properties":[]},{"TestCase":{"Id":"b985a046-1231-7d37-bc14-d3ea50c26b47","FullyQualifiedName":"ShoppingCartAPI.Test.Tests.ServicesTesting.OrderServiceTest.AddToCart_ShouldThrowException_WhenProductNotFound","DisplayName":"ShoppingCartAPI.Test.Tests.ServicesTesting.OrderServiceTest.AddToCart_ShouldThrowException_WhenProductNotFound","ExecutorUri":"executor://xunit/VsTestRunner2/netcoreapp","Source":"C:\\Users\\Dilshan\\Desktop\\Shoping-Cart-API\\ShoppingCart-WebAPI\\ShoppingCartAPI.Test\\bin\\Debug\\net8.0\\fine-code-coverage\\build-output\\ShoppingCartAPI.Test.dll","CodeFilePath":null,"LineNumber":0,"Properties":[]},"Attachments":[],"Outcome":1,"ErrorMessage":null,"ErrorStackTrace":null,"DisplayName":"ShoppingCartAPI.Test.Tests.ServicesTesting.OrderServiceTest.AddToCart_ShouldThrowException_WhenProductNotFound","Messages":[],"ComputerName":"DILSHAN-MADURAN","Duration":"00:00:00.0038401","StartTime":"2024-07-17T05:03:16.6402371+00:00","EndTime":"2024-07-17T05:03:16.6402373+00:00","Properties":[]},{"TestCase":{"Id":"f1bb39db-b410-1b5e-17de-95db4836724f","FullyQualifiedName":"ShoppingCartAPI.Test.Tests.ServicesTesting.OrderServiceTest.ViewAllOrders_ShouldReturnNull_WhenUserNotFound","DisplayName":"ShoppingCartAPI.Test.Tests.ServicesTesting.OrderServiceTest.ViewAllOrders_ShouldReturnNull_WhenUserNotFound","ExecutorUri":"executor://xunit/VsTestRunner2/netcoreapp","Source":"C:\\Users\\Dilshan\\Desktop\\Shoping-Cart-API\\ShoppingCart-WebAPI\\ShoppingCartAPI.Test\\bin\\Debug\\net8.0\\fine-code-coverage\\build-output\\ShoppingCartAPI.Test.dll","CodeFilePath":null,"LineNumber":0,"Properties":[]},"Attachments":[],"Outcome":1,"ErrorMessage":null,"ErrorStackTrace":null,"DisplayName":"ShoppingCartAPI.Test.Tests.ServicesTesting.OrderServiceTest.ViewAllOrders_ShouldReturnNull_WhenUserNotFound","Messages":[],"ComputerName":"DILSHAN-MADURAN","Duration":"00:00:00.0015698","StartTime":"2024-07-17T05:03:16.6423542+00:00","EndTime":"2024-07-17T05:03:16.6423543+00:00","Properties":[]}],"TestRunStatistics":{"ExecutedTests":53,"Stats":{"Passed":53}},"ActiveTests":[{"Id":"d3cee282-44c4-c041-e3a1-02f570d42ff9","FullyQualifiedName":"ShoppingCartAPI.Test.Tests.ServicesTesting.OrderServiceTest.ViewAllOrders_ShouldThrowException_WhenNoOrdersFound","DisplayName":"ShoppingCartAPI.Test.Tests.ServicesTesting.OrderServiceTest.ViewAllOrders_ShouldThrowException_WhenNoOrdersFound","ExecutorUri":"executor://xunit/VsTestRunner2/netcoreapp","Source":"C:\\Users\\Dilshan\\Desktop\\Shoping-Cart-API\\ShoppingCart-WebAPI\\ShoppingCartAPI.Test\\bin\\Debug\\net8.0\\fine-code-coverage\\build-output\\ShoppingCartAPI.Test.dll","CodeFilePath":null,"LineNumber":0,"Properties":[]}]}}
TpTrace Verbose: 0 : 10788, 7, 2024/07/17, 10:33:16.644, 18219851822934, vstest.console.dll, TestRunRequest:SendTestRunStatsChange: Starting.
TpTrace Verbose: 0 : 10788, 7, 2024/07/17, 10:33:16.644, 18219851823414, vstest.console.dll, InProgress is ShoppingCartAPI.Test.Tests.ServicesTesting.OrderServiceTest.ViewAllOrders_ShouldThrowException_WhenNoOrdersFound
TpTrace Verbose: 0 : 10788, 7, 2024/07/17, 10:33:16.644, 18219851823801, vstest.console.dll, MulticastDelegateUtilities.SafeInvoke: TestRun.RunStatsChanged: Invoking callbacks was skipped because there are no subscribers.
TpTrace Information: 0 : 10788, 7, 2024/07/17, 10:33:16.644, 18219851823968, vstest.console.dll, TestRunRequest:SendTestRunStatsChange: Completed.
TpTrace Verbose: 0 : 10788, 4, 2024/07/17, 10:33:16.644, 18219851824556, vstest.console.dll, MulticastDelegateUtilities.SafeInvoke: InternalTestLoggerEvents.SendTestResult: Invoking callback 1/1 for Microsoft.VisualStudio.TestPlatform.CommandLine.Internal.ConsoleLogger., took 0 ms.
TpTrace Verbose: 0 : 10788, 7, 2024/07/17, 10:33:16.644, 18219851824677, vstest.console.dll, MulticastDelegateUtilities.SafeInvoke: LengthPrefixCommunicationChannel: MessageReceived: Invoking callback 1/1 for Microsoft.VisualStudio.TestPlatform.CommunicationUtilities.TestRequestSender+<>c__DisplayClass34_0., took 0 ms.
TpTrace Verbose: 0 : 10788, 4, 2024/07/17, 10:33:16.644, 18219851825106, vstest.console.dll, MulticastDelegateUtilities.SafeInvoke: InternalTestLoggerEvents.SendTestResult: Invoking callback 1/1 for Microsoft.VisualStudio.TestPlatform.CommandLine.Internal.ConsoleLogger., took 0 ms.
TpTrace Verbose: 0 : 10788, 7, 2024/07/17, 10:33:16.644, 18219851825245, vstest.console.dll, TcpClientExtensions.MessageLoopAsync: Polling on remoteEndPoint: 127.0.0.1:51706 localEndPoint: 127.0.0.1:51705 after 20 ms
TpTrace Verbose: 0 : 10788, 4, 2024/07/17, 10:33:16.644, 18219851825454, vstest.console.dll, MulticastDelegateUtilities.SafeInvoke: InternalTestLoggerEvents.SendTestResult: Invoking callback 1/1 for Microsoft.VisualStudio.TestPlatform.CommandLine.Internal.ConsoleLogger., took 0 ms.
TpTrace Verbose: 0 : 10788, 4, 2024/07/17, 10:33:16.644, 18219851825962, vstest.console.dll, MulticastDelegateUtilities.SafeInvoke: InternalTestLoggerEvents.SendTestResult: Invoking callback 1/1 for Microsoft.VisualStudio.TestPlatform.CommandLine.Internal.ConsoleLogger., took 0 ms.
TpTrace Verbose: 0 : 10788, 4, 2024/07/17, 10:33:16.644, 18219851826214, vstest.console.dll, MulticastDelegateUtilities.SafeInvoke: InternalTestLoggerEvents.SendTestResult: Invoking callback 1/1 for Microsoft.VisualStudio.TestPlatform.CommandLine.Internal.ConsoleLogger., took 0 ms.
TpTrace Verbose: 0 : 10788, 4, 2024/07/17, 10:33:16.645, 18219851826531, vstest.console.dll, MulticastDelegateUtilities.SafeInvoke: InternalTestLoggerEvents.SendTestResult: Invoking callback 1/1 for Microsoft.VisualStudio.TestPlatform.CommandLine.Internal.ConsoleLogger., took 0 ms.
TpTrace Verbose: 0 : 10788, 4, 2024/07/17, 10:33:16.645, 18219851826874, vstest.console.dll, MulticastDelegateUtilities.SafeInvoke: InternalTestLoggerEvents.SendTestResult: Invoking callback 1/1 for Microsoft.VisualStudio.TestPlatform.CommandLine.Internal.ConsoleLogger., took 0 ms.
TpTrace Verbose: 0 : 10788, 4, 2024/07/17, 10:33:16.645, 18219851827135, vstest.console.dll, MulticastDelegateUtilities.SafeInvoke: InternalTestLoggerEvents.SendTestResult: Invoking callback 1/1 for Microsoft.VisualStudio.TestPlatform.CommandLine.Internal.ConsoleLogger., took 0 ms.
TpTrace Verbose: 0 : 10788, 4, 2024/07/17, 10:33:16.645, 18219851827403, vstest.console.dll, MulticastDelegateUtilities.SafeInvoke: InternalTestLoggerEvents.SendTestResult: Invoking callback 1/1 for Microsoft.VisualStudio.TestPlatform.CommandLine.Internal.ConsoleLogger., took 0 ms.
TpTrace Verbose: 0 : 10788, 7, 2024/07/17, 10:33:17.229, 18219857670310, vstest.console.dll, TcpClientExtensions.MessageLoopAsync: NotifyDataAvailable remoteEndPoint: 127.0.0.1:51706 localEndPoint: 127.0.0.1:51705
TpTrace Verbose: 0 : 10788, 7, 2024/07/17, 10:33:17.229, 18219857672926, vstest.console.dll, TestRequestSender.OnExecutionMessageReceived: Received message: {"Version":7,"MessageType":"TestExecution.StatsChange","Payload":{"NewTestResults":[{"TestCase":{"Id":"d3cee282-44c4-c041-e3a1-02f570d42ff9","FullyQualifiedName":"ShoppingCartAPI.Test.Tests.ServicesTesting.OrderServiceTest.ViewAllOrders_ShouldThrowException_WhenNoOrdersFound","DisplayName":"ShoppingCartAPI.Test.Tests.ServicesTesting.OrderServiceTest.ViewAllOrders_ShouldThrowException_WhenNoOrdersFound","ExecutorUri":"executor://xunit/VsTestRunner2/netcoreapp","Source":"C:\\Users\\Dilshan\\Desktop\\Shoping-Cart-API\\ShoppingCart-WebAPI\\ShoppingCartAPI.Test\\bin\\Debug\\net8.0\\fine-code-coverage\\build-output\\ShoppingCartAPI.Test.dll","CodeFilePath":null,"LineNumber":0,"Properties":[]},"Attachments":[],"Outcome":1,"ErrorMessage":null,"ErrorStackTrace":null,"DisplayName":"ShoppingCartAPI.Test.Tests.ServicesTesting.OrderServiceTest.ViewAllOrders_ShouldThrowException_WhenNoOrdersFound","Messages":[],"ComputerName":"DILSHAN-MADURAN","Duration":"00:00:00.0013375","StartTime":"2024-07-17T05:03:16.6445617+00:00","EndTime":"2024-07-17T05:03:16.6445617+00:00","Properties":[]},{"TestCase":{"Id":"453a9963-f28c-282e-cd03-a97bbdd86b26","FullyQualifiedName":"ShoppingCartAPI.Test.Tests.ServicesTesting.OrderServiceTest.GetOrder_ShouldCreateOrder_WhenDetailsAreValid","DisplayName":"ShoppingCartAPI.Test.Tests.ServicesTesting.OrderServiceTest.GetOrder_ShouldCreateOrder_WhenDetailsAreValid","ExecutorUri":"executor://xunit/VsTestRunner2/netcoreapp","Source":"C:\\Users\\Dilshan\\Desktop\\Shoping-Cart-API\\ShoppingCart-WebAPI\\ShoppingCartAPI.Test\\bin\\Debug\\net8.0\\fine-code-coverage\\build-output\\ShoppingCartAPI.Test.dll","CodeFilePath":null,"LineNumber":0,"Properties":[]},"Attachments":[],"Outcome":1,"ErrorMessage":null,"ErrorStackTrace":null,"DisplayName":"ShoppingCartAPI.Test.Tests.ServicesTesting.OrderServiceTest.GetOrder_ShouldCreateOrder_WhenDetailsAreValid","Messages":[],"ComputerName":"DILSHAN-MADURAN","Duration":"00:00:00.0235011","StartTime":"2024-07-17T05:03:16.6461574+00:00","EndTime":"2024-07-17T05:03:16.6461575+00:00","Properties":[]},{"TestCase":{"Id":"66457341-df38-349f-4ca8-2dd35f45d67b","FullyQualifiedName":"ShoppingCartAPI.Test.Tests.ServicesTesting.OrderServiceTest.AddToCart_ShouldThrowException_WhenQuantityExceedsStock","DisplayName":"ShoppingCartAPI.Test.Tests.ServicesTesting.OrderServiceTest.AddToCart_ShouldThrowException_WhenQuantityExceedsStock","ExecutorUri":"executor://xunit/VsTestRunner2/netcoreapp","Source":"C:\\Users\\Dilshan\\Desktop\\Shoping-Cart-API\\ShoppingCart-WebAPI\\ShoppingCartAPI.Test\\bin\\Debug\\net8.0\\fine-code-coverage\\build-output\\ShoppingCartAPI.Test.dll","CodeFilePath":null,"LineNumber":0,"Properties":[]},"Attachments":[],"Outcome":1,"ErrorMessage":null,"ErrorStackTrace":null,"DisplayName":"ShoppingCartAPI.Test.Tests.ServicesTesting.OrderServiceTest.AddToCart_ShouldThrowException_WhenQuantityExceedsStock","Messages":[],"ComputerName":"DILSHAN-MADURAN","Duration":"00:00:00.0027459","StartTime":"2024-07-17T05:03:16.647719+00:00","EndTime":"2024-07-17T05:03:16.6477191+00:00","Properties":[]},{"TestCase":{"Id":"d6f1f3d4-19b3-c075-abfe-5ad1810d5054","FullyQualifiedName":"ShoppingCartAPI.Test.Tests.ServicesTesting.OrderServiceTest.DeleteCartItem_ShouldThrowException_WhenErrorOccursDuringDelete","DisplayName":"ShoppingCartAPI.Test.Tests.ServicesTesting.OrderServiceTest.DeleteCartItem_ShouldThrowException_WhenErrorOccursDuringDelete","ExecutorUri":"executor://xunit/VsTestRunner2/netcoreapp","Source":"C:\\Users\\Dilshan\\Desktop\\Shoping-Cart-API\\ShoppingCart-WebAPI\\ShoppingCartAPI.Test\\bin\\Debug\\net8.0\\fine-code-coverage\\build-output\\ShoppingCartAPI.Test.dll","CodeFilePath":null,"LineNumber":0,"Properties":[]},"Attachments":[],"Outcome":1,"ErrorMessage":null,"ErrorStackTrace":null,"DisplayName":"ShoppingCartAPI.Test.Tests.ServicesTesting.OrderServiceTest.DeleteCartItem_ShouldThrowException_WhenErrorOccursDuringDelete","Messages":[],"ComputerName":"DILSHAN-MADURAN","Duration":"00:00:00.0073535","StartTime":"2024-07-17T05:03:16.6494002+00:00","EndTime":"2024-07-17T05:03:16.6494025+00:00","Properties":[]},{"TestCase":{"Id":"c5794eae-b9cd-6937-bde8-bbbccea248ed","FullyQualifiedName":"ShoppingCartAPI.Test.Tests.ServicesTesting.OrderServiceTest.AddToCart_ShouldAddItemToCart_WhenDetailsAreValid","DisplayName":"ShoppingCartAPI.Test.Tests.ServicesTesting.OrderServiceTest.AddToCart_ShouldAddItemToCart_WhenDetailsAreValid","ExecutorUri":"executor://xunit/VsTestRunner2/netcoreapp","Source":"C:\\Users\\Dilshan\\Desktop\\Shoping-Cart-API\\ShoppingCart-WebAPI\\ShoppingCartAPI.Test\\bin\\Debug\\net8.0\\fine-code-coverage\\build-output\\ShoppingCartAPI.Test.dll","CodeFilePath":null,"LineNumber":0,"Properties":[]},"Attachments":[],"Outcome":1,"ErrorMessage":null,"ErrorStackTrace":null,"DisplayName":"ShoppingCartAPI.Test.Tests.ServicesTesting.OrderServiceTest.AddToCart_ShouldAddItemToCart_WhenDetailsAreValid","Messages":[],"ComputerName":"DILSHAN-MADURAN","Duration":"00:00:00.0040192","StartTime":"2024-07-17T05:03:16.6512523+00:00","EndTime":"2024-07-17T05:03:16.6512525+00:00","Properties":[]},{"TestCase":{"Id":"ebde743b-1efb-6f5b-ff24-26db91bffa7f","FullyQualifiedName":"ShoppingCartAPI.Test.Tests.ServicesTesting.OrderServiceTest.GetOrder_ShouldThrowException_WhenCustomerNotFound","DisplayName":"ShoppingCartAPI.Test.Tests.ServicesTesting.OrderServiceTest.GetOrder_ShouldThrowException_WhenCustomerNotFound","ExecutorUri":"executor://xunit/VsTestRunner2/netcoreapp","Source":"C:\\Users\\Dilshan\\Desktop\\Shoping-Cart-API\\ShoppingCart-WebAPI\\ShoppingCartAPI.Test\\bin\\Debug\\net8.0\\fine-code-coverage\\build-output\\ShoppingCartAPI.Test.dll","CodeFilePath":null,"LineNumber":0,"Properties":[]},"Attachments":[],"Outcome":1,"ErrorMessage":null,"ErrorStackTrace":null,"DisplayName":"ShoppingCartAPI.Test.Tests.ServicesTesting.OrderServiceTest.GetOrder_ShouldThrowException_WhenCustomerNotFound","Messages":[],"ComputerName":"DILSHAN-MADURAN","Duration":"00:00:00.0024313","StartTime":"2024-07-17T05:03:16.6533388+00:00","EndTime":"2024-07-17T05:03:16.6533389+00:00","Properties":[]},{"TestCase":{"Id":"892add2b-7209-fbf3-9312-c272b2543394","FullyQualifiedName":"ShoppingCartAPI.Test.Tests.ServicesTesting.OrderServiceTest.DeleteCartItem_ShouldThrowException_WhenItemNotFound","DisplayName":"ShoppingCartAPI.Test.Tests.ServicesTesting.OrderServiceTest.DeleteCartItem_ShouldThrowException_WhenItemNotFound","ExecutorUri":"executor://xunit/VsTestRunner2/netcoreapp","Source":"C:\\Users\\Dilshan\\Desktop\\Shoping-Cart-API\\ShoppingCart-WebAPI\\ShoppingCartAPI.Test\\bin\\Debug\\net8.0\\fine-code-coverage\\build-output\\ShoppingCartAPI.Test.dll","CodeFilePath":null,"LineNumber":0,"Properties":[]},"Attachments":[],"Outcome":1,"ErrorMessage":null,"ErrorStackTrace":null,"DisplayName":"ShoppingCartAPI.Test.Tests.ServicesTesting.OrderServiceTest.DeleteCartItem_ShouldThrowException_WhenItemNotFound","Messages":[],"ComputerName":"DILSHAN-MADURAN","Duration":"00:00:00.0028306","StartTime":"2024-07-17T05:03:16.6550441+00:00","EndTime":"2024-07-17T05:03:16.6550442+00:00","Properties":[]},{"TestCase":{"Id":"0d09fb0e-d343-2dc2-2f4e-614fcaf6a9ca","FullyQualifiedName":"ShoppingCartAPI.Test.Tests.ServicesTesting.OrderServiceTest.DeleteCartItem_ShouldDeleteItem_WhenItemExists","DisplayName":"ShoppingCartAPI.Test.Tests.ServicesTesting.OrderServiceTest.DeleteCartItem_ShouldDeleteItem_WhenItemExists","ExecutorUri":"executor://xunit/VsTestRunner2/netcoreapp","Source":"C:\\Users\\Dilshan\\Desktop\\Shoping-Cart-API\\ShoppingCart-WebAPI\\ShoppingCartAPI.Test\\bin\\Debug\\net8.0\\fine-code-coverage\\build-output\\ShoppingCartAPI.Test.dll","CodeFilePath":null,"LineNumber":0,"Properties":[]},"Attachments":[],"Outcome":1,"ErrorMessage":null,"ErrorStackTrace":null,"DisplayName":"ShoppingCartAPI.Test.Tests.ServicesTesting.OrderServiceTest.DeleteCartItem_ShouldDeleteItem_WhenItemExists","Messages":[],"ComputerName":"DILSHAN-MADURAN","Duration":"00:00:00.0047025","StartTime":"2024-07-17T05:03:16.6575025+00:00","EndTime":"2024-07-17T05:03:16.6575027+00:00","Properties":[]},{"TestCase":{"Id":"da033b28-bbe0-70dc-bb14-0db306871b96","FullyQualifiedName":"ShoppingCartAPI.Test.Tests.ServicesTesting.AuthServiceTest.GetAccessTokenFromRefreshToken_ReturnsNull_OnUnSuccessful","DisplayName":"ShoppingCartAPI.Test.Tests.ServicesTesting.AuthServiceTest.GetAccessTokenFromRefreshToken_ReturnsNull_OnUnSuccessful","ExecutorUri":"executor://xunit/VsTestRunner2/netcoreapp","Source":"C:\\Users\\Dilshan\\Desktop\\Shoping-Cart-API\\ShoppingCart-WebAPI\\ShoppingCartAPI.Test\\bin\\Debug\\net8.0\\fine-code-coverage\\build-output\\ShoppingCartAPI.Test.dll","CodeFilePath":null,"LineNumber":0,"Properties":[]},"Attachments":[],"Outcome":1,"ErrorMessage":null,"ErrorStackTrace":null,"DisplayName":"ShoppingCartAPI.Test.Tests.ServicesTesting.AuthServiceTest.GetAccessTokenFromRefreshToken_ReturnsNull_OnUnSuccessful","Messages":[],"ComputerName":"DILSHAN-MADURAN","Duration":"00:00:00.8950353","StartTime":"2024-07-17T05:03:17.2265254+00:00","EndTime":"2024-07-17T05:03:17.2265258+00:00","Properties":[]}],"TestRunStatistics":{"ExecutedTests":62,"Stats":{"Passed":62}},"ActiveTests":[{"Id":"8ba61734-f9b8-a072-fe7d-454f7d6abde0","FullyQualifiedName":"ShoppingCartAPI.Test.Tests.ServicesTesting.AuthServiceTest.RegisterUser_shouldReturnSuccessCode_whenUserRegisterSuccess","DisplayName":"ShoppingCartAPI.Test.Tests.ServicesTesting.AuthServiceTest.RegisterUser_shouldReturnSuccessCode_whenUserRegisterSuccess","ExecutorUri":"executor://xunit/VsTestRunner2/netcoreapp","Source":"C:\\Users\\Dilshan\\Desktop\\Shoping-Cart-API\\ShoppingCart-WebAPI\\ShoppingCartAPI.Test\\bin\\Debug\\net8.0\\fine-code-coverage\\build-output\\ShoppingCartAPI.Test.dll","CodeFilePath":null,"LineNumber":0,"Properties":[]}]}}
TpTrace Verbose: 0 : 10788, 7, 2024/07/17, 10:33:17.230, 18219857682101, vstest.console.dll, TestRunRequest:SendTestRunStatsChange: Starting.
TpTrace Verbose: 0 : 10788, 7, 2024/07/17, 10:33:17.230, 18219857683013, vstest.console.dll, InProgress is ShoppingCartAPI.Test.Tests.ServicesTesting.AuthServiceTest.RegisterUser_shouldReturnSuccessCode_whenUserRegisterSuccess
TpTrace Verbose: 0 : 10788, 7, 2024/07/17, 10:33:17.230, 18219857683473, vstest.console.dll, MulticastDelegateUtilities.SafeInvoke: TestRun.RunStatsChanged: Invoking callbacks was skipped because there are no subscribers.
TpTrace Information: 0 : 10788, 7, 2024/07/17, 10:33:17.230, 18219857683688, vstest.console.dll, TestRunRequest:SendTestRunStatsChange: Completed.
TpTrace Verbose: 0 : 10788, 7, 2024/07/17, 10:33:17.230, 18219857685939, vstest.console.dll, MulticastDelegateUtilities.SafeInvoke: LengthPrefixCommunicationChannel: MessageReceived: Invoking callback 1/1 for Microsoft.VisualStudio.TestPlatform.CommunicationUtilities.TestRequestSender+<>c__DisplayClass34_0., took 1 ms.
TpTrace Verbose: 0 : 10788, 4, 2024/07/17, 10:33:17.230, 18219857686018, vstest.console.dll, MulticastDelegateUtilities.SafeInvoke: InternalTestLoggerEvents.SendTestResult: Invoking callback 1/1 for Microsoft.VisualStudio.TestPlatform.CommandLine.Internal.ConsoleLogger., took 0 ms.
TpTrace Verbose: 0 : 10788, 7, 2024/07/17, 10:33:17.231, 18219857686458, vstest.console.dll, TcpClientExtensions.MessageLoopAsync: Polling on remoteEndPoint: 127.0.0.1:51706 localEndPoint: 127.0.0.1:51705 after 586 ms
TpTrace Verbose: 0 : 10788, 4, 2024/07/17, 10:33:17.231, 18219857687073, vstest.console.dll, MulticastDelegateUtilities.SafeInvoke: InternalTestLoggerEvents.SendTestResult: Invoking callback 1/1 for Microsoft.VisualStudio.TestPlatform.CommandLine.Internal.ConsoleLogger., took 0 ms.
TpTrace Verbose: 0 : 10788, 4, 2024/07/17, 10:33:17.231, 18219857687972, vstest.console.dll, MulticastDelegateUtilities.SafeInvoke: InternalTestLoggerEvents.SendTestResult: Invoking callback 1/1 for Microsoft.VisualStudio.TestPlatform.CommandLine.Internal.ConsoleLogger., took 0 ms.
TpTrace Verbose: 0 : 10788, 4, 2024/07/17, 10:33:17.231, 18219857688292, vstest.console.dll, MulticastDelegateUtilities.SafeInvoke: InternalTestLoggerEvents.SendTestResult: Invoking callback 1/1 for Microsoft.VisualStudio.TestPlatform.CommandLine.Internal.ConsoleLogger., took 0 ms.
TpTrace Verbose: 0 : 10788, 4, 2024/07/17, 10:33:17.231, 18219857688568, vstest.console.dll, MulticastDelegateUtilities.SafeInvoke: InternalTestLoggerEvents.SendTestResult: Invoking callback 1/1 for Microsoft.VisualStudio.TestPlatform.CommandLine.Internal.ConsoleLogger., took 0 ms.
TpTrace Verbose: 0 : 10788, 4, 2024/07/17, 10:33:17.231, 18219857688797, vstest.console.dll, MulticastDelegateUtilities.SafeInvoke: InternalTestLoggerEvents.SendTestResult: Invoking callback 1/1 for Microsoft.VisualStudio.TestPlatform.CommandLine.Internal.ConsoleLogger., took 0 ms.
TpTrace Verbose: 0 : 10788, 4, 2024/07/17, 10:33:17.231, 18219857689044, vstest.console.dll, MulticastDelegateUtilities.SafeInvoke: InternalTestLoggerEvents.SendTestResult: Invoking callback 1/1 for Microsoft.VisualStudio.TestPlatform.CommandLine.Internal.ConsoleLogger., took 0 ms.
TpTrace Verbose: 0 : 10788, 4, 2024/07/17, 10:33:17.231, 18219857689358, vstest.console.dll, MulticastDelegateUtilities.SafeInvoke: InternalTestLoggerEvents.SendTestResult: Invoking callback 1/1 for Microsoft.VisualStudio.TestPlatform.CommandLine.Internal.ConsoleLogger., took 0 ms.
TpTrace Verbose: 0 : 10788, 4, 2024/07/17, 10:33:17.231, 18219857689626, vstest.console.dll, MulticastDelegateUtilities.SafeInvoke: InternalTestLoggerEvents.SendTestResult: Invoking callback 1/1 for Microsoft.VisualStudio.TestPlatform.CommandLine.Internal.ConsoleLogger., took 0 ms.
TpTrace Verbose: 0 : 10788, 7, 2024/07/17, 10:33:18.244, 18219867818414, vstest.console.dll, TcpClientExtensions.MessageLoopAsync: Polling on remoteEndPoint: 127.0.0.1:51706 localEndPoint: 127.0.0.1:51705 after 1013 ms
TpTrace Verbose: 0 : 10788, 7, 2024/07/17, 10:33:18.355, 18219868927567, vstest.console.dll, TcpClientExtensions.MessageLoopAsync: NotifyDataAvailable remoteEndPoint: 127.0.0.1:51706 localEndPoint: 127.0.0.1:51705
TpTrace Verbose: 0 : 10788, 7, 2024/07/17, 10:33:18.355, 18219868929715, vstest.console.dll, TestRequestSender.OnExecutionMessageReceived: Received message: {"Version":7,"MessageType":"TestSession.Message","Payload":{"MessageLevel":0,"Message":"[xUnit.net 00:00:02.21]   Finished:    ShoppingCartAPI.Test"}}
TpTrace Verbose: 0 : 10788, 7, 2024/07/17, 10:33:18.355, 18219868931164, vstest.console.dll, TestRunRequest:SendTestRunMessage: Starting.
TpTrace Verbose: 0 : 10788, 7, 2024/07/17, 10:33:18.355, 18219868931911, vstest.console.dll, MulticastDelegateUtilities.SafeInvoke: TestRun.LogMessages: Invoking callback 1/1 for Microsoft.VisualStudio.TestPlatform.CommandLine.TestRunResultAggregator., took 0 ms.
TpTrace Information: 0 : 10788, 7, 2024/07/17, 10:33:18.355, 18219868932226, vstest.console.dll, TestRunRequest:SendTestRunMessage: Completed.
TpTrace Verbose: 0 : 10788, 4, 2024/07/17, 10:33:18.355, 18219868932203, vstest.console.dll, MulticastDelegateUtilities.SafeInvoke: InternalTestLoggerEvents.SendTestRunMessage: Invoking callback 1/1 for Microsoft.VisualStudio.TestPlatform.CommandLine.Internal.ConsoleLogger., took 0 ms.
TpTrace Verbose: 0 : 10788, 7, 2024/07/17, 10:33:18.355, 18219868932583, vstest.console.dll, MulticastDelegateUtilities.SafeInvoke: LengthPrefixCommunicationChannel: MessageReceived: Invoking callback 1/1 for Microsoft.VisualStudio.TestPlatform.CommunicationUtilities.TestRequestSender+<>c__DisplayClass34_0., took 0 ms.
TpTrace Verbose: 0 : 10788, 7, 2024/07/17, 10:33:18.355, 18219868933587, vstest.console.dll, TcpClientExtensions.MessageLoopAsync: Polling on remoteEndPoint: 127.0.0.1:51706 localEndPoint: 127.0.0.1:51705 after 111 ms
TpTrace Verbose: 0 : 10788, 7, 2024/07/17, 10:33:18.368, 18219869057171, vstest.console.dll, TcpClientExtensions.MessageLoopAsync: NotifyDataAvailable remoteEndPoint: 127.0.0.1:51706 localEndPoint: 127.0.0.1:51705
TpTrace Verbose: 0 : 10788, 7, 2024/07/17, 10:33:18.368, 18219869059185, vstest.console.dll, TestRequestSender.OnExecutionMessageReceived: Received message: {"Version":7,"MessageType":"TestExecution.Completed","Payload":{"TestRunCompleteArgs":{"TestRunStatistics":{"ExecutedTests":70,"Stats":{"Passed":70}},"IsCanceled":false,"IsAborted":false,"Error":null,"AttachmentSets":[],"InvokedDataCollectors":[],"ElapsedTimeInRunningTests":"00:00:02.2262919","Metrics":{},"DiscoveredExtensions":{"TestDiscoverers":["Xunit.Runner.VisualStudio.VsTestRunner, xunit.runner.visualstudio.dotnetcore.testadapter, Version=2.5.0.0, Culture=neutral, PublicKeyToken=null"],"TestExecutors":["executor://xunit/VsTestRunner2/netcoreapp"],"TestExecutors2":[],"TestSettingsProviders":[]}},"LastRunTests":{"NewTestResults":[{"TestCase":{"Id":"8ba61734-f9b8-a072-fe7d-454f7d6abde0","FullyQualifiedName":"ShoppingCartAPI.Test.Tests.ServicesTesting.AuthServiceTest.RegisterUser_shouldReturnSuccessCode_whenUserRegisterSuccess","DisplayName":"ShoppingCartAPI.Test.Tests.ServicesTesting.AuthServiceTest.RegisterUser_shouldReturnSuccessCode_whenUserRegisterSuccess","ExecutorUri":"executor://xunit/VsTestRunner2/netcoreapp","Source":"C:\\Users\\Dilshan\\Desktop\\Shoping-Cart-API\\ShoppingCart-WebAPI\\ShoppingCartAPI.Test\\bin\\Debug\\net8.0\\fine-code-coverage\\build-output\\ShoppingCartAPI.Test.dll","CodeFilePath":null,"LineNumber":0,"Properties":[]},"Attachments":[],"Outcome":1,"ErrorMessage":null,"ErrorStackTrace":null,"DisplayName":"ShoppingCartAPI.Test.Tests.ServicesTesting.AuthServiceTest.RegisterUser_shouldReturnSuccessCode_whenUserRegisterSuccess","Messages":[],"ComputerName":"DILSHAN-MADURAN","Duration":"00:00:00.0234824","StartTime":"2024-07-17T05:03:17.2513874+00:00","EndTime":"2024-07-17T05:03:17.2513876+00:00","Properties":[]},{"TestCase":{"Id":"54ccf892-eb11-837d-d2e9-e4f59a1e5cd6","FullyQualifiedName":"ShoppingCartAPI.Test.Tests.ServicesTesting.AuthServiceTest.UserLogin_ReturnErrore_WhenAccesTokenNotRecived","DisplayName":"ShoppingCartAPI.Test.Tests.ServicesTesting.AuthServiceTest.UserLogin_ReturnErrore_WhenAccesTokenNotRecived","ExecutorUri":"executor://xunit/VsTestRunner2/netcoreapp","Source":"C:\\Users\\Dilshan\\Desktop\\Shoping-Cart-API\\ShoppingCart-WebAPI\\ShoppingCartAPI.Test\\bin\\Debug\\net8.0\\fine-code-coverage\\build-output\\ShoppingCartAPI.Test.dll","CodeFilePath":null,"LineNumber":0,"Properties":[]},"Attachments":[],"Outcome":1,"ErrorMessage":null,"ErrorStackTrace":null,"DisplayName":"ShoppingCartAPI.Test.Tests.ServicesTesting.AuthServiceTest.UserLogin_ReturnErrore_WhenAccesTokenNotRecived","Messages":[],"ComputerName":"DILSHAN-MADURAN","Duration":"00:00:00.0034099","StartTime":"2024-07-17T05:03:17.25503+00:00","EndTime":"2024-07-17T05:03:17.2550304+00:00","Properties":[]},{"TestCase":{"Id":"6c1ce97e-8e62-0515-9a57-125c2f154d60","FullyQualifiedName":"ShoppingCartAPI.Test.Tests.ServicesTesting.AuthServiceTest.UserLogin_WhenGiveSuccessCode_UserCredentialsAreValid","DisplayName":"ShoppingCartAPI.Test.Tests.ServicesTesting.AuthServiceTest.UserLogin_WhenGiveSuccessCode_UserCredentialsAreValid","ExecutorUri":"executor://xunit/VsTestRunner2/netcoreapp","Source":"C:\\Users\\Dilshan\\Desktop\\Shoping-Cart-API\\ShoppingCart-WebAPI\\ShoppingCartAPI.Test\\bin\\Debug\\net8.0\\fine-code-coverage\\build-output\\ShoppingCartAPI.Test.dll","CodeFilePath":null,"LineNumber":0,"Properties":[]},"Attachments":[],"Outcome":1,"ErrorMessage":null,"ErrorStackTrace":null,"DisplayName":"ShoppingCartAPI.Test.Tests.ServicesTesting.AuthServiceTest.UserLogin_WhenGiveSuccessCode_UserCredentialsAreValid","Messages":[],"ComputerName":"DILSHAN-MADURAN","Duration":"00:00:00.0028978","StartTime":"2024-07-17T05:03:17.2581897+00:00","EndTime":"2024-07-17T05:03:17.25819+00:00","Properties":[]},{"TestCase":{"Id":"0016ccb4-18f0-9d94-72af-c43534fba822","FullyQualifiedName":"ShoppingCartAPI.Test.Tests.ServicesTesting.AuthServiceTest.RegiterUser_ReturnBadRequest_WhenUserDetailsNotValid","DisplayName":"ShoppingCartAPI.Test.Tests.ServicesTesting.AuthServiceTest.RegiterUser_ReturnBadRequest_WhenUserDetailsNotValid","ExecutorUri":"executor://xunit/VsTestRunner2/netcoreapp","Source":"C:\\Users\\Dilshan\\Desktop\\Shoping-Cart-API\\ShoppingCart-WebAPI\\ShoppingCartAPI.Test\\bin\\Debug\\net8.0\\fine-code-coverage\\build-output\\ShoppingCartAPI.Test.dll","CodeFilePath":null,"LineNumber":0,"Properties":[]},"Attachments":[],"Outcome":1,"ErrorMessage":null,"ErrorStackTrace":null,"DisplayName":"ShoppingCartAPI.Test.Tests.ServicesTesting.AuthServiceTest.RegiterUser_ReturnBadRequest_WhenUserDetailsNotValid","Messages":[],"ComputerName":"DILSHAN-MADURAN","Duration":"00:00:00.0035624","StartTime":"2024-07-17T05:03:17.2616007+00:00","EndTime":"2024-07-17T05:03:17.2616011+00:00","Properties":[]},{"TestCase":{"Id":"ab1a974f-075b-de67-a29a-68deadcc78a9","FullyQualifiedName":"ShoppingCartAPI.Test.Tests.ServicesTesting.StripeServiceTest.CreateCustomer_ShouldReturnCustomer","DisplayName":"ShoppingCartAPI.Test.Tests.ServicesTesting.StripeServiceTest.CreateCustomer_ShouldReturnCustomer","ExecutorUri":"executor://xunit/VsTestRunner2/netcoreapp","Source":"C:\\Users\\Dilshan\\Desktop\\Shoping-Cart-API\\ShoppingCart-WebAPI\\ShoppingCartAPI.Test\\bin\\Debug\\net8.0\\fine-code-coverage\\build-output\\ShoppingCartAPI.Test.dll","CodeFilePath":null,"LineNumber":0,"Properties":[]},"Attachments":[],"Outcome":1,"ErrorMessage":null,"ErrorStackTrace":null,"DisplayName":"ShoppingCartAPI.Test.Tests.ServicesTesting.StripeServiceTest.CreateCustomer_ShouldReturnCustomer","Messages":[],"ComputerName":"DILSHAN-MADURAN","Duration":"00:00:00.7845826","StartTime":"2024-07-17T05:03:17.266664+00:00","EndTime":"2024-07-17T05:03:17.2666642+00:00","Properties":[]},{"TestCase":{"Id":"38cb932e-74a0-9e41-3819-c032b3777518","FullyQualifiedName":"ShoppingCartAPI.Test.Tests.ServicesTesting.EmailServiceTests.SendGridService_ShouldSendEmail","DisplayName":"ShoppingCartAPI.Test.Tests.ServicesTesting.EmailServiceTests.SendGridService_ShouldSendEmail","ExecutorUri":"executor://xunit/VsTestRunner2/netcoreapp","Source":"C:\\Users\\Dilshan\\Desktop\\Shoping-Cart-API\\ShoppingCart-WebAPI\\ShoppingCartAPI.Test\\bin\\Debug\\net8.0\\fine-code-coverage\\build-output\\ShoppingCartAPI.Test.dll","CodeFilePath":null,"LineNumber":0,"Properties":[]},"Attachments":[],"Outcome":1,"ErrorMessage":null,"ErrorStackTrace":null,"DisplayName":"ShoppingCartAPI.Test.Tests.ServicesTesting.EmailServiceTests.SendGridService_ShouldSendEmail","Messages":[],"ComputerName":"DILSHAN-MADURAN","Duration":"00:00:01.0767743","StartTime":"2024-07-17T05:03:17.4059373+00:00","EndTime":"2024-07-17T05:03:17.4059377+00:00","Properties":[]},{"TestCase":{"Id":"558385d3-2dd9-6c07-17bc-2e5e1489a0d3","FullyQualifiedName":"ShoppingCartAPI.Test.Tests.ServicesTesting.StripeServiceTest.ItemCheckout_ShouldReturnSessionUrl","DisplayName":"ShoppingCartAPI.Test.Tests.ServicesTesting.StripeServiceTest.ItemCheckout_ShouldReturnSessionUrl","ExecutorUri":"executor://xunit/VsTestRunner2/netcoreapp","Source":"C:\\Users\\Dilshan\\Desktop\\Shoping-Cart-API\\ShoppingCart-WebAPI\\ShoppingCartAPI.Test\\bin\\Debug\\net8.0\\fine-code-coverage\\build-output\\ShoppingCartAPI.Test.dll","CodeFilePath":null,"LineNumber":0,"Properties":[]},"Attachments":[],"Outcome":1,"ErrorMessage":null,"ErrorStackTrace":null,"DisplayName":"ShoppingCartAPI.Test.Tests.ServicesTesting.StripeServiceTest.ItemCheckout_ShouldReturnSessionUrl","Messages":[],"ComputerName":"DILSHAN-MADURAN","Duration":"00:00:01.0789416","StartTime":"2024-07-17T05:03:18.3458714+00:00","EndTime":"2024-07-17T05:03:18.3458716+00:00","Properties":[]},{"TestCase":{"Id":"1bbda49f-73ee-167c-b357-d62a37fe918c","FullyQualifiedName":"ShoppingCartAPI.Test.Tests.ServicesTesting.StripeServiceTest.PaymentHistory_ShouldReturnPaymentHistory","DisplayName":"ShoppingCartAPI.Test.Tests.ServicesTesting.StripeServiceTest.PaymentHistory_ShouldReturnPaymentHistory","ExecutorUri":"executor://xunit/VsTestRunner2/netcoreapp","Source":"C:\\Users\\Dilshan\\Desktop\\Shoping-Cart-API\\ShoppingCart-WebAPI\\ShoppingCartAPI.Test\\bin\\Debug\\net8.0\\fine-code-coverage\\build-output\\ShoppingCartAPI.Test.dll","CodeFilePath":null,"LineNumber":0,"Properties":[]},"Attachments":[],"Outcome":1,"ErrorMessage":null,"ErrorStackTrace":null,"DisplayName":"ShoppingCartAPI.Test.Tests.ServicesTesting.StripeServiceTest.PaymentHistory_ShouldReturnPaymentHistory","Messages":[],"ComputerName":"DILSHAN-MADURAN","Duration":"00:00:00.0055874","StartTime":"2024-07-17T05:03:18.3516027+00:00","EndTime":"2024-07-17T05:03:18.3516029+00:00","Properties":[]}],"TestRunStatistics":{"ExecutedTests":70,"Stats":{"Passed":70}},"ActiveTests":[]},"RunAttachments":[],"ExecutorUris":["executor://xunit/VsTestRunner2/netcoreapp"]}}
TpTrace Verbose: 0 : 10788, 7, 2024/07/17, 10:33:18.368, 18219869060226, vstest.console.dll, TestRequestSender.EndSession: Sending end session.
TpTrace Verbose: 0 : 10788, 7, 2024/07/17, 10:33:18.368, 18219869061788, vstest.console.dll, ProxyOperationManager.Close: waiting for test host to exit for 100 ms
TpTrace Verbose: 0 : 10788, 11, 2024/07/17, 10:33:18.390, 18219869284771, vstest.console.dll, TestHostManagerCallbacks.ctor: Experimental forwarding output is disabled.
TpTrace Warning: 0 : 10788, 11, 2024/07/17, 10:33:18.390, 18219869285773, vstest.console.dll, TestHostManagerCallbacks.ErrorReceivedCallback Test host standard error line: 
TpTrace Verbose: 0 : 10788, 11, 2024/07/17, 10:33:18.404, 18219869417718, vstest.console.dll, TestHostProvider.ExitCallBack: Host exited starting callback.
TpTrace Information: 0 : 10788, 11, 2024/07/17, 10:33:18.404, 18219869419153, vstest.console.dll, TestHostManagerCallbacks.ExitCallBack: Testhost processId: 35736 exited with exitcode: 0 error: ''
TpTrace Verbose: 0 : 10788, 11, 2024/07/17, 10:33:18.404, 18219869419393, vstest.console.dll, DotnetTestHostManager.OnHostExited: invoking OnHostExited callback
TpTrace Verbose: 0 : 10788, 11, 2024/07/17, 10:33:18.404, 18219869419752, vstest.console.dll, CrossPlatEngine.TestHostManagerHostExited: calling on client process exit callback.
TpTrace Information: 0 : 10788, 11, 2024/07/17, 10:33:18.404, 18219869420139, vstest.console.dll, TestRequestSender.OnClientProcessExit: Test host process exited. Standard error: 
TpTrace Information: 0 : 10788, 11, 2024/07/17, 10:33:18.404, 18219869420374, vstest.console.dll, SocketServer.Stop: Stop server endPoint: 127.0.0.1:51705
TpTrace Information: 0 : 10788, 11, 2024/07/17, 10:33:18.404, 18219869420513, vstest.console.dll, SocketServer.Stop: Cancellation requested. Stopping message loop.
TpTrace Information: 0 : 10788, 7, 2024/07/17, 10:33:18.404, 18219869420676, vstest.console.dll, SocketServer.Stop: Stop server endPoint: 127.0.0.1:51705
TpTrace Verbose: 0 : 10788, 11, 2024/07/17, 10:33:18.404, 18219869421262, vstest.console.dll, MulticastDelegateUtilities.SafeInvoke: HostProviderEvents.OnHostExited: Invoking callback 1/1 for Microsoft.VisualStudio.TestPlatform.CrossPlatEngine.Client.ProxyOperationManager., took 0 ms.
TpTrace Information: 0 : 10788, 7, 2024/07/17, 10:33:18.404, 18219869421327, vstest.console.dll, SocketServer.Stop: Cancellation requested. Stopping message loop.
TpTrace Information: 0 : 10788, 7, 2024/07/17, 10:33:18.404, 18219869422054, vstest.console.dll, Closing the connection
TpTrace Verbose: 0 : 10788, 7, 2024/07/17, 10:33:18.404, 18219869424499, vstest.console.dll, ProxyDataCollectionManager.InvokeDataCollectionServiceAction: Starting.
TpTrace Information: 0 : 10788, 7, 2024/07/17, 10:33:18.404, 18219869424983, vstest.console.dll, ProxyDataCollectionManager.AfterTestRunEnd: Get attachment set and invoked data collectors processId: 31032 port: 51702
TpTrace Verbose: 0 : 10788, 7, 2024/07/17, 10:33:18.404, 18219869425465, vstest.console.dll, DataCollectionRequestSender.SendAfterTestRunStartAndGetResult: Send AfterTestRunEnd message with isCancelled: False
TpTrace Verbose: 0 : 10788, 7, 2024/07/17, 10:33:18.410, 18219869478617, vstest.console.dll, DataCollectionRequestSender.SendAfterTestRunStartAndGetResult: Received message: (DataCollection.AfterTestRunEndResult) -> {"MessageType":"DataCollection.AfterTestRunEndResult","Payload":{"AttachmentSets":[],"InvokedDataCollectors":[{"Uri":"datacollector://Microsoft/TestPlatform/Extensions/Blame/v1","FriendlyName":"Blame","AssemblyQualifiedName":"Microsoft.TestPlatform.Extensions.BlameDataCollector.BlameCollector, Microsoft.TestPlatform.Extensions.BlameDataCollector, Version=15.0.0.0, Culture=neutral, PublicKeyToken=b03f5f7f11d50a3a","FilePath":"C:\\Program Files\\dotnet\\sdk\\8.0.203\\Extensions\\Microsoft.TestPlatform.Extensions.BlameDataCollector.dll","HasAttachmentProcessor":false}],"Metrics":{}}}
TpTrace Warning: 0 : 10788, 10, 2024/07/17, 10:33:18.414, 18219869520988, vstest.console.dll, DataCollectionLauncher.ErrorReceivedCallback datacollector standard error line: 
TpTrace Information: 0 : 10788, 7, 2024/07/17, 10:33:18.416, 18219869536599, vstest.console.dll, ProxyDataCollectionManager.InvokeDataCollectionServiceAction: Completed.
TpTrace Information: 0 : 10788, 10, 2024/07/17, 10:33:18.423, 18219869610166, vstest.console.dll, DataCollectionLauncher.ExitCallBack: Data collector exited with exitcode: 0 error: ''
TpTrace Verbose: 0 : 10788, 7, 2024/07/17, 10:33:18.444, 18219869822211, vstest.console.dll, TestRunRequest:SendTestRunStatsChange: Starting.
TpTrace Verbose: 0 : 10788, 7, 2024/07/17, 10:33:18.444, 18219869823375, vstest.console.dll, MulticastDelegateUtilities.SafeInvoke: TestRun.RunStatsChanged: Invoking callbacks was skipped because there are no subscribers.
TpTrace Information: 0 : 10788, 7, 2024/07/17, 10:33:18.444, 18219869823686, vstest.console.dll, TestRunRequest:SendTestRunStatsChange: Completed.
TpTrace Verbose: 0 : 10788, 4, 2024/07/17, 10:33:18.444, 18219869825033, vstest.console.dll, MulticastDelegateUtilities.SafeInvoke: InternalTestLoggerEvents.SendTestResult: Invoking callback 1/1 for Microsoft.VisualStudio.TestPlatform.CommandLine.Internal.ConsoleLogger., took 0 ms.
TpTrace Verbose: 0 : 10788, 4, 2024/07/17, 10:33:18.444, 18219869825633, vstest.console.dll, MulticastDelegateUtilities.SafeInvoke: InternalTestLoggerEvents.SendTestResult: Invoking callback 1/1 for Microsoft.VisualStudio.TestPlatform.CommandLine.Internal.ConsoleLogger., took 0 ms.
TpTrace Verbose: 0 : 10788, 4, 2024/07/17, 10:33:18.444, 18219869825862, vstest.console.dll, MulticastDelegateUtilities.SafeInvoke: InternalTestLoggerEvents.SendTestResult: Invoking callback 1/1 for Microsoft.VisualStudio.TestPlatform.CommandLine.Internal.ConsoleLogger., took 0 ms.
TpTrace Verbose: 0 : 10788, 7, 2024/07/17, 10:33:18.444, 18219869825950, vstest.console.dll, ParallelProxyExecutionManager: HandlePartialRunComplete: Total workloads = 1, Total started clients = 1 Total completed clients = 1, Run complete = True, Run canceled: False.
TpTrace Verbose: 0 : 10788, 7, 2024/07/17, 10:33:18.444, 18219869826298, vstest.console.dll, ParallelProxyExecutionManager: HandlePartialRunComplete: All runs completed stopping all managers.
TpTrace Verbose: 0 : 10788, 4, 2024/07/17, 10:33:18.444, 18219869826096, vstest.console.dll, MulticastDelegateUtilities.SafeInvoke: InternalTestLoggerEvents.SendTestResult: Invoking callback 1/1 for Microsoft.VisualStudio.TestPlatform.CommandLine.Internal.ConsoleLogger., took 0 ms.
TpTrace Verbose: 0 : 10788, 4, 2024/07/17, 10:33:18.445, 18219869826754, vstest.console.dll, MulticastDelegateUtilities.SafeInvoke: InternalTestLoggerEvents.SendTestResult: Invoking callback 1/1 for Microsoft.VisualStudio.TestPlatform.CommandLine.Internal.ConsoleLogger., took 0 ms.
TpTrace Verbose: 0 : 10788, 7, 2024/07/17, 10:33:18.445, 18219869826755, vstest.console.dll, ParallelOperationManager.StopAllManagers: Stopping all managers.
TpTrace Verbose: 0 : 10788, 4, 2024/07/17, 10:33:18.445, 18219869827043, vstest.console.dll, MulticastDelegateUtilities.SafeInvoke: InternalTestLoggerEvents.SendTestResult: Invoking callback 1/1 for Microsoft.VisualStudio.TestPlatform.CommandLine.Internal.ConsoleLogger., took 0 ms.
TpTrace Verbose: 0 : 10788, 7, 2024/07/17, 10:33:18.445, 18219869827159, vstest.console.dll, ParallelOperationManager.ClearSlots: Clearing all slots. Slots should accept more work: False
TpTrace Verbose: 0 : 10788, 4, 2024/07/17, 10:33:18.445, 18219869827519, vstest.console.dll, MulticastDelegateUtilities.SafeInvoke: InternalTestLoggerEvents.SendTestResult: Invoking callback 1/1 for Microsoft.VisualStudio.TestPlatform.CommandLine.Internal.ConsoleLogger., took 0 ms.
TpTrace Verbose: 0 : 10788, 7, 2024/07/17, 10:33:18.445, 18219869827591, vstest.console.dll, ParallelOperationManager.SetOccupiedSlotCount: Setting slot counts AvailableSlotCount = 1, OccupiedSlotCount = 0.
TpTrace Verbose: 0 : 10788, 4, 2024/07/17, 10:33:18.445, 18219869827793, vstest.console.dll, MulticastDelegateUtilities.SafeInvoke: InternalTestLoggerEvents.SendTestResult: Invoking callback 1/1 for Microsoft.VisualStudio.TestPlatform.CommandLine.Internal.ConsoleLogger., took 0 ms.
TpTrace Verbose: 0 : 10788, 7, 2024/07/17, 10:33:18.445, 18219869828166, vstest.console.dll, Occupied slots:

TpTrace Verbose: 0 : 10788, 4, 2024/07/17, 10:33:18.451, 18219869889584, vstest.console.dll, MulticastDelegateUtilities.SafeInvoke: InternalTestLoggerEvents.SendTestRunComplete: Invoking callback 1/2 for Microsoft.TestPlatform.Extensions.BlameDataCollector.BlameLogger., took 0 ms.
TpTrace Verbose: 0 : 10788, 4, 2024/07/17, 10:33:18.455, 18219869935252, vstest.console.dll, MulticastDelegateUtilities.SafeInvoke: InternalTestLoggerEvents.SendTestRunComplete: Invoking callback 2/2 for Microsoft.VisualStudio.TestPlatform.CommandLine.Internal.ConsoleLogger., took 4 ms.
TpTrace Verbose: 0 : 10788, 7, 2024/07/17, 10:33:18.456, 18219869940293, vstest.console.dll, TestRunRequest:TestRunComplete: Starting. IsAborted:False IsCanceled:False.
TpTrace Verbose: 0 : 10788, 7, 2024/07/17, 10:33:18.456, 18219869942088, vstest.console.dll, ParallelOperationManager.DoActionOnAllManagers: Calling an action on all managers.
TpTrace Verbose: 0 : 10788, 7, 2024/07/17, 10:33:18.457, 18219869949624, vstest.console.dll, TestLoggerManager.HandleTestRunComplete: Ignoring as the object is disposed.
TpTrace Verbose: 0 : 10788, 7, 2024/07/17, 10:33:18.457, 18219869951279, vstest.console.dll, MulticastDelegateUtilities.SafeInvoke: TestRun.TestRunComplete: Invoking callback 1/2 for Microsoft.VisualStudio.TestPlatform.CommandLine.TestRunResultAggregator., took 0 ms.
TpTrace Verbose: 0 : 10788, 7, 2024/07/17, 10:33:18.457, 18219869952276, vstest.console.dll, MulticastDelegateUtilities.SafeInvoke: TestRun.TestRunComplete: Invoking callback 2/2 for Microsoft.VisualStudio.TestPlatform.CommandLine.Processors.RunTestsArgumentExecutor+TestRunRequestEventsRegistrar., took 0 ms.
TpTrace Information: 0 : 10788, 7, 2024/07/17, 10:33:18.457, 18219869953136, vstest.console.dll, TestRunRequest:TestRunComplete: Completed.
TpTrace Verbose: 0 : 10788, 7, 2024/07/17, 10:33:18.457, 18219869953569, vstest.console.dll, TestRequestSender.SetOperationComplete: Setting operation complete.
TpTrace Information: 0 : 10788, 7, 2024/07/17, 10:33:18.457, 18219869953913, vstest.console.dll, SocketServer.Stop: Stop server endPoint: 127.0.0.1:51705
TpTrace Information: 0 : 10788, 7, 2024/07/17, 10:33:18.457, 18219869954078, vstest.console.dll, SocketServer.Stop: Cancellation requested. Stopping message loop.
TpTrace Verbose: 0 : 10788, 7, 2024/07/17, 10:33:18.457, 18219869954319, vstest.console.dll, MulticastDelegateUtilities.SafeInvoke: LengthPrefixCommunicationChannel: MessageReceived: Invoking callback 1/1 for Microsoft.VisualStudio.TestPlatform.CommunicationUtilities.TestRequestSender+<>c__DisplayClass34_0., took 89 ms.
TpTrace Verbose: 0 : 10788, 1, 2024/07/17, 10:33:18.457, 18219869953276, vstest.console.dll, TestRunRequest.Dispose: Starting.
TpTrace Information: 0 : 10788, 7, 2024/07/17, 10:33:18.457, 18219869954597, vstest.console.dll, SocketServer.PrivateStop: Stopping server endPoint: 127.0.0.1:51705 error: 
TpTrace Information: 0 : 10788, 1, 2024/07/17, 10:33:18.457, 18219869955206, vstest.console.dll, TestRunRequest.Dispose: Completed.
TpTrace Information: 0 : 10788, 1, 2024/07/17, 10:33:18.457, 18219869955636, vstest.console.dll, TestRequestManager.RunTests: run tests completed.
TpTrace Information: 0 : 10788, 1, 2024/07/17, 10:33:18.457, 18219869956168, vstest.console.dll, RunTestsArgumentProcessor:Execute: Test run is completed.
TpTrace Verbose: 0 : 10788, 1, 2024/07/17, 10:33:18.458, 18219869958771, vstest.console.dll, Executor.Execute: Exiting with exit code of 0
TpTrace Verbose: 0 : 10788, 7, 2024/07/17, 10:33:18.458, 18219869960066, vstest.console.dll, LengthPrefixCommunicationChannel.Dispose: Dispose reader and writer.
TpTrace Information: 0 : 10788, 7, 2024/07/17, 10:33:18.458, 18219869960672, vstest.console.dll, SocketServer.Stop: Raise disconnected event endPoint: 127.0.0.1:51705 error: 
TpTrace Verbose: 0 : 10788, 7, 2024/07/17, 10:33:18.458, 18219869961441, vstest.console.dll, TestRequestSender: OnTestRunAbort: Operation is already complete. Skip error message.
TpTrace Verbose: 0 : 10788, 7, 2024/07/17, 10:33:18.458, 18219869961808, vstest.console.dll, MulticastDelegateUtilities.SafeInvoke: SocketServer: ClientDisconnected: Invoking callback 1/1 for Microsoft.VisualStudio.TestPlatform.CommunicationUtilities.TestRequestSender., took 0 ms.
TpTrace Verbose: 0 : 10788, 7, 2024/07/17, 10:33:18.458, 18219869962006, vstest.console.dll, TcpClientExtensions.MessageLoopAsync: exiting MessageLoopAsync remoteEndPoint: 127.0.0.1:51706 localEndPoint: 127.0.0.1:51705
