<?xml version="1.0" encoding="utf-8"?>
<coverage line-rate="0.7422" branch-rate="0.5961" version="1.9" timestamp="1721192598" lines-covered="1826" lines-valid="2460" branches-covered="93" branches-valid="156">
  <sources>
    <source>C:\Users\Dilshan\</source>
  </sources>
  <packages>
    <package name="ShoppingCart.API" line-rate="0.5542" branch-rate="0.4" complexity="30">
      <classes>
        <class name="Program" filename="Desktop\Shoping-Cart-API\ShoppingCart-WebAPI\ShoppingCart-WebAPI\Program.cs" line-rate="0" branch-rate="0" complexity="2">
          <methods>
            <method name="&lt;Main&gt;$" signature="(System.String[])" line-rate="0" branch-rate="0" complexity="2">
              <lines>
                <line number="21" hits="0" branch="False" />
                <line number="25" hits="0" branch="False" />
                <line number="26" hits="0" branch="False" />
                <line number="27" hits="0" branch="False" />
                <line number="28" hits="0" branch="False" />
                <line number="33" hits="0" branch="False" />
                <line number="34" hits="0" branch="False" />
                <line number="35" hits="0" branch="False" />
                <line number="36" hits="0" branch="False" />
                <line number="37" hits="0" branch="False" />
                <line number="38" hits="0" branch="False" />
                <line number="43" hits="0" branch="False" />
                <line number="49" hits="0" branch="False" />
                <line number="55" hits="0" branch="False" />
                <line number="57" hits="0" branch="False" />
                <line number="59" hits="0" branch="False" />
                <line number="61" hits="0" branch="False" />
                <line number="63" hits="0" branch="False" />
                <line number="65" hits="0" branch="False" />
                <line number="67" hits="0" branch="False" />
                <line number="69" hits="0" branch="False" />
                <line number="71" hits="0" branch="False" />
                <line number="73" hits="0" branch="False" />
                <line number="75" hits="0" branch="False" />
                <line number="80" hits="0" branch="False" />
                <line number="83" hits="0" branch="False" />
                <line number="84" hits="0" branch="False" />
                <line number="85" hits="0" branch="False" />
                <line number="86" hits="0" branch="False" />
                <line number="87" hits="0" branch="False" />
                <line number="88" hits="0" branch="False" />
                <line number="89" hits="0" branch="False" />
                <line number="90" hits="0" branch="False" />
                <line number="91" hits="0" branch="False" />
                <line number="92" hits="0" branch="False" />
                <line number="93" hits="0" branch="False" />
                <line number="94" hits="0" branch="False" />
                <line number="95" hits="0" branch="False" />
                <line number="96" hits="0" branch="False" />
                <line number="97" hits="0" branch="False" />
                <line number="98" hits="0" branch="False" />
                <line number="99" hits="0" branch="False" />
                <line number="100" hits="0" branch="False" />
                <line number="101" hits="0" branch="False" />
                <line number="102" hits="0" branch="False" />
                <line number="103" hits="0" branch="False" />
                <line number="104" hits="0" branch="False" />
                <line number="105" hits="0" branch="False" />
                <line number="106" hits="0" branch="False" />
                <line number="107" hits="0" branch="False" />
                <line number="108" hits="0" branch="False" />
                <line number="109" hits="0" branch="False" />
                <line number="110" hits="0" branch="False" />
                <line number="111" hits="0" branch="False" />
                <line number="112" hits="0" branch="False" />
                <line number="114" hits="0" branch="False" />
                <line number="115" hits="0" branch="False" />
                <line number="116" hits="0" branch="False" />
                <line number="117" hits="0" branch="False" />
                <line number="118" hits="0" branch="False" />
                <line number="119" hits="0" branch="False" />
                <line number="120" hits="0" branch="False" />
                <line number="121" hits="0" branch="False" />
                <line number="122" hits="0" branch="False" />
                <line number="123" hits="0" branch="False" />
                <line number="125" hits="0" branch="False" />
                <line number="126" hits="0" branch="False" />
                <line number="127" hits="0" branch="False" />
                <line number="128" hits="0" branch="False" />
                <line number="129" hits="0" branch="False" />
                <line number="130" hits="0" branch="False" />
                <line number="131" hits="0" branch="False" />
                <line number="132" hits="0" branch="False" />
                <line number="133" hits="0" branch="False" />
                <line number="134" hits="0" branch="False" />
                <line number="136" hits="0" branch="False" />
                <line number="140" hits="0" branch="False" />
                <line number="141" hits="0" branch="False" />
                <line number="142" hits="0" branch="False" />
                <line number="143" hits="0" branch="False" />
                <line number="144" hits="0" branch="False" />
                <line number="148" hits="0" branch="False" />
                <line number="151" hits="0" branch="False" />
                <line number="152" hits="0" branch="False" />
                <line number="153" hits="0" branch="False" />
                <line number="154" hits="0" branch="False" />
                <line number="155" hits="0" branch="False" />
                <line number="160" hits="0" branch="True" condition-coverage="0% (0/2)">
                  <conditions>
                    <condition number="727" type="jump" coverage="0%" />
                  </conditions>
                </line>
                <line number="161" hits="0" branch="False" />
                <line number="162" hits="0" branch="False" />
                <line number="163" hits="0" branch="False" />
                <line number="164" hits="0" branch="False" />
                <line number="167" hits="0" branch="False" />
                <line number="169" hits="0" branch="False" />
                <line number="171" hits="0" branch="False" />
                <line number="173" hits="0" branch="False" />
                <line number="175" hits="0" branch="False" />
                <line number="178" hits="0" branch="False" />
              </lines>
            </method>
          </methods>
          <lines>
            <line number="21" hits="0" branch="False" />
            <line number="25" hits="0" branch="False" />
            <line number="26" hits="0" branch="False" />
            <line number="27" hits="0" branch="False" />
            <line number="28" hits="0" branch="False" />
            <line number="33" hits="0" branch="False" />
            <line number="34" hits="0" branch="False" />
            <line number="35" hits="0" branch="False" />
            <line number="36" hits="0" branch="False" />
            <line number="37" hits="0" branch="False" />
            <line number="38" hits="0" branch="False" />
            <line number="43" hits="0" branch="False" />
            <line number="49" hits="0" branch="False" />
            <line number="55" hits="0" branch="False" />
            <line number="57" hits="0" branch="False" />
            <line number="59" hits="0" branch="False" />
            <line number="61" hits="0" branch="False" />
            <line number="63" hits="0" branch="False" />
            <line number="65" hits="0" branch="False" />
            <line number="67" hits="0" branch="False" />
            <line number="69" hits="0" branch="False" />
            <line number="71" hits="0" branch="False" />
            <line number="73" hits="0" branch="False" />
            <line number="75" hits="0" branch="False" />
            <line number="80" hits="0" branch="False" />
            <line number="83" hits="0" branch="False" />
            <line number="84" hits="0" branch="False" />
            <line number="85" hits="0" branch="False" />
            <line number="86" hits="0" branch="False" />
            <line number="87" hits="0" branch="False" />
            <line number="88" hits="0" branch="False" />
            <line number="89" hits="0" branch="False" />
            <line number="90" hits="0" branch="False" />
            <line number="91" hits="0" branch="False" />
            <line number="92" hits="0" branch="False" />
            <line number="93" hits="0" branch="False" />
            <line number="94" hits="0" branch="False" />
            <line number="95" hits="0" branch="False" />
            <line number="96" hits="0" branch="False" />
            <line number="97" hits="0" branch="False" />
            <line number="98" hits="0" branch="False" />
            <line number="99" hits="0" branch="False" />
            <line number="100" hits="0" branch="False" />
            <line number="101" hits="0" branch="False" />
            <line number="102" hits="0" branch="False" />
            <line number="103" hits="0" branch="False" />
            <line number="104" hits="0" branch="False" />
            <line number="105" hits="0" branch="False" />
            <line number="106" hits="0" branch="False" />
            <line number="107" hits="0" branch="False" />
            <line number="108" hits="0" branch="False" />
            <line number="109" hits="0" branch="False" />
            <line number="110" hits="0" branch="False" />
            <line number="111" hits="0" branch="False" />
            <line number="112" hits="0" branch="False" />
            <line number="114" hits="0" branch="False" />
            <line number="115" hits="0" branch="False" />
            <line number="116" hits="0" branch="False" />
            <line number="117" hits="0" branch="False" />
            <line number="118" hits="0" branch="False" />
            <line number="119" hits="0" branch="False" />
            <line number="120" hits="0" branch="False" />
            <line number="121" hits="0" branch="False" />
            <line number="122" hits="0" branch="False" />
            <line number="123" hits="0" branch="False" />
            <line number="125" hits="0" branch="False" />
            <line number="126" hits="0" branch="False" />
            <line number="127" hits="0" branch="False" />
            <line number="128" hits="0" branch="False" />
            <line number="129" hits="0" branch="False" />
            <line number="130" hits="0" branch="False" />
            <line number="131" hits="0" branch="False" />
            <line number="132" hits="0" branch="False" />
            <line number="133" hits="0" branch="False" />
            <line number="134" hits="0" branch="False" />
            <line number="136" hits="0" branch="False" />
            <line number="140" hits="0" branch="False" />
            <line number="141" hits="0" branch="False" />
            <line number="142" hits="0" branch="False" />
            <line number="143" hits="0" branch="False" />
            <line number="144" hits="0" branch="False" />
            <line number="148" hits="0" branch="False" />
            <line number="151" hits="0" branch="False" />
            <line number="152" hits="0" branch="False" />
            <line number="153" hits="0" branch="False" />
            <line number="154" hits="0" branch="False" />
            <line number="155" hits="0" branch="False" />
            <line number="160" hits="0" branch="True" condition-coverage="0% (0/2)">
              <conditions>
                <condition number="727" type="jump" coverage="0%" />
              </conditions>
            </line>
            <line number="161" hits="0" branch="False" />
            <line number="162" hits="0" branch="False" />
            <line number="163" hits="0" branch="False" />
            <line number="164" hits="0" branch="False" />
            <line number="167" hits="0" branch="False" />
            <line number="169" hits="0" branch="False" />
            <line number="171" hits="0" branch="False" />
            <line number="173" hits="0" branch="False" />
            <line number="175" hits="0" branch="False" />
            <line number="178" hits="0" branch="False" />
          </lines>
        </class>
        <class name="ShoppingCart.API.Controllers.ordersController" filename="Desktop\Shoping-Cart-API\ShoppingCart-WebAPI\ShoppingCart-WebAPI\Controllers\ordersController.cs" line-rate="1" branch-rate="1" complexity="1">
          <methods>
            <method name=".ctor" signature="(ShoppingCart.Application.Services.Interfaces.IOrderServices)" line-rate="1" branch-rate="1" complexity="1">
              <lines>
                <line number="23" hits="7" branch="False" />
                <line number="24" hits="7" branch="False" />
                <line number="25" hits="7" branch="False" />
                <line number="26" hits="7" branch="False" />
              </lines>
            </method>
          </methods>
          <lines>
            <line number="23" hits="7" branch="False" />
            <line number="24" hits="7" branch="False" />
            <line number="25" hits="7" branch="False" />
            <line number="26" hits="7" branch="False" />
          </lines>
        </class>
        <class name="ShoppingCart.API.Controllers.ordersController/&lt;AddToCart&gt;d__2" filename="Desktop\Shoping-Cart-API\ShoppingCart-WebAPI\ShoppingCart-WebAPI\Controllers\ordersController.cs" line-rate="1" branch-rate="1" complexity="1">
          <methods>
            <method name="MoveNext" signature="()" line-rate="1" branch-rate="1" complexity="1">
              <lines>
                <line number="37" hits="2" branch="False" />
                <line number="39" hits="2" branch="False" />
                <line number="40" hits="2" branch="False" />
                <line number="42" hits="1" branch="False" />
                <line number="44" hits="1" branch="False" />
                <line number="49" hits="1" branch="False" />
                <line number="50" hits="1" branch="False" />
                <line number="51" hits="1" branch="False" />
                <line number="53" hits="1" branch="False" />
                <line number="54" hits="1" branch="False" />
                <line number="56" hits="2" branch="False" />
              </lines>
            </method>
          </methods>
          <lines>
            <line number="37" hits="2" branch="False" />
            <line number="39" hits="2" branch="False" />
            <line number="40" hits="2" branch="False" />
            <line number="42" hits="1" branch="False" />
            <line number="44" hits="1" branch="False" />
            <line number="49" hits="1" branch="False" />
            <line number="50" hits="1" branch="False" />
            <line number="51" hits="1" branch="False" />
            <line number="53" hits="1" branch="False" />
            <line number="54" hits="1" branch="False" />
            <line number="56" hits="2" branch="False" />
          </lines>
        </class>
        <class name="ShoppingCart.API.Controllers.ordersController/&lt;DeleteItem&gt;d__4" filename="Desktop\Shoping-Cart-API\ShoppingCart-WebAPI\ShoppingCart-WebAPI\Controllers\ordersController.cs" line-rate="0.6666" branch-rate="1" complexity="1">
          <methods>
            <method name="MoveNext" signature="()" line-rate="0.6666" branch-rate="1" complexity="1">
              <lines>
                <line number="95" hits="2" branch="False" />
                <line number="97" hits="2" branch="False" />
                <line number="98" hits="2" branch="False" />
                <line number="99" hits="0" branch="False" />
                <line number="101" hits="0" branch="False" />
                <line number="102" hits="0" branch="False" />
                <line number="103" hits="0" branch="False" />
                <line number="104" hits="0" branch="False" />
                <line number="105" hits="0" branch="False" />
                <line number="109" hits="2" branch="False" />
                <line number="110" hits="2" branch="False" />
                <line number="111" hits="2" branch="False" />
                <line number="112" hits="2" branch="False" />
                <line number="113" hits="2" branch="False" />
                <line number="114" hits="2" branch="False" />
                <line number="115" hits="2" branch="False" />
                <line number="116" hits="2" branch="False" />
                <line number="118" hits="2" branch="False" />
              </lines>
            </method>
          </methods>
          <lines>
            <line number="95" hits="2" branch="False" />
            <line number="97" hits="2" branch="False" />
            <line number="98" hits="2" branch="False" />
            <line number="99" hits="0" branch="False" />
            <line number="101" hits="0" branch="False" />
            <line number="102" hits="0" branch="False" />
            <line number="103" hits="0" branch="False" />
            <line number="104" hits="0" branch="False" />
            <line number="105" hits="0" branch="False" />
            <line number="109" hits="2" branch="False" />
            <line number="110" hits="2" branch="False" />
            <line number="111" hits="2" branch="False" />
            <line number="112" hits="2" branch="False" />
            <line number="113" hits="2" branch="False" />
            <line number="114" hits="2" branch="False" />
            <line number="115" hits="2" branch="False" />
            <line number="116" hits="2" branch="False" />
            <line number="118" hits="2" branch="False" />
          </lines>
        </class>
        <class name="ShoppingCart.API.Controllers.ordersController/&lt;GetAllCartItems&gt;d__3" filename="Desktop\Shoping-Cart-API\ShoppingCart-WebAPI\ShoppingCart-WebAPI\Controllers\ordersController.cs" line-rate="1" branch-rate="1" complexity="1">
          <methods>
            <method name="MoveNext" signature="()" line-rate="1" branch-rate="1" complexity="1">
              <lines>
                <line number="66" hits="3" branch="False" />
                <line number="68" hits="3" branch="False" />
                <line number="69" hits="3" branch="False" />
                <line number="71" hits="1" branch="False" />
                <line number="73" hits="1" branch="False" />
                <line number="77" hits="2" branch="False" />
                <line number="78" hits="2" branch="False" />
                <line number="79" hits="2" branch="False" />
                <line number="81" hits="2" branch="False" />
                <line number="83" hits="3" branch="False" />
              </lines>
            </method>
          </methods>
          <lines>
            <line number="66" hits="3" branch="False" />
            <line number="68" hits="3" branch="False" />
            <line number="69" hits="3" branch="False" />
            <line number="71" hits="1" branch="False" />
            <line number="73" hits="1" branch="False" />
            <line number="77" hits="2" branch="False" />
            <line number="78" hits="2" branch="False" />
            <line number="79" hits="2" branch="False" />
            <line number="81" hits="2" branch="False" />
            <line number="83" hits="3" branch="False" />
          </lines>
        </class>
        <class name="ShoppingCart.API.Controllers.ordersController/&lt;UpdateCartItemQuantity&gt;d__5" filename="Desktop\Shoping-Cart-API\ShoppingCart-WebAPI\ShoppingCart-WebAPI\Controllers\ordersController.cs" line-rate="1" branch-rate="1" complexity="1">
          <methods>
            <method name="MoveNext" signature="()" line-rate="1" branch-rate="1" complexity="1">
              <lines>
                <line number="132" hits="3" branch="False" />
                <line number="134" hits="3" branch="False" />
                <line number="137" hits="3" branch="False" />
                <line number="139" hits="1" branch="False" />
                <line number="141" hits="1" branch="False" />
                <line number="143" hits="2" branch="False" />
                <line number="144" hits="2" branch="False" />
                <line number="145" hits="2" branch="False" />
                <line number="146" hits="2" branch="False" />
                <line number="148" hits="3" branch="False" />
              </lines>
            </method>
          </methods>
          <lines>
            <line number="132" hits="3" branch="False" />
            <line number="134" hits="3" branch="False" />
            <line number="137" hits="3" branch="False" />
            <line number="139" hits="1" branch="False" />
            <line number="141" hits="1" branch="False" />
            <line number="143" hits="2" branch="False" />
            <line number="144" hits="2" branch="False" />
            <line number="145" hits="2" branch="False" />
            <line number="146" hits="2" branch="False" />
            <line number="148" hits="3" branch="False" />
          </lines>
        </class>
        <class name="ShoppingCart.API.Controllers.paymentController" filename="Desktop\Shoping-Cart-API\ShoppingCart-WebAPI\ShoppingCart-WebAPI\Controllers\paymentController.cs" line-rate="1" branch-rate="1" complexity="1">
          <methods>
            <method name=".ctor" signature="(ShoppingCart.Application.Interfaces.IPaymentService,ShoppingCart.Application.Services.Interfaces.IOrderServices,ShoppingCart.Application.Interfaces.IEmailInterface,ShoppingCart.Infrastructure.Data.ShoppingDbContext,Microsoft.Extensions.Logging.ILogger`1&lt;ShoppingCart.API.Controllers.paymentController&gt;)" line-rate="1" branch-rate="1" complexity="1">
              <lines>
                <line number="25" hits="7" branch="False" />
                <line number="26" hits="7" branch="False" />
                <line number="27" hits="7" branch="False" />
                <line number="28" hits="7" branch="False" />
                <line number="29" hits="7" branch="False" />
                <line number="30" hits="7" branch="False" />
                <line number="31" hits="7" branch="False" />
                <line number="32" hits="7" branch="False" />
              </lines>
            </method>
          </methods>
          <lines>
            <line number="25" hits="7" branch="False" />
            <line number="26" hits="7" branch="False" />
            <line number="27" hits="7" branch="False" />
            <line number="28" hits="7" branch="False" />
            <line number="29" hits="7" branch="False" />
            <line number="30" hits="7" branch="False" />
            <line number="31" hits="7" branch="False" />
            <line number="32" hits="7" branch="False" />
          </lines>
        </class>
        <class name="ShoppingCart.API.Controllers.paymentController/&lt;CheckoutSession&gt;d__7" filename="Desktop\Shoping-Cart-API\ShoppingCart-WebAPI\ShoppingCart-WebAPI\Controllers\paymentController.cs" line-rate="1" branch-rate="1" complexity="1">
          <methods>
            <method name="MoveNext" signature="()" line-rate="1" branch-rate="1" complexity="1">
              <lines>
                <line number="125" hits="2" branch="False" />
                <line number="127" hits="2" branch="False" />
                <line number="128" hits="2" branch="False" />
                <line number="129" hits="1" branch="False" />
                <line number="130" hits="1" branch="False" />
                <line number="133" hits="1" branch="False" />
                <line number="134" hits="1" branch="False" />
                <line number="135" hits="1" branch="False" />
                <line number="136" hits="1" branch="False" />
                <line number="138" hits="2" branch="False" />
              </lines>
            </method>
          </methods>
          <lines>
            <line number="125" hits="2" branch="False" />
            <line number="127" hits="2" branch="False" />
            <line number="128" hits="2" branch="False" />
            <line number="129" hits="1" branch="False" />
            <line number="130" hits="1" branch="False" />
            <line number="133" hits="1" branch="False" />
            <line number="134" hits="1" branch="False" />
            <line number="135" hits="1" branch="False" />
            <line number="136" hits="1" branch="False" />
            <line number="138" hits="2" branch="False" />
          </lines>
        </class>
        <class name="ShoppingCart.API.Controllers.paymentController/&lt;GetPaymentgHistory&gt;d__8" filename="Desktop\Shoping-Cart-API\ShoppingCart-WebAPI\ShoppingCart-WebAPI\Controllers\paymentController.cs" line-rate="1" branch-rate="1" complexity="1">
          <methods>
            <method name="MoveNext" signature="()" line-rate="1" branch-rate="1" complexity="1">
              <lines>
                <line number="150" hits="2" branch="False" />
                <line number="152" hits="2" branch="False" />
                <line number="153" hits="2" branch="False" />
                <line number="154" hits="1" branch="False" />
                <line number="155" hits="1" branch="False" />
                <line number="159" hits="1" branch="False" />
                <line number="160" hits="1" branch="False" />
                <line number="161" hits="1" branch="False" />
                <line number="162" hits="1" branch="False" />
                <line number="164" hits="2" branch="False" />
              </lines>
            </method>
          </methods>
          <lines>
            <line number="150" hits="2" branch="False" />
            <line number="152" hits="2" branch="False" />
            <line number="153" hits="2" branch="False" />
            <line number="154" hits="1" branch="False" />
            <line number="155" hits="1" branch="False" />
            <line number="159" hits="1" branch="False" />
            <line number="160" hits="1" branch="False" />
            <line number="161" hits="1" branch="False" />
            <line number="162" hits="1" branch="False" />
            <line number="164" hits="2" branch="False" />
          </lines>
        </class>
        <class name="ShoppingCart.API.Controllers.paymentController/&lt;Index&gt;d__6" filename="Desktop\Shoping-Cart-API\ShoppingCart-WebAPI\ShoppingCart-WebAPI\Controllers\paymentController.cs" line-rate="0.225" branch-rate="0.3333" complexity="6">
          <methods>
            <method name="MoveNext" signature="()" line-rate="0.225" branch-rate="0.3333" complexity="6">
              <lines>
                <line number="43" hits="2" branch="True" condition-coverage="100% (2/2)">
                  <conditions>
                    <condition number="16" type="jump" coverage="100%" />
                  </conditions>
                </line>
                <line number="44" hits="2" branch="False" />
                <line number="47" hits="2" branch="False" />
                <line number="48" hits="2" branch="False" />
                <line number="50" hits="0" branch="True" condition-coverage="0% (0/2)">
                  <conditions>
                    <condition number="255" type="jump" coverage="0%" />
                  </conditions>
                </line>
                <line number="51" hits="0" branch="False" />
                <line number="54" hits="0" branch="False" />
                <line number="55" hits="0" branch="False" />
                <line number="56" hits="0" branch="False" />
                <line number="57" hits="0" branch="False" />
                <line number="58" hits="0" branch="False" />
                <line number="59" hits="0" branch="False" />
                <line number="63" hits="0" branch="False" />
                <line number="64" hits="0" branch="False" />
                <line number="67" hits="0" branch="False" />
                <line number="68" hits="0" branch="False" />
                <line number="69" hits="0" branch="False" />
                <line number="70" hits="0" branch="False" />
                <line number="71" hits="0" branch="False" />
                <line number="75" hits="0" branch="False" />
                <line number="78" hits="0" branch="False" />
                <line number="80" hits="0" branch="False" />
                <line number="81" hits="0" branch="False" />
                <line number="84" hits="0" branch="False" />
                <line number="86" hits="0" branch="False" />
                <line number="87" hits="0" branch="False" />
                <line number="89" hits="0" branch="False" />
                <line number="91" hits="0" branch="False" />
                <line number="95" hits="0" branch="False" />
                <line number="96" hits="0" branch="True" condition-coverage="0% (0/2)">
                  <conditions>
                    <condition number="1202" type="jump" coverage="0%" />
                  </conditions>
                </line>
                <line number="97" hits="0" branch="False" />
                <line number="99" hits="0" branch="False" />
                <line number="101" hits="0" branch="False" />
                <line number="102" hits="0" branch="False" />
                <line number="103" hits="0" branch="False" />
                <line number="107" hits="2" branch="False" />
                <line number="108" hits="2" branch="False" />
                <line number="109" hits="2" branch="False" />
                <line number="110" hits="2" branch="False" />
                <line number="112" hits="2" branch="False" />
              </lines>
            </method>
          </methods>
          <lines>
            <line number="43" hits="2" branch="True" condition-coverage="100% (2/2)">
              <conditions>
                <condition number="16" type="jump" coverage="100%" />
              </conditions>
            </line>
            <line number="44" hits="2" branch="False" />
            <line number="47" hits="2" branch="False" />
            <line number="48" hits="2" branch="False" />
            <line number="50" hits="0" branch="True" condition-coverage="0% (0/2)">
              <conditions>
                <condition number="255" type="jump" coverage="0%" />
              </conditions>
            </line>
            <line number="51" hits="0" branch="False" />
            <line number="54" hits="0" branch="False" />
            <line number="55" hits="0" branch="False" />
            <line number="56" hits="0" branch="False" />
            <line number="57" hits="0" branch="False" />
            <line number="58" hits="0" branch="False" />
            <line number="59" hits="0" branch="False" />
            <line number="63" hits="0" branch="False" />
            <line number="64" hits="0" branch="False" />
            <line number="67" hits="0" branch="False" />
            <line number="68" hits="0" branch="False" />
            <line number="69" hits="0" branch="False" />
            <line number="70" hits="0" branch="False" />
            <line number="71" hits="0" branch="False" />
            <line number="75" hits="0" branch="False" />
            <line number="78" hits="0" branch="False" />
            <line number="80" hits="0" branch="False" />
            <line number="81" hits="0" branch="False" />
            <line number="84" hits="0" branch="False" />
            <line number="86" hits="0" branch="False" />
            <line number="87" hits="0" branch="False" />
            <line number="89" hits="0" branch="False" />
            <line number="91" hits="0" branch="False" />
            <line number="95" hits="0" branch="False" />
            <line number="96" hits="0" branch="True" condition-coverage="0% (0/2)">
              <conditions>
                <condition number="1202" type="jump" coverage="0%" />
              </conditions>
            </line>
            <line number="97" hits="0" branch="False" />
            <line number="99" hits="0" branch="False" />
            <line number="101" hits="0" branch="False" />
            <line number="102" hits="0" branch="False" />
            <line number="103" hits="0" branch="False" />
            <line number="107" hits="2" branch="False" />
            <line number="108" hits="2" branch="False" />
            <line number="109" hits="2" branch="False" />
            <line number="110" hits="2" branch="False" />
            <line number="112" hits="2" branch="False" />
          </lines>
        </class>
        <class name="ShoppingCart.API.Controllers.paymentController/&lt;ViewPaymentHistoryProducts&gt;d__9" filename="Desktop\Shoping-Cart-API\ShoppingCart-WebAPI\ShoppingCart-WebAPI\Controllers\paymentController.cs" line-rate="1" branch-rate="1" complexity="1">
          <methods>
            <method name="MoveNext" signature="()" line-rate="1" branch-rate="1" complexity="1">
              <lines>
                <line number="178" hits="3" branch="False" />
                <line number="180" hits="3" branch="False" />
                <line number="181" hits="3" branch="False" />
                <line number="182" hits="1" branch="False" />
                <line number="183" hits="1" branch="False" />
                <line number="186" hits="2" branch="False" />
                <line number="187" hits="2" branch="False" />
                <line number="188" hits="2" branch="False" />
                <line number="191" hits="3" branch="False" />
              </lines>
            </method>
          </methods>
          <lines>
            <line number="178" hits="3" branch="False" />
            <line number="180" hits="3" branch="False" />
            <line number="181" hits="3" branch="False" />
            <line number="182" hits="1" branch="False" />
            <line number="183" hits="1" branch="False" />
            <line number="186" hits="2" branch="False" />
            <line number="187" hits="2" branch="False" />
            <line number="188" hits="2" branch="False" />
            <line number="191" hits="3" branch="False" />
          </lines>
        </class>
        <class name="ShoppingCart.API.Controllers.productsController" filename="Desktop\Shoping-Cart-API\ShoppingCart-WebAPI\ShoppingCart-WebAPI\Controllers\productsController.cs" line-rate="1" branch-rate="1" complexity="1">
          <methods>
            <method name=".ctor" signature="(ShoppingCart.Application.Services.Interfaces.IProductService)" line-rate="1" branch-rate="1" complexity="1">
              <lines>
                <line number="21" hits="8" branch="False" />
                <line number="22" hits="8" branch="False" />
                <line number="23" hits="8" branch="False" />
                <line number="24" hits="8" branch="False" />
              </lines>
            </method>
          </methods>
          <lines>
            <line number="21" hits="8" branch="False" />
            <line number="22" hits="8" branch="False" />
            <line number="23" hits="8" branch="False" />
            <line number="24" hits="8" branch="False" />
          </lines>
        </class>
        <class name="ShoppingCart.API.Controllers.productsController/&lt;GetAllProducts&gt;d__2" filename="Desktop\Shoping-Cart-API\ShoppingCart-WebAPI\ShoppingCart-WebAPI\Controllers\productsController.cs" line-rate="1" branch-rate="1" complexity="1">
          <methods>
            <method name="MoveNext" signature="()" line-rate="1" branch-rate="1" complexity="1">
              <lines>
                <line number="37" hits="3" branch="False" />
                <line number="39" hits="3" branch="False" />
                <line number="40" hits="3" branch="False" />
                <line number="42" hits="1" branch="False" />
                <line number="44" hits="1" branch="False" />
                <line number="46" hits="2" branch="False" />
                <line number="47" hits="2" branch="False" />
                <line number="48" hits="2" branch="False" />
                <line number="50" hits="2" branch="False" />
                <line number="51" hits="2" branch="False" />
                <line number="52" hits="2" branch="False" />
                <line number="53" hits="2" branch="False" />
                <line number="55" hits="3" branch="False" />
              </lines>
            </method>
          </methods>
          <lines>
            <line number="37" hits="3" branch="False" />
            <line number="39" hits="3" branch="False" />
            <line number="40" hits="3" branch="False" />
            <line number="42" hits="1" branch="False" />
            <line number="44" hits="1" branch="False" />
            <line number="46" hits="2" branch="False" />
            <line number="47" hits="2" branch="False" />
            <line number="48" hits="2" branch="False" />
            <line number="50" hits="2" branch="False" />
            <line number="51" hits="2" branch="False" />
            <line number="52" hits="2" branch="False" />
            <line number="53" hits="2" branch="False" />
            <line number="55" hits="3" branch="False" />
          </lines>
        </class>
        <class name="ShoppingCart.API.Controllers.productsController/&lt;GetByCategory&gt;d__3" filename="Desktop\Shoping-Cart-API\ShoppingCart-WebAPI\ShoppingCart-WebAPI\Controllers\productsController.cs" line-rate="1" branch-rate="1" complexity="1">
          <methods>
            <method name="MoveNext" signature="()" line-rate="1" branch-rate="1" complexity="1">
              <lines>
                <line number="69" hits="3" branch="False" />
                <line number="71" hits="3" branch="False" />
                <line number="72" hits="3" branch="False" />
                <line number="74" hits="1" branch="False" />
                <line number="76" hits="1" branch="False" />
                <line number="79" hits="2" branch="False" />
                <line number="80" hits="2" branch="False" />
                <line number="81" hits="2" branch="False" />
                <line number="83" hits="2" branch="False" />
                <line number="85" hits="3" branch="False" />
              </lines>
            </method>
          </methods>
          <lines>
            <line number="69" hits="3" branch="False" />
            <line number="71" hits="3" branch="False" />
            <line number="72" hits="3" branch="False" />
            <line number="74" hits="1" branch="False" />
            <line number="76" hits="1" branch="False" />
            <line number="79" hits="2" branch="False" />
            <line number="80" hits="2" branch="False" />
            <line number="81" hits="2" branch="False" />
            <line number="83" hits="2" branch="False" />
            <line number="85" hits="3" branch="False" />
          </lines>
        </class>
        <class name="ShoppingCart.API.Controllers.productsController/&lt;GetProductByID&gt;d__4" filename="Desktop\Shoping-Cart-API\ShoppingCart-WebAPI\ShoppingCart-WebAPI\Controllers\productsController.cs" line-rate="1" branch-rate="1" complexity="1">
          <methods>
            <method name="MoveNext" signature="()" line-rate="1" branch-rate="1" complexity="1">
              <lines>
                <line number="96" hits="3" branch="False" />
                <line number="98" hits="3" branch="False" />
                <line number="99" hits="3" branch="False" />
                <line number="101" hits="1" branch="False" />
                <line number="103" hits="1" branch="False" />
                <line number="106" hits="2" branch="False" />
                <line number="107" hits="2" branch="False" />
                <line number="108" hits="2" branch="False" />
                <line number="110" hits="2" branch="False" />
                <line number="114" hits="3" branch="False" />
              </lines>
            </method>
          </methods>
          <lines>
            <line number="96" hits="3" branch="False" />
            <line number="98" hits="3" branch="False" />
            <line number="99" hits="3" branch="False" />
            <line number="101" hits="1" branch="False" />
            <line number="103" hits="1" branch="False" />
            <line number="106" hits="2" branch="False" />
            <line number="107" hits="2" branch="False" />
            <line number="108" hits="2" branch="False" />
            <line number="110" hits="2" branch="False" />
            <line number="114" hits="3" branch="False" />
          </lines>
        </class>
        <class name="ShoppingCart.API.Controllers.productsController/&lt;ViewCategory&gt;d__5" filename="Desktop\Shoping-Cart-API\ShoppingCart-WebAPI\ShoppingCart-WebAPI\Controllers\productsController.cs" line-rate="1" branch-rate="1" complexity="1">
          <methods>
            <method name="MoveNext" signature="()" line-rate="1" branch-rate="1" complexity="1">
              <lines>
                <line number="192" hits="2" branch="False" />
                <line number="195" hits="2" branch="False" />
                <line number="196" hits="2" branch="False" />
                <line number="197" hits="1" branch="False" />
                <line number="199" hits="1" branch="False" />
                <line number="200" hits="1" branch="False" />
                <line number="201" hits="1" branch="False" />
                <line number="202" hits="1" branch="False" />
                <line number="207" hits="2" branch="False" />
              </lines>
            </method>
          </methods>
          <lines>
            <line number="192" hits="2" branch="False" />
            <line number="195" hits="2" branch="False" />
            <line number="196" hits="2" branch="False" />
            <line number="197" hits="1" branch="False" />
            <line number="199" hits="1" branch="False" />
            <line number="200" hits="1" branch="False" />
            <line number="201" hits="1" branch="False" />
            <line number="202" hits="1" branch="False" />
            <line number="207" hits="2" branch="False" />
          </lines>
        </class>
        <class name="ShoppingCart.API.Controllers.usersController" filename="Desktop\Shoping-Cart-API\ShoppingCart-WebAPI\ShoppingCart-WebAPI\Controllers\usersController.cs" line-rate="1" branch-rate="1" complexity="1">
          <methods>
            <method name=".ctor" signature="(ShoppingCart.Application.Interfaces.IAuthService,Microsoft.Extensions.Logging.ILogger`1&lt;ShoppingCart.API.Controllers.usersController&gt;,ShoppingCart.Application.Services.Interfaces.IAddressService)" line-rate="1" branch-rate="1" complexity="1">
              <lines>
                <line number="34" hits="8" branch="False" />
                <line number="35" hits="8" branch="False" />
                <line number="37" hits="8" branch="False" />
                <line number="38" hits="8" branch="False" />
                <line number="39" hits="8" branch="False" />
                <line number="40" hits="8" branch="False" />
              </lines>
            </method>
          </methods>
          <lines>
            <line number="34" hits="8" branch="False" />
            <line number="35" hits="8" branch="False" />
            <line number="37" hits="8" branch="False" />
            <line number="38" hits="8" branch="False" />
            <line number="39" hits="8" branch="False" />
            <line number="40" hits="8" branch="False" />
          </lines>
        </class>
        <class name="ShoppingCart.API.Controllers.usersController/&lt;PostAddress&gt;d__7" filename="Desktop\Shoping-Cart-API\ShoppingCart-WebAPI\ShoppingCart-WebAPI\Controllers\usersController.cs" line-rate="1" branch-rate="1" complexity="1">
          <methods>
            <method name="MoveNext" signature="()" line-rate="1" branch-rate="1" complexity="1">
              <lines>
                <line number="142" hits="3" branch="False" />
                <line number="144" hits="3" branch="False" />
                <line number="146" hits="3" branch="False" />
                <line number="148" hits="1" branch="False" />
                <line number="149" hits="1" branch="False" />
                <line number="152" hits="2" branch="False" />
                <line number="153" hits="2" branch="False" />
                <line number="154" hits="2" branch="False" />
                <line number="155" hits="2" branch="False" />
                <line number="157" hits="3" branch="False" />
              </lines>
            </method>
          </methods>
          <lines>
            <line number="142" hits="3" branch="False" />
            <line number="144" hits="3" branch="False" />
            <line number="146" hits="3" branch="False" />
            <line number="148" hits="1" branch="False" />
            <line number="149" hits="1" branch="False" />
            <line number="152" hits="2" branch="False" />
            <line number="153" hits="2" branch="False" />
            <line number="154" hits="2" branch="False" />
            <line number="155" hits="2" branch="False" />
            <line number="157" hits="3" branch="False" />
          </lines>
        </class>
        <class name="ShoppingCart.API.Controllers.usersController/&lt;UserLogin&gt;d__5" filename="Desktop\Shoping-Cart-API\ShoppingCart-WebAPI\ShoppingCart-WebAPI\Controllers\usersController.cs" line-rate="1" branch-rate="1" complexity="2">
          <methods>
            <method name="MoveNext" signature="()" line-rate="1" branch-rate="1" complexity="2">
              <lines>
                <line number="83" hits="2" branch="False" />
                <line number="85" hits="2" branch="False" />
                <line number="86" hits="2" branch="False" />
                <line number="87" hits="2" branch="False" />
                <line number="90" hits="2" branch="False" />
                <line number="93" hits="2" branch="True" condition-coverage="100% (2/2)">
                  <conditions>
                    <condition number="213" type="jump" coverage="100%" />
                  </conditions>
                </line>
                <line number="94" hits="1" branch="False" />
                <line number="95" hits="1" branch="False" />
                <line number="96" hits="1" branch="False" />
                <line number="99" hits="1" branch="False" />
                <line number="100" hits="1" branch="False" />
                <line number="101" hits="1" branch="False" />
                <line number="104" hits="1" branch="False" />
                <line number="105" hits="1" branch="False" />
                <line number="106" hits="1" branch="False" />
                <line number="107" hits="1" branch="False" />
                <line number="110" hits="1" branch="False" />
              </lines>
            </method>
          </methods>
          <lines>
            <line number="83" hits="2" branch="False" />
            <line number="85" hits="2" branch="False" />
            <line number="86" hits="2" branch="False" />
            <line number="87" hits="2" branch="False" />
            <line number="90" hits="2" branch="False" />
            <line number="93" hits="2" branch="True" condition-coverage="100% (2/2)">
              <conditions>
                <condition number="213" type="jump" coverage="100%" />
              </conditions>
            </line>
            <line number="94" hits="1" branch="False" />
            <line number="95" hits="1" branch="False" />
            <line number="96" hits="1" branch="False" />
            <line number="99" hits="1" branch="False" />
            <line number="100" hits="1" branch="False" />
            <line number="101" hits="1" branch="False" />
            <line number="104" hits="1" branch="False" />
            <line number="105" hits="1" branch="False" />
            <line number="106" hits="1" branch="False" />
            <line number="107" hits="1" branch="False" />
            <line number="110" hits="1" branch="False" />
          </lines>
        </class>
        <class name="ShoppingCart.API.Controllers.usersController/&lt;UserSignup&gt;d__4" filename="Desktop\Shoping-Cart-API\ShoppingCart-WebAPI\ShoppingCart-WebAPI\Controllers\usersController.cs" line-rate="1" branch-rate="1" complexity="1">
          <methods>
            <method name="MoveNext" signature="()" line-rate="1" branch-rate="1" complexity="1">
              <lines>
                <line number="52" hits="2" branch="False" />
                <line number="56" hits="2" branch="False" />
                <line number="58" hits="2" branch="False" />
                <line number="60" hits="1" branch="False" />
                <line number="64" hits="1" branch="False" />
                <line number="65" hits="1" branch="False" />
                <line number="66" hits="1" branch="False" />
                <line number="67" hits="1" branch="False" />
                <line number="70" hits="2" branch="False" />
              </lines>
            </method>
          </methods>
          <lines>
            <line number="52" hits="2" branch="False" />
            <line number="56" hits="2" branch="False" />
            <line number="58" hits="2" branch="False" />
            <line number="60" hits="1" branch="False" />
            <line number="64" hits="1" branch="False" />
            <line number="65" hits="1" branch="False" />
            <line number="66" hits="1" branch="False" />
            <line number="67" hits="1" branch="False" />
            <line number="70" hits="2" branch="False" />
          </lines>
        </class>
        <class name="ShoppingCart.API.Controllers.usersController/&lt;ViewAddresses&gt;d__8" filename="Desktop\Shoping-Cart-API\ShoppingCart-WebAPI\ShoppingCart-WebAPI\Controllers\usersController.cs" line-rate="1" branch-rate="1" complexity="1">
          <methods>
            <method name="MoveNext" signature="()" line-rate="1" branch-rate="1" complexity="1">
              <lines>
                <line number="167" hits="3" branch="False" />
                <line number="169" hits="3" branch="False" />
                <line number="170" hits="3" branch="False" />
                <line number="171" hits="1" branch="False" />
                <line number="173" hits="2" branch="False" />
                <line number="174" hits="2" branch="False" />
                <line number="175" hits="2" branch="False" />
                <line number="177" hits="3" branch="False" />
              </lines>
            </method>
          </methods>
          <lines>
            <line number="167" hits="3" branch="False" />
            <line number="169" hits="3" branch="False" />
            <line number="170" hits="3" branch="False" />
            <line number="171" hits="1" branch="False" />
            <line number="173" hits="2" branch="False" />
            <line number="174" hits="2" branch="False" />
            <line number="175" hits="2" branch="False" />
            <line number="177" hits="3" branch="False" />
          </lines>
        </class>
        <class name="ShoppingCart.API.Controllers.usersController/&lt;ViewUserInfo&gt;d__6" filename="Desktop\Shoping-Cart-API\ShoppingCart-WebAPI\ShoppingCart-WebAPI\Controllers\usersController.cs" line-rate="0" branch-rate="1" complexity="1">
          <methods>
            <method name="MoveNext" signature="()" line-rate="0" branch-rate="1" complexity="1">
              <lines>
                <line number="120" hits="0" branch="False" />
                <line number="122" hits="0" branch="False" />
                <line number="123" hits="0" branch="False" />
                <line number="124" hits="0" branch="False" />
                <line number="126" hits="0" branch="False" />
                <line number="127" hits="0" branch="False" />
                <line number="128" hits="0" branch="False" />
                <line number="130" hits="0" branch="False" />
              </lines>
            </method>
          </methods>
          <lines>
            <line number="120" hits="0" branch="False" />
            <line number="122" hits="0" branch="False" />
            <line number="123" hits="0" branch="False" />
            <line number="124" hits="0" branch="False" />
            <line number="126" hits="0" branch="False" />
            <line number="127" hits="0" branch="False" />
            <line number="128" hits="0" branch="False" />
            <line number="130" hits="0" branch="False" />
          </lines>
        </class>
        <class name="ShoppingCart.API.Controllers.usersController/&lt;getrefreshToken&gt;d__9" filename="Desktop\Shoping-Cart-API\ShoppingCart-WebAPI\ShoppingCart-WebAPI\Controllers\usersController.cs" line-rate="0" branch-rate="1" complexity="1">
          <methods>
            <method name="MoveNext" signature="()" line-rate="0" branch-rate="1" complexity="1">
              <lines>
                <line number="189" hits="0" branch="False" />
                <line number="191" hits="0" branch="False" />
                <line number="192" hits="0" branch="False" />
                <line number="193" hits="0" branch="False" />
                <line number="194" hits="0" branch="False" />
                <line number="195" hits="0" branch="False" />
                <line number="196" hits="0" branch="False" />
                <line number="197" hits="0" branch="False" />
                <line number="200" hits="0" branch="False" />
              </lines>
            </method>
          </methods>
          <lines>
            <line number="189" hits="0" branch="False" />
            <line number="191" hits="0" branch="False" />
            <line number="192" hits="0" branch="False" />
            <line number="193" hits="0" branch="False" />
            <line number="194" hits="0" branch="False" />
            <line number="195" hits="0" branch="False" />
            <line number="196" hits="0" branch="False" />
            <line number="197" hits="0" branch="False" />
            <line number="200" hits="0" branch="False" />
          </lines>
        </class>
      </classes>
    </package>
    <package name="ShoppingCart.Application" line-rate="0.8204" branch-rate="0.6904" complexity="124">
      <classes>
        <class name="ShoppingCart.Application.Services.Implementation.AddressService" filename="Desktop\Shoping-Cart-API\ShoppingCart-WebAPI\ShoppingCart.Application\Services\Implementation\AddressService.cs" line-rate="1" branch-rate="1" complexity="1">
          <methods>
            <method name=".ctor" signature="(Microsoft.AspNetCore.Http.IHttpContextAccessor,ShoppingCart.Application.Interfaces.ITokenServices,ShoppingCart.Application.Interfaces.IRepositories.IUnitOfWork)" line-rate="1" branch-rate="1" complexity="1">
              <lines>
                <line number="27" hits="5" branch="False" />
                <line number="28" hits="5" branch="False" />
                <line number="29" hits="5" branch="False" />
                <line number="30" hits="5" branch="False" />
                <line number="31" hits="5" branch="False" />
                <line number="33" hits="5" branch="False" />
                <line number="34" hits="5" branch="False" />
                <line number="35" hits="5" branch="False" />
                <line number="36" hits="5" branch="False" />
              </lines>
            </method>
          </methods>
          <lines>
            <line number="27" hits="5" branch="False" />
            <line number="28" hits="5" branch="False" />
            <line number="29" hits="5" branch="False" />
            <line number="30" hits="5" branch="False" />
            <line number="31" hits="5" branch="False" />
            <line number="33" hits="5" branch="False" />
            <line number="34" hits="5" branch="False" />
            <line number="35" hits="5" branch="False" />
            <line number="36" hits="5" branch="False" />
          </lines>
        </class>
        <class name="ShoppingCart.Application.Services.Implementation.AddressService/&lt;AddAddress&gt;d__5" filename="Desktop\Shoping-Cart-API\ShoppingCart-WebAPI\ShoppingCart.Application\Services\Implementation\AddressService.cs" line-rate="1" branch-rate="1" complexity="1">
          <methods>
            <method name="MoveNext" signature="()" line-rate="1" branch-rate="1" complexity="1">
              <lines>
                <line number="42" hits="3" branch="False" />
                <line number="45" hits="3" branch="False" />
                <line number="46" hits="3" branch="False" />
                <line number="48" hits="3" branch="False" />
                <line number="51" hits="3" branch="False" />
                <line number="55" hits="3" branch="False" />
                <line number="56" hits="3" branch="False" />
                <line number="57" hits="3" branch="False" />
                <line number="58" hits="3" branch="False" />
                <line number="59" hits="3" branch="False" />
                <line number="60" hits="3" branch="False" />
                <line number="61" hits="3" branch="False" />
                <line number="62" hits="3" branch="False" />
                <line number="63" hits="3" branch="False" />
                <line number="68" hits="3" branch="False" />
                <line number="69" hits="1" branch="False" />
                <line number="72" hits="1" branch="False" />
                <line number="73" hits="1" branch="False" />
                <line number="74" hits="1" branch="False" />
                <line number="75" hits="2" branch="False" />
                <line number="76" hits="2" branch="False" />
                <line number="77" hits="2" branch="False" />
                <line number="78" hits="2" branch="False" />
                <line number="80" hits="1" branch="False" />
              </lines>
            </method>
          </methods>
          <lines>
            <line number="42" hits="3" branch="False" />
            <line number="45" hits="3" branch="False" />
            <line number="46" hits="3" branch="False" />
            <line number="48" hits="3" branch="False" />
            <line number="51" hits="3" branch="False" />
            <line number="55" hits="3" branch="False" />
            <line number="56" hits="3" branch="False" />
            <line number="57" hits="3" branch="False" />
            <line number="58" hits="3" branch="False" />
            <line number="59" hits="3" branch="False" />
            <line number="60" hits="3" branch="False" />
            <line number="61" hits="3" branch="False" />
            <line number="62" hits="3" branch="False" />
            <line number="63" hits="3" branch="False" />
            <line number="68" hits="3" branch="False" />
            <line number="69" hits="1" branch="False" />
            <line number="72" hits="1" branch="False" />
            <line number="73" hits="1" branch="False" />
            <line number="74" hits="1" branch="False" />
            <line number="75" hits="2" branch="False" />
            <line number="76" hits="2" branch="False" />
            <line number="77" hits="2" branch="False" />
            <line number="78" hits="2" branch="False" />
            <line number="80" hits="1" branch="False" />
          </lines>
        </class>
        <class name="ShoppingCart.Application.Services.Implementation.AddressService/&lt;ViewAddress&gt;d__6" filename="Desktop\Shoping-Cart-API\ShoppingCart-WebAPI\ShoppingCart.Application\Services\Implementation\AddressService.cs" line-rate="0.8" branch-rate="0.5" complexity="2">
          <methods>
            <method name="MoveNext" signature="()" line-rate="0.8" branch-rate="0.5" complexity="2">
              <lines>
                <line number="85" hits="2" branch="False" />
                <line number="87" hits="2" branch="False" />
                <line number="90" hits="2" branch="False" />
                <line number="93" hits="2" branch="False" />
                <line number="96" hits="2" branch="True" condition-coverage="50% (1/2)">
                  <conditions>
                    <condition number="341" type="jump" coverage="50%" />
                  </conditions>
                </line>
                <line number="97" hits="0" branch="False" />
                <line number="98" hits="0" branch="False" />
                <line number="103" hits="2" branch="False" />
                <line number="104" hits="2" branch="False" />
                <line number="105" hits="2" branch="False" />
              </lines>
            </method>
          </methods>
          <lines>
            <line number="85" hits="2" branch="False" />
            <line number="87" hits="2" branch="False" />
            <line number="90" hits="2" branch="False" />
            <line number="93" hits="2" branch="False" />
            <line number="96" hits="2" branch="True" condition-coverage="50% (1/2)">
              <conditions>
                <condition number="341" type="jump" coverage="50%" />
              </conditions>
            </line>
            <line number="97" hits="0" branch="False" />
            <line number="98" hits="0" branch="False" />
            <line number="103" hits="2" branch="False" />
            <line number="104" hits="2" branch="False" />
            <line number="105" hits="2" branch="False" />
          </lines>
        </class>
        <class name="ShoppingCart.Application.Services.Implementation.AddressService/&lt;ViewUserDetails&gt;d__7" filename="Desktop\Shoping-Cart-API\ShoppingCart-WebAPI\ShoppingCart.Application\Services\Implementation\AddressService.cs" line-rate="0" branch-rate="0" complexity="2">
          <methods>
            <method name="MoveNext" signature="()" line-rate="0" branch-rate="0" complexity="2">
              <lines>
                <line number="110" hits="0" branch="False" />
                <line number="112" hits="0" branch="False" />
                <line number="115" hits="0" branch="False" />
                <line number="118" hits="0" branch="False" />
                <line number="121" hits="0" branch="True" condition-coverage="0% (0/2)">
                  <conditions>
                    <condition number="341" type="jump" coverage="0%" />
                  </conditions>
                </line>
                <line number="122" hits="0" branch="False" />
                <line number="123" hits="0" branch="False" />
                <line number="128" hits="0" branch="False" />
                <line number="129" hits="0" branch="False" />
                <line number="130" hits="0" branch="False" />
              </lines>
            </method>
          </methods>
          <lines>
            <line number="110" hits="0" branch="False" />
            <line number="112" hits="0" branch="False" />
            <line number="115" hits="0" branch="False" />
            <line number="118" hits="0" branch="False" />
            <line number="121" hits="0" branch="True" condition-coverage="0% (0/2)">
              <conditions>
                <condition number="341" type="jump" coverage="0%" />
              </conditions>
            </line>
            <line number="122" hits="0" branch="False" />
            <line number="123" hits="0" branch="False" />
            <line number="128" hits="0" branch="False" />
            <line number="129" hits="0" branch="False" />
            <line number="130" hits="0" branch="False" />
          </lines>
        </class>
        <class name="ShoppingCart.Application.Services.Implementation.OrderServices" filename="Desktop\Shoping-Cart-API\ShoppingCart-WebAPI\ShoppingCart.Application\Services\Implementation\OrderServices.cs" line-rate="1" branch-rate="1" complexity="1">
          <methods>
            <method name=".ctor" signature="(Microsoft.AspNetCore.Http.IHttpContextAccessor,ShoppingCart.Application.Interfaces.ITokenServices,ShoppingCart.Application.Interfaces.IRepositories.IUnitOfWork,ShoppingCart.Application.Services.Interfaces.IUpdateTimeStampService)" line-rate="1" branch-rate="1" complexity="1">
              <lines>
                <line number="26" hits="13" branch="False" />
                <line number="27" hits="13" branch="False" />
                <line number="28" hits="13" branch="False" />
                <line number="29" hits="13" branch="False" />
                <line number="30" hits="13" branch="False" />
                <line number="31" hits="13" branch="False" />
                <line number="34" hits="13" branch="False" />
                <line number="35" hits="13" branch="False" />
                <line number="36" hits="13" branch="False" />
                <line number="37" hits="13" branch="False" />
                <line number="39" hits="13" branch="False" />
              </lines>
            </method>
          </methods>
          <lines>
            <line number="26" hits="13" branch="False" />
            <line number="27" hits="13" branch="False" />
            <line number="28" hits="13" branch="False" />
            <line number="29" hits="13" branch="False" />
            <line number="30" hits="13" branch="False" />
            <line number="31" hits="13" branch="False" />
            <line number="34" hits="13" branch="False" />
            <line number="35" hits="13" branch="False" />
            <line number="36" hits="13" branch="False" />
            <line number="37" hits="13" branch="False" />
            <line number="39" hits="13" branch="False" />
          </lines>
        </class>
        <class name="ShoppingCart.Application.Services.Implementation.OrderServices/&lt;&gt;c" filename="Desktop\Shoping-Cart-API\ShoppingCart-WebAPI\ShoppingCart.Application\Services\Implementation\OrderServices.cs" line-rate="1" branch-rate="1" complexity="1">
          <methods>
            <method name="&lt;ViewCartItem&gt;b__8_2" signature="(ShoppingCart.Application.DTOs.ProductCategoryDTO)" line-rate="1" branch-rate="1" complexity="1">
              <lines>
                <line number="308" hits="2" branch="False" />
              </lines>
            </method>
          </methods>
          <lines>
            <line number="308" hits="2" branch="False" />
          </lines>
        </class>
        <class name="ShoppingCart.Application.Services.Implementation.OrderServices/&lt;&gt;c__DisplayClass8_0" filename="Desktop\Shoping-Cart-API\ShoppingCart-WebAPI\ShoppingCart.Application\Services\Implementation\OrderServices.cs" line-rate="1" branch-rate="1" complexity="1">
          <methods>
            <method name="&lt;ViewCartItem&gt;b__1" signature="(ShoppingCart.Domain.Models.UserCart)" line-rate="1" branch-rate="1" complexity="1">
              <lines>
                <line number="268" hits="2" branch="False" />
                <line number="269" hits="2" branch="False" />
                <line number="270" hits="2" branch="False" />
                <line number="271" hits="2" branch="False" />
                <line number="272" hits="2" branch="False" />
                <line number="273" hits="2" branch="False" />
                <line number="274" hits="2" branch="False" />
                <line number="275" hits="2" branch="False" />
                <line number="276" hits="2" branch="False" />
                <line number="277" hits="2" branch="False" />
                <line number="278" hits="2" branch="False" />
                <line number="279" hits="2" branch="False" />
                <line number="280" hits="2" branch="False" />
                <line number="281" hits="2" branch="False" />
                <line number="282" hits="2" branch="False" />
              </lines>
            </method>
          </methods>
          <lines>
            <line number="268" hits="2" branch="False" />
            <line number="269" hits="2" branch="False" />
            <line number="270" hits="2" branch="False" />
            <line number="271" hits="2" branch="False" />
            <line number="272" hits="2" branch="False" />
            <line number="273" hits="2" branch="False" />
            <line number="274" hits="2" branch="False" />
            <line number="275" hits="2" branch="False" />
            <line number="276" hits="2" branch="False" />
            <line number="277" hits="2" branch="False" />
            <line number="278" hits="2" branch="False" />
            <line number="279" hits="2" branch="False" />
            <line number="280" hits="2" branch="False" />
            <line number="281" hits="2" branch="False" />
            <line number="282" hits="2" branch="False" />
          </lines>
        </class>
        <class name="ShoppingCart.Application.Services.Implementation.OrderServices/&lt;AddToCart&gt;d__7" filename="Desktop\Shoping-Cart-API\ShoppingCart-WebAPI\ShoppingCart.Application\Services\Implementation\OrderServices.cs" line-rate="0.9117000000000001" branch-rate="0.8332999999999999" complexity="6">
          <methods>
            <method name="MoveNext" signature="()" line-rate="0.9117000000000001" branch-rate="0.8332999999999999" complexity="6">
              <lines>
                <line number="189" hits="3" branch="False" />
                <line number="191" hits="3" branch="False" />
                <line number="192" hits="3" branch="False" />
                <line number="195" hits="3" branch="False" />
                <line number="199" hits="3" branch="False" />
                <line number="200" hits="3" branch="False" />
                <line number="201" hits="3" branch="False" />
                <line number="202" hits="3" branch="False" />
                <line number="203" hits="3" branch="False" />
                <line number="204" hits="3" branch="False" />
                <line number="205" hits="3" branch="False" />
                <line number="206" hits="3" branch="False" />
                <line number="207" hits="3" branch="False" />
                <line number="211" hits="3" branch="False" />
                <line number="214" hits="3" branch="True" condition-coverage="100% (2/2)">
                  <conditions>
                    <condition number="659" type="jump" coverage="100%" />
                  </conditions>
                </line>
                <line number="215" hits="1" branch="False" />
                <line number="216" hits="1" branch="False" />
                <line number="217" hits="1" branch="False" />
                <line number="221" hits="2" branch="True" condition-coverage="75% (3/4)">
                  <conditions>
                    <condition number="711" type="jump" coverage="100%" />
                    <condition number="729" type="jump" coverage="50%" />
                  </conditions>
                </line>
                <line number="222" hits="0" branch="False" />
                <line number="223" hits="0" branch="False" />
                <line number="224" hits="0" branch="False" />
                <line number="228" hits="2" branch="False" />
                <line number="229" hits="1" branch="False" />
                <line number="231" hits="1" branch="False" />
                <line number="232" hits="1" branch="False" />
                <line number="234" hits="1" branch="False" />
                <line number="235" hits="1" branch="False" />
                <line number="236" hits="1" branch="False" />
                <line number="238" hits="2" branch="False" />
                <line number="239" hits="2" branch="False" />
                <line number="240" hits="2" branch="False" />
                <line number="241" hits="2" branch="False" />
                <line number="244" hits="1" branch="False" />
              </lines>
            </method>
          </methods>
          <lines>
            <line number="189" hits="3" branch="False" />
            <line number="191" hits="3" branch="False" />
            <line number="192" hits="3" branch="False" />
            <line number="195" hits="3" branch="False" />
            <line number="199" hits="3" branch="False" />
            <line number="200" hits="3" branch="False" />
            <line number="201" hits="3" branch="False" />
            <line number="202" hits="3" branch="False" />
            <line number="203" hits="3" branch="False" />
            <line number="204" hits="3" branch="False" />
            <line number="205" hits="3" branch="False" />
            <line number="206" hits="3" branch="False" />
            <line number="207" hits="3" branch="False" />
            <line number="211" hits="3" branch="False" />
            <line number="214" hits="3" branch="True" condition-coverage="100% (2/2)">
              <conditions>
                <condition number="659" type="jump" coverage="100%" />
              </conditions>
            </line>
            <line number="215" hits="1" branch="False" />
            <line number="216" hits="1" branch="False" />
            <line number="217" hits="1" branch="False" />
            <line number="221" hits="2" branch="True" condition-coverage="75% (3/4)">
              <conditions>
                <condition number="711" type="jump" coverage="100%" />
                <condition number="729" type="jump" coverage="50%" />
              </conditions>
            </line>
            <line number="222" hits="0" branch="False" />
            <line number="223" hits="0" branch="False" />
            <line number="224" hits="0" branch="False" />
            <line number="228" hits="2" branch="False" />
            <line number="229" hits="1" branch="False" />
            <line number="231" hits="1" branch="False" />
            <line number="232" hits="1" branch="False" />
            <line number="234" hits="1" branch="False" />
            <line number="235" hits="1" branch="False" />
            <line number="236" hits="1" branch="False" />
            <line number="238" hits="2" branch="False" />
            <line number="239" hits="2" branch="False" />
            <line number="240" hits="2" branch="False" />
            <line number="241" hits="2" branch="False" />
            <line number="244" hits="1" branch="False" />
          </lines>
        </class>
        <class name="ShoppingCart.Application.Services.Implementation.OrderServices/&lt;DeleteCartItem&gt;d__9" filename="Desktop\Shoping-Cart-API\ShoppingCart-WebAPI\ShoppingCart.Application\Services\Implementation\OrderServices.cs" line-rate="1" branch-rate="1" complexity="2">
          <methods>
            <method name="MoveNext" signature="()" line-rate="1" branch-rate="1" complexity="2">
              <lines>
                <line number="325" hits="3" branch="False" />
                <line number="327" hits="3" branch="False" />
                <line number="329" hits="3" branch="False" />
                <line number="331" hits="3" branch="False" />
                <line number="334" hits="3" branch="False" />
                <line number="335" hits="3" branch="False" />
                <line number="338" hits="3" branch="True" condition-coverage="100% (2/2)">
                  <conditions>
                    <condition number="675" type="jump" coverage="100%" />
                  </conditions>
                </line>
                <line number="339" hits="2" branch="False" />
                <line number="341" hits="2" branch="False" />
                <line number="342" hits="1" branch="False" />
                <line number="344" hits="1" branch="False" />
                <line number="345" hits="1" branch="False" />
                <line number="346" hits="1" branch="False" />
                <line number="347" hits="1" branch="False" />
                <line number="352" hits="1" branch="False" />
                <line number="353" hits="1" branch="False" />
                <line number="354" hits="1" branch="False" />
                <line number="358" hits="2" branch="False" />
                <line number="359" hits="2" branch="False" />
                <line number="360" hits="2" branch="False" />
                <line number="361" hits="2" branch="False" />
                <line number="365" hits="1" branch="False" />
              </lines>
            </method>
          </methods>
          <lines>
            <line number="325" hits="3" branch="False" />
            <line number="327" hits="3" branch="False" />
            <line number="329" hits="3" branch="False" />
            <line number="331" hits="3" branch="False" />
            <line number="334" hits="3" branch="False" />
            <line number="335" hits="3" branch="False" />
            <line number="338" hits="3" branch="True" condition-coverage="100% (2/2)">
              <conditions>
                <condition number="675" type="jump" coverage="100%" />
              </conditions>
            </line>
            <line number="339" hits="2" branch="False" />
            <line number="341" hits="2" branch="False" />
            <line number="342" hits="1" branch="False" />
            <line number="344" hits="1" branch="False" />
            <line number="345" hits="1" branch="False" />
            <line number="346" hits="1" branch="False" />
            <line number="347" hits="1" branch="False" />
            <line number="352" hits="1" branch="False" />
            <line number="353" hits="1" branch="False" />
            <line number="354" hits="1" branch="False" />
            <line number="358" hits="2" branch="False" />
            <line number="359" hits="2" branch="False" />
            <line number="360" hits="2" branch="False" />
            <line number="361" hits="2" branch="False" />
            <line number="365" hits="1" branch="False" />
          </lines>
        </class>
        <class name="ShoppingCart.Application.Services.Implementation.OrderServices/&lt;GetOrder&gt;d__5" filename="Desktop\Shoping-Cart-API\ShoppingCart-WebAPI\ShoppingCart.Application\Services\Implementation\OrderServices.cs" line-rate="1" branch-rate="1" complexity="4">
          <methods>
            <method name="MoveNext" signature="()" line-rate="1" branch-rate="1" complexity="4">
              <lines>
                <line number="46" hits="2" branch="False" />
                <line number="49" hits="2" branch="False" />
                <line number="50" hits="2" branch="False" />
                <line number="51" hits="2" branch="False" />
                <line number="54" hits="2" branch="True" condition-coverage="100% (2/2)">
                  <conditions>
                    <condition number="535" type="jump" coverage="100%" />
                  </conditions>
                </line>
                <line number="55" hits="1" branch="False" />
                <line number="56" hits="1" branch="False" />
                <line number="59" hits="1" branch="False" />
                <line number="63" hits="1" branch="False" />
                <line number="64" hits="1" branch="False" />
                <line number="65" hits="1" branch="False" />
                <line number="66" hits="1" branch="False" />
[...]
            <line number="74" hits="1" branch="False" />
          </lines>
        </class>
        <class name="ShoppingCartAPI.Test.Tests.Controllers.ProductControllerTest/&lt;GetProductByID_ShouldReturnBadRequest_WhenExceptionThrown&gt;d__9" filename="Desktop\Shoping-Cart-API\ShoppingCart-WebAPI\ShoppingCartAPI.Test\Tests\ControllersTesting\ProductControllerTest.cs" line-rate="1" branch-rate="1" complexity="1">
          <methods>
            <method name="MoveNext" signature="()" line-rate="1" branch-rate="1" complexity="1">
              <lines>
                <line number="108" hits="1" branch="False" />
                <line number="110" hits="1" branch="False" />
                <line number="111" hits="1" branch="False" />
                <line number="114" hits="1" branch="False" />
                <line number="120" hits="1" branch="False" />
              </lines>
            </method>
          </methods>
          <lines>
            <line number="108" hits="1" branch="False" />
            <line number="110" hits="1" branch="False" />
            <line number="111" hits="1" branch="False" />
            <line number="114" hits="1" branch="False" />
            <line number="120" hits="1" branch="False" />
          </lines>
        </class>
        <class name="ShoppingCartAPI.Test.Tests.Controllers.ProductControllerTest/&lt;GetProductByID_ShouldReturnOkResult_WhenProductRetrievedSuccessfully&gt;d__8" filename="Desktop\Shoping-Cart-API\ShoppingCart-WebAPI\ShoppingCartAPI.Test\Tests\ControllersTesting\ProductControllerTest.cs" line-rate="1" branch-rate="1" complexity="1">
          <methods>
            <method name="MoveNext" signature="()" line-rate="1" branch-rate="1" complexity="1">
              <lines>
                <line number="93" hits="1" branch="False" />
                <line number="95" hits="1" branch="False" />
                <line number="96" hits="1" branch="False" />
                <line number="99" hits="1" branch="False" />
                <line number="103" hits="1" branch="False" />
                <line number="104" hits="1" branch="False" />
              </lines>
            </method>
          </methods>
          <lines>
            <line number="93" hits="1" branch="False" />
            <line number="95" hits="1" branch="False" />
            <line number="96" hits="1" branch="False" />
            <line number="99" hits="1" branch="False" />
            <line number="103" hits="1" branch="False" />
            <line number="104" hits="1" branch="False" />
          </lines>
        </class>
        <class name="ShoppingCartAPI.Test.Tests.Controllers.ProductControllerTest/&lt;ViewCategory_ShouldReturnNotFound_WhenExceptionThrown&gt;d__11" filename="Desktop\Shoping-Cart-API\ShoppingCart-WebAPI\ShoppingCartAPI.Test\Tests\ControllersTesting\ProductControllerTest.cs" line-rate="1" branch-rate="1" complexity="1">
          <methods>
            <method name="MoveNext" signature="()" line-rate="1" branch-rate="1" complexity="1">
              <lines>
                <line number="140" hits="1" branch="False" />
                <line number="142" hits="1" branch="False" />
                <line number="145" hits="1" branch="False" />
                <line number="148" hits="1" branch="False" />
                <line number="149" hits="1" branch="False" />
                <line number="151" hits="1" branch="False" />
                <line number="152" hits="1" branch="False" />
              </lines>
            </method>
          </methods>
          <lines>
            <line number="140" hits="1" branch="False" />
            <line number="142" hits="1" branch="False" />
            <line number="145" hits="1" branch="False" />
            <line number="148" hits="1" branch="False" />
            <line number="149" hits="1" branch="False" />
            <line number="151" hits="1" branch="False" />
            <line number="152" hits="1" branch="False" />
          </lines>
        </class>
        <class name="ShoppingCartAPI.Test.Tests.Controllers.ProductControllerTest/&lt;ViewCategory_ShouldReturnOkResult_WhenCategoriesRetrievedSuccessfully&gt;d__10" filename="Desktop\Shoping-Cart-API\ShoppingCart-WebAPI\ShoppingCartAPI.Test\Tests\ControllersTesting\ProductControllerTest.cs" line-rate="1" branch-rate="1" complexity="1">
          <methods>
            <method name="MoveNext" signature="()" line-rate="1" branch-rate="1" complexity="1">
              <lines>
                <line number="125" hits="1" branch="False" />
                <line number="127" hits="1" branch="False" />
                <line number="128" hits="1" branch="False" />
                <line number="131" hits="1" branch="False" />
                <line number="134" hits="1" branch="False" />
                <line number="135" hits="1" branch="False" />
                <line number="136" hits="1" branch="False" />
              </lines>
            </method>
          </methods>
          <lines>
            <line number="125" hits="1" branch="False" />
            <line number="127" hits="1" branch="False" />
            <line number="128" hits="1" branch="False" />
            <line number="131" hits="1" branch="False" />
            <line number="134" hits="1" branch="False" />
            <line number="135" hits="1" branch="False" />
            <line number="136" hits="1" branch="False" />
          </lines>
        </class>
        <class name="ShoppingCartAPI.Test.Tests.Controllers.UsersControllerTests" filename="Desktop\Shoping-Cart-API\ShoppingCart-WebAPI\ShoppingCartAPI.Test\Tests\ControllersTesting\UsersControllerTests.cs" line-rate="1" branch-rate="1" complexity="2">
          <methods>
            <method name="&lt;ViewAddresses_ShouldReturnBadRequest_WhenExceptionThrown&gt;b__12_1" signature="()" line-rate="1" branch-rate="1" complexity="1">
              <lines>
                <line number="162" hits="2" branch="False" />
              </lines>
            </method>
            <method name=".ctor" signature="()" line-rate="1" branch-rate="1" complexity="1">
              <lines>
                <line number="21" hits="8" branch="False" />
                <line number="22" hits="8" branch="False" />
                <line number="23" hits="8" branch="False" />
                <line number="24" hits="8" branch="False" />
                <line number="25" hits="8" branch="False" />
                <line number="26" hits="8" branch="False" />
                <line number="27" hits="8" branch="False" />
              </lines>
            </method>
          </methods>
          <lines>
            <line number="162" hits="2" branch="False" />
            <line number="21" hits="8" branch="False" />
            <line number="22" hits="8" branch="False" />
            <line number="23" hits="8" branch="False" />
            <line number="24" hits="8" branch="False" />
            <line number="25" hits="8" branch="False" />
            <line number="26" hits="8" branch="False" />
            <line number="27" hits="8" branch="False" />
          </lines>
        </class>
        <class name="ShoppingCartAPI.Test.Tests.Controllers.UsersControllerTests/&lt;&gt;c__DisplayClass10_0" filename="Desktop\Shoping-Cart-API\ShoppingCart-WebAPI\ShoppingCartAPI.Test\Tests\ControllersTesting\UsersControllerTests.cs" line-rate="1" branch-rate="1" complexity="1">
          <methods>
            <method name="&lt;PostAddress_ShouldReturnBadRequest_WhenExceptionThrown&gt;b__1" signature="()" line-rate="1" branch-rate="1" complexity="1">
              <lines>
                <line number="125" hits="2" branch="False" />
              </lines>
            </method>
          </methods>
          <lines>
            <line number="125" hits="2" branch="False" />
          </lines>
        </class>
        <class name="ShoppingCartAPI.Test.Tests.Controllers.UsersControllerTests/&lt;&gt;c__DisplayClass8_0/&lt;&lt;UserLogin_ShouldThrowException_WhenLoginFails&gt;b__1&gt;d" filename="Desktop\Shoping-Cart-API\ShoppingCart-WebAPI\ShoppingCartAPI.Test\Tests\ControllersTesting\UsersControllerTests.cs" line-rate="1" branch-rate="1" complexity="1">
          <methods>
            <method name="MoveNext" signature="()" line-rate="1" branch-rate="1" complexity="1">
              <lines>
                <line number="92" hits="2" branch="False" />
              </lines>
            </method>
          </methods>
          <lines>
            <line number="92" hits="2" branch="False" />
          </lines>
        </class>
        <class name="ShoppingCartAPI.Test.Tests.Controllers.UsersControllerTests/&lt;PostAddress_ShouldReturnBadRequest_WhenExceptionThrown&gt;d__10" filename="Desktop\Shoping-Cart-API\ShoppingCart-WebAPI\ShoppingCartAPI.Test\Tests\ControllersTesting\UsersControllerTests.cs" line-rate="1" branch-rate="1" complexity="1">
          <methods>
            <method name="MoveNext" signature="()" line-rate="1" branch-rate="1" complexity="1">
              <lines>
                <line number="114" hits="1" branch="False" />
                <line number="116" hits="1" branch="False" />
                <line number="117" hits="1" branch="False" />
                <line number="120" hits="1" branch="False" />
                <line number="126" hits="1" branch="False" />
              </lines>
            </method>
          </methods>
          <lines>
            <line number="114" hits="1" branch="False" />
            <line number="116" hits="1" branch="False" />
            <line number="117" hits="1" branch="False" />
            <line number="120" hits="1" branch="False" />
            <line number="126" hits="1" branch="False" />
          </lines>
        </class>
        <class name="ShoppingCartAPI.Test.Tests.Controllers.UsersControllerTests/&lt;PostAddress_ShouldReturnOkResult_WhenAddressAddedSuccessfully&gt;d__9" filename="Desktop\Shoping-Cart-API\ShoppingCart-WebAPI\ShoppingCartAPI.Test\Tests\ControllersTesting\UsersControllerTests.cs" line-rate="1" branch-rate="1" complexity="1">
          <methods>
            <method name="MoveNext" signature="()" line-rate="1" branch-rate="1" complexity="1">
              <lines>
                <line number="97" hits="1" branch="False" />
                <line number="99" hits="1" branch="False" />
                <line number="100" hits="1" branch="False" />
                <line number="101" hits="1" branch="False" />
                <line number="104" hits="1" branch="False" />
                <line number="109" hits="1" branch="False" />
                <line number="110" hits="1" branch="False" />
              </lines>
            </method>
          </methods>
          <lines>
            <line number="97" hits="1" branch="False" />
            <line number="99" hits="1" branch="False" />
            <line number="100" hits="1" branch="False" />
            <line number="101" hits="1" branch="False" />
            <line number="104" hits="1" branch="False" />
            <line number="109" hits="1" branch="False" />
            <line number="110" hits="1" branch="False" />
          </lines>
        </class>
        <class name="ShoppingCartAPI.Test.Tests.Controllers.UsersControllerTests/&lt;UserLogin_ShouldReturnOkResult_WhenLoginSuccessful&gt;d__7" filename="Desktop\Shoping-Cart-API\ShoppingCart-WebAPI\ShoppingCartAPI.Test\Tests\ControllersTesting\UsersControllerTests.cs" line-rate="1" branch-rate="1" complexity="1">
          <methods>
            <method name="MoveNext" signature="()" line-rate="1" branch-rate="1" complexity="1">
              <lines>
                <line number="64" hits="1" branch="False" />
                <line number="66" hits="1" branch="False" />
                <line number="67" hits="1" branch="False" />
                <line number="68" hits="1" branch="False" />
                <line number="69" hits="1" branch="False" />
                <line number="70" hits="1" branch="False" />
                <line number="71" hits="1" branch="False" />
                <line number="72" hits="1" branch="False" />
                <line number="73" hits="1" branch="False" />
                <line number="76" hits="1" branch="False" />
                <line number="81" hits="1" branch="False" />
                <line number="82" hits="1" branch="False" />
              </lines>
            </method>
          </methods>
          <lines>
            <line number="64" hits="1" branch="False" />
            <line number="66" hits="1" branch="False" />
            <line number="67" hits="1" branch="False" />
            <line number="68" hits="1" branch="False" />
            <line number="69" hits="1" branch="False" />
            <line number="70" hits="1" branch="False" />
            <line number="71" hits="1" branch="False" />
            <line number="72" hits="1" branch="False" />
            <line number="73" hits="1" branch="False" />
            <line number="76" hits="1" branch="False" />
            <line number="81" hits="1" branch="False" />
            <line number="82" hits="1" branch="False" />
          </lines>
        </class>
        <class name="ShoppingCartAPI.Test.Tests.Controllers.UsersControllerTests/&lt;UserLogin_ShouldThrowException_WhenLoginFails&gt;d__8" filename="Desktop\Shoping-Cart-API\ShoppingCart-WebAPI\ShoppingCartAPI.Test\Tests\ControllersTesting\UsersControllerTests.cs" line-rate="1" branch-rate="1" complexity="1">
          <methods>
            <method name="MoveNext" signature="()" line-rate="1" branch-rate="1" complexity="1">
              <lines>
                <line number="86" hits="1" branch="False" />
                <line number="88" hits="1" branch="False" />
                <line number="89" hits="1" branch="False" />
                <line number="93" hits="1" branch="False" />
              </lines>
            </method>
          </methods>
          <lines>
            <line number="86" hits="1" branch="False" />
            <line number="88" hits="1" branch="False" />
            <line number="89" hits="1" branch="False" />
            <line number="93" hits="1" branch="False" />
          </lines>
        </class>
        <class name="ShoppingCartAPI.Test.Tests.Controllers.UsersControllerTests/&lt;UserSignup_ShouldReturnOkResult_WhenUserCreatedSuccessfully&gt;d__5" filename="Desktop\Shoping-Cart-API\ShoppingCart-WebAPI\ShoppingCartAPI.Test\Tests\ControllersTesting\UsersControllerTests.cs" line-rate="1" branch-rate="1" complexity="1">
          <methods>
            <method name="MoveNext" signature="()" line-rate="1" branch-rate="1" complexity="1">
              <lines>
                <line number="31" hits="1" branch="False" />
                <line number="33" hits="1" branch="False" />
                <line number="34" hits="1" branch="False" />
                <line number="35" hits="1" branch="False" />
                <line number="38" hits="1" branch="False" />
                <line number="43" hits="1" branch="False" />
                <line number="44" hits="1" branch="False" />
              </lines>
            </method>
          </methods>
          <lines>
            <line number="31" hits="1" branch="False" />
            <line number="33" hits="1" branch="False" />
            <line number="34" hits="1" branch="False" />
            <line number="35" hits="1" branch="False" />
            <line number="38" hits="1" branch="False" />
            <line number="43" hits="1" branch="False" />
            <line number="44" hits="1" branch="False" />
          </lines>
        </class>
        <class name="ShoppingCartAPI.Test.Tests.Controllers.UsersControllerTests/&lt;UserSignup_ShouldReturnStatusCode500_WhenExceptionThrown&gt;d__6" filename="Desktop\Shoping-Cart-API\ShoppingCart-WebAPI\ShoppingCartAPI.Test\Tests\ControllersTesting\UsersControllerTests.cs" line-rate="1" branch-rate="1" complexity="1">
          <methods>
            <method name="MoveNext" signature="()" line-rate="1" branch-rate="1" complexity="1">
              <lines>
                <line number="48" hits="1" branch="False" />
                <line number="50" hits="1" branch="False" />
                <line number="51" hits="1" branch="False" />
                <line number="54" hits="1" branch="False" />
                <line number="57" hits="1" branch="False" />
                <line number="59" hits="1" branch="False" />
                <line number="60" hits="1" branch="False" />
              </lines>
            </method>
          </methods>
          <lines>
            <line number="48" hits="1" branch="False" />
            <line number="50" hits="1" branch="False" />
            <line number="51" hits="1" branch="False" />
            <line number="54" hits="1" branch="False" />
            <line number="57" hits="1" branch="False" />
            <line number="59" hits="1" branch="False" />
            <line number="60" hits="1" branch="False" />
          </lines>
        </class>
        <class name="ShoppingCartAPI.Test.Tests.Controllers.UsersControllerTests/&lt;ViewAddresses_ShouldReturnBadRequest_WhenExceptionThrown&gt;d__12" filename="Desktop\Shoping-Cart-API\ShoppingCart-WebAPI\ShoppingCartAPI.Test\Tests\ControllersTesting\UsersControllerTests.cs" line-rate="1" branch-rate="1" complexity="1">
          <methods>
            <method name="MoveNext" signature="()" line-rate="1" branch-rate="1" complexity="1">
              <lines>
                <line number="150" hits="1" branch="False" />
                <line number="152" hits="1" branch="False" />
                <line number="155" hits="1" branch="False" />
                <line number="163" hits="1" branch="False" />
              </lines>
            </method>
          </methods>
          <lines>
            <line number="150" hits="1" branch="False" />
            <line number="152" hits="1" branch="False" />
            <line number="155" hits="1" branch="False" />
            <line number="163" hits="1" branch="False" />
          </lines>
        </class>
        <class name="ShoppingCartAPI.Test.Tests.Controllers.UsersControllerTests/&lt;ViewAddresses_ShouldReturnOkResult_WhenAddressesRetrievedSuccessfully&gt;d__11" filename="Desktop\Shoping-Cart-API\ShoppingCart-WebAPI\ShoppingCartAPI.Test\Tests\ControllersTesting\UsersControllerTests.cs" line-rate="1" branch-rate="1" complexity="1">
          <methods>
            <method name="MoveNext" signature="()" line-rate="1" branch-rate="1" complexity="1">
              <lines>
                <line number="130" hits="1" branch="False" />
                <line number="132" hits="1" branch="False" />
                <line number="133" hits="1" branch="False" />
                <line number="134" hits="1" branch="False" />
                <line number="135" hits="1" branch="False" />
                <line number="136" hits="1" branch="False" />
                <line number="137" hits="1" branch="False" />
                <line number="140" hits="1" branch="False" />
                <line number="145" hits="1" branch="False" />
                <line number="146" hits="1" branch="False" />
              </lines>
            </method>
          </methods>
          <lines>
            <line number="130" hits="1" branch="False" />
            <line number="132" hits="1" branch="False" />
            <line number="133" hits="1" branch="False" />
            <line number="134" hits="1" branch="False" />
            <line number="135" hits="1" branch="False" />
            <line number="136" hits="1" branch="False" />
            <line number="137" hits="1" branch="False" />
            <line number="140" hits="1" branch="False" />
            <line number="145" hits="1" branch="False" />
            <line number="146" hits="1" branch="False" />
          </lines>
        </class>
      </classes>
    </package>
  </packages>
</coverage>