TpTrace Verbose: 0 : 9200, 1, 2024/07/17, 10:04:30.164, 18202587021759, vstest.console.dll, Version: 17.9.0-release-24072-02 Current process architecture: X64
TpTrace Verbose: 0 : 9200, 1, 2024/07/17, 10:04:30.167, 18202587046755, vstest.console.dll, Runtime location: C:\Program Files\dotnet\shared\Microsoft.NETCore.App\8.0.3
TpTrace Verbose: 0 : 9200, 1, 2024/07/17, 10:04:30.168, 18202587065375, vstest.console.dll, ArtifactProcessingPostProcessModeProcessorExecutor.Initialize: ArtifactProcessingMode.Collect
TpTrace Verbose: 0 : 9200, 1, 2024/07/17, 10:04:30.169, 18202587066551, vstest.console.dll, TestSessionCorrelationIdProcessorModeProcessorExecutor.Initialize: TestSessionCorrelationId '20860_d25c3e65-4d14-447a-bf4f-4d7e9fc91c08'
TpTrace Information: 0 : 9200, 1, 2024/07/17, 10:04:30.176, 18202587137974, vstest.console.dll, FilePatternParser: The given file C:\Users\Dilshan\Desktop\Shoping-Cart-API\ShoppingCart-WebAPI\ShoppingApp.FrontEnd.Test\bin\Debug\net8.0\fine-code-coverage\build-output\ShoppingApp.FrontEnd.Test.dll is a full path.
TpTrace Verbose: 0 : 9200, 1, 2024/07/17, 10:04:30.180, 18202587178113, vstest.console.dll, TestPluginCache.DiscoverTestExtensions: finding test extensions in assemblies ends with: RuntimeProvider.dll TPluginInfo: Microsoft.VisualStudio.TestPlatform.Common.ExtensionFramework.Utilities.TestRuntimePluginInformation TExtension: Microsoft.VisualStudio.TestPlatform.ObjectModel.Host.ITestRuntimeProvider
TpTrace Verbose: 0 : 9200, 1, 2024/07/17, 10:04:30.180, 18202587181208, vstest.console.dll, TestPluginCache.GetExtensionPaths: Filtered extension paths: 
TpTrace Verbose: 0 : 9200, 1, 2024/07/17, 10:04:30.180, 18202587181956, vstest.console.dll, TestPluginCache.GetExtensionPaths: Added default extension paths: C:\Program Files\dotnet\sdk\8.0.203\Extensions\Microsoft.Diagnostics.NETCore.Client.dll
C:\Program Files\dotnet\sdk\8.0.203\Extensions\Microsoft.TestPlatform.Extensions.BlameDataCollector.dll
C:\Program Files\dotnet\sdk\8.0.203\Extensions\Microsoft.TestPlatform.Extensions.EventLogCollector.dll
C:\Program Files\dotnet\sdk\8.0.203\Extensions\Microsoft.TestPlatform.TestHostRuntimeProvider.dll
C:\Program Files\dotnet\sdk\8.0.203\Extensions\Microsoft.VisualStudio.TestPlatform.Extensions.Html.TestLogger.dll
C:\Program Files\dotnet\sdk\8.0.203\Extensions\Microsoft.VisualStudio.TestPlatform.Extensions.Trx.TestLogger.dll
TpTrace Verbose: 0 : 9200, 1, 2024/07/17, 10:04:30.180, 18202587182203, vstest.console.dll, TestPluginCache.GetExtensionPaths: Added unfilterableExtensionPaths: 
TpTrace Information: 0 : 9200, 1, 2024/07/17, 10:04:30.181, 18202587186472, vstest.console.dll, AssemblyResolver.ctor: Creating AssemblyResolver with searchDirectories C:\Program Files\dotnet\sdk\8.0.203\Extensions,C:\Program Files\dotnet\sdk\8.0.203
TpTrace Verbose: 0 : 9200, 1, 2024/07/17, 10:04:30.182, 18202587199314, vstest.console.dll, TestPluginCache.DiscoverTestExtensions: Discovering the extensions using extension path.
TpTrace Verbose: 0 : 9200, 1, 2024/07/17, 10:04:30.182, 18202587200904, vstest.console.dll, TestPluginCache.GetExtensionPaths: Filtered extension paths: 
TpTrace Verbose: 0 : 9200, 1, 2024/07/17, 10:04:30.182, 18202587201285, vstest.console.dll, TestPluginCache.GetExtensionPaths: Added default extension paths: C:\Program Files\dotnet\sdk\8.0.203\Extensions\Microsoft.Diagnostics.NETCore.Client.dll
C:\Program Files\dotnet\sdk\8.0.203\Extensions\Microsoft.TestPlatform.Extensions.BlameDataCollector.dll
C:\Program Files\dotnet\sdk\8.0.203\Extensions\Microsoft.TestPlatform.Extensions.EventLogCollector.dll
C:\Program Files\dotnet\sdk\8.0.203\Extensions\Microsoft.TestPlatform.TestHostRuntimeProvider.dll
C:\Program Files\dotnet\sdk\8.0.203\Extensions\Microsoft.VisualStudio.TestPlatform.Extensions.Html.TestLogger.dll
C:\Program Files\dotnet\sdk\8.0.203\Extensions\Microsoft.VisualStudio.TestPlatform.Extensions.Trx.TestLogger.dll
TpTrace Verbose: 0 : 9200, 1, 2024/07/17, 10:04:30.182, 18202587201493, vstest.console.dll, TestPluginCache.GetExtensionPaths: Added unfilterableExtensionPaths: 
TpTrace Verbose: 0 : 9200, 1, 2024/07/17, 10:04:30.182, 18202587202403, vstest.console.dll, TestPluginCache.DiscoverTestExtensions: Discovering the extensions using allExtensionPaths: C:\Program Files\dotnet\sdk\8.0.203\Extensions\Microsoft.Diagnostics.NETCore.Client.dll
C:\Program Files\dotnet\sdk\8.0.203\Extensions\Microsoft.TestPlatform.Extensions.BlameDataCollector.dll
C:\Program Files\dotnet\sdk\8.0.203\Extensions\Microsoft.TestPlatform.Extensions.EventLogCollector.dll
C:\Program Files\dotnet\sdk\8.0.203\Extensions\Microsoft.TestPlatform.TestHostRuntimeProvider.dll
C:\Program Files\dotnet\sdk\8.0.203\Extensions\Microsoft.VisualStudio.TestPlatform.Extensions.Html.TestLogger.dll
C:\Program Files\dotnet\sdk\8.0.203\Extensions\Microsoft.VisualStudio.TestPlatform.Extensions.Trx.TestLogger.dll
TpTrace Information: 0 : 9200, 1, 2024/07/17, 10:04:30.182, 18202587203361, vstest.console.dll, AssemblyResolver.AddSearchDirectories: Adding more searchDirectories C:\Program Files\dotnet\sdk\8.0.203\Extensions,C:\Program Files\dotnet\sdk\8.0.203
TpTrace Information: 0 : 9200, 1, 2024/07/17, 10:04:30.182, 18202587203721, vstest.console.dll, AssemblyResolver.AddSearchDirectories: Adding more searchDirectories C:\Program Files\dotnet\sdk\8.0.203\Extensions,C:\Program Files\dotnet\sdk\8.0.203
TpTrace Information: 0 : 9200, 1, 2024/07/17, 10:04:30.182, 18202587203912, vstest.console.dll, AssemblyResolver.AddSearchDirectories: Adding more searchDirectories C:\Program Files\dotnet\sdk\8.0.203\Extensions,C:\Program Files\dotnet\sdk\8.0.203
TpTrace Information: 0 : 9200, 1, 2024/07/17, 10:04:30.182, 18202587204077, vstest.console.dll, AssemblyResolver.AddSearchDirectories: Adding more searchDirectories C:\Program Files\dotnet\sdk\8.0.203\Extensions,C:\Program Files\dotnet\sdk\8.0.203
TpTrace Information: 0 : 9200, 1, 2024/07/17, 10:04:30.182, 18202587204265, vstest.console.dll, AssemblyResolver.AddSearchDirectories: Adding more searchDirectories C:\Program Files\dotnet\sdk\8.0.203\Extensions,C:\Program Files\dotnet\sdk\8.0.203
TpTrace Information: 0 : 9200, 1, 2024/07/17, 10:04:30.182, 18202587204428, vstest.console.dll, AssemblyResolver.AddSearchDirectories: Adding more searchDirectories C:\Program Files\dotnet\sdk\8.0.203\Extensions,C:\Program Files\dotnet\sdk\8.0.203
TpTrace Information: 0 : 9200, 1, 2024/07/17, 10:04:30.183, 18202587208386, vstest.console.dll, AssemblyResolver.OnResolve: Microsoft.Diagnostics.NETCore.Client: Resolving assembly.
TpTrace Information: 0 : 9200, 1, 2024/07/17, 10:04:30.183, 18202587209134, vstest.console.dll, AssemblyResolver.OnResolve: Microsoft.Diagnostics.NETCore.Client: Searching in: 'C:\Program Files\dotnet\sdk\8.0.203\Extensions'.
TpTrace Information: 0 : 9200, 1, 2024/07/17, 10:04:30.188, 18202587264625, vstest.console.dll, AssemblyResolver.OnResolve: Microsoft.Diagnostics.NETCore.Client: Loading assembly 'C:\Program Files\dotnet\sdk\8.0.203\Extensions\Microsoft.Diagnostics.NETCore.Client.dll'.
TpTrace Information: 0 : 9200, 1, 2024/07/17, 10:04:30.189, 18202587273452, vstest.console.dll, AssemblyResolver.OnResolve: Resolved assembly: Microsoft.Diagnostics.NETCore.Client, from path: C:\Program Files\dotnet\sdk\8.0.203\Extensions\Microsoft.Diagnostics.NETCore.Client.dll
TpTrace Verbose: 0 : 9200, 1, 2024/07/17, 10:04:30.193, 18202587315326, vstest.console.dll, MetadataReaderExtensionsHelper: Discovering extensions inside assembly 'Microsoft.Diagnostics.NETCore.Client, Version=0.2.9.2401, Culture=neutral, PublicKeyToken=31bf3856ad364e35' file path 'C:\Program Files\dotnet\sdk\8.0.203\Extensions\Microsoft.Diagnostics.NETCore.Client.dll'
TpTrace Information: 0 : 9200, 1, 2024/07/17, 10:04:30.197, 18202587347061, vstest.console.dll, AssemblyResolver.OnResolve: Microsoft.Bcl.AsyncInterfaces: Resolving assembly.
TpTrace Information: 0 : 9200, 1, 2024/07/17, 10:04:30.197, 18202587347963, vstest.console.dll, AssemblyResolver.OnResolve: Microsoft.Bcl.AsyncInterfaces: Searching in: 'C:\Program Files\dotnet\sdk\8.0.203\Extensions'.
TpTrace Information: 0 : 9200, 1, 2024/07/17, 10:04:30.197, 18202587348498, vstest.console.dll, AssemblyResolver.OnResolve: Microsoft.Bcl.AsyncInterfaces: Assembly path does not exist: 'C:\Program Files\dotnet\sdk\8.0.203\Extensions\Microsoft.Bcl.AsyncInterfaces.dll', returning.
TpTrace Information: 0 : 9200, 1, 2024/07/17, 10:04:30.197, 18202587349219, vstest.console.dll, AssemblyResolver.OnResolve: Microsoft.Bcl.AsyncInterfaces: Assembly path does not exist: 'C:\Program Files\dotnet\sdk\8.0.203\Extensions\Microsoft.Bcl.AsyncInterfaces.exe', returning.
TpTrace Information: 0 : 9200, 1, 2024/07/17, 10:04:30.197, 18202587349406, vstest.console.dll, AssemblyResolver.OnResolve: Microsoft.Bcl.AsyncInterfaces: Searching in: 'C:\Program Files\dotnet\sdk\8.0.203'.
TpTrace Information: 0 : 9200, 1, 2024/07/17, 10:04:30.197, 18202587349735, vstest.console.dll, AssemblyResolver.OnResolve: Microsoft.Bcl.AsyncInterfaces: Assembly path does not exist: 'C:\Program Files\dotnet\sdk\8.0.203\Microsoft.Bcl.AsyncInterfaces.dll', returning.
TpTrace Information: 0 : 9200, 1, 2024/07/17, 10:04:30.197, 18202587349983, vstest.console.dll, AssemblyResolver.OnResolve: Microsoft.Bcl.AsyncInterfaces: Assembly path does not exist: 'C:\Program Files\dotnet\sdk\8.0.203\Microsoft.Bcl.AsyncInterfaces.exe', returning.
TpTrace Information: 0 : 9200, 1, 2024/07/17, 10:04:30.197, 18202587350200, vstest.console.dll, AssemblyResolver.OnResolve: Microsoft.Bcl.AsyncInterfaces: Failed to load assembly.
TpTrace Verbose: 0 : 9200, 1, 2024/07/17, 10:04:30.197, 18202587350433, vstest.console.dll, CurrentDomainAssemblyResolve: Resolving assembly 'Microsoft.Bcl.AsyncInterfaces'.
TpTrace Information: 0 : 9200, 1, 2024/07/17, 10:04:30.197, 18202587350825, vstest.console.dll, AssemblyResolver.OnResolve: Microsoft.Bcl.AsyncInterfaces: Resolving assembly.
TpTrace Information: 0 : 9200, 1, 2024/07/17, 10:04:30.197, 18202587351064, vstest.console.dll, AssemblyResolver.OnResolve: Microsoft.Bcl.AsyncInterfaces: Resolved from cache.
TpTrace Verbose: 0 : 9200, 1, 2024/07/17, 10:04:30.197, 18202587351251, vstest.console.dll, CurrentDomainAssemblyResolve: Resolving assembly 'Microsoft.Bcl.AsyncInterfaces'.
TpTrace Verbose: 0 : 9200, 1, 2024/07/17, 10:04:30.197, 18202587351601, vstest.console.dll, CurrentDomainAssemblyResolve: Failed to resolve assembly 'Microsoft.Bcl.AsyncInterfaces'.
TpTrace Verbose: 0 : 9200, 1, 2024/07/17, 10:04:30.197, 18202587355840, vstest.console.dll, CurrentDomainAssemblyResolve: Failed to resolve assembly 'Microsoft.Bcl.AsyncInterfaces'.
TpTrace Warning: 0 : 9200, 1, 2024/07/17, 10:04:30.206, 18202587443690, vstest.console.dll, TestPluginDiscoverer: Failed to get types from assembly 'Microsoft.Diagnostics.NETCore.Client, Version=0.2.9.2401, Culture=neutral, PublicKeyToken=31bf3856ad364e35'. Error: System.Reflection.ReflectionTypeLoadException: Unable to load one or more of the requested types.
Could not load file or assembly 'Microsoft.Bcl.AsyncInterfaces, Version=6.0.0.0, Culture=neutral, PublicKeyToken=cc7b13ffcd2ddd51'. The system cannot find the file specified.
   at System.Reflection.RuntimeModule.GetTypes(RuntimeModule module)
   at System.Reflection.RuntimeModule.GetTypes()
   at Microsoft.VisualStudio.TestPlatform.Common.ExtensionFramework.TestPluginDiscoverer.GetTestExtensionsFromAssembly[TPluginInfo,TExtension](Assembly assembly, Dictionary`2 pluginInfos, String filePath) in /_/src/Microsoft.TestPlatform.Common/ExtensionFramework/TestPluginDiscoverer.cs:line 158
System.IO.FileNotFoundException: Could not load file or assembly 'Microsoft.Bcl.AsyncInterfaces, Version=6.0.0.0, Culture=neutral, PublicKeyToken=cc7b13ffcd2ddd51'. The system cannot find the file specified.
File name: 'Microsoft.Bcl.AsyncInterfaces, Version=6.0.0.0, Culture=neutral, PublicKeyToken=cc7b13ffcd2ddd51'
 ---> System.IO.FileNotFoundException: Could not load file or assembly 'Microsoft.Bcl.AsyncInterfaces, Culture=neutral, PublicKeyToken=null'. The system cannot find the file specified.
File name: 'Microsoft.Bcl.AsyncInterfaces, Culture=neutral, PublicKeyToken=null'
   at System.Reflection.RuntimeAssembly.InternalLoad(AssemblyName assemblyName, StackCrawlMark& stackMark, AssemblyLoadContext assemblyLoadContext, RuntimeAssembly requestingAssembly, Boolean throwOnFileNotFound)
   at System.Reflection.Assembly.Load(AssemblyName assemblyRef)
   at Microsoft.VisualStudio.TestPlatform.Common.ExtensionFramework.TestPluginCache.CurrentDomainAssemblyResolve(Object sender, AssemblyResolveEventArgs args) in /_/src/Microsoft.TestPlatform.Common/ExtensionFramework/TestPluginCache.cs:line 513
   at System.Runtime.Loader.AssemblyLoadContext.GetFirstResolvedAssemblyFromResolvingEvent(AssemblyName assemblyName)
   at System.Runtime.Loader.AssemblyLoadContext.ResolveUsingEvent(AssemblyName assemblyName)
   at System.Runtime.Loader.AssemblyLoadContext.ResolveUsingResolvingEvent(IntPtr gchManagedAssemblyLoadContext, AssemblyName assemblyName)
TpTrace Warning: 0 : 9200, 1, 2024/07/17, 10:04:30.207, 18202587446653, vstest.console.dll, LoaderExceptions: System.IO.FileNotFoundException: Could not load file or assembly 'Microsoft.Bcl.AsyncInterfaces, Version=6.0.0.0, Culture=neutral, PublicKeyToken=cc7b13ffcd2ddd51'. The system cannot find the file specified.
File name: 'Microsoft.Bcl.AsyncInterfaces, Version=6.0.0.0, Culture=neutral, PublicKeyToken=cc7b13ffcd2ddd51'
 ---> System.IO.FileNotFoundException: Could not load file or assembly 'Microsoft.Bcl.AsyncInterfaces, Culture=neutral, PublicKeyToken=null'. The system cannot find the file specified.
File name: 'Microsoft.Bcl.AsyncInterfaces, Culture=neutral, PublicKeyToken=null'
   at System.Reflection.RuntimeAssembly.InternalLoad(AssemblyName assemblyName, StackCrawlMark& stackMark, AssemblyLoadContext assemblyLoadContext, RuntimeAssembly requestingAssembly, Boolean throwOnFileNotFound)
   at System.Reflection.Assembly.Load(AssemblyName assemblyRef)
   at Microsoft.VisualStudio.TestPlatform.Common.ExtensionFramework.TestPluginCache.CurrentDomainAssemblyResolve(Object sender, AssemblyResolveEventArgs args) in /_/src/Microsoft.TestPlatform.Common/ExtensionFramework/TestPluginCache.cs:line 513
   at System.Runtime.Loader.AssemblyLoadContext.GetFirstResolvedAssemblyFromResolvingEvent(AssemblyName assemblyName)
   at System.Runtime.Loader.AssemblyLoadContext.ResolveUsingEvent(AssemblyName assemblyName)
   at System.Runtime.Loader.AssemblyLoadContext.ResolveUsingResolvingEvent(IntPtr gchManagedAssemblyLoadContext, AssemblyName assemblyName)
TpTrace Information: 0 : 9200, 1, 2024/07/17, 10:04:30.207, 18202587447814, vstest.console.dll, AssemblyResolver.OnResolve: Microsoft.TestPlatform.Extensions.BlameDataCollector: Resolving assembly.
TpTrace Information: 0 : 9200, 1, 2024/07/17, 10:04:30.207, 18202587448081, vstest.console.dll, AssemblyResolver.OnResolve: Microsoft.TestPlatform.Extensions.BlameDataCollector: Searching in: 'C:\Program Files\dotnet\sdk\8.0.203\Extensions'.
TpTrace Information: 0 : 9200, 1, 2024/07/17, 10:04:30.207, 18202587450945, vstest.console.dll, AssemblyResolver.OnResolve: Microsoft.TestPlatform.Extensions.BlameDataCollector: Loading assembly 'C:\Program Files\dotnet\sdk\8.0.203\Extensions\Microsoft.TestPlatform.Extensions.BlameDataCollector.dll'.
TpTrace Information: 0 : 9200, 1, 2024/07/17, 10:04:30.207, 18202587455990, vstest.console.dll, AssemblyResolver.OnResolve: Resolved assembly: Microsoft.TestPlatform.Extensions.BlameDataCollector, from path: C:\Program Files\dotnet\sdk\8.0.203\Extensions\Microsoft.TestPlatform.Extensions.BlameDataCollector.dll
TpTrace Verbose: 0 : 9200, 1, 2024/07/17, 10:04:30.208, 18202587456652, vstest.console.dll, MetadataReaderExtensionsHelper: Discovering extensions inside assembly 'Microsoft.TestPlatform.Extensions.BlameDataCollector, Version=15.0.0.0, Culture=neutral, PublicKeyToken=b03f5f7f11d50a3a' file path 'C:\Program Files\dotnet\sdk\8.0.203\Extensions\Microsoft.TestPlatform.Extensions.BlameDataCollector.dll'
TpTrace Information: 0 : 9200, 1, 2024/07/17, 10:04:30.209, 18202587467712, vstest.console.dll, AssemblyResolver.OnResolve: Microsoft.TestPlatform.Extensions.EventLogCollector: Resolving assembly.
TpTrace Information: 0 : 9200, 1, 2024/07/17, 10:04:30.209, 18202587468253, vstest.console.dll, AssemblyResolver.OnResolve: Microsoft.TestPlatform.Extensions.EventLogCollector: Searching in: 'C:\Program Files\dotnet\sdk\8.0.203\Extensions'.
TpTrace Information: 0 : 9200, 1, 2024/07/17, 10:04:30.209, 18202587470748, vstest.console.dll, AssemblyResolver.OnResolve: Microsoft.TestPlatform.Extensions.EventLogCollector: Loading assembly 'C:\Program Files\dotnet\sdk\8.0.203\Extensions\Microsoft.TestPlatform.Extensions.EventLogCollector.dll'.
TpTrace Information: 0 : 9200, 1, 2024/07/17, 10:04:30.209, 18202587474831, vstest.console.dll, AssemblyResolver.OnResolve: Resolved assembly: Microsoft.TestPlatform.Extensions.EventLogCollector, from path: C:\Program Files\dotnet\sdk\8.0.203\Extensions\Microsoft.TestPlatform.Extensions.EventLogCollector.dll
TpTrace Verbose: 0 : 9200, 1, 2024/07/17, 10:04:30.209, 18202587475394, vstest.console.dll, MetadataReaderExtensionsHelper: Discovering extensions inside assembly 'Microsoft.TestPlatform.Extensions.EventLogCollector, Version=15.0.0.0, Culture=neutral, PublicKeyToken=b03f5f7f11d50a3a' file path 'C:\Program Files\dotnet\sdk\8.0.203\Extensions\Microsoft.TestPlatform.Extensions.EventLogCollector.dll'
TpTrace Information: 0 : 9200, 1, 2024/07/17, 10:04:30.211, 18202587491462, vstest.console.dll, AssemblyResolver.OnResolve: Microsoft.TestPlatform.TestHostRuntimeProvider: Resolving assembly.
TpTrace Information: 0 : 9200, 1, 2024/07/17, 10:04:30.211, 18202587492024, vstest.console.dll, AssemblyResolver.OnResolve: Microsoft.TestPlatform.TestHostRuntimeProvider: Searching in: 'C:\Program Files\dotnet\sdk\8.0.203\Extensions'.
TpTrace Information: 0 : 9200, 1, 2024/07/17, 10:04:30.211, 18202587493975, vstest.console.dll, AssemblyResolver.OnResolve: Microsoft.TestPlatform.TestHostRuntimeProvider: Loading assembly 'C:\Program Files\dotnet\sdk\8.0.203\Extensions\Microsoft.TestPlatform.TestHostRuntimeProvider.dll'.
TpTrace Information: 0 : 9200, 1, 2024/07/17, 10:04:30.212, 18202587498522, vstest.console.dll, AssemblyResolver.OnResolve: Resolved assembly: Microsoft.TestPlatform.TestHostRuntimeProvider, from path: C:\Program Files\dotnet\sdk\8.0.203\Extensions\Microsoft.TestPlatform.TestHostRuntimeProvider.dll
TpTrace Verbose: 0 : 9200, 1, 2024/07/17, 10:04:30.212, 18202587499079, vstest.console.dll, MetadataReaderExtensionsHelper: Discovering extensions inside assembly 'Microsoft.TestPlatform.TestHostRuntimeProvider, Version=15.0.0.0, Culture=neutral, PublicKeyToken=b03f5f7f11d50a3a' file path 'C:\Program Files\dotnet\sdk\8.0.203\Extensions\Microsoft.TestPlatform.TestHostRuntimeProvider.dll'
TpTrace Information: 0 : 9200, 1, 2024/07/17, 10:04:30.213, 18202587509630, vstest.console.dll, GetTestExtensionFromType: Register extension with identifier data 'HostProvider://DefaultTestHost' and type 'Microsoft.VisualStudio.TestPlatform.CrossPlatEngine.Hosting.DefaultTestHostManager, Microsoft.TestPlatform.TestHostRuntimeProvider, Version=15.0.0.0, Culture=neutral, PublicKeyToken=b03f5f7f11d50a3a' inside file 'C:\Program Files\dotnet\sdk\8.0.203\Extensions\Microsoft.TestPlatform.TestHostRuntimeProvider.dll'
TpTrace Information: 0 : 9200, 1, 2024/07/17, 10:04:30.213, 18202587511917, vstest.console.dll, GetTestExtensionFromType: Register extension with identifier data 'HostProvider://DotnetTestHost' and type 'Microsoft.VisualStudio.TestPlatform.CrossPlatEngine.Hosting.DotnetTestHostManager, Microsoft.TestPlatform.TestHostRuntimeProvider, Version=15.0.0.0, Culture=neutral, PublicKeyToken=b03f5f7f11d50a3a' inside file 'C:\Program Files\dotnet\sdk\8.0.203\Extensions\Microsoft.TestPlatform.TestHostRuntimeProvider.dll'
TpTrace Information: 0 : 9200, 1, 2024/07/17, 10:04:30.213, 18202587512485, vstest.console.dll, AssemblyResolver.OnResolve: Microsoft.VisualStudio.TestPlatform.Extensions.Html.TestLogger: Resolving assembly.
TpTrace Information: 0 : 9200, 1, 2024/07/17, 10:04:30.213, 18202587512692, vstest.console.dll, AssemblyResolver.OnResolve: Microsoft.VisualStudio.TestPlatform.Extensions.Html.TestLogger: Searching in: 'C:\Program Files\dotnet\sdk\8.0.203\Extensions'.
TpTrace Information: 0 : 9200, 1, 2024/07/17, 10:04:30.213, 18202587514587, vstest.console.dll, AssemblyResolver.OnResolve: Microsoft.VisualStudio.TestPlatform.Extensions.Html.TestLogger: Loading assembly 'C:\Program Files\dotnet\sdk\8.0.203\Extensions\Microsoft.VisualStudio.TestPlatform.Extensions.Html.TestLogger.dll'.
TpTrace Information: 0 : 9200, 1, 2024/07/17, 10:04:30.214, 18202587518793, vstest.console.dll, AssemblyResolver.OnResolve: Resolved assembly: Microsoft.VisualStudio.TestPlatform.Extensions.Html.TestLogger, from path: C:\Program Files\dotnet\sdk\8.0.203\Extensions\Microsoft.VisualStudio.TestPlatform.Extensions.Html.TestLogger.dll
TpTrace Verbose: 0 : 9200, 1, 2024/07/17, 10:04:30.214, 18202587519280, vstest.console.dll, MetadataReaderExtensionsHelper: Discovering extensions inside assembly 'Microsoft.VisualStudio.TestPlatform.Extensions.Html.TestLogger, Version=15.0.0.0, Culture=neutral, PublicKeyToken=b03f5f7f11d50a3a' file path 'C:\Program Files\dotnet\sdk\8.0.203\Extensions\Microsoft.VisualStudio.TestPlatform.Extensions.Html.TestLogger.dll'
TpTrace Information: 0 : 9200, 1, 2024/07/17, 10:04:30.214, 18202587524272, vstest.console.dll, AssemblyResolver.OnResolve: Microsoft.VisualStudio.TestPlatform.Extensions.Trx.TestLogger: Resolving assembly.
TpTrace Information: 0 : 9200, 1, 2024/07/17, 10:04:30.214, 18202587524668, vstest.console.dll, AssemblyResolver.OnResolve: Microsoft.VisualStudio.TestPlatform.Extensions.Trx.TestLogger: Searching in: 'C:\Program Files\dotnet\sdk\8.0.203\Extensions'.
TpTrace Information: 0 : 9200, 1, 2024/07/17, 10:04:30.214, 18202587526202, vstest.console.dll, AssemblyResolver.OnResolve: Microsoft.VisualStudio.TestPlatform.Extensions.Trx.TestLogger: Loading assembly 'C:\Program Files\dotnet\sdk\8.0.203\Extensions\Microsoft.VisualStudio.TestPlatform.Extensions.Trx.TestLogger.dll'.
TpTrace Information: 0 : 9200, 1, 2024/07/17, 10:04:30.215, 18202587530642, vstest.console.dll, AssemblyResolver.OnResolve: Resolved assembly: Microsoft.VisualStudio.TestPlatform.Extensions.Trx.TestLogger, from path: C:\Program Files\dotnet\sdk\8.0.203\Extensions\Microsoft.VisualStudio.TestPlatform.Extensions.Trx.TestLogger.dll
TpTrace Verbose: 0 : 9200, 1, 2024/07/17, 10:04:30.215, 18202587531223, vstest.console.dll, MetadataReaderExtensionsHelper: Discovering extensions inside assembly 'Microsoft.VisualStudio.TestPlatform.Extensions.Trx.TestLogger, Version=15.0.0.0, Culture=neutral, PublicKeyToken=b03f5f7f11d50a3a' file path 'C:\Program Files\dotnet\sdk\8.0.203\Extensions\Microsoft.VisualStudio.TestPlatform.Extensions.Trx.TestLogger.dll'
TpTrace Verbose: 0 : 9200, 1, 2024/07/17, 10:04:30.216, 18202587536913, vstest.console.dll, TestPluginCache: Discovered the extensions using extension path ''.
TpTrace Verbose: 0 : 9200, 1, 2024/07/17, 10:04:30.216, 18202587537497, vstest.console.dll, TestPluginCache: Discoverers are ''.
TpTrace Verbose: 0 : 9200, 1, 2024/07/17, 10:04:30.216, 18202587537657, vstest.console.dll, TestPluginCache: Executors are ''.
TpTrace Verbose: 0 : 9200, 1, 2024/07/17, 10:04:30.216, 18202587537791, vstest.console.dll, TestPluginCache: Executors2 are ''.
TpTrace Verbose: 0 : 9200, 1, 2024/07/17, 10:04:30.216, 18202587537921, vstest.console.dll, TestPluginCache: Setting providers are ''.
TpTrace Verbose: 0 : 9200, 1, 2024/07/17, 10:04:30.216, 18202587538057, vstest.console.dll, TestPluginCache: Loggers are ''.
TpTrace Verbose: 0 : 9200, 1, 2024/07/17, 10:04:30.216, 18202587539271, vstest.console.dll, TestPluginCache: TestHosts are 'HostProvider://DefaultTestHost,HostProvider://DotnetTestHost'.
TpTrace Verbose: 0 : 9200, 1, 2024/07/17, 10:04:30.216, 18202587539502, vstest.console.dll, TestPluginCache: DataCollectors are ''.
TpTrace Information: 0 : 9200, 1, 2024/07/17, 10:04:30.226, 18202587643812, vstest.console.dll, RunTestsArgumentProcessor:Execute: Test run is starting.
TpTrace Verbose: 0 : 9200, 1, 2024/07/17, 10:04:30.226, 18202587644700, vstest.console.dll, RunTestsArgumentProcessor:Execute: Queuing Test run.
TpTrace Information: 0 : 9200, 1, 2024/07/17, 10:04:30.227, 18202587647055, vstest.console.dll, TestRequestManager.RunTests: run tests started.
TpTrace Information: 0 : 9200, 1, 2024/07/17, 10:04:30.228, 18202587657180, vstest.console.dll, AssemblyMetadataProvider.GetFrameworkName: Determined framework:'.NETCoreApp,Version=v8.0' for source: 'C:\Users\Dilshan\Desktop\Shoping-Cart-API\ShoppingCart-WebAPI\ShoppingApp.FrontEnd.Test\bin\Debug\net8.0\fine-code-coverage\build-output\ShoppingApp.FrontEnd.Test.dll'
TpTrace Information: 0 : 9200, 1, 2024/07/17, 10:04:30.228, 18202587658501, vstest.console.dll, Determined framework for all sources: .NETCoreApp,Version=v8.0
TpTrace Verbose: 0 : 9200, 1, 2024/07/17, 10:04:30.228, 18202587660872, vstest.console.dll, TestRequestManager.UpdateRunSettingsIfRequired: Default architecture: X64 IsDefaultTargetArchitecture: True, Current process architecture: X64 OperatingSystem: Windows.
TpTrace Information: 0 : 9200, 1, 2024/07/17, 10:04:30.229, 18202587673879, vstest.console.dll, AssemblyMetadataProvider.GetArchitecture: Determined architecture:AnyCPU info for assembly: C:\Users\Dilshan\Desktop\Shoping-Cart-API\ShoppingCart-WebAPI\ShoppingApp.FrontEnd.Test\bin\Debug\net8.0\fine-code-coverage\build-output\ShoppingApp.FrontEnd.Test.dll
TpTrace Information: 0 : 9200, 1, 2024/07/17, 10:04:30.229, 18202587674343, vstest.console.dll, Determined platform for source 'C:\Users\Dilshan\Desktop\Shoping-Cart-API\ShoppingCart-WebAPI\ShoppingApp.FrontEnd.Test\bin\Debug\net8.0\fine-code-coverage\build-output\ShoppingApp.FrontEnd.Test.dll' was AnyCPU and it will use the default plaform X64.
TpTrace Information: 0 : 9200, 1, 2024/07/17, 10:04:30.229, 18202587674505, vstest.console.dll, None of the sources provided any runnable platform, using the default platform: X64
TpTrace Information: 0 : 9200, 1, 2024/07/17, 10:04:30.229, 18202587675167, vstest.console.dll, Platform was updated to 'X64'.
TpTrace Information: 0 : 9200, 1, 2024/07/17, 10:04:30.232, 18202587697941, vstest.console.dll, InferRunSettingsHelper.IsTestSettingsEnabled: Unable to navigate to RunSettings/MSTest. Current node: RunSettings
TpTrace Information: 0 : 9200, 1, 2024/07/17, 10:04:30.232, 18202587702562, vstest.console.dll, AssemblyResolver.OnResolve: Microsoft.VisualStudio.TestPlatform.Fakes: Resolving assembly.
TpTrace Information: 0 : 9200, 1, 2024/07/17, 10:04:30.232, 18202587703059, vstest.console.dll, AssemblyResolver.OnResolve: Microsoft.VisualStudio.TestPlatform.Fakes: Searching in: 'C:\Program Files\dotnet\sdk\8.0.203\Extensions'.
TpTrace Information: 0 : 9200, 1, 2024/07/17, 10:04:30.232, 18202587703673, vstest.console.dll, AssemblyResolver.OnResolve: Microsoft.VisualStudio.TestPlatform.Fakes: Assembly path does not exist: 'C:\Program Files\dotnet\sdk\8.0.203\Extensions\Microsoft.VisualStudio.TestPlatform.Fakes.dll', returning.
TpTrace Information: 0 : 9200, 1, 2024/07/17, 10:04:30.232, 18202587704043, vstest.console.dll, AssemblyResolver.OnResolve: Microsoft.VisualStudio.TestPlatform.Fakes: Assembly path does not exist: 'C:\Program Files\dotnet\sdk\8.0.203\Extensions\Microsoft.VisualStudio.TestPlatform.Fakes.exe', returning.
TpTrace Information: 0 : 9200, 1, 2024/07/17, 10:04:30.232, 18202587704194, vstest.console.dll, AssemblyResolver.OnResolve: Microsoft.VisualStudio.TestPlatform.Fakes: Searching in: 'C:\Program Files\dotnet\sdk\8.0.203'.
TpTrace Information: 0 : 9200, 1, 2024/07/17, 10:04:30.232, 18202587704522, vstest.console.dll, AssemblyResolver.OnResolve: Microsoft.VisualStudio.TestPlatform.Fakes: Assembly path does not exist: 'C:\Program Files\dotnet\sdk\8.0.203\Microsoft.VisualStudio.TestPlatform.Fakes.dll', returning.
TpTrace Information: 0 : 9200, 1, 2024/07/17, 10:04:30.232, 18202587704773, vstest.console.dll, AssemblyResolver.OnResolve: Microsoft.VisualStudio.TestPlatform.Fakes: Assembly path does not exist: 'C:\Program Files\dotnet\sdk\8.0.203\Microsoft.VisualStudio.TestPlatform.Fakes.exe', returning.
TpTrace Information: 0 : 9200, 1, 2024/07/17, 10:04:30.232, 18202587704941, vstest.console.dll, AssemblyResolver.OnResolve: Microsoft.VisualStudio.TestPlatform.Fakes: Failed to load assembly.
TpTrace Information: 0 : 9200, 1, 2024/07/17, 10:04:30.233, 18202587706830, vstest.console.dll, Failed to load assembly Microsoft.VisualStudio.TestPlatform.Fakes, Version=17.0.0.0, Culture=neutral. Reason:System.IO.FileNotFoundException: Could not load file or assembly 'Microsoft.VisualStudio.TestPlatform.Fakes, Version=17.0.0.0, Culture=neutral, PublicKeyToken=null'. The system cannot find the file specified.
File name: 'Microsoft.VisualStudio.TestPlatform.Fakes, Version=17.0.0.0, Culture=neutral, PublicKeyToken=null'
   at System.Reflection.RuntimeAssembly.InternalLoad(AssemblyName assemblyName, StackCrawlMark& stackMark, AssemblyLoadContext assemblyLoadContext, RuntimeAssembly requestingAssembly, Boolean throwOnFileNotFound)
   at System.Reflection.Assembly.Load(AssemblyName assemblyRef)
   at Microsoft.VisualStudio.TestPlatform.Common.Utilities.FakesUtilities.LoadTestPlatformAssembly() in /_/src/Microsoft.TestPlatform.Common/Utilities/FakesUtilities.cs:line 272
TpTrace Verbose: 0 : 9200, 1, 2024/07/17, 10:04:30.235, 18202587734141, vstest.console.dll, TestPluginCache.DiscoverTestExtensions: finding test extensions in assemblies ends with: TestLogger.dll TPluginInfo: Microsoft.VisualStudio.TestPlatform.Common.ExtensionFramework.Utilities.TestLoggerPluginInformation TExtension: Microsoft.VisualStudio.TestPlatform.ObjectModel.Client.ITestLogger
TpTrace Verbose: 0 : 9200, 1, 2024/07/17, 10:04:30.235, 18202587735354, vstest.console.dll, TestPluginCache.GetExtensionPaths: Filtered extension paths: 
TpTrace Verbose: 0 : 9200, 1, 2024/07/17, 10:04:30.235, 18202587735599, vstest.console.dll, TestPluginCache.GetExtensionPaths: Added default extension paths: C:\Program Files\dotnet\sdk\8.0.203\Extensions\Microsoft.Diagnostics.NETCore.Client.dll
C:\Program Files\dotnet\sdk\8.0.203\Extensions\Microsoft.TestPlatform.Extensions.BlameDataCollector.dll
C:\Program Files\dotnet\sdk\8.0.203\Extensions\Microsoft.TestPlatform.Extensions.EventLogCollector.dll
C:\Program Files\dotnet\sdk\8.0.203\Extensions\Microsoft.TestPlatform.TestHostRuntimeProvider.dll
C:\Program Files\dotnet\sdk\8.0.203\Extensions\Microsoft.VisualStudio.TestPlatform.Extensions.Html.TestLogger.dll
C:\Program Files\dotnet\sdk\8.0.203\Extensions\Microsoft.VisualStudio.TestPlatform.Extensions.Trx.TestLogger.dll
TpTrace Verbose: 0 : 9200, 1, 2024/07/17, 10:04:30.235, 18202587735771, vstest.console.dll, TestPluginCache.GetExtensionPaths: Added unfilterableExtensionPaths: 
TpTrace Information: 0 : 9200, 1, 2024/07/17, 10:04:30.236, 18202587736764, vstest.console.dll, AssemblyResolver.AddSearchDirectories: Adding more searchDirectories C:\Program Files\dotnet\sdk\8.0.203\Extensions,C:\Program Files\dotnet\sdk\8.0.203
TpTrace Verbose: 0 : 9200, 1, 2024/07/17, 10:04:30.236, 18202587737087, vstest.console.dll, TestPluginCache.DiscoverTestExtensions: Discovering the extensions using extension path.
TpTrace Verbose: 0 : 9200, 1, 2024/07/17, 10:04:30.236, 18202587737307, vstest.console.dll, TestPluginCache.GetExtensionPaths: Filtered extension paths: 
TpTrace Verbose: 0 : 9200, 1, 2024/07/17, 10:04:30.236, 18202587737514, vstest.console.dll, TestPluginCache.GetExtensionPaths: Added default extension paths: C:\Program Files\dotnet\sdk\8.0.203\Extensions\Microsoft.Diagnostics.NETCore.Client.dll
C:\Program Files\dotnet\sdk\8.0.203\Extensions\Microsoft.TestPlatform.Extensions.BlameDataCollector.dll
C:\Program Files\dotnet\sdk\8.0.203\Extensions\Microsoft.TestPlatform.Extensions.EventLogCollector.dll
C:\Program Files\dotnet\sdk\8.0.203\Extensions\Microsoft.TestPlatform.TestHostRuntimeProvider.dll
C:\Program Files\dotnet\sdk\8.0.203\Extensions\Microsoft.VisualStudio.TestPlatform.Extensions.Html.TestLogger.dll
C:\Program Files\dotnet\sdk\8.0.203\Extensions\Microsoft.VisualStudio.TestPlatform.Extensions.Trx.TestLogger.dll
TpTrace Verbose: 0 : 9200, 1, 2024/07/17, 10:04:30.236, 18202587737676, vstest.console.dll, TestPluginCache.GetExtensionPaths: Added unfilterableExtensionPaths: 
TpTrace Verbose: 0 : 9200, 1, 2024/07/17, 10:04:30.236, 18202587738317, vstest.console.dll, TestPluginCache.DiscoverTestExtensions: Discovering the extensions using allExtensionPaths: C:\Program Files\dotnet\sdk\8.0.203\Extensions\Microsoft.Diagnostics.NETCore.Client.dll
C:\Program Files\dotnet\sdk\8.0.203\Extensions\Microsoft.TestPlatform.Extensions.BlameDataCollector.dll
C:\Program Files\dotnet\sdk\8.0.203\Extensions\Microsoft.TestPlatform.Extensions.EventLogCollector.dll
C:\Program Files\dotnet\sdk\8.0.203\Extensions\Microsoft.TestPlatform.TestHostRuntimeProvider.dll
C:\Program Files\dotnet\sdk\8.0.203\Extensions\Microsoft.VisualStudio.TestPlatform.Extensions.Html.TestLogger.dll
C:\Program Files\dotnet\sdk\8.0.203\Extensions\Microsoft.VisualStudio.TestPlatform.Extensions.Trx.TestLogger.dll
TpTrace Information: 0 : 9200, 1, 2024/07/17, 10:04:30.236, 18202587738697, vstest.console.dll, AssemblyResolver.AddSearchDirectories: Adding more searchDirectories C:\Program Files\dotnet\sdk\8.0.203\Extensions,C:\Program Files\dotnet\sdk\8.0.203
TpTrace Information: 0 : 9200, 1, 2024/07/17, 10:04:30.236, 18202587738919, vstest.console.dll, AssemblyResolver.AddSearchDirectories: Adding more searchDirectories C:\Program Files\dotnet\sdk\8.0.203\Extensions,C:\Program Files\dotnet\sdk\8.0.203
TpTrace Information: 0 : 9200, 1, 2024/07/17, 10:04:30.236, 18202587739089, vstest.console.dll, AssemblyResolver.AddSearchDirectories: Adding more searchDirectories C:\Program Files\dotnet\sdk\8.0.203\Extensions,C:\Program Files\dotnet\sdk\8.0.203
TpTrace Information: 0 : 9200, 1, 2024/07/17, 10:04:30.236, 18202587739252, vstest.console.dll, AssemblyResolver.AddSearchDirectories: Adding more searchDirectories C:\Program Files\dotnet\sdk\8.0.203\Extensions,C:\Program Files\dotnet\sdk\8.0.203
TpTrace Information: 0 : 9200, 1, 2024/07/17, 10:04:30.236, 18202587739418, vstest.console.dll, AssemblyResolver.AddSearchDirectories: Adding more searchDirectories C:\Program Files\dotnet\sdk\8.0.203\Extensions,C:\Program Files\dotnet\sdk\8.0.203
TpTrace Information: 0 : 9200, 1, 2024/07/17, 10:04:30.236, 18202587739605, vstest.console.dll, AssemblyResolver.AddSearchDirectories: Adding more searchDirectories C:\Program Files\dotnet\sdk\8.0.203\Extensions,C:\Program Files\dotnet\sdk\8.0.203
TpTrace Verbose: 0 : 9200, 1, 2024/07/17, 10:04:30.236, 18202587740522, vstest.console.dll, MetadataReaderExtensionsHelper: Discovering extensions inside assembly 'Microsoft.Diagnostics.NETCore.Client, Version=0.2.9.2401, Culture=neutral, PublicKeyToken=31bf3856ad364e35' file path 'C:\Program Files\dotnet\sdk\8.0.203\Extensions\Microsoft.Diagnostics.NETCore.Client.dll'
TpTrace Information: 0 : 9200, 1, 2024/07/17, 10:04:30.237, 18202587747380, vstest.console.dll, AssemblyResolver.OnResolve: Microsoft.Bcl.AsyncInterfaces: Resolving assembly.
TpTrace Information: 0 : 9200, 1, 2024/07/17, 10:04:30.237, 18202587747996, vstest.console.dll, AssemblyResolver.OnResolve: Microsoft.Bcl.AsyncInterfaces: Resolved from cache.
TpTrace Verbose: 0 : 9200, 1, 2024/07/17, 10:04:30.237, 18202587748283, vstest.console.dll, CurrentDomainAssemblyResolve: Resolving assembly 'Microsoft.Bcl.AsyncInterfaces'.
TpTrace Information: 0 : 9200, 1, 2024/07/17, 10:04:30.237, 18202587748613, vstest.console.dll, AssemblyResolver.OnResolve: Microsoft.Bcl.AsyncInterfaces: Resolving assembly.
TpTrace Information: 0 : 9200, 1, 2024/07/17, 10:04:30.237, 18202587748787, vstest.console.dll, AssemblyResolver.OnResolve: Microsoft.Bcl.AsyncInterfaces: Resolved from cache.
TpTrace Verbose: 0 : 9200, 1, 2024/07/17, 10:04:30.237, 18202587748943, vstest.console.dll, CurrentDomainAssemblyResolve: Resolving assembly 'Microsoft.Bcl.AsyncInterfaces'.
TpTrace Verbose: 0 : 9200, 1, 2024/07/17, 10:04:30.237, 18202587749098, vstest.console.dll, CurrentDomainAssemblyResolve: Failed to resolve assembly 'Microsoft.Bcl.AsyncInterfaces'.
TpTrace Verbose: 0 : 9200, 1, 2024/07/17, 10:04:30.237, 18202587750221, vstest.console.dll, CurrentDomainAssemblyResolve: Failed to resolve assembly 'Microsoft.Bcl.AsyncInterfaces'.
TpTrace Warning: 0 : 9200, 1, 2024/07/17, 10:04:30.237, 18202587752715, vstest.console.dll, TestPluginDiscoverer: Failed to get types from assembly 'Microsoft.Diagnostics.NETCore.Client, Version=0.2.9.2401, Culture=neutral, PublicKeyToken=31bf3856ad364e35'. Error: System.Reflection.ReflectionTypeLoadException: Unable to load one or more of the requested types.
Could not load file or assembly 'Microsoft.Bcl.AsyncInterfaces, Version=6.0.0.0, Culture=neutral, PublicKeyToken=cc7b13ffcd2ddd51'. The system cannot find the file specified.
   at System.Reflection.RuntimeModule.GetTypes(RuntimeModule module)
   at System.Reflection.RuntimeModule.GetTypes()
   at Microsoft.VisualStudio.TestPlatform.Common.ExtensionFramework.TestPluginDiscoverer.GetTestExtensionsFromAssembly[TPluginInfo,TExtension](Assembly assembly, Dictionary`2 pluginInfos, String filePath) in /_/src/Microsoft.TestPlatform.Common/ExtensionFramework/TestPluginDiscoverer.cs:line 158
System.IO.FileNotFoundException: Could not load file or assembly 'Microsoft.Bcl.AsyncInterfaces, Version=6.0.0.0, Culture=neutral, PublicKeyToken=cc7b13ffcd2ddd51'. The system cannot find the file specified.
File name: 'Microsoft.Bcl.AsyncInterfaces, Version=6.0.0.0, Culture=neutral, PublicKeyToken=cc7b13ffcd2ddd51'
 ---> System.IO.FileNotFoundException: Could not load file or assembly 'Microsoft.Bcl.AsyncInterfaces, Culture=neutral, PublicKeyToken=null'. The system cannot find the file specified.
File name: 'Microsoft.Bcl.AsyncInterfaces, Culture=neutral, PublicKeyToken=null'
   at System.Reflection.RuntimeAssembly.InternalLoad(AssemblyName assemblyName, StackCrawlMark& stackMark, AssemblyLoadContext assemblyLoadContext, RuntimeAssembly requestingAssembly, Boolean throwOnFileNotFound)
   at System.Reflection.Assembly.Load(AssemblyName assemblyRef)
   at Microsoft.VisualStudio.TestPlatform.Common.ExtensionFramework.TestPluginCache.CurrentDomainAssemblyResolve(Object sender, AssemblyResolveEventArgs args) in /_/src/Microsoft.TestPlatform.Common/ExtensionFramework/TestPluginCache.cs:line 513
   at System.Runtime.Loader.AssemblyLoadContext.GetFirstResolvedAssemblyFromResolvingEvent(AssemblyName assemblyName)
   at System.Runtime.Loader.AssemblyLoadContext.ResolveUsingEvent(AssemblyName assemblyName)
   at System.Runtime.Loader.AssemblyLoadContext.ResolveUsingResolvingEvent(IntPtr gchManagedAssemblyLoadContext, AssemblyName assemblyName)
TpTrace Warning: 0 : 9200, 1, 2024/07/17, 10:04:30.237, 18202587753827, vstest.console.dll, LoaderExceptions: System.IO.FileNotFoundException: Could not load file or assembly 'Microsoft.Bcl.AsyncInterfaces, Version=6.0.0.0, Culture=neutral, PublicKeyToken=cc7b13ffcd2ddd51'. The system cannot find the file specified.
File name: 'Microsoft.Bcl.AsyncInterfaces, Version=6.0.0.0, Culture=neutral, PublicKeyToken=cc7b13ffcd2ddd51'
 ---> System.IO.FileNotFoundException: Could not load file or assembly 'Microsoft.Bcl.AsyncInterfaces, Culture=neutral, PublicKeyToken=null'. The system cannot find the file specified.
File name: 'Microsoft.Bcl.AsyncInterfaces, Culture=neutral, PublicKeyToken=null'
   at System.Reflection.RuntimeAssembly.InternalLoad(AssemblyName assemblyName, StackCrawlMark& stackMark, AssemblyLoadContext assemblyLoadContext, RuntimeAssembly requestingAssembly, Boolean throwOnFileNotFound)
   at System.Reflection.Assembly.Load(AssemblyName assemblyRef)
   at Microsoft.VisualStudio.TestPlatform.Common.ExtensionFramework.TestPluginCache.CurrentDomainAssemblyResolve(Object sender, AssemblyResolveEventArgs args) in /_/src/Microsoft.TestPlatform.Common/ExtensionFramework/TestPluginCache.cs:line 513
   at System.Runtime.Loader.AssemblyLoadContext.GetFirstResolvedAssemblyFromResolvingEvent(AssemblyName assemblyName)
   at System.Runtime.Loader.AssemblyLoadContext.ResolveUsingEvent(AssemblyName assemblyName)
   at System.Runtime.Loader.AssemblyLoadContext.ResolveUsingResolvingEvent(IntPtr gchManagedAssemblyLoadContext, AssemblyName assemblyName)
TpTrace Verbose: 0 : 9200, 1, 2024/07/17, 10:04:30.237, 18202587754377, vstest.console.dll, MetadataReaderExtensionsHelper: Discovering extensions inside assembly 'Microsoft.TestPlatform.Extensions.BlameDataCollector, Version=15.0.0.0, Culture=neutral, PublicKeyToken=b03f5f7f11d50a3a' file path 'C:\Program Files\dotnet\sdk\8.0.203\Extensions\Microsoft.TestPlatform.Extensions.BlameDataCollector.dll'
TpTrace Information: 0 : 9200, 1, 2024/07/17, 10:04:30.238, 18202587757939, vstest.console.dll, GetTestExtensionFromType: Register extension with identifier data 'logger://Microsoft/TestPlatform/Extensions/Blame/v1' and type 'Microsoft.TestPlatform.Extensions.BlameDataCollector.BlameLogger, Microsoft.TestPlatform.Extensions.BlameDataCollector, Version=15.0.0.0, Culture=neutral, PublicKeyToken=b03f5f7f11d50a3a' inside file 'C:\Program Files\dotnet\sdk\8.0.203\Extensions\Microsoft.TestPlatform.Extensions.BlameDataCollector.dll'
TpTrace Verbose: 0 : 9200, 1, 2024/07/17, 10:04:30.238, 18202587758579, vstest.console.dll, MetadataReaderExtensionsHelper: Discovering extensions inside assembly 'Microsoft.TestPlatform.Extensions.EventLogCollector, Version=15.0.0.0, Culture=neutral, PublicKeyToken=b03f5f7f11d50a3a' file path 'C:\Program Files\dotnet\sdk\8.0.203\Extensions\Microsoft.TestPlatform.Extensions.EventLogCollector.dll'
TpTrace Verbose: 0 : 9200, 1, 2024/07/17, 10:04:30.238, 18202587760781, vstest.console.dll, MetadataReaderExtensionsHelper: Discovering extensions inside assembly 'Microsoft.TestPlatform.TestHostRuntimeProvider, Version=15.0.0.0, Culture=neutral, PublicKeyToken=b03f5f7f11d50a3a' file path 'C:\Program Files\dotnet\sdk\8.0.203\Extensions\Microsoft.TestPlatform.TestHostRuntimeProvider.dll'
TpTrace Verbose: 0 : 9200, 1, 2024/07/17, 10:04:30.238, 18202587762985, vstest.console.dll, MetadataReaderExtensionsHelper: Discovering extensions inside assembly 'Microsoft.VisualStudio.TestPlatform.Extensions.Html.TestLogger, Version=15.0.0.0, Culture=neutral, PublicKeyToken=b03f5f7f11d50a3a' file path 'C:\Program Files\dotnet\sdk\8.0.203\Extensions\Microsoft.VisualStudio.TestPlatform.Extensions.Html.TestLogger.dll'
TpTrace Information: 0 : 9200, 1, 2024/07/17, 10:04:30.239, 18202587767029, vstest.console.dll, GetTestExtensionFromType: Register extension with identifier data 'logger://Microsoft/TestPlatform/HtmlLogger/v1' and type 'Microsoft.VisualStudio.TestPlatform.Extensions.HtmlLogger.HtmlLogger, Microsoft.VisualStudio.TestPlatform.Extensions.Html.TestLogger, Version=15.0.0.0, Culture=neutral, PublicKeyToken=b03f5f7f11d50a3a' inside file 'C:\Program Files\dotnet\sdk\8.0.203\Extensions\Microsoft.VisualStudio.TestPlatform.Extensions.Html.TestLogger.dll'
TpTrace Verbose: 0 : 9200, 1, 2024/07/17, 10:04:30.239, 18202587767604, vstest.console.dll, MetadataReaderExtensionsHelper: Discovering extensions inside assembly 'Microsoft.VisualStudio.TestPlatform.Extensions.Trx.TestLogger, Version=15.0.0.0, Culture=neutral, PublicKeyToken=b03f5f7f11d50a3a' file path 'C:\Program Files\dotnet\sdk\8.0.203\Extensions\Microsoft.VisualStudio.TestPlatform.Extensions.Trx.TestLogger.dll'
TpTrace Information: 0 : 9200, 1, 2024/07/17, 10:04:30.239, 18202587770352, vstest.console.dll, GetTestExtensionFromType: Register extension with identifier data 'logger://Microsoft/TestPlatform/TrxLogger/v1' and type 'Microsoft.VisualStudio.TestPlatform.Extensions.TrxLogger.TrxLogger, Microsoft.VisualStudio.TestPlatform.Extensions.Trx.TestLogger, Version=15.0.0.0, Culture=neutral, PublicKeyToken=b03f5f7f11d50a3a' inside file 'C:\Program Files\dotnet\sdk\8.0.203\Extensions\Microsoft.VisualStudio.TestPlatform.Extensions.Trx.TestLogger.dll'
TpTrace Verbose: 0 : 9200, 1, 2024/07/17, 10:04:30.239, 18202587770936, vstest.console.dll, TestPluginCache: Discovered the extensions using extension path ''.
TpTrace Verbose: 0 : 9200, 1, 2024/07/17, 10:04:30.239, 18202587771131, vstest.console.dll, TestPluginCache: Discoverers are ''.
TpTrace Verbose: 0 : 9200, 1, 2024/07/17, 10:04:30.239, 18202587771299, vstest.console.dll, TestPluginCache: Executors are ''.
TpTrace Verbose: 0 : 9200, 1, 2024/07/17, 10:04:30.239, 18202587771453, vstest.console.dll, TestPluginCache: Executors2 are ''.
TpTrace Verbose: 0 : 9200, 1, 2024/07/17, 10:04:30.239, 18202587771628, vstest.console.dll, TestPluginCache: Setting providers are ''.
TpTrace Verbose: 0 : 9200, 1, 2024/07/17, 10:04:30.239, 18202587772299, vstest.console.dll, TestPluginCache: Loggers are 'logger://Microsoft/TestPlatform/Extensions/Blame/v1,logger://Microsoft/TestPlatform/HtmlLogger/v1,logger://Microsoft/TestPlatform/TrxLogger/v1'.
TpTrace Verbose: 0 : 9200, 1, 2024/07/17, 10:04:30.239, 18202587772599, vstest.console.dll, TestPluginCache: TestHosts are 'HostProvider://DefaultTestHost,HostProvider://DotnetTestHost'.
TpTrace Verbose: 0 : 9200, 1, 2024/07/17, 10:04:30.239, 18202587772938, vstest.console.dll, TestPluginCache: DataCollectors are ''.
TpTrace Information: 0 : 9200, 1, 2024/07/17, 10:04:30.240, 18202587780004, vstest.console.dll, TestPluginManager.CreateTestExtension: Attempting to load test extension: Microsoft.TestPlatform.Extensions.BlameDataCollector.BlameLogger
TpTrace Verbose: 0 : 9200, 1, 2024/07/17, 10:04:30.246, 18202587846162, vstest.console.dll, TestEngine: Initializing Parallel Execution as MaxCpuCount is set to: 1
TpTrace Information: 0 : 9200, 1, 2024/07/17, 10:04:30.248, 18202587858593, vstest.console.dll, TestPluginManager.CreateTestExtension: Attempting to load test extension: Microsoft.VisualStudio.TestPlatform.CrossPlatEngine.Hosting.DefaultTestHostManager
TpTrace Information: 0 : 9200, 1, 2024/07/17, 10:04:30.249, 18202587866430, vstest.console.dll, TestPluginManager.CreateTestExtension: Attempting to load test extension: Microsoft.VisualStudio.TestPlatform.CrossPlatEngine.Hosting.DotnetTestHostManager
TpTrace Information: 0 : 9200, 1, 2024/07/17, 10:04:30.249, 18202587870252, vstest.console.dll, InferRunSettingsHelper.IsTestSettingsEnabled: Unable to navigate to RunSettings/MSTest. Current node: RunSettings
TpTrace Verbose: 0 : 9200, 1, 2024/07/17, 10:04:30.249, 18202587874389, vstest.console.dll, ParallelOperationManager.ClearSlots: Clearing all slots. Slots should accept more work: True
TpTrace Verbose: 0 : 9200, 1, 2024/07/17, 10:04:30.250, 18202587879198, vstest.console.dll, ParallelOperationManager.SetOccupiedSlotCount: Setting slot counts AvailableSlotCount = 1, OccupiedSlotCount = 0.
TpTrace Verbose: 0 : 9200, 1, 2024/07/17, 10:04:30.250, 18202587882580, vstest.console.dll, Occupied slots:

TpTrace Verbose: 0 : 9200, 1, 2024/07/17, 10:04:30.253, 18202587910146, vstest.console.dll, TestEngine.GetExecutionManager: Chosen execution manager 'Microsoft.VisualStudio.TestPlatform.CrossPlatEngine.Client.Parallel.ParallelProxyExecutionManager, Microsoft.TestPlatform.CrossPlatEngine, Version=15.0.0.0, Culture=neutral, PublicKeyToken=b03f5f7f11d50a3a' ParallelLevel '1'.
TpTrace Verbose: 0 : 9200, 1, 2024/07/17, 10:04:30.253, 18202587911521, vstest.console.dll, TestRunRequest.ExecuteAsync: Creating test run request.
TpTrace Verbose: 0 : 9200, 1, 2024/07/17, 10:04:30.253, 18202587913326, vstest.console.dll, TestRunRequest.ExecuteAsync: Starting.
TpTrace Information: 0 : 9200, 1, 2024/07/17, 10:04:30.254, 18202587923272, vstest.console.dll, TestRunRequest.ExecuteAsync: Starting run with settings:TestRunCriteria:
   KeepAlive=False,FrequencyOfRunStatsChangeEvent=10,RunStatsChangeEventTimeout=00:00:01.5000000,TestCaseFilter=,TestExecutorLauncher=
   Settingsxml=<RunSettings>
  <RunConfiguration>
    <ResultsDirectory>C:\Users\Dilshan\Desktop\Shoping-Cart-API\ShoppingCart-WebAPI\ShoppingApp.FrontEnd.Test\bin\Debug\net8.0\fine-code-coverage\coverage-tool-output</ResultsDirectory>
    <TargetPlatform>X64</TargetPlatform>
    <TargetFrameworkVersion>.NETCoreApp,Version=v8.0</TargetFrameworkVersion>
    <DesignMode>False</DesignMode>
    <CollectSourceInformation>False</CollectSourceInformation>
  </RunConfiguration>
  <LoggerRunSettings>
    <Loggers>
      <Logger friendlyName="blame" enabled="True" />
      <Logger friendlyName="Console" uri="logger://microsoft/TestPlatform/ConsoleLogger/v1" assemblyQualifiedName="Microsoft.VisualStudio.TestPlatform.CommandLine.Internal.ConsoleLogger, vstest.console, Version=15.0.0.0, Culture=neutral, PublicKeyToken=b03f5f7f11d50a3a" codeBase="C:\Program Files\dotnet\sdk\8.0.203\vstest.console.dll" enabled="True" />
    </Loggers>
  </LoggerRunSettings>
  <DataCollectionRunSettings>
    <DataCollectors>
      <DataCollector friendlyName="blame" enabled="True">
        <Configuration>
          <ResultsDirectory>C:\Users\Dilshan\Desktop\Shoping-Cart-API\ShoppingCart-WebAPI\ShoppingApp.FrontEnd.Test\bin\Debug\net8.0\fine-code-coverage\coverage-tool-output</ResultsDirectory>
        </Configuration>
      </DataCollector>
    </DataCollectors>
  </DataCollectionRunSettings>
</RunSettings>

TpTrace Verbose: 0 : 9200, 1, 2024/07/17, 10:04:30.254, 18202587923860, vstest.console.dll, TestRunRequest.ExecuteAsync: Wait for the first run request is over.
TpTrace Verbose: 0 : 9200, 1, 2024/07/17, 10:04:30.255, 18202587926481, vstest.console.dll, MulticastDelegateUtilities.SafeInvoke: TestRun.TestRunStart: Invoking callbacks was skipped because there are no subscribers.
TpTrace Verbose: 0 : 9200, 4, 2024/07/17, 10:04:30.255, 18202587930520, vstest.console.dll, MulticastDelegateUtilities.SafeInvoke: InternalTestLoggerEvents.SendTestRunStart: Invoking callback 1/1 for Microsoft.VisualStudio.TestPlatform.CommandLine.Internal.ConsoleLogger., took 0 ms.
TpTrace Verbose: 0 : 9200, 1, 2024/07/17, 10:04:30.255, 18202587935392, vstest.console.dll, ParallelProxyExecutionManager: Start execution. Total sources: 1
TpTrace Verbose: 0 : 9200, 1, 2024/07/17, 10:04:30.256, 18202587938054, vstest.console.dll, ParallelOperationManager.StartWork: Starting adding 1 workloads.
TpTrace Verbose: 0 : 9200, 1, 2024/07/17, 10:04:30.256, 18202587938585, vstest.console.dll, ParallelOperationManager.ClearSlots: Clearing all slots. Slots should accept more work: True
TpTrace Verbose: 0 : 9200, 1, 2024/07/17, 10:04:30.256, 18202587939092, vstest.console.dll, ParallelOperationManager.SetOccupiedSlotCount: Setting slot counts AvailableSlotCount = 1, OccupiedSlotCount = 0.
TpTrace Verbose: 0 : 9200, 1, 2024/07/17, 10:04:30.256, 18202587939423, vstest.console.dll, Occupied slots:

TpTrace Verbose: 0 : 9200, 1, 2024/07/17, 10:04:30.257, 18202587951988, vstest.console.dll, TestRequestSender is acting as server.
TpTrace Verbose: 0 : 9200, 1, 2024/07/17, 10:04:30.258, 18202587962393, vstest.console.dll, ParallelOperationManager.RunWorkInParallel: Adding 1 workload to slot, remaining workloads 0.
TpTrace Verbose: 0 : 9200, 1, 2024/07/17, 10:04:30.258, 18202587963148, vstest.console.dll, ParallelOperationManager.SetOccupiedSlotCount: Setting slot counts AvailableSlotCount = 0, OccupiedSlotCount = 1.
TpTrace Verbose: 0 : 9200, 1, 2024/07/17, 10:04:30.258, 18202587964083, vstest.console.dll, Occupied slots:
0: C:\Users\Dilshan\Desktop\Shoping-Cart-API\ShoppingCart-WebAPI\ShoppingApp.FrontEnd.Test\bin\Debug\net8.0\fine-code-coverage\build-output\ShoppingApp.FrontEnd.Test.dll
TpTrace Verbose: 0 : 9200, 1, 2024/07/17, 10:04:30.259, 18202587973342, vstest.console.dll, ParallelOperationManager.RunWorkInParallel: Started host in slot number 0 for work (source): C:\Users\Dilshan\Desktop\Shoping-Cart-API\ShoppingCart-WebAPI\ShoppingApp.FrontEnd.Test\bin\Debug\net8.0\fine-code-coverage\build-output\ShoppingApp.FrontEnd.Test.dll.
TpTrace Verbose: 0 : 9200, 1, 2024/07/17, 10:04:30.260, 18202587981916, vstest.console.dll, ParallelOperationManager.RunWorkInParallel: We started 1 work items, which is the max parallel level. Won't start more work.
TpTrace Verbose: 0 : 9200, 1, 2024/07/17, 10:04:30.260, 18202587982843, vstest.console.dll, ParallelOperationManager.RunWorkInParallel: We started 1 work items in here, returning True.
TpTrace Information: 0 : 9200, 1, 2024/07/17, 10:04:30.260, 18202587983173, vstest.console.dll, TestRunRequest.ExecuteAsync: Started.
TpTrace Verbose: 0 : 9200, 5, 2024/07/17, 10:04:30.260, 18202587983538, vstest.console.dll, ParallelProxyExecutionManager.StartTestRunOnConcurrentManager: Initializing uninitialized client. Started clients: 0
TpTrace Verbose: 0 : 9200, 5, 2024/07/17, 10:04:30.260, 18202587984829, vstest.console.dll, DataCollectionRequestSender.InitializeCommunication : Initialize communication. 
TpTrace Verbose: 0 : 9200, 1, 2024/07/17, 10:04:30.261, 18202587988194, vstest.console.dll, TestRunRequest.WaitForCompletion: Waiting with timeout -1.
TpTrace Information: 0 : 9200, 5, 2024/07/17, 10:04:30.267, 18202588053851, vstest.console.dll, Listening on Endpoint : 127.0.0.1:51138
TpTrace Verbose: 0 : 9200, 5, 2024/07/17, 10:04:30.277, 18202588153570, vstest.console.dll, DotnetDataCollectionLauncher: Adding  --runtimeconfig "C:\Program Files\dotnet\sdk\8.0.203\datacollector.runtimeconfig.json" in args
TpTrace Verbose: 0 : 9200, 5, 2024/07/17, 10:04:30.277, 18202588156036, vstest.console.dll, DotnetDataCollectionLauncher: Adding  --depsfile "C:\Program Files\dotnet\sdk\8.0.203\datacollector.deps.json" in args
TpTrace Verbose: 0 : 9200, 5, 2024/07/17, 10:04:30.278, 18202588160139, vstest.console.dll, DotnetDataCollectionLauncher: Full path of dotnet.exe is C:\Program Files\dotnet\dotnet.exe
TpTrace Information: 0 : 9200, 5, 2024/07/17, 10:04:30.287, 18202588246698, vstest.console.dll, ProxyDataCollectionManager.Initialize: Launched datacollector processId: 45692 port: 51138
TpTrace Information: 0 : 9200, 5, 2024/07/17, 10:04:30.287, 18202588248532, vstest.console.dll, ProxyDataCollectionManager.Initialize: waiting for connection with timeout: 90 seconds
TpTrace Verbose: 0 : 9200, 5, 2024/07/17, 10:04:30.287, 18202588249120, vstest.console.dll, DataCollectionRequestSender.WaitForRequestHandlerConnection : Waiting for connection with timeout: 90000
TpTrace Information: 0 : 9200, 7, 2024/07/17, 10:04:30.473, 18202590112006, vstest.console.dll, Using the buffer size of 16384 bytes
TpTrace Verbose: 0 : 9200, 5, 2024/07/17, 10:04:30.473, 18202590112374, vstest.console.dll, SocketCommunicationManager.WaitForClientConnection took: 186 ms, with 90000 ms timeout, and finished with True.
TpTrace Information: 0 : 9200, 7, 2024/07/17, 10:04:30.473, 18202590113449, vstest.console.dll, Accepted Client request and set the flag
TpTrace Verbose: 0 : 9200, 5, 2024/07/17, 10:04:30.473, 18202590114382, vstest.console.dll, ProxyDataCollectionManager.InvokeDataCollectionServiceAction: Starting.
TpTrace Information: 0 : 9200, 5, 2024/07/17, 10:04:30.473, 18202590115109, vstest.console.dll, ProxyDataCollectionManager.BeforeTestRunStart: Get environment variable and port for datacollector processId: 45692 port: 51138
TpTrace Verbose: 0 : 9200, 5, 2024/07/17, 10:04:30.473, 18202590116274, vstest.console.dll, DataCollectionRequestSender.SendBeforeTestRunStartAndGetResult: Send BeforeTestRunStart message with settingsXml <RunSettings><RunConfiguration><ResultsDirectory>C:\Users\Dilshan\Desktop\Shoping-Cart-API\ShoppingCart-WebAPI\ShoppingApp.FrontEnd.Test\bin\Debug\net8.0\fine-code-coverage\coverage-tool-output</ResultsDirectory><TargetPlatform>X64</TargetPlatform><TargetFrameworkVersion>.NETCoreApp,Version=v8.0</TargetFrameworkVersion><DesignMode>False</DesignMode><CollectSourceInformation>False</CollectSourceInformation><TestAdaptersPaths>C:\Program Files\dotnet\sdk\8.0.203\Extensions</TestAdaptersPaths></RunConfiguration><LoggerRunSettings><Loggers><Logger friendlyName="blame" enabled="True" /><Logger friendlyName="Console" uri="logger://microsoft/TestPlatform/ConsoleLogger/v1" assemblyQualifiedName="Microsoft.VisualStudio.TestPlatform.CommandLine.Internal.ConsoleLogger, vstest.console, Version=15.0.0.0, Culture=neutral, PublicKeyToken=b03f5f7f11d50a3a" codeBase="C:\Program Files\dotnet\sdk\8.0.203\vstest.console.dll" enabled="True" /></Loggers></LoggerRunSettings><DataCollectionRunSettings><DataCollectors><DataCollector friendlyName="blame" enabled="True"><Configuration><ResultsDirectory>C:\Users\Dilshan\Desktop\Shoping-Cart-API\ShoppingCart-WebAPI\ShoppingApp.FrontEnd.Test\bin\Debug\net8.0\fine-code-coverage\coverage-tool-output</ResultsDirectory></Configuration></DataCollector></DataCollectors></DataCollectionRunSettings></RunSettings> and sources System.Collections.Generic.List`1[System.String]: 
TpTrace Verbose: 0 : 9200, 5, 2024/07/17, 10:04:30.519, 18202590567194, vstest.console.dll, DataCollectionRequestSender.SendBeforeTestRunStartAndGetResult: Received message: (DataCollection.SendMessage) -> {"MessageType":"DataCollection.SendMessage","Payload":{"FriendlyName":null,"Uri":null,"TestCaseId":"00000000-0000-0000-0000-000000000000","Message":"Logging DataCollector Diagnostics in file: C:\\Users\\Dilshan\\Desktop\\Shoping-Cart-API\\ShoppingCart-WebAPI\\ShoppingApp.FrontEnd.Test\\bin\\Debug\\net8.0\\fine-code-coverage\\coverage-tool-output\\diagnostics.datacollector.24-07-17_10-04-30_27729_5.log","Level":0}}
TpTrace Verbose: 0 : 9200, 5, 2024/07/17, 10:04:30.593, 18202591306908, vstest.console.dll, DataCollectionRequestSender.SendBeforeTestRunStartAndGetResult: Received message: (DataCollection.BeforeTestRunStartResult) -> {"MessageType":"DataCollection.BeforeTestRunStartResult","Payload":{"EnvironmentVariables":{},"DataCollectionEventsPort":51140}}
TpTrace Information: 0 : 9200, 5, 2024/07/17, 10:04:30.596, 18202591339106, vstest.console.dll, ProxyDataCollectionManager.BeforeTestRunStart: SendBeforeTestRunStartAndGetResult successful, env variable from datacollector:   and testhost port: 51140
TpTrace Information: 0 : 9200, 5, 2024/07/17, 10:04:30.596, 18202591340072, vstest.console.dll, ProxyDataCollectionManager.InvokeDataCollectionServiceAction: Completed.
TpTrace Verbose: 0 : 9200, 5, 2024/07/17, 10:04:30.596, 18202591340335, vstest.console.dll, ParallelProxyExecutionManager.StartTestRunOnConcurrentManager: Initializing test run. Started clients: 0
TpTrace Verbose: 0 : 9200, 5, 2024/07/17, 10:04:30.596, 18202591340926, vstest.console.dll, ProxyExecutionManager: Test host is always Lazy initialize.
TpTrace Verbose: 0 : 9200, 5, 2024/07/17, 10:04:30.596, 18202591342346, vstest.console.dll, TestRequestSender.InitializeCommunication: initialize communication. 
TpTrace Information: 0 : 9200, 5, 2024/07/17, 10:04:30.596, 18202591345988, vstest.console.dll, SocketServer.Start: Listening on endpoint : 127.0.0.1:51141
TpTrace Verbose: 0 : 9200, 5, 2024/07/17, 10:04:30.597, 18202591351471, vstest.console.dll, DotnetTestHostmanager.GetTestHostProcessStartInfo: Platform environment 'X64' target architecture 'X64' framework '.NETCoreApp,Version=v8.0' OS 'Windows'
TpTrace Verbose: 0 : 9200, 5, 2024/07/17, 10:04:30.597, 18202591353648, vstest.console.dll, DotnetTestHostmanager: Adding  --runtimeconfig "C:\Users\Dilshan\Desktop\Shoping-Cart-API\ShoppingCart-WebAPI\ShoppingApp.FrontEnd.Test\bin\Debug\net8.0\fine-code-coverage\build-output\ShoppingApp.FrontEnd.Test.runtimeconfig.json" in args
TpTrace Verbose: 0 : 9200, 5, 2024/07/17, 10:04:30.597, 18202591355025, vstest.console.dll, DotnetTestHostmanager: Adding  --depsfile "C:\Users\Dilshan\Desktop\Shoping-Cart-API\ShoppingCart-WebAPI\ShoppingApp.FrontEnd.Test\bin\Debug\net8.0\fine-code-coverage\build-output\ShoppingApp.FrontEnd.Test.deps.json" in args
TpTrace Verbose: 0 : 9200, 5, 2024/07/17, 10:04:30.598, 18202591357133, vstest.console.dll, DotnetTestHostmanager.IsWinOnArm: Current PROCESSOR_ARCHITECTURE from environment variable 'AMD64'
TpTrace Verbose: 0 : 9200, 5, 2024/07/17, 10:04:30.598, 18202591357600, vstest.console.dll, DotnetTestHostmanager.IsWinOnArm: Is Windows on ARM 'False'
TpTrace Verbose: 0 : 9200, 5, 2024/07/17, 10:04:30.598, 18202591358286, vstest.console.dll, DotnetTestHostManager: testhost.exe found at path: C:\Users\Dilshan\Desktop\Shoping-Cart-API\ShoppingCart-WebAPI\ShoppingApp.FrontEnd.Test\bin\Debug\net8.0\fine-code-coverage\build-output\testhost.exe
TpTrace Verbose: 0 : 9200, 5, 2024/07/17, 10:04:30.598, 18202591358589, vstest.console.dll, DotnetTestHostmanager: Full path of host exe is C:\Users\Dilshan\Desktop\Shoping-Cart-API\ShoppingCart-WebAPI\ShoppingApp.FrontEnd.Test\bin\Debug\net8.0\fine-code-coverage\build-output\testhost.exe
TpTrace Verbose: 0 : 9200, 5, 2024/07/17, 10:04:30.598, 18202591359419, vstest.console.dll, DotnetTestHostmanager.LaunchTestHostAsync: Found 'VSTEST_WINAPPHOST_DOTNET_ROOT' in env variables, value 'C:\Program Files\dotnet', forwarding to 'DOTNET_ROOT'
TpTrace Verbose: 0 : 9200, 5, 2024/07/17, 10:04:30.598, 18202591360388, vstest.console.dll, DotnetTestHostManager: Starting process 'C:\Users\Dilshan\Desktop\Shoping-Cart-API\ShoppingCart-WebAPI\ShoppingApp.FrontEnd.Test\bin\Debug\net8.0\fine-code-coverage\build-output\testhost.exe' with command line ' --runtimeconfig "C:\Users\Dilshan\Desktop\Shoping-Cart-API\ShoppingCart-WebAPI\ShoppingApp.FrontEnd.Test\bin\Debug\net8.0\fine-code-coverage\build-output\ShoppingApp.FrontEnd.Test.runtimeconfig.json" --depsfile "C:\Users\Dilshan\Desktop\Shoping-Cart-API\ShoppingCart-WebAPI\ShoppingApp.FrontEnd.Test\bin\Debug\net8.0\fine-code-coverage\build-output\ShoppingApp.FrontEnd.Test.deps.json" --port 51141 --endpoint 127.0.0.1:051141 --role client --parentprocessid 9200 --diag "C:\Users\Dilshan\Desktop\Shoping-Cart-API\ShoppingCart-WebAPI\ShoppingApp.FrontEnd.Test\bin\Debug\net8.0\fine-code-coverage\coverage-tool-output\diagnostics.host.24-07-17_10-04-30_59724_5.log" --tracelevel 4 --datacollectionport 51140 --telemetryoptedin false'
TpTrace Verbose: 0 : 9200, 5, 2024/07/17, 10:04:30.605, 18202591427918, vstest.console.dll, MulticastDelegateUtilities.SafeInvoke: HostProviderEvents.OnHostLaunched: Invoking callback 1/2 for Microsoft.VisualStudio.TestPlatform.CrossPlatEngine.Client.ProxyExecutionManagerWithDataCollection., took 0 ms.
TpTrace Verbose: 0 : 9200, 5, 2024/07/17, 10:04:30.605, 18202591431329, vstest.console.dll, Test Runtime launched
TpTrace Verbose: 0 : 9200, 5, 2024/07/17, 10:04:30.605, 18202591432165, vstest.console.dll, MulticastDelegateUtilities.SafeInvoke: HostProviderEvents.OnHostLaunched: Invoking callback 2/2 for Microsoft.VisualStudio.TestPlatform.CrossPlatEngine.Client.ProxyOperationManager., took 0 ms.
TpTrace Verbose: 0 : 9200, 5, 2024/07/17, 10:04:30.605, 18202591433518, vstest.console.dll, TestRequestSender.WaitForRequestHandlerConnection: waiting for connection with timeout: 90000.
TpTrace Verbose: 0 : 9200, 5, 2024/07/17, 10:04:30.823, 18202593611008, vstest.console.dll, TestRequestSender.WaitForRequestHandlerConnection: waiting took 217 ms, with timeout 90000 ms, and result 0, which is success.
TpTrace Verbose: 0 : 9200, 7, 2024/07/17, 10:04:30.823, 18202593611004, vstest.console.dll, MulticastDelegateUtilities.SafeInvoke: SocketServer: ClientConnected: Invoking callback 1/1 for Microsoft.VisualStudio.TestPlatform.CommunicationUtilities.TestRequestSender., took 0 ms.
TpTrace Verbose: 0 : 9200, 7, 2024/07/17, 10:04:30.823, 18202593613533, vstest.console.dll, SocketServer.OnClientConnected: Client connected for endPoint: 127.0.0.1:51141, starting MessageLoopAsync:
TpTrace Verbose: 0 : 9200, 13, 2024/07/17, 10:04:30.824, 18202593618189, vstest.console.dll, TcpClientExtensions.MessageLoopAsync: Polling on remoteEndPoint: 127.0.0.1:51142 localEndPoint: 127.0.0.1:51141 after 0 ms
TpTrace Verbose: 0 : 9200, 5, 2024/07/17, 10:04:30.824, 18202593623975, vstest.console.dll, TestRequestSender.CheckVersionWithTestHost: Sending check version message: {"MessageType":"ProtocolVersion","Payload":7}
TpTrace Verbose: 0 : 9200, 13, 2024/07/17, 10:04:30.911, 18202594488308, vstest.console.dll, TcpClientExtensions.MessageLoopAsync: NotifyDataAvailable remoteEndPoint: 127.0.0.1:51142 localEndPoint: 127.0.0.1:51141
TpTrace Verbose: 0 : 9200, 13, 2024/07/17, 10:04:30.911, 18202594490932, vstest.console.dll, TestRequestSender.CheckVersionWithTestHost: onMessageReceived received message: (ProtocolVersion) -> {"MessageType":"ProtocolVersion","Payload":7}
TpTrace Verbose: 0 : 9200, 13, 2024/07/17, 10:04:30.911, 18202594495989, vstest.console.dll, MulticastDelegateUtilities.SafeInvoke: LengthPrefixCommunicationChannel: MessageReceived: Invoking callback 1/1 for Microsoft.VisualStudio.TestPlatform.CommunicationUtilities.TestRequestSender+<>c__DisplayClass29_0., took 0 ms.
TpTrace Verbose: 0 : 9200, 13, 2024/07/17, 10:04:30.912, 18202594496915, vstest.console.dll, TcpClientExtensions.MessageLoopAsync: Polling on remoteEndPoint: 127.0.0.1:51142 localEndPoint: 127.0.0.1:51141 after 87 ms
TpTrace Verbose: 0 : 9200, 5, 2024/07/17, 10:04:30.912, 18202594497020, vstest.console.dll, TestPluginCache.GetExtensionPaths: Filtered extension paths: 
TpTrace Verbose: 0 : 9200, 5, 2024/07/17, 10:04:30.912, 18202594498549, vstest.console.dll, TestPluginCache.GetExtensionPaths: Added default extension paths: C:\Program Files\dotnet\sdk\8.0.203\Extensions\Microsoft.Diagnostics.NETCore.Client.dll
C:\Program Files\dotnet\sdk\8.0.203\Extensions\Microsoft.TestPlatform.Extensions.BlameDataCollector.dll
C:\Program Files\dotnet\sdk\8.0.203\Extensions\Microsoft.TestPlatform.Extensions.EventLogCollector.dll
C:\Program Files\dotnet\sdk\8.0.203\Extensions\Microsoft.TestPlatform.TestHostRuntimeProvider.dll
C:\Program Files\dotnet\sdk\8.0.203\Extensions\Microsoft.VisualStudio.TestPlatform.Extensions.Html.TestLogger.dll
C:\Program Files\dotnet\sdk\8.0.203\Extensions\Microsoft.VisualStudio.TestPlatform.Extensions.Trx.TestLogger.dll
TpTrace Verbose: 0 : 9200, 5, 2024/07/17, 10:04:30.912, 18202594499178, vstest.console.dll, TestPluginCache.GetExtensionPaths: Added unfilterableExtensionPaths: 
TpTrace Verbose: 0 : 9200, 5, 2024/07/17, 10:04:30.914, 18202594525337, vstest.console.dll, TestRequestSender.InitializeExecution: Sending initialize execution with message: {"Version":7,"MessageType":"TestExecution.Initialize","Payload":["C:\\Users\\Dilshan\\Desktop\\Shoping-Cart-API\\ShoppingCart-WebAPI\\ShoppingApp.FrontEnd.Test\\bin\\Debug\\net8.0\\fine-code-coverage\\build-output\\xunit.runner.visualstudio.dotnetcore.testadapter.dll"]}
TpTrace Verbose: 0 : 9200, 5, 2024/07/17, 10:04:30.915, 18202594527477, vstest.console.dll, ParallelProxyExecutionManager.StartTestRunOnConcurrentManager: Execution starting. Started clients: 1
TpTrace Verbose: 0 : 9200, 5, 2024/07/17, 10:04:30.915, 18202594529441, vstest.console.dll, TestRunRequest:SendTestRunMessage: Starting.
TpTrace Verbose: 0 : 9200, 5, 2024/07/17, 10:04:30.915, 18202594530833, vstest.console.dll, MulticastDelegateUtilities.SafeInvoke: TestRun.LogMessages: Invoking callback 1/1 for Microsoft.VisualStudio.TestPlatform.CommandLine.TestRunResultAggregator., took 0 ms.
TpTrace Information: 0 : 9200, 5, 2024/07/17, 10:04:30.915, 18202594531127, vstest.console.dll, TestRunRequest:SendTestRunMessage: Completed.
TpTrace Verbose: 0 : 9200, 4, 2024/07/17, 10:04:30.915, 18202594532729, vstest.console.dll, MulticastDelegateUtilities.SafeInvoke: InternalTestLoggerEvents.SendTestRunMessage: Invoking callback 1/1 for Microsoft.VisualStudio.TestPlatform.CommandLine.Internal.ConsoleLogger., took 0 ms.
TpTrace Warning: 0 : 9200, 5, 2024/07/17, 10:04:30.915, 18202594534019, vstest.console.dll, InferRunSettingsHelper.MakeRunsettingsCompatible: Removing the following settings: TargetPlatform from RunSettings file. To use those settings please move to latest version of Microsoft.NET.Test.Sdk
TpTrace Verbose: 0 : 9200, 13, 2024/07/17, 10:04:30.916, 18202594542299, vstest.console.dll, TcpClientExtensions.MessageLoopAsync: NotifyDataAvailable remoteEndPoint: 127.0.0.1:51142 localEndPoint: 127.0.0.1:51141
TpTrace Verbose: 0 : 9200, 13, 2024/07/17, 10:04:30.916, 18202594544438, vstest.console.dll, TestRequestSender.OnExecutionMessageReceived: Received message: {"Version":7,"MessageType":"TestSession.Message","Payload":{"MessageLevel":0,"Message":"Logging TestHost Diagnostics in file: C:\\Users\\Dilshan\\Desktop\\Shoping-Cart-API\\ShoppingCart-WebAPI\\ShoppingApp.FrontEnd.Test\\bin\\Debug\\net8.0\\fine-code-coverage\\coverage-tool-output\\diagnostics.host.24-07-17_10-04-30_59724_5.log"}}
TpTrace Verbose: 0 : 9200, 13, 2024/07/17, 10:04:30.918, 18202594563096, vstest.console.dll, TestRunRequest:SendTestRunMessage: Starting.
TpTrace Verbose: 0 : 9200, 13, 2024/07/17, 10:04:30.918, 18202594564303, vstest.console.dll, MulticastDelegateUtilities.SafeInvoke: TestRun.LogMessages: Invoking callback 1/1 for Microsoft.VisualStudio.TestPlatform.CommandLine.TestRunResultAggregator., took 0 ms.
TpTrace Information: 0 : 9200, 13, 2024/07/17, 10:04:30.918, 18202594564549, vstest.console.dll, TestRunRequest:SendTestRunMessage: Completed.
TpTrace Verbose: 0 : 9200, 4, 2024/07/17, 10:04:30.918, 18202594564879, vstest.console.dll, MulticastDelegateUtilities.SafeInvoke: InternalTestLoggerEvents.SendTestRunMessage: Invoking callback 1/1 for Microsoft.VisualStudio.TestPlatform.CommandLine.Internal.ConsoleLogger., took 0 ms.
TpTrace Verbose: 0 : 9200, 13, 2024/07/17, 10:04:30.921, 18202594590551, vstest.console.dll, MulticastDelegateUtilities.SafeInvoke: LengthPrefixCommunicationChannel: MessageReceived: Invoking callback 1/1 for Microsoft.VisualStudio.TestPlatform.CommunicationUtilities.TestRequestSender+<>c__DisplayClass34_0., took 4 ms.
TpTrace Verbose: 0 : 9200, 13, 2024/07/17, 10:04:30.921, 18202594591719, vstest.console.dll, TcpClientExtensions.MessageLoopAsync: Polling on remoteEndPoint: 127.0.0.1:51142 localEndPoint: 127.0.0.1:51141 after 9 ms
TpTrace Verbose: 0 : 9200, 5, 2024/07/17, 10:04:30.922, 18202594606141, vstest.console.dll, TestRequestSender.StartTestRun: Sending test run with message: {"Version":7,"MessageType":"TestExecution.StartWithSources","Payload":{"AdapterSourceMap":{"_none_":["C:\\Users\\Dilshan\\Desktop\\Shoping-Cart-API\\ShoppingCart-WebAPI\\ShoppingApp.FrontEnd.Test\\bin\\Debug\\net8.0\\fine-code-coverage\\build-output\\ShoppingApp.FrontEnd.Test.dll"]},"RunSettings":"<RunSettings>\r\n  <RunConfiguration>\r\n    <ResultsDirectory>C:\\Users\\Dilshan\\Desktop\\Shoping-Cart-API\\ShoppingCart-WebAPI\\ShoppingApp.FrontEnd.Test\\bin\\Debug\\net8.0\\fine-code-coverage\\coverage-tool-output</ResultsDirectory>\r\n    <TargetFrameworkVersion>.NETCoreApp,Version=v8.0</TargetFrameworkVersion>\r\n    <DesignMode>False</DesignMode>\r\n    <CollectSourceInformation>False</CollectSourceInformation>\r\n  </RunConfiguration>\r\n  <LoggerRunSettings>\r\n    <Loggers>\r\n      <Logger friendlyName=\"blame\" enabled=\"True\" />\r\n      <Logger friendlyName=\"Console\" uri=\"logger://microsoft/TestPlatform/ConsoleLogger/v1\" assemblyQualifiedName=\"Microsoft.VisualStudio.TestPlatform.CommandLine.Internal.ConsoleLogger, vstest.console, Version=15.0.0.0, Culture=neutral, PublicKeyToken=b03f5f7f11d50a3a\" codeBase=\"C:\\Program Files\\dotnet\\sdk\\8.0.203\\vstest.console.dll\" enabled=\"True\" />\r\n    </Loggers>\r\n  </LoggerRunSettings>\r\n  <DataCollectionRunSettings>\r\n    <DataCollectors>\r\n      <DataCollector friendlyName=\"blame\" enabled=\"True\">\r\n        <Configuration>\r\n          <ResultsDirectory>C:\\Users\\Dilshan\\Desktop\\Shoping-Cart-API\\ShoppingCart-WebAPI\\ShoppingApp.FrontEnd.Test\\bin\\Debug\\net8.0\\fine-code-coverage\\coverage-tool-output</ResultsDirectory>\r\n        </Configuration>\r\n      </DataCollector>\r\n    </DataCollectors>\r\n  </DataCollectionRunSettings>\r\n</RunSettings>","TestExecutionContext":{"FrequencyOfRunStatsChangeEvent":10,"RunStatsChangeEventTimeout":"00:00:01.5000000","InIsolation":false,"KeepAlive":false,"AreTestCaseLevelEventsRequired":false,"IsDebug":false,"TestCaseFilter":null,"FilterOptions":null},"Package":null}}
TpTrace Verbose: 0 : 9200, 5, 2024/07/17, 10:04:30.923, 18202594607929, vstest.console.dll, ParallelProxyExecutionManager.StartTestRunOnConcurrentManager: Execution started. Started clients: 1
TpTrace Verbose: 0 : 9200, 13, 2024/07/17, 10:04:31.020, 18202595578266, vstest.console.dll, TcpClientExtensions.MessageLoopAsync: NotifyDataAvailable remoteEndPoint: 127.0.0.1:51142 localEndPoint: 127.0.0.1:51141
TpTrace Verbose: 0 : 9200, 13, 2024/07/17, 10:04:31.020, 18202595579939, vstest.console.dll, TestRequestSender.OnExecutionMessageReceived: Received message: {"Version":7,"MessageType":"TestSession.Message","Payload":{"MessageLevel":0,"Message":"[xUnit.net 00:00:00.00] xUnit.net VSTest Adapter v2.5.3.1+6b60a9e56a (64-bit .NET 8.0.3)"}}
TpTrace Verbose: 0 : 9200, 13, 2024/07/17, 10:04:31.020, 18202595581534, vstest.console.dll, TestRunRequest:SendTestRunMessage: Starting.
TpTrace Verbose: 0 : 9200, 13, 2024/07/17, 10:04:31.020, 18202595582086, vstest.console.dll, MulticastDelegateUtilities.SafeInvoke: TestRun.LogMessages: Invoking callback 1/1 for Microsoft.VisualStudio.TestPlatform.CommandLine.TestRunResultAggregator., took 0 ms.
TpTrace Information: 0 : 9200, 13, 2024/07/17, 10:04:31.020, 18202595582826, vstest.console.dll, TestRunRequest:SendTestRunMessage: Completed.
TpTrace Verbose: 0 : 9200, 13, 2024/07/17, 10:04:31.020, 18202595583058, vstest.console.dll, MulticastDelegateUtilities.SafeInvoke: LengthPrefixCommunicationChannel: MessageReceived: Invoking callback 1/1 for Microsoft.VisualStudio.TestPlatform.CommunicationUtilities.TestRequestSender+<>c__DisplayClass34_0., took 0 ms.
TpTrace Verbose: 0 : 9200, 13, 2024/07/17, 10:04:31.020, 18202595583267, vstest.console.dll, TcpClientExtensions.MessageLoopAsync: Polling on remoteEndPoint: 127.0.0.1:51142 localEndPoint: 127.0.0.1:51141 after 99 ms
TpTrace Verbose: 0 : 9200, 4, 2024/07/17, 10:04:31.020, 18202595583417, vstest.console.dll, MulticastDelegateUtilities.SafeInvoke: InternalTestLoggerEvents.SendTestRunMessage: Invoking callback 1/1 for Microsoft.VisualStudio.TestPlatform.CommandLine.Internal.ConsoleLogger., took 0 ms.
TpTrace Verbose: 0 : 9200, 13, 2024/07/17, 10:04:31.085, 18202596232509, vstest.console.dll, TcpClientExtensions.MessageLoopAsync: NotifyDataAvailable remoteEndPoint: 127.0.0.1:51142 localEndPoint: 127.0.0.1:51141
TpTrace Verbose: 0 : 9200, 13, 2024/07/17, 10:04:31.085, 18202596234033, vstest.console.dll, TestRequestSender.OnExecutionMessageReceived: Received message: {"Version":7,"MessageType":"TestSession.Message","Payload":{"MessageLevel":0,"Message":"[xUnit.net 00:00:00.06]   Discovering: ShoppingApp.FrontEnd.Test"}}
TpTrace Verbose: 0 : 9200, 13, 2024/07/17, 10:04:31.085, 18202596235097, vstest.console.dll, TestRunRequest:SendTestRunMessage: Starting.
TpTrace Verbose: 0 : 9200, 13, 2024/07/17, 10:04:31.085, 18202596235540, vstest.console.dll, MulticastDelegateUtilities.SafeInvoke: TestRun.LogMessages: Invoking callback 1/1 for Microsoft.VisualStudio.TestPlatform.CommandLine.TestRunResultAggregator., took 0 ms.
TpTrace Information: 0 : 9200, 13, 2024/07/17, 10:04:31.085, 18202596235876, vstest.console.dll, TestRunRequest:SendTestRunMessage: Completed.
TpTrace Verbose: 0 : 9200, 13, 2024/07/17, 10:04:31.085, 18202596236056, vstest.console.dll, MulticastDelegateUtilities.SafeInvoke: LengthPrefixCommunicationChannel: MessageReceived: Invoking callback 1/1 for Microsoft.VisualStudio.TestPlatform.CommunicationUtilities.TestRequestSender+<>c__DisplayClass34_0., took 0 ms.
TpTrace Verbose: 0 : 9200, 13, 2024/07/17, 10:04:31.085, 18202596236249, vstest.console.dll, TcpClientExtensions.MessageLoopAsync: Polling on remoteEndPoint: 127.0.0.1:51142 localEndPoint: 127.0.0.1:51141 after 65 ms
TpTrace Verbose: 0 : 9200, 4, 2024/07/17, 10:04:31.086, 18202596236862, vstest.console.dll, MulticastDelegateUtilities.SafeInvoke: InternalTestLoggerEvents.SendTestRunMessage: Invoking callback 1/1 for Microsoft.VisualStudio.TestPlatform.CommandLine.Internal.ConsoleLogger., took 0 ms.
TpTrace Verbose: 0 : 9200, 13, 2024/07/17, 10:04:31.116, 18202596541364, vstest.console.dll, TcpClientExtensions.MessageLoopAsync: NotifyDataAvailable remoteEndPoint: 127.0.0.1:51142 localEndPoint: 127.0.0.1:51141
TpTrace Verbose: 0 : 9200, 13, 2024/07/17, 10:04:31.116, 18202596542886, vstest.console.dll, TestRequestSender.OnExecutionMessageReceived: Received message: {"Version":7,"MessageType":"TestSession.Message","Payload":{"MessageLevel":0,"Message":"[xUnit.net 00:00:00.09]   Discovered:  ShoppingApp.FrontEnd.Test"}}
TpTrace Verbose: 0 : 9200, 13, 2024/07/17, 10:04:31.116, 18202596543980, vstest.console.dll, TestRunRequest:SendTestRunMessage: Starting.
TpTrace Verbose: 0 : 9200, 13, 2024/07/17, 10:04:31.116, 18202596544459, vstest.console.dll, MulticastDelegateUtilities.SafeInvoke: TestRun.LogMessages: Invoking callback 1/1 for Microsoft.VisualStudio.TestPlatform.CommandLine.TestRunResultAggregator., took 0 ms.
TpTrace Information: 0 : 9200, 13, 2024/07/17, 10:04:31.116, 18202596544648, vstest.console.dll, TestRunRequest:SendTestRunMessage: Completed.
TpTrace Verbose: 0 : 9200, 13, 2024/07/17, 10:04:31.116, 18202596544833, vstest.console.dll, MulticastDelegateUtilities.SafeInvoke: LengthPrefixCommunicationChannel: MessageReceived: Invoking callback 1/1 for Microsoft.VisualStudio.TestPlatform.CommunicationUtilities.TestRequestSender+<>c__DisplayClass34_0., took 0 ms.
TpTrace Verbose: 0 : 9200, 13, 2024/07/17, 10:04:31.116, 18202596545050, vstest.console.dll, TcpClientExtensions.MessageLoopAsync: Polling on remoteEndPoint: 127.0.0.1:51142 localEndPoint: 127.0.0.1:51141 after 30 ms
TpTrace Verbose: 0 : 9200, 4, 2024/07/17, 10:04:31.116, 18202596545567, vstest.console.dll, MulticastDelegateUtilities.SafeInvoke: InternalTestLoggerEvents.SendTestRunMessage: Invoking callback 1/1 for Microsoft.VisualStudio.TestPlatform.CommandLine.Internal.ConsoleLogger., took 0 ms.
TpTrace Verbose: 0 : 9200, 13, 2024/07/17, 10:04:31.118, 18202596562879, vstest.console.dll, TcpClientExtensions.MessageLoopAsync: NotifyDataAvailable remoteEndPoint: 127.0.0.1:51142 localEndPoint: 127.0.0.1:51141
TpTrace Verbose: 0 : 9200, 13, 2024/07/17, 10:04:31.118, 18202596564011, vstest.console.dll, TestRequestSender.OnExecutionMessageReceived: Received message: {"Version":7,"MessageType":"TestSession.Message","Payload":{"MessageLevel":0,"Message":"[xUnit.net 00:00:00.10]   Starting:    ShoppingApp.FrontEnd.Test"}}
TpTrace Verbose: 0 : 9200, 13, 2024/07/17, 10:04:31.118, 18202596565014, vstest.console.dll, TestRunRequest:SendTestRunMessage: Starting.
TpTrace Verbose: 0 : 9200, 13, 2024/07/17, 10:04:31.118, 18202596565438, vstest.console.dll, MulticastDelegateUtilities.SafeInvoke: TestRun.LogMessages: Invoking callback 1/1 for Microsoft.VisualStudio.TestPlatform.CommandLine.TestRunResultAggregator., took 0 ms.
TpTrace Verbose: 0 : 9200, 4, 2024/07/17, 10:04:31.118, 18202596565617, vstest.console.dll, MulticastDelegateUtilities.SafeInvoke: InternalTestLoggerEvents.SendTestRunMessage: Invoking callback 1/1 for Microsoft.VisualStudio.TestPlatform.CommandLine.Internal.ConsoleLogger., took 0 ms.
TpTrace Information: 0 : 9200, 13, 2024/07/17, 10:04:31.118, 18202596565706, vstest.console.dll, TestRunRequest:SendTestRunMessage: Completed.
TpTrace Verbose: 0 : 9200, 13, 2024/07/17, 10:04:31.119, 18202596566700, vstest.console.dll, MulticastDelegateUtilities.SafeInvoke: LengthPrefixCommunicationChannel: MessageReceived: Invoking callback 1/1 for Microsoft.VisualStudio.TestPlatform.CommunicationUtilities.TestRequestSender+<>c__DisplayClass34_0., took 0 ms.
TpTrace Verbose: 0 : 9200, 13, 2024/07/17, 10:04:31.119, 18202596567120, vstest.console.dll, TcpClientExtensions.MessageLoopAsync: Polling on remoteEndPoint: 127.0.0.1:51142 localEndPoint: 127.0.0.1:51141 after 2 ms
TpTrace Verbose: 0 : 9200, 13, 2024/07/17, 10:04:31.618, 18202601563599, vstest.console.dll, TcpClientExtensions.MessageLoopAsync: NotifyDataAvailable remoteEndPoint: 127.0.0.1:51142 localEndPoint: 127.0.0.1:51141
TpTrace Verbose: 0 : 9200, 13, 2024/07/17, 10:04:31.619, 18202601569402, vstest.console.dll, TestRequestSender.OnExecutionMessageReceived: Received message: {"Version":7,"MessageType":"TestSession.Message","Payload":{"MessageLevel":2,"Message":"[xUnit.net 00:00:00.60]     ShoppingApp.FrontEnd.Test.Page_Testing.LoginPageTests.SuccessfulLogin [FAIL]"}}
TpTrace Verbose: 0 : 9200, 13, 2024/07/17, 10:04:31.619, 18202601573690, vstest.console.dll, TestRunRequest:SendTestRunMessage: Starting.
TpTrace Verbose: 0 : 9200, 13, 2024/07/17, 10:04:31.619, 18202601575288, vstest.console.dll, MulticastDelegateUtilities.SafeInvoke: TestRun.LogMessages: Invoking callback 1/1 for Microsoft.VisualStudio.TestPlatform.CommandLine.TestRunResultAggregator., took 0 ms.
TpTrace Information: 0 : 9200, 13, 2024/07/17, 10:04:31.619, 18202601575744, vstest.console.dll, TestRunRequest:SendTestRunMessage: Completed.
TpTrace Verbose: 0 : 9200, 13, 2024/07/17, 10:04:31.619, 18202601576315, vstest.console.dll, MulticastDelegateUtilities.SafeInvoke: LengthPrefixCommunicationChannel: MessageReceived: Invoking callback 1/1 for Microsoft.VisualStudio.TestPlatform.CommunicationUtilities.TestRequestSender+<>c__DisplayClass34_0., took 0 ms.
TpTrace Verbose: 0 : 9200, 13, 2024/07/17, 10:04:31.620, 18202601578082, vstest.console.dll, TcpClientExtensions.MessageLoopAsync: Polling on remoteEndPoint: 127.0.0.1:51142 localEndPoint: 127.0.0.1:51141 after 501 ms
TpTrace Verbose: 0 : 9200, 13, 2024/07/17, 10:04:31.620, 18202601579684, vstest.console.dll, TcpClientExtensions.MessageLoopAsync: NotifyDataAvailable remoteEndPoint: 127.0.0.1:51142 localEndPoint: 127.0.0.1:51141
TpTrace Verbose: 0 : 9200, 13, 2024/07/17, 10:04:31.620, 18202601581305, vstest.console.dll, TestRequestSender.OnExecutionMessageReceived: Received message: {"Version":7,"MessageType":"TestSession.Message","Payload":{"MessageLevel":0,"Message":"[xUnit.net 00:00:00.60]       Assert.Equal() Failure: Strings differ"}}
TpTrace Verbose: 0 : 9200, 4, 2024/07/17, 10:04:31.620, 18202601579663, vstest.console.dll, MulticastDelegateUtilities.SafeInvoke: InternalTestLoggerEvents.SendTestRunMessage: Invoking callback 1/1 for Microsoft.VisualStudio.TestPlatform.CommandLine.Internal.ConsoleLogger., took 0 ms.
TpTrace Verbose: 0 : 9200, 13, 2024/07/17, 10:04:31.620, 18202601583681, vstest.console.dll, TestRunRequest:SendTestRunMessage: Starting.
TpTrace Verbose: 0 : 9200, 13, 2024/07/17, 10:04:31.620, 18202601584813, vstest.console.dll, MulticastDelegateUtilities.SafeInvoke: TestRun.LogMessages: Invoking callback 1/1 for Microsoft.VisualStudio.TestPlatform.CommandLine.TestRunResultAggregator., took 0 ms.
TpTrace Verbose: 0 : 9200, 4, 2024/07/17, 10:04:31.620, 18202601585061, vstest.console.dll, MulticastDelegateUtilities.SafeInvoke: InternalTestLoggerEvents.SendTestRunMessage: Invoking callback 1/1 for Microsoft.VisualStudio.TestPlatform.CommandLine.Internal.ConsoleLogger., took 0 ms.
TpTrace Information: 0 : 9200, 13, 2024/07/17, 10:04:31.620, 18202601586014, vstest.console.dll, TestRunRequest:SendTestRunMessage: Completed.
TpTrace Verbose: 0 : 9200, 13, 2024/07/17, 10:04:31.621, 18202601587558, vstest.console.dll, MulticastDelegateUtilities.SafeInvoke: LengthPrefixCommunicationChannel: MessageReceived: Invoking callback 1/1 for Microsoft.VisualStudio.TestPlatform.CommunicationUtilities.TestRequestSender+<>c__DisplayClass34_0., took 0 ms.
TpTrace Verbose: 0 : 9200, 13, 2024/07/17, 10:04:31.621, 18202601588418, vstest.console.dll, TcpClientExtensions.MessageLoopAsync: Polling on remoteEndPoint: 127.0.0.1:51142 localEndPoint: 127.0.0.1:51141 after 0 ms
TpTrace Verbose: 0 : 9200, 13, 2024/07/17, 10:04:31.621, 18202601589353, vstest.console.dll, TcpClientExtensions.MessageLoopAsync: NotifyDataAvailable remoteEndPoint: 127.0.0.1:51142 localEndPoint: 127.0.0.1:51141
TpTrace Verbose: 0 : 9200, 13, 2024/07/17, 10:04:31.621, 18202601590756, vstest.console.dll, TestRequestSender.OnExecutionMessageReceived: Received message: {"Version":7,"MessageType":"TestSession.Message","Payload":{"MessageLevel":0,"Message":"[xUnit.net 00:00:00.60]                   (pos 0)"}}
TpTrace Verbose: 0 : 9200, 13, 2024/07/17, 10:04:31.621, 18202601592671, vstest.console.dll, TestRunRequest:SendTestRunMessage: Starting.
TpTrace Verbose: 0 : 9200, 13, 2024/07/17, 10:04:31.621, 18202601593793, vstest.console.dll, MulticastDelegateUtilities.SafeInvoke: TestRun.LogMessages: Invoking callback 1/1 for Microsoft.VisualStudio.TestPlatform.CommandLine.TestRunResultAggregator., took 0 ms.
TpTrace Information: 0 : 9200, 13, 2024/07/17, 10:04:31.621, 18202601594325, vstest.console.dll, TestRunRequest:SendTestRunMessage: Completed.
TpTrace Verbose: 0 : 9200, 13, 2024/07/17, 10:04:31.621, 18202601594792, vstest.console.dll, MulticastDelegateUtilities.SafeInvoke: LengthPrefixCommunicationChannel: MessageReceived: Invoking callback 1/1 for Microsoft.VisualStudio.TestPlatform.CommunicationUtilities.TestRequestSender+<>c__DisplayClass34_0., took 0 ms.
TpTrace Verbose: 0 : 9200, 4, 2024/07/17, 10:04:31.621, 18202601594988, vstest.console.dll, MulticastDelegateUtilities.SafeInvoke: InternalTestLoggerEvents.SendTestRunMessage: Invoking callback 1/1 for Microsoft.VisualStudio.TestPlatform.CommandLine.Internal.ConsoleLogger., took 0 ms.
TpTrace Verbose: 0 : 9200, 13, 2024/07/17, 10:04:31.621, 18202601595224, vstest.console.dll, TcpClientExtensions.MessageLoopAsync: Polling on remoteEndPoint: 127.0.0.1:51142 localEndPoint: 127.0.0.1:51141 after 0 ms
TpTrace Verbose: 0 : 9200, 13, 2024/07/17, 10:04:31.622, 18202601597272, vstest.console.dll, TcpClientExtensions.MessageLoopAsync: NotifyDataAvailable remoteEndPoint: 127.0.0.1:51142 localEndPoint: 127.0.0.1:51141
TpTrace Verbose: 0 : 9200, 13, 2024/07/17, 10:04:31.622, 18202601598414, vstest.console.dll, TestRequestSender.OnExecutionMessageReceived: Received message: {"Version":7,"MessageType":"TestSession.Message","Payload":{"MessageLevel":0,"Message":"[xUnit.net 00:00:00.60]       Expected: \"valid_token\""}}
TpTrace Verbose: 0 : 9200, 13, 2024/07/17, 10:04:31.622, 18202601600028, vstest.console.dll, TestRunRequest:SendTestRunMessage: Starting.
TpTrace Verbose: 0 : 9200, 13, 2024/07/17, 10:04:31.622, 18202601600889, vstest.console.dll, MulticastDelegateUtilities.SafeInvoke: TestRun.LogMessages: Invoking callback 1/1 for Microsoft.VisualStudio.TestPlatform.CommandLine.TestRunResultAggregator., took 0 ms.
TpTrace Verbose: 0 : 9200, 4, 2024/07/17, 10:04:31.622, 18202601600985, vstest.console.dll, MulticastDelegateUtilities.SafeInvoke: InternalTestLoggerEvents.SendTestRunMessage: Invoking callback 1/1 for Microsoft.VisualStudio.TestPlatform.CommandLine.Internal.ConsoleLogger., took 0 ms.
TpTrace Information: 0 : 9200, 13, 2024/07/17, 10:04:31.622, 18202601601370, vstest.console.dll, TestRunRequest:SendTestRunMessage: Completed.
TpTrace Verbose: 0 : 9200, 13, 2024/07/17, 10:04:31.622, 18202601601959, vstest.console.dll, MulticastDelegateUtilities.SafeInvoke: LengthPrefixCommunicationChannel: MessageReceived: Invoking callback 1/1 for Microsoft.VisualStudio.TestPlatform.CommunicationUtilities.TestRequestSender+<>c__DisplayClass34_0., took 0 ms.
TpTrace Verbose: 0 : 9200, 13, 2024/07/17, 10:04:31.622, 18202601602308, vstest.console.dll, TcpClientExtensions.MessageLoopAsync: Polling on remoteEndPoint: 127.0.0.1:51142 localEndPoint: 127.0.0.1:51141 after 0 ms
TpTrace Verbose: 0 : 9200, 13, 2024/07/17, 10:04:31.622, 18202601602641, vstest.console.dll, TcpClientExtensions.MessageLoopAsync: NotifyDataAvailable remoteEndPoint: 127.0.0.1:51142 localEndPoint: 127.0.0.1:51141
TpTrace Verbose: 0 : 9200, 13, 2024/07/17, 10:04:31.622, 18202601603127, vstest.console.dll, TestRequestSender.OnExecutionMessageReceived: Received message: {"Version":7,"MessageType":"TestSession.Message","Payload":{"MessageLevel":0,"Message":"[xUnit.net 00:00:00.60]       Actual:   \"\""}}
TpTrace Verbose: 0 : 9200, 13, 2024/07/17, 10:04:31.622, 18202601603830, vstest.console.dll, TestRunRequest:SendTestRunMessage: Starting.
TpTrace Verbose: 0 : 9200, 13, 2024/07/17, 10:04:31.622, 18202601604384, vstest.console.dll, MulticastDelegateUtilities.SafeInvoke: TestRun.LogMessages: Invoking callback 1/1 for Microsoft.VisualStudio.TestPlatform.CommandLine.TestRunResultAggregator., took 0 ms.
TpTrace Verbose: 0 : 9200, 4, 2024/07/17, 10:04:31.622, 18202601604623, vstest.console.dll, MulticastDelegateUtilities.SafeInvoke: InternalTestLoggerEvents.SendTestRunMessage: Invoking callback 1/1 for Microsoft.VisualStudio.TestPlatform.CommandLine.Internal.ConsoleLogger., took 0 ms.
TpTrace Information: 0 : 9200, 13, 2024/07/17, 10:04:31.622, 18202601604745, vstest.console.dll, TestRunRequest:SendTestRunMessage: Completed.
TpTrace Verbose: 0 : 9200, 13, 2024/07/17, 10:04:31.622, 18202601606149, vstest.console.dll, MulticastDelegateUtilities.SafeInvoke: LengthPrefixCommunicationChannel: MessageReceived: Invoking callback 1/1 for Microsoft.VisualStudio.TestPlatform.CommunicationUtilities.TestRequestSender+<>c__DisplayClass34_0., took 0 ms.
TpTrace Verbose: 0 : 9200, 13, 2024/07/17, 10:04:31.623, 18202601606687, vstest.console.dll, TcpClientExtensions.MessageLoopAsync: Polling on remoteEndPoint: 127.0.0.1:51142 localEndPoint: 127.0.0.1:51141 after 0 ms
TpTrace Verbose: 0 : 9200, 13, 2024/07/17, 10:04:31.623, 18202601607109, vstest.console.dll, TcpClientExtensions.MessageLoopAsync: NotifyDataAvailable remoteEndPoint: 127.0.0.1:51142 localEndPoint: 127.0.0.1:51141
TpTrace Verbose: 0 : 9200, 13, 2024/07/17, 10:04:31.623, 18202601607792, vstest.console.dll, TestRequestSender.OnExecutionMessageReceived: Received message: {"Version":7,"MessageType":"TestSession.Message","Payload":{"MessageLevel":0,"Message":"[xUnit.net 00:00:00.60]       Stack Trace:"}}
TpTrace Verbose: 0 : 9200, 13, 2024/07/17, 10:04:31.623, 18202601608650, vstest.console.dll, TestRunRequest:SendTestRunMessage: Starting.
TpTrace Verbose: 0 : 9200, 13, 2024/07/17, 10:04:31.623, 18202601609197, vstest.console.dll, MulticastDelegateUtilities.SafeInvoke: TestRun.LogMessages: Invoking callback 1/1 for Microsoft.VisualStudio.TestPlatform.CommandLine.TestRunResultAggregator., took 0 ms.
TpTrace Verbose: 0 : 9200, 4, 2024/07/17, 10:04:31.623, 18202601609295, vstest.console.dll, MulticastDelegateUtilities.SafeInvoke: InternalTestLoggerEvents.SendTestRunMessage: Invoking callback 1/1 for Microsoft.VisualStudio.TestPlatform.CommandLine.Internal.ConsoleLogger., took 0 ms.
TpTrace Information: 0 : 9200, 13, 2024/07/17, 10:04:31.623, 18202601609530, vstest.console.dll, TestRunRequest:SendTestRunMessage: Completed.
TpTrace Verbose: 0 : 9200, 13, 2024/07/17, 10:04:31.623, 18202601610275, vstest.console.dll, MulticastDelegateUtilities.SafeInvoke: LengthPrefixCommunicationChannel: MessageReceived: Invoking callback 1/1 for Microsoft.VisualStudio.TestPlatform.CommunicationUtilities.TestRequestSender+<>c__DisplayClass34_0., took 0 ms.
TpTrace Verbose: 0 : 9200, 13, 2024/07/17, 10:04:31.623, 18202601610565, vstest.console.dll, TcpClientExtensions.MessageLoopAsync: Polling on remoteEndPoint: 127.0.0.1:51142 localEndPoint: 127.0.0.1:51141 after 0 ms
TpTrace Verbose: 0 : 9200, 13, 2024/07/17, 10:04:31.623, 18202601610896, vstest.console.dll, TcpClientExtensions.MessageLoopAsync: NotifyDataAvailable remoteEndPoint: 127.0.0.1:51142 localEndPoint: 127.0.0.1:51141
TpTrace Verbose: 0 : 9200, 13, 2024/07/17, 10:04:31.623, 18202601611452, vstest.console.dll, TestRequestSender.OnExecutionMessageReceived: Received message: {"Version":7,"MessageType":"TestSession.Message","Payload":{"MessageLevel":0,"Message":"[xUnit.net 00:00:00.60]         C:\\Users\\Dilshan\\Desktop\\Shoping-Cart-API\\ShoppingCart-WebAPI\\ShoppingApp.FrontEnd.Test\\Page Testing\\LoginPageTests.cs(118,0): at ShoppingApp.FrontEnd.Test.Page_Testing.LoginPageTests.SuccessfulLogin()"}}
TpTrace Verbose: 0 : 9200, 13, 2024/07/17, 10:04:31.623, 18202601612209, vstest.console.dll, TestRunRequest:SendTestRunMessage: Starting.
TpTrace Verbose: 0 : 9200, 13, 2024/07/17, 10:04:31.623, 18202601612727, vstest.console.dll, MulticastDelegateUtilities.SafeInvoke: TestRun.LogMessages: Invoking callback 1/1 for Microsoft.VisualStudio.TestPlatform.CommandLine.TestRunResultAggregator., took 0 ms.
TpTrace Verbose: 0 : 9200, 4, 2024/07/17, 10:04:31.623, 18202601612927, vstest.console.dll, MulticastDelegateUtilities.SafeInvoke: InternalTestLoggerEvents.SendTestRunMessage: Invoking callback 1/1 for Microsoft.VisualStudio.TestPlatform.CommandLine.Internal.ConsoleLogger., took 0 ms.
TpTrace Information: 0 : 9200, 13, 2024/07/17, 10:04:31.623, 18202601613040, vstest.console.dll, TestRunRequest:SendTestRunMessage: Completed.
TpTrace Verbose: 0 : 9200, 13, 2024/07/17, 10:04:31.623, 18202601614087, vstest.console.dll, MulticastDelegateUtilities.SafeInvoke: LengthPrefixCommunicationChannel: MessageReceived: Invoking callback 1/1 for Microsoft.VisualStudio.TestPlatform.CommunicationUtilities.TestRequestSender+<>c__DisplayClass34_0., took 0 ms.
TpTrace Verbose: 0 : 9200, 13, 2024/07/17, 10:04:31.623, 18202601614348, vstest.console.dll, TcpClientExtensions.MessageLoopAsync: Polling on remoteEndPoint: 127.0.0.1:51142 localEndPoint: 127.0.0.1:51141 after 0 ms
TpTrace Verbose: 0 : 9200, 13, 2024/07/17, 10:04:31.623, 18202601614689, vstest.console.dll, TcpClientExtensions.MessageLoopAsync: NotifyDataAvailable remoteEndPoint: 127.0.0.1:51142 localEndPoint: 127.0.0.1:51141
TpTrace Verbose: 0 : 9200, 13, 2024/07/17, 10:04:31.623, 18202601615167, vstest.console.dll, TestRequestSender.OnExecutionMessageReceived: Received message: {"Version":7,"MessageType":"TestSession.Message","Payload":{"MessageLevel":0,"Message":"[xUnit.net 00:00:00.60]         --- End of stack trace from previous location ---"}}
TpTrace Verbose: 0 : 9200, 13, 2024/07/17, 10:04:31.623, 18202601615870, vstest.console.dll, TestRunRequest:SendTestRunMessage: Starting.
TpTrace Verbose: 0 : 9200, 13, 2024/07/17, 10:04:31.623, 18202601616321, vstest.console.dll, MulticastDelegateUtilities.SafeInvoke: TestRun.LogMessages: Invoking callback 1/1 for Microsoft.VisualStudio.TestPlatform.CommandLine.TestRunResultAggregator., took 0 ms.
TpTrace Information: 0 : 9200, 13, 2024/07/17, 10:04:31.624, 18202601616589, vstest.console.dll, TestRunRequest:SendTestRunMessage: Completed.
TpTrace Verbose: 0 : 9200, 4, 2024/07/17, 10:04:31.624, 18202601616599, vstest.console.dll, MulticastDelegateUtilities.SafeInvoke: InternalTestLoggerEvents.SendTestRunMessage: Invoking callback 1/1 for Microsoft.VisualStudio.TestPlatform.CommandLine.Internal.ConsoleLogger., took 0 ms.
TpTrace Verbose: 0 : 9200, 13, 2024/07/17, 10:04:31.624, 18202601617218, vstest.console.dll, MulticastDelegateUtilities.SafeInvoke: LengthPrefixCommunicationChannel: MessageReceived: Invoking callback 1/1 for Microsoft.VisualStudio.TestPlatform.CommunicationUtilities.TestRequestSender+<>c__DisplayClass34_0., took 0 ms.
TpTrace Verbose: 0 : 9200, 13, 2024/07/17, 10:04:31.624, 18202601617535, vstest.console.dll, TcpClientExtensions.MessageLoopAsync: Polling on remoteEndPoint: 127.0.0.1:51142 localEndPoint: 127.0.0.1:51141 after 0 ms
TpTrace Verbose: 0 : 9200, 13, 2024/07/17, 10:04:31.658, 18202601962981, vstest.console.dll, TcpClientExtensions.MessageLoopAsync: NotifyDataAvailable remoteEndPoint: 127.0.0.1:51142 localEndPoint: 127.0.0.1:51141
TpTrace Verbose: 0 : 9200, 13, 2024/07/17, 10:04:31.658, 18202601965567, vstest.console.dll, TestRequestSender.OnExecutionMessageReceived: Received message: {"Version":7,"MessageType":"TestExecution.StatsChange","Payload":{"NewTestResults":[{"TestCase":{"Id":"da5c339a-3a1a-2818-cc3d-6855be1c9074","FullyQualifiedName":"ShoppingApp.FrontEnd.Test.Page_Testing.ProductPageTest.ProductsPage_NoProductsFound","DisplayName":"ShoppingApp.FrontEnd.Test.Page_Testing.ProductPageTest.ProductsPage_NoProductsFound","ExecutorUri":"executor://xunit/VsTestRunner2/netcoreapp","Source":"C:\\Users\\Dilshan\\Desktop\\Shoping-Cart-API\\ShoppingCart-WebAPI\\ShoppingApp.FrontEnd.Test\\bin\\Debug\\net8.0\\fine-code-coverage\\build-output\\ShoppingApp.FrontEnd.Test.dll","CodeFilePath":null,"LineNumber":0,"Properties":[]},"Attachments":[],"Outcome":1,"ErrorMessage":null,"ErrorStackTrace":null,"DisplayName":"ShoppingApp.FrontEnd.Test.Page_Testing.ProductPageTest.ProductsPage_NoProductsFound","Messages":[],"ComputerName":"DILSHAN-MADURAN","Duration":"00:00:00.3640779","StartTime":"2024-07-17T04:34:31.5261689+00:00","EndTime":"2024-07-17T04:34:31.5261959+00:00","Properties":[]},{"TestCase":{"Id":"4434475e-9065-5c7e-d747-f9f3c209eb5a","FullyQualifiedName":"ShoppingApp.FrontEnd.Test.Page_Testing.HomePageTest.HomePage_defaultState_ExpectedTitle","DisplayName":"ShoppingApp.FrontEnd.Test.Page_Testing.HomePageTest.HomePage_defaultState_ExpectedTitle","ExecutorUri":"executor://xunit/VsTestRunner2/netcoreapp","Source":"C:\\Users\\Dilshan\\Desktop\\Shoping-Cart-API\\ShoppingCart-WebAPI\\ShoppingApp.FrontEnd.Test\\bin\\Debug\\net8.0\\fine-code-coverage\\build-output\\ShoppingApp.FrontEnd.Test.dll","CodeFilePath":null,"LineNumber":0,"Properties":[]},"Attachments":[],"Outcome":1,"ErrorMessage":null,"ErrorStackTrace":null,"DisplayName":"ShoppingApp.FrontEnd.Test.Page_Testing.HomePageTest.HomePage_defaultState_ExpectedTitle","Messages":[],"ComputerName":"DILSHAN-MADURAN","Duration":"00:00:00.4274506","StartTime":"2024-07-17T04:34:31.5858746+00:00","EndTime":"2024-07-17T04:34:31.5858748+00:00","Properties":[]},{"TestCase":{"Id":"2dfc3ded-43ac-f765-a14a-c7324c82e7be","FullyQualifiedName":"ShoppingApp.FrontEnd.Test.Page_Testing.ProductPageTest.ProductsPage_Render_AllProducts","DisplayName":"ShoppingApp.FrontEnd.Test.Page_Testing.ProductPageTest.ProductsPage_Render_AllProducts","ExecutorUri":"executor://xunit/VsTestRunner2/netcoreapp","Source":"C:\\Users\\Dilshan\\Desktop\\Shoping-Cart-API\\ShoppingCart-WebAPI\\ShoppingApp.FrontEnd.Test\\bin\\Debug\\net8.0\\fine-code-coverage\\build-output\\ShoppingApp.FrontEnd.Test.dll","CodeFilePath":null,"LineNumber":0,"Properties":[]},"Attachments":[],"Outcome":1,"ErrorMessage":null,"ErrorStackTrace":null,"DisplayName":"ShoppingApp.FrontEnd.Test.Page_Testing.ProductPageTest.ProductsPage_Render_AllProducts","Messages":[],"ComputerName":"DILSHAN-MADURAN","Duration":"00:00:00.0616568","StartTime":"2024-07-17T04:34:31.6080011+00:00","EndTime":"2024-07-17T04:34:31.6080013+00:00","Properties":[]},{"TestCase":{"Id":"f7bf06d7-ad90-0f01-5b35-8de611160c47","FullyQualifiedName":"ShoppingApp.FrontEnd.Test.Page_Testing.LoginPageTests.SuccessfulLogin","DisplayName":"ShoppingApp.FrontEnd.Test.Page_Testing.LoginPageTests.SuccessfulLogin","ExecutorUri":"executor://xunit/VsTestRunner2/netcoreapp","Source":"C:\\Users\\Dilshan\\Desktop\\Shoping-Cart-API\\ShoppingCart-WebAPI\\ShoppingApp.FrontEnd.Test\\bin\\Debug\\net8.0\\fine-code-coverage\\build-output\\ShoppingApp.FrontEnd.Test.dll","CodeFilePath":null,"LineNumber":0,"Properties":[]},"Attachments":[],"Outcome":2,"ErrorMessage":"Assert.Equal() Failure: Strings differ\r\n            (pos 0)\r\nExpected: \"valid_token\"\r\nActual:   \"\"","ErrorStackTrace":"   at ShoppingApp.FrontEnd.Test.Page_Testing.LoginPageTests.SuccessfulLogin() in C:\\Users\\Dilshan\\Desktop\\Shoping-Cart-API\\ShoppingCart-WebAPI\\ShoppingApp.FrontEnd.Test\\Page Testing\\LoginPageTests.cs:line 118\r\n--- End of stack trace from previous location ---","DisplayName":"ShoppingApp.FrontEnd.Test.Page_Testing.LoginPageTests.SuccessfulLogin","Messages":[],"ComputerName":"DILSHAN-MADURAN","Duration":"00:00:00.4114735","StartTime":"2024-07-17T04:34:31.6238503+00:00","EndTime":"2024-07-17T04:34:31.6238505+00:00","Properties":[]},{"TestCase":{"Id":"74d0ace1-7edf-e753-ce8c-fd6673f5272b","FullyQualifiedName":"ShoppingApp.FrontEnd.Test.Page_Testing.ProductPageTest.ProductsPage_GetProductsNull_Spinners_ShouldRender","DisplayName":"ShoppingApp.FrontEnd.Test.Page_Testing.ProductPageTest.ProductsPage_GetProductsNull_Spinners_ShouldRender","ExecutorUri":"executor://xunit/VsTestRunner2/netcoreapp","Source":"C:\\Users\\Dilshan\\Desktop\\Shoping-Cart-API\\ShoppingCart-WebAPI\\ShoppingApp.FrontEnd.Test\\bin\\Debug\\net8.0\\fine-code-coverage\\build-output\\ShoppingApp.FrontEnd.Test.dll","CodeFilePath":null,"LineNumber":0,"Properties":[]},"Attachments":[],"Outcome":1,"ErrorMessage":null,"ErrorStackTrace":null,"DisplayName":"ShoppingApp.FrontEnd.Test.Page_Testing.ProductPageTest.ProductsPage_GetProductsNull_Spinners_ShouldRender","Messages":[],"ComputerName":"DILSHAN-MADURAN","Duration":"00:00:00.0208124","StartTime":"2024-07-17T04:34:31.6268196+00:00","EndTime":"2024-07-17T04:34:31.6268197+00:00","Properties":[]},{"TestCase":{"Id":"3deec437-8bed-3505-2adb-146f6eb7d23a","FullyQualifiedName":"ShoppingApp.FrontEnd.Test.Page_Testing.HomePageTest.HomePage_DefaultState_ExpectedLoginButton_WithOutAuthrized","DisplayName":"ShoppingApp.FrontEnd.Test.Page_Testing.HomePageTest.HomePage_DefaultState_ExpectedLoginButton_WithOutAuthrized","ExecutorUri":"executor://xunit/VsTestRunner2/netcoreapp","Source":"C:\\Users\\Dilshan\\Desktop\\Shoping-Cart-API\\ShoppingCart-WebAPI\\ShoppingApp.FrontEnd.Test\\bin\\Debug\\net8.0\\fine-code-coverage\\build-output\\ShoppingApp.FrontEnd.Test.dll","CodeFilePath":null,"LineNumber":0,"Properties":[]},"Attachments":[],"Outcome":1,"ErrorMessage":null,"ErrorStackTrace":null,"DisplayName":"ShoppingApp.FrontEnd.Test.Page_Testing.HomePageTest.HomePage_DefaultState_ExpectedLoginButton_WithOutAuthrized","Messages":[],"ComputerName":"DILSHAN-MADURAN","Duration":"00:00:00.0299814","StartTime":"2024-07-17T04:34:31.6292258+00:00","EndTime":"2024-07-17T04:34:31.6292258+00:00","Properties":[]},{"TestCase":{"Id":"15cd3476-4160-1a64-a6f5-cb820753e0f0","FullyQualifiedName":"ShoppingApp.FrontEnd.Test.Page_Testing.ProductPageTest.ProductsPage_Render_ByCategory","DisplayName":"ShoppingApp.FrontEnd.Test.Page_Testing.ProductPageTest.ProductsPage_Render_ByCategory","ExecutorUri":"executor://xunit/VsTestRunner2/netcoreapp","Source":"C:\\Users\\Dilshan\\Desktop\\Shoping-Cart-API\\ShoppingCart-WebAPI\\ShoppingApp.FrontEnd.Test\\bin\\Debug\\net8.0\\fine-code-coverage\\build-output\\ShoppingApp.FrontEnd.Test.dll","CodeFilePath":null,"LineNumber":0,"Properties":[]},"Attachments":[],"Outcome":1,"ErrorMessage":null,"ErrorStackTrace":null,"DisplayName":"ShoppingApp.FrontEnd.Test.Page_Testing.ProductPageTest.ProductsPage_Render_ByCategory","Messages":[],"ComputerName":"DILSHAN-MADURAN","Duration":"00:00:00.0079750","StartTime":"2024-07-17T04:34:31.6313088+00:00","EndTime":"2024-07-17T04:34:31.6313089+00:00","Properties":[]},{"TestCase":{"Id":"75b5fde0-93a1-02e2-0907-945bc41fbca0","FullyQualifiedName":"ShoppingApp.FrontEnd.Test.Page_Testing.HomePageTest.HomePage_DefaultState_ExpectedLoginButton_InCategorySection_WithOutAuthrized","DisplayName":"ShoppingApp.FrontEnd.Test.Page_Testing.HomePageTest.HomePage_DefaultState_ExpectedLoginButton_InCategorySection_WithOutAuthrized","ExecutorUri":"executor://xunit/VsTestRunner2/netcoreapp","Source":"C:\\Users\\Dilshan\\Desktop\\Shoping-Cart-API\\ShoppingCart-WebAPI\\ShoppingApp.FrontEnd.Test\\bin\\Debug\\net8.0\\fine-code-coverage\\build-output\\ShoppingApp.FrontEnd.Test.dll","CodeFilePath":null,"LineNumber":0,"Properties":[]},"Attachments":[],"Outcome":1,"ErrorMessage":null,"ErrorStackTrace":null,"DisplayName":"ShoppingApp.FrontEnd.Test.Page_Testing.HomePageTest.HomePage_DefaultState_ExpectedLoginButton_InCategorySection_WithOutAuthrized","Messages":[],"ComputerName":"DILSHAN-MADURAN","Duration":"00:00:00.0125188","StartTime":"2024-07-17T04:34:31.6327207+00:00","EndTime":"2024-07-17T04:34:31.6327208+00:00","Properties":[]}],"TestRunStatistics":{"ExecutedTests":8,"Stats":{"Passed":7,"Failed":1}},"ActiveTests":[{"Id":"00ac97ae-adce-715e-8c5e-b2657e31cbf7","FullyQualifiedName":"ShoppingApp.FrontEnd.Test.Page_Testing.LoginPageTests.Login_Successful_Redirects_To_Products","DisplayName":"ShoppingApp.FrontEnd.Test.Page_Testing.LoginPageTests.Login_Successful_Redirects_To_Products","ExecutorUri":"executor://xunit/VsTestRunner2/netcoreapp","Source":"C:\\Users\\Dilshan\\Desktop\\Shoping-Cart-API\\ShoppingCart-WebAPI\\ShoppingApp.FrontEnd.Test\\bin\\Debug\\net8.0\\fine-code-coverage\\build-output\\ShoppingApp.FrontEnd.Test.dll","CodeFilePath":null,"LineNumber":0,"Properties":[]},{"Id":"e17cb214-eb45-f06a-7a62-97d8312b1911","FullyQualifiedName":"ShoppingApp.FrontEnd.Test.Page_Testing.HomePageTest.HomePage_DefaultState_ExpectedProductButton_WithInAuthrized","DisplayName":"ShoppingApp.FrontEnd.Test.Page_Testing.HomePageTest.HomePage_DefaultState_ExpectedProductButton_WithInAuthrized","ExecutorUri":"executor://xunit/VsTestRunner2/netcoreapp","Source":"C:\\Users\\Dilshan\\Desktop\\Shoping-Cart-API\\ShoppingCart-WebAPI\\ShoppingApp.FrontEnd.Test\\bin\\Debug\\net8.0\\fine-code-coverage\\build-output\\ShoppingApp.FrontEnd.Test.dll","CodeFilePath":null,"LineNumber":0,"Properties":[]}]}}
TpTrace Verbose: 0 : 9200, 13, 2024/07/17, 10:04:31.677, 18202602151240, vstest.console.dll, TestRunRequest:SendTestRunStatsChange: Starting.
TpTrace Verbose: 0 : 9200, 13, 2024/07/17, 10:04:31.677, 18202602152688, vstest.console.dll, InProgress is ShoppingApp.FrontEnd.Test.Page_Testing.LoginPageTests.Login_Successful_Redirects_To_Products
TpTrace Verbose: 0 : 9200, 13, 2024/07/17, 10:04:31.677, 18202602152903, vstest.console.dll, InProgress is ShoppingApp.FrontEnd.Test.Page_Testing.HomePageTest.HomePage_DefaultState_ExpectedProductButton_WithInAuthrized
TpTrace Verbose: 0 : 9200, 13, 2024/07/17, 10:04:31.677, 18202602154436, vstest.console.dll, MulticastDelegateUtilities.SafeInvoke: TestRun.RunStatsChanged: Invoking callbacks was skipped because there are no subscribers.
TpTrace Information: 0 : 9200, 13, 2024/07/17, 10:04:31.677, 18202602154782, vstest.console.dll, TestRunRequest:SendTestRunStatsChange: Completed.
TpTrace Verbose: 0 : 9200, 13, 2024/07/17, 10:04:31.677, 18202602155123, vstest.console.dll, MulticastDelegateUtilities.SafeInvoke: LengthPrefixCommunicationChannel: MessageReceived: Invoking callback 1/1 for Microsoft.VisualStudio.TestPlatform.CommunicationUtilities.TestRequestSender+<>c__DisplayClass34_0., took 18 ms.
TpTrace Verbose: 0 : 9200, 13, 2024/07/17, 10:04:31.677, 18202602155505, vstest.console.dll, TcpClientExtensions.MessageLoopAsync: Polling on remoteEndPoint: 127.0.0.1:51142 localEndPoint: 127.0.0.1:51141 after 53 ms
TpTrace Verbose: 0 : 9200, 4, 2024/07/17, 10:04:31.680, 18202602178704, vstest.console.dll, MulticastDelegateUtilities.SafeInvoke: InternalTestLoggerEvents.SendTestResult: Invoking callback 1/1 for Microsoft.VisualStudio.TestPlatform.CommandLine.Internal.ConsoleLogger., took 2 ms.
TpTrace Verbose: 0 : 9200, 4, 2024/07/17, 10:04:31.680, 18202602182060, vstest.console.dll, MulticastDelegateUtilities.SafeInvoke: InternalTestLoggerEvents.SendTestResult: Invoking callback 1/1 for Microsoft.VisualStudio.TestPlatform.CommandLine.Internal.ConsoleLogger., took 0 ms.
TpTrace Verbose: 0 : 9200, 4, 2024/07/17, 10:04:31.680, 18202602182863, vstest.console.dll, MulticastDelegateUtilities.SafeInvoke: InternalTestLoggerEvents.SendTestResult: Invoking callback 1/1 for Microsoft.VisualStudio.TestPlatform.CommandLine.Internal.ConsoleLogger., took 0 ms.
TpTrace Verbose: 0 : 9200, 4, 2024/07/17, 10:04:31.681, 18202602186426, vstest.console.dll, MulticastDelegateUtilities.SafeInvoke: InternalTestLoggerEvents.SendTestResult: Invoking callback 1/1 for Microsoft.VisualStudio.TestPlatform.CommandLine.Internal.ConsoleLogger., took 0 ms.
TpTrace Verbose: 0 : 9200, 4, 2024/07/17, 10:04:31.681, 18202602187107, vstest.console.dll, MulticastDelegateUtilities.SafeInvoke: InternalTestLoggerEvents.SendTestResult: Invoking callback 1/1 for Microsoft.VisualStudio.TestPlatform.CommandLine.Internal.ConsoleLogger., took 0 ms.
TpTrace Verbose: 0 : 9200, 4, 2024/07/17, 10:04:31.681, 18202602187663, vstest.console.dll, MulticastDelegateUtilities.SafeInvoke: InternalTestLoggerEvents.SendTestResult: Invoking callback 1/1 for Microsoft.VisualStudio.TestPlatform.CommandLine.Internal.ConsoleLogger., took 0 ms.
TpTrace Verbose: 0 : 9200, 4, 2024/07/17, 10:04:31.681, 18202602188097, vstest.console.dll, MulticastDelegateUtilities.SafeInvoke: InternalTestLoggerEvents.SendTestResult: Invoking callback 1/1 for Microsoft.VisualStudio.TestPlatform.CommandLine.Internal.ConsoleLogger., took 0 ms.
TpTrace Verbose: 0 : 9200, 4, 2024/07/17, 10:04:31.681, 18202602188400, vstest.console.dll, MulticastDelegateUtilities.SafeInvoke: InternalTestLoggerEvents.SendTestResult: Invoking callback 1/1 for Microsoft.VisualStudio.TestPlatform.CommandLine.Internal.ConsoleLogger., took 0 ms.
TpTrace Verbose: 0 : 9200, 13, 2024/07/17, 10:04:32.648, 18202611861495, vstest.console.dll, TcpClientExtensions.MessageLoopAsync: NotifyDataAvailable remoteEndPoint: 127.0.0.1:51142 localEndPoint: 127.0.0.1:51141
TpTrace Verbose: 0 : 9200, 13, 2024/07/17, 10:04:32.648, 18202611862925, vstest.console.dll, TestRequestSender.OnExecutionMessageReceived: Received message: {"Version":7,"MessageType":"TestSession.Message","Payload":{"MessageLevel":0,"Message":"[xUnit.net 00:00:01.63]   Finished:    ShoppingApp.FrontEnd.Test"}}
TpTrace Verbose: 0 : 9200, 13, 2024/07/17, 10:04:32.648, 18202611863905, vstest.console.dll, TestRunRequest:SendTestRunMessage: Starting.
TpTrace Verbose: 0 : 9200, 13, 2024/07/17, 10:04:32.648, 18202611866285, vstest.console.dll, MulticastDelegateUtilities.SafeInvoke: TestRun.LogMessages: Invoking callback 1/1 for Microsoft.VisualStudio.TestPlatform.CommandLine.TestRunResultAggregator., took 0 ms.
TpTrace Information: 0 : 9200, 13, 2024/07/17, 10:04:32.649, 18202611866573, vstest.console.dll, TestRunRequest:SendTestRunMessage: Completed.
TpTrace Verbose: 0 : 9200, 4, 2024/07/17, 10:04:32.649, 18202611866669, vstest.console.dll, MulticastDelegateUtilities.SafeInvoke: InternalTestLoggerEvents.SendTestRunMessage: Invoking callback 1/1 for Microsoft.VisualStudio.TestPlatform.CommandLine.Internal.ConsoleLogger., took 0 ms.
TpTrace Verbose: 0 : 9200, 13, 2024/07/17, 10:04:32.649, 18202611866728, vstest.console.dll, MulticastDelegateUtilities.SafeInvoke: LengthPrefixCommunicationChannel: MessageReceived: Invoking callback 1/1 for Microsoft.VisualStudio.TestPlatform.CommunicationUtilities.TestRequestSender+<>c__DisplayClass34_0., took 0 ms.
TpTrace Verbose: 0 : 9200, 13, 2024/07/17, 10:04:32.649, 18202611867983, vstest.console.dll, TcpClientExtensions.MessageLoopAsync: Polling on remoteEndPoint: 127.0.0.1:51142 localEndPoint: 127.0.0.1:51141 after 971 ms
TpTrace Verbose: 0 : 9200, 13, 2024/07/17, 10:04:32.667, 18202612049193, vstest.console.dll, TcpClientExtensions.MessageLoopAsync: NotifyDataAvailable remoteEndPoint: 127.0.0.1:51142 localEndPoint: 127.0.0.1:51141
TpTrace Verbose: 0 : 9200, 13, 2024/07/17, 10:04:32.667, 18202612051031, vstest.console.dll, TestRequestSender.OnExecutionMessageReceived: Received message: {"Version":7,"MessageType":"TestExecution.Completed","Payload":{"TestRunCompleteArgs":{"TestRunStatistics":{"ExecutedTests":12,"Stats":{"Passed":11,"Failed":1}},"IsCanceled":false,"IsAborted":false,"Error":null,"AttachmentSets":[],"InvokedDataCollectors":[],"ElapsedTimeInRunningTests":"00:00:01.6387002","Metrics":{},"DiscoveredExtensions":{"TestDiscoverers":["Xunit.Runner.VisualStudio.VsTestRunner, xunit.runner.visualstudio.dotnetcore.testadapter, Version=2.5.0.0, Culture=neutral, PublicKeyToken=null"],"TestExecutors":["executor://xunit/VsTestRunner2/netcoreapp"],"TestExecutors2":[],"TestSettingsProviders":[]}},"LastRunTests":{"NewTestResults":[{"TestCase":{"Id":"e17cb214-eb45-f06a-7a62-97d8312b1911","FullyQualifiedName":"ShoppingApp.FrontEnd.Test.Page_Testing.HomePageTest.HomePage_DefaultState_ExpectedProductButton_WithInAuthrized","DisplayName":"ShoppingApp.FrontEnd.Test.Page_Testing.HomePageTest.HomePage_DefaultState_ExpectedProductButton_WithInAuthrized","ExecutorUri":"executor://xunit/VsTestRunner2/netcoreapp","Source":"C:\\Users\\Dilshan\\Desktop\\Shoping-Cart-API\\ShoppingCart-WebAPI\\ShoppingApp.FrontEnd.Test\\bin\\Debug\\net8.0\\fine-code-coverage\\build-output\\ShoppingApp.FrontEnd.Test.dll","CodeFilePath":null,"LineNumber":0,"Properties":[]},"Attachments":[],"Outcome":1,"ErrorMessage":null,"ErrorStackTrace":null,"DisplayName":"ShoppingApp.FrontEnd.Test.Page_Testing.HomePageTest.HomePage_DefaultState_ExpectedProductButton_WithInAuthrized","Messages":[],"ComputerName":"DILSHAN-MADURAN","Duration":"00:00:00.0147035","StartTime":"2024-07-17T04:34:31.6598831+00:00","EndTime":"2024-07-17T04:34:31.6598832+00:00","Properties":[]},{"TestCase":{"Id":"fb2de169-de1e-7a01-8461-de5a05b2eb3b","FullyQualifiedName":"ShoppingApp.FrontEnd.Test.Page_Testing.HomePageTest.HomePage_DefaultState_ExpectedProductCategoryButton_InCategorySection_WithInAuthrized","DisplayName":"ShoppingApp.FrontEnd.Test.Page_Testing.HomePageTest.HomePage_DefaultState_ExpectedProductCategoryButton_InCategorySection_WithInAuthrized","ExecutorUri":"executor://xunit/VsTestRunner2/netcoreapp","Source":"C:\\Users\\Dilshan\\Desktop\\Shoping-Cart-API\\ShoppingCart-WebAPI\\ShoppingApp.FrontEnd.Test\\bin\\Debug\\net8.0\\fine-code-coverage\\build-output\\ShoppingApp.FrontEnd.Test.dll","CodeFilePath":null,"LineNumber":0,"Properties":[]},"Attachments":[],"Outcome":1,"ErrorMessage":null,"ErrorStackTrace":null,"DisplayName":"ShoppingApp.FrontEnd.Test.Page_Testing.HomePageTest.HomePage_DefaultState_ExpectedProductCategoryButton_InCategorySection_WithInAuthrized","Messages":[],"ComputerName":"DILSHAN-MADURAN","Duration":"00:00:00.0111917","StartTime":"2024-07-17T04:34:31.6620448+00:00","EndTime":"2024-07-17T04:34:31.6620449+00:00","Properties":[]},{"TestCase":{"Id":"00ac97ae-adce-715e-8c5e-b2657e31cbf7","FullyQualifiedName":"ShoppingApp.FrontEnd.Test.Page_Testing.LoginPageTests.Login_Successful_Redirects_To_Products","DisplayName":"ShoppingApp.FrontEnd.Test.Page_Testing.LoginPageTests.Login_Successful_Redirects_To_Products","ExecutorUri":"executor://xunit/VsTestRunner2/netcoreapp","Source":"C:\\Users\\Dilshan\\Desktop\\Shoping-Cart-API\\ShoppingCart-WebAPI\\ShoppingApp.FrontEnd.Test\\bin\\Debug\\net8.0\\fine-code-coverage\\build-output\\ShoppingApp.FrontEnd.Test.dll","CodeFilePath":null,"LineNumber":0,"Properties":[]},"Attachments":[],"Outcome":1,"ErrorMessage":null,"ErrorStackTrace":null,"DisplayName":"ShoppingApp.FrontEnd.Test.Page_Testing.LoginPageTests.Login_Successful_Redirects_To_Products","Messages":[],"ComputerName":"DILSHAN-MADURAN","Duration":"00:00:01.0414296","StartTime":"2024-07-17T04:34:32.6369488+00:00","EndTime":"2024-07-17T04:34:32.6369492+00:00","Properties":[]},{"TestCase":{"Id":"41dc4d14-c547-f0df-cf00-66b4472fb702","FullyQualifiedName":"ShoppingApp.FrontEnd.Test.Page_Testing.LoginPageTests.LoginPageRendersCorrectly","DisplayName":"ShoppingApp.FrontEnd.Test.Page_Testing.LoginPageTests.LoginPageRendersCorrectly","ExecutorUri":"executor://xunit/VsTestRunner2/netcoreapp","Source":"C:\\Users\\Dilshan\\Desktop\\Shoping-Cart-API\\ShoppingCart-WebAPI\\ShoppingApp.FrontEnd.Test\\bin\\Debug\\net8.0\\fine-code-coverage\\build-output\\ShoppingApp.FrontEnd.Test.dll","CodeFilePath":null,"LineNumber":0,"Properties":[]},"Attachments":[],"Outcome":1,"ErrorMessage":null,"ErrorStackTrace":null,"DisplayName":"ShoppingApp.FrontEnd.Test.Page_Testing.LoginPageTests.LoginPageRendersCorrectly","Messages":[],"ComputerName":"DILSHAN-MADURAN","Duration":"00:00:00.0062422","StartTime":"2024-07-17T04:34:32.6445871+00:00","EndTime":"2024-07-17T04:34:32.6445875+00:00","Properties":[]}],"TestRunStatistics":{"ExecutedTests":12,"Stats":{"Passed":11,"Failed":1}},"ActiveTests":[]},"RunAttachments":[],"ExecutorUris":["executor://xunit/VsTestRunner2/netcoreapp"]}}
TpTrace Verbose: 0 : 9200, 13, 2024/07/17, 10:04:32.667, 18202612051778, vstest.console.dll, TestRequestSender.EndSession: Sending end session.
TpTrace Verbose: 0 : 9200, 13, 2024/07/17, 10:04:32.667, 18202612053290, vstest.console.dll, ProxyOperationManager.Close: waiting for test host to exit for 100 ms
TpTrace Verbose: 0 : 9200, 11, 2024/07/17, 10:04:32.677, 18202612154141, vstest.console.dll, TestHostManagerCallbacks.ctor: Experimental forwarding output is disabled.
TpTrace Warning: 0 : 9200, 11, 2024/07/17, 10:04:32.677, 18202612155129, vstest.console.dll, TestHostManagerCallbacks.ErrorReceivedCallback Test host standard error line: 
TpTrace Verbose: 0 : 9200, 11, 2024/07/17, 10:04:32.689, 18202612273329, vstest.console.dll, TestHostProvider.ExitCallBack: Host exited starting callback.
TpTrace Information: 0 : 9200, 11, 2024/07/17, 10:04:32.689, 18202612274606, vstest.console.dll, TestHostManagerCallbacks.ExitCallBack: Testhost processId: 540 exited with exitcode: 0 error: ''
TpTrace Verbose: 0 : 9200, 11, 2024/07/17, 10:04:32.689, 18202612274818, vstest.console.dll, DotnetTestHostManager.OnHostExited: invoking OnHostExited callback
TpTrace Verbose: 0 : 9200, 11, 2024/07/17, 10:04:32.689, 18202612275098, vstest.console.dll, CrossPlatEngine.TestHostManagerHostExited: calling on client process exit callback.
TpTrace Information: 0 : 9200, 11, 2024/07/17, 10:04:32.689, 18202612275409, vstest.console.dll, TestRequestSender.OnClientProcessExit: Test host process exited. Standard error: 
TpTrace Information: 0 : 9200, 11, 2024/07/17, 10:04:32.689, 18202612275727, vstest.console.dll, SocketServer.Stop: Stop server endPoint: 127.0.0.1:51141
TpTrace Information: 0 : 9200, 11, 2024/07/17, 10:04:32.689, 18202612275855, vstest.console.dll, SocketServer.Stop: Cancellation requested. Stopping message loop.
TpTrace Verbose: 0 : 9200, 11, 2024/07/17, 10:04:32.690, 18202612276583, vstest.console.dll, MulticastDelegateUtilities.SafeInvoke: HostProviderEvents.OnHostExited: Invoking callback 1/1 for Microsoft.VisualStudio.TestPlatform.CrossPlatEngine.Client.ProxyOperationManager., took 0 ms.
TpTrace Information: 0 : 9200, 13, 2024/07/17, 10:04:32.690, 18202612276738, vstest.console.dll, SocketServer.Stop: Stop server endPoint: 127.0.0.1:51141
TpTrace Information: 0 : 9200, 13, 2024/07/17, 10:04:32.690, 18202612277252, vstest.console.dll, SocketServer.Stop: Cancellation requested. Stopping message loop.
TpTrace Information: 0 : 9200, 13, 2024/07/17, 10:04:32.690, 18202612277636, vstest.console.dll, Closing the connection
TpTrace Verbose: 0 : 9200, 13, 2024/07/17, 10:04:32.690, 18202612279146, vstest.console.dll, ProxyDataCollectionManager.InvokeDataCollectionServiceAction: Starting.
TpTrace Information: 0 : 9200, 13, 2024/07/17, 10:04:32.690, 18202612279437, vstest.console.dll, ProxyDataCollectionManager.AfterTestRunEnd: Get attachment set and invoked data collectors processId: 45692 port: 51138
TpTrace Verbose: 0 : 9200, 13, 2024/07/17, 10:04:32.690, 18202612279727, vstest.console.dll, DataCollectionRequestSender.SendAfterTestRunStartAndGetResult: Send AfterTestRunEnd message with isCancelled: False
TpTrace Verbose: 0 : 9200, 13, 2024/07/17, 10:04:32.694, 18202612325489, vstest.console.dll, DataCollectionRequestSender.SendAfterTestRunStartAndGetResult: Received message: (DataCollection.AfterTestRunEndResult) -> {"MessageType":"DataCollection.AfterTestRunEndResult","Payload":{"AttachmentSets":[],"InvokedDataCollectors":[{"Uri":"datacollector://Microsoft/TestPlatform/Extensions/Blame/v1","FriendlyName":"Blame","AssemblyQualifiedName":"Microsoft.TestPlatform.Extensions.BlameDataCollector.BlameCollector, Microsoft.TestPlatform.Extensions.BlameDataCollector, Version=15.0.0.0, Culture=neutral, PublicKeyToken=b03f5f7f11d50a3a","FilePath":"C:\\Program Files\\dotnet\\sdk\\8.0.203\\Extensions\\Microsoft.TestPlatform.Extensions.BlameDataCollector.dll","HasAttachmentProcessor":false}],"Metrics":{}}}
TpTrace Information: 0 : 9200, 13, 2024/07/17, 10:04:32.698, 18202612362323, vstest.console.dll, ProxyDataCollectionManager.InvokeDataCollectionServiceAction: Completed.
TpTrace Warning: 0 : 9200, 10, 2024/07/17, 10:04:32.699, 18202612368435, vstest.console.dll, DataCollectionLauncher.ErrorReceivedCallback datacollector standard error line: 
TpTrace Information: 0 : 9200, 10, 2024/07/17, 10:04:32.706, 18202612438643, vstest.console.dll, DataCollectionLauncher.ExitCallBack: Data collector exited with exitcode: 0 error: ''
TpTrace Verbose: 0 : 9200, 13, 2024/07/17, 10:04:32.718, 18202612564780, vstest.console.dll, TestRunRequest:SendTestRunStatsChange: Starting.
TpTrace Verbose: 0 : 9200, 13, 2024/07/17, 10:04:32.718, 18202612566022, vstest.console.dll, MulticastDelegateUtilities.SafeInvoke: TestRun.RunStatsChanged: Invoking callbacks was skipped because there are no subscribers.
TpTrace Information: 0 : 9200, 13, 2024/07/17, 10:04:32.718, 18202612566361, vstest.console.dll, TestRunRequest:SendTestRunStatsChange: Completed.
TpTrace Verbose: 0 : 9200, 4, 2024/07/17, 10:04:32.719, 18202612567706, vstest.console.dll, MulticastDelegateUtilities.SafeInvoke: InternalTestLoggerEvents.SendTestResult: Invoking callback 1/1 for Microsoft.VisualStudio.TestPlatform.CommandLine.Internal.ConsoleLogger., took 0 ms.
TpTrace Verbose: 0 : 9200, 4, 2024/07/17, 10:04:32.719, 18202612568249, vstest.console.dll, MulticastDelegateUtilities.SafeInvoke: InternalTestLoggerEvents.SendTestResult: Invoking callback 1/1 for Microsoft.VisualStudio.TestPlatform.CommandLine.Internal.ConsoleLogger., took 0 ms.
TpTrace Verbose: 0 : 9200, 4, 2024/07/17, 10:04:32.719, 18202612568496, vstest.console.dll, MulticastDelegateUtilities.SafeInvoke: InternalTestLoggerEvents.SendTestResult: Invoking callback 1/1 for Microsoft.VisualStudio.TestPlatform.CommandLine.Internal.ConsoleLogger., took 0 ms.
TpTrace Verbose: 0 : 9200, 13, 2024/07/17, 10:04:32.719, 18202612568688, vstest.console.dll, ParallelProxyExecutionManager: HandlePartialRunComplete: Total workloads = 1, Total started clients = 1 Total completed clients = 1, Run complete = True, Run canceled: False.
TpTrace Verbose: 0 : 9200, 4, 2024/07/17, 10:04:32.719, 18202612568701, vstest.console.dll, MulticastDelegateUtilities.SafeInvoke: InternalTestLoggerEvents.SendTestResult: Invoking callback 1/1 for Microsoft.VisualStudio.TestPlatform.CommandLine.Internal.ConsoleLogger., took 0 ms.
TpTrace Verbose: 0 : 9200, 13, 2024/07/17, 10:04:32.719, 18202612568994, vstest.console.dll, ParallelProxyExecutionManager: HandlePartialRunComplete: All runs completed stopping all managers.
TpTrace Verbose: 0 : 9200, 13, 2024/07/17, 10:04:32.719, 18202612570503, vstest.console.dll, ParallelOperationManager.StopAllManagers: Stopping all managers.
TpTrace Verbose: 0 : 9200, 13, 2024/07/17, 10:04:32.719, 18202612570713, vstest.console.dll, ParallelOperationManager.ClearSlots: Clearing all slots. Slots should accept more work: False
TpTrace Verbose: 0 : 9200, 13, 2024/07/17, 10:04:32.719, 18202612571003, vstest.console.dll, ParallelOperationManager.SetOccupiedSlotCount: Setting slot counts AvailableSlotCount = 1, OccupiedSlotCount = 0.
TpTrace Verbose: 0 : 9200, 13, 2024/07/17, 10:04:32.719, 18202612571307, vstest.console.dll, Occupied slots:

TpTrace Verbose: 0 : 9200, 4, 2024/07/17, 10:04:32.725, 18202612629571, vstest.console.dll, MulticastDelegateUtilities.SafeInvoke: InternalTestLoggerEvents.SendTestRunComplete: Invoking callback 1/2 for Microsoft.TestPlatform.Extensions.BlameDataCollector.BlameLogger., took 0 ms.
TpTrace Verbose: 0 : 9200, 4, 2024/07/17, 10:04:32.729, 18202612667380, vstest.console.dll, MulticastDelegateUtilities.SafeInvoke: InternalTestLoggerEvents.SendTestRunComplete: Invoking callback 2/2 for Microsoft.VisualStudio.TestPlatform.CommandLine.Internal.ConsoleLogger., took 3 ms.
TpTrace Verbose: 0 : 9200, 13, 2024/07/17, 10:04:32.729, 18202612671651, vstest.console.dll, TestRunRequest:TestRunComplete: Starting. IsAborted:False IsCanceled:False.
TpTrace Verbose: 0 : 9200, 13, 2024/07/17, 10:04:32.729, 18202612672874, vstest.console.dll, ParallelOperationManager.DoActionOnAllManagers: Calling an action on all managers.
TpTrace Verbose: 0 : 9200, 13, 2024/07/17, 10:04:32.730, 18202612678953, vstest.console.dll, TestLoggerManager.HandleTestRunComplete: Ignoring as the object is disposed.
TpTrace Verbose: 0 : 9200, 13, 2024/07/17, 10:04:32.730, 18202612680194, vstest.console.dll, MulticastDelegateUtilities.SafeInvoke: TestRun.TestRunComplete: Invoking callback 1/2 for Microsoft.VisualStudio.TestPlatform.CommandLine.TestRunResultAggregator., took 0 ms.
TpTrace Verbose: 0 : 9200, 13, 2024/07/17, 10:04:32.730, 18202612680950, vstest.console.dll, MulticastDelegateUtilities.SafeInvoke: TestRun.TestRunComplete: Invoking callback 2/2 for Microsoft.VisualStudio.TestPlatform.CommandLine.Processors.RunTestsArgumentExecutor+TestRunRequestEventsRegistrar., took 0 ms.
TpTrace Information: 0 : 9200, 13, 2024/07/17, 10:04:32.730, 18202612681826, vstest.console.dll, TestRunRequest:TestRunComplete: Completed.
TpTrace Verbose: 0 : 9200, 13, 2024/07/17, 10:04:32.730, 18202612682052, vstest.console.dll, TestRequestSender.SetOperationComplete: Setting operation complete.
TpTrace Information: 0 : 9200, 13, 2024/07/17, 10:04:32.730, 18202612682205, vstest.console.dll, SocketServer.Stop: Stop server endPoint: 127.0.0.1:51141
TpTrace Information: 0 : 9200, 13, 2024/07/17, 10:04:32.730, 18202612682341, vstest.console.dll, SocketServer.Stop: Cancellation requested. Stopping message loop.
TpTrace Verbose: 0 : 9200, 13, 2024/07/17, 10:04:32.730, 18202612682520, vstest.console.dll, MulticastDelegateUtilities.SafeInvoke: LengthPrefixCommunicationChannel: MessageReceived: Invoking callback 1/1 for Microsoft.VisualStudio.TestPlatform.CommunicationUtilities.TestRequestSender+<>c__DisplayClass34_0., took 63 ms.
TpTrace Information: 0 : 9200, 13, 2024/07/17, 10:04:32.730, 18202612682737, vstest.console.dll, SocketServer.PrivateStop: Stopping server endPoint: 127.0.0.1:51141 error: 
TpTrace Verbose: 0 : 9200, 1, 2024/07/17, 10:04:32.730, 18202612682836, vstest.console.dll, TestRunRequest.Dispose: Starting.
TpTrace Information: 0 : 9200, 1, 2024/07/17, 10:04:32.730, 18202612683356, vstest.console.dll, TestRunRequest.Dispose: Completed.
TpTrace Information: 0 : 9200, 1, 2024/07/17, 10:04:32.730, 18202612683601, vstest.console.dll, TestRequestManager.RunTests: run tests completed.
TpTrace Information: 0 : 9200, 1, 2024/07/17, 10:04:32.730, 18202612684167, vstest.console.dll, RunTestsArgumentProcessor:Execute: Test run is completed.
TpTrace Verbose: 0 : 9200, 1, 2024/07/17, 10:04:32.730, 18202612686174, vstest.console.dll, Executor.Execute: Exiting with exit code of 1
TpTrace Verbose: 0 : 9200, 13, 2024/07/17, 10:04:32.731, 18202612686722, vstest.console.dll, LengthPrefixCommunicationChannel.Dispose: Dispose reader and writer.
TpTrace Information: 0 : 9200, 13, 2024/07/17, 10:04:32.731, 18202612687248, vstest.console.dll, SocketServer.Stop: Raise disconnected event endPoint: 127.0.0.1:51141 error: 
TpTrace Verbose: 0 : 9200, 13, 2024/07/17, 10:04:32.731, 18202612687808, vstest.console.dll, TestRequestSender: OnTestRunAbort: Operation is already complete. Skip error message.
TpTrace Verbose: 0 : 9200, 13, 2024/07/17, 10:04:32.731, 18202612688070, vstest.console.dll, MulticastDelegateUtilities.SafeInvoke: SocketServer: ClientDisconnected: Invoking callback 1/1 for Microsoft.VisualStudio.TestPlatform.CommunicationUtilities.TestRequestSender., took 0 ms.
TpTrace Verbose: 0 : 9200, 13, 2024/07/17, 10:04:32.731, 18202612688272, vstest.console.dll, TcpClientExtensions.MessageLoopAsync: exiting MessageLoopAsync remoteEndPoint: 127.0.0.1:51142 localEndPoint: 127.0.0.1:51141
